[2022-09-09T16:48:08.119+0000] {taskinstance.py:1171} INFO - Dependencies all met for <TaskInstance: Spark.spark-job manual__2022-09-09T16:47:54.896100+00:00 [queued]>
[2022-09-09T16:48:08.127+0000] {taskinstance.py:1171} INFO - Dependencies all met for <TaskInstance: Spark.spark-job manual__2022-09-09T16:47:54.896100+00:00 [queued]>
[2022-09-09T16:48:08.127+0000] {taskinstance.py:1368} INFO - 
--------------------------------------------------------------------------------
[2022-09-09T16:48:08.128+0000] {taskinstance.py:1369} INFO - Starting attempt 1 of 1
[2022-09-09T16:48:08.128+0000] {taskinstance.py:1370} INFO - 
--------------------------------------------------------------------------------
[2022-09-09T16:48:08.260+0000] {taskinstance.py:1389} INFO - Executing <Task(SparkSubmitOperator): spark-job> on 2022-09-09 16:47:54.896100+00:00
[2022-09-09T16:48:08.264+0000] {standard_task_runner.py:52} INFO - Started process 2862 to run task
[2022-09-09T16:48:08.266+0000] {standard_task_runner.py:79} INFO - Running: ['***', 'tasks', 'run', 'Spark', 'spark-job', 'manual__2022-09-09T16:47:54.896100+00:00', '--job-id', '30', '--raw', '--subdir', 'DAGS_FOLDER/teste_spark.py', '--cfg-path', '/tmp/tmpdq3t5nsr', '--error-file', '/tmp/tmp7zd_qnqs']
[2022-09-09T16:48:08.267+0000] {standard_task_runner.py:80} INFO - Job 30: Subtask spark-job
[2022-09-09T16:48:08.556+0000] {task_command.py:371} INFO - Running <TaskInstance: Spark.spark-job manual__2022-09-09T16:47:54.896100+00:00 [running]> on host dbdbd3f5e7fc
[2022-09-09T16:48:09.087+0000] {taskinstance.py:1583} INFO - Exporting the following env vars:
AIRFLOW_CTX_DAG_OWNER=juacy
AIRFLOW_CTX_DAG_ID=Spark
AIRFLOW_CTX_TASK_ID=spark-job
AIRFLOW_CTX_EXECUTION_DATE=2022-09-09T16:47:54.896100+00:00
AIRFLOW_CTX_TRY_NUMBER=1
AIRFLOW_CTX_DAG_RUN_ID=manual__2022-09-09T16:47:54.896100+00:00
[2022-09-09T16:48:09.095+0000] {base.py:68} INFO - Using connection ID 'conexao_spark' for task execution.
[2022-09-09T16:48:09.096+0000] {spark_submit.py:335} INFO - Spark-Submit cmd: spark-submit --master spark://fe77514119f4:7077 --name arrow-spark ./dags/atividade_2.py
[2022-09-09T16:48:23.282+0000] {spark_submit.py:488} INFO - 22/09/09 16:48:23 INFO SparkContext: Running Spark version 3.3.0
[2022-09-09T16:48:23.350+0000] {spark_submit.py:488} INFO - 22/09/09 16:48:23 WARN NativeCodeLoader: Unable to load native-hadoop library for your platform... using builtin-java classes where applicable
[2022-09-09T16:48:23.440+0000] {spark_submit.py:488} INFO - 22/09/09 16:48:23 INFO ResourceUtils: ==============================================================
[2022-09-09T16:48:23.440+0000] {spark_submit.py:488} INFO - 22/09/09 16:48:23 INFO ResourceUtils: No custom resources configured for spark.driver.
[2022-09-09T16:48:23.441+0000] {spark_submit.py:488} INFO - 22/09/09 16:48:23 INFO ResourceUtils: ==============================================================
[2022-09-09T16:48:23.441+0000] {spark_submit.py:488} INFO - 22/09/09 16:48:23 INFO SparkContext: Submitted application: arrow-spark
[2022-09-09T16:48:23.476+0000] {spark_submit.py:488} INFO - 22/09/09 16:48:23 INFO ResourceProfile: Default ResourceProfile created, executor resources: Map(cores -> name: cores, amount: 1, script: , vendor: , memory -> name: memory, amount: 1024, script: , vendor: , offHeap -> name: offHeap, amount: 0, script: , vendor: ), task resources: Map(cpus -> name: cpus, amount: 1.0)
[2022-09-09T16:48:23.487+0000] {spark_submit.py:488} INFO - 22/09/09 16:48:23 INFO ResourceProfile: Limiting resource is cpu
[2022-09-09T16:48:23.488+0000] {spark_submit.py:488} INFO - 22/09/09 16:48:23 INFO ResourceProfileManager: Added ResourceProfile id: 0
[2022-09-09T16:48:23.531+0000] {spark_submit.py:488} INFO - 22/09/09 16:48:23 INFO SecurityManager: Changing view acls to: default
[2022-09-09T16:48:23.532+0000] {spark_submit.py:488} INFO - 22/09/09 16:48:23 INFO SecurityManager: Changing modify acls to: default
[2022-09-09T16:48:23.532+0000] {spark_submit.py:488} INFO - 22/09/09 16:48:23 INFO SecurityManager: Changing view acls groups to:
[2022-09-09T16:48:23.533+0000] {spark_submit.py:488} INFO - 22/09/09 16:48:23 INFO SecurityManager: Changing modify acls groups to:
[2022-09-09T16:48:23.533+0000] {spark_submit.py:488} INFO - 22/09/09 16:48:23 INFO SecurityManager: SecurityManager: authentication disabled; ui acls disabled; users  with view permissions: Set(default); groups with view permissions: Set(); users  with modify permissions: Set(default); groups with modify permissions: Set()
[2022-09-09T16:48:23.923+0000] {spark_submit.py:488} INFO - 22/09/09 16:48:23 INFO Utils: Successfully started service 'sparkDriver' on port 37199.
[2022-09-09T16:48:23.953+0000] {spark_submit.py:488} INFO - 22/09/09 16:48:23 INFO SparkEnv: Registering MapOutputTracker
[2022-09-09T16:48:23.988+0000] {spark_submit.py:488} INFO - 22/09/09 16:48:23 INFO SparkEnv: Registering BlockManagerMaster
[2022-09-09T16:48:24.005+0000] {spark_submit.py:488} INFO - 22/09/09 16:48:24 INFO BlockManagerMasterEndpoint: Using org.apache.spark.storage.DefaultTopologyMapper for getting topology information
[2022-09-09T16:48:24.006+0000] {spark_submit.py:488} INFO - 22/09/09 16:48:24 INFO BlockManagerMasterEndpoint: BlockManagerMasterEndpoint up
[2022-09-09T16:48:24.027+0000] {spark_submit.py:488} INFO - 22/09/09 16:48:24 INFO SparkEnv: Registering BlockManagerMasterHeartbeat
[2022-09-09T16:48:24.049+0000] {spark_submit.py:488} INFO - 22/09/09 16:48:24 INFO DiskBlockManager: Created local directory at /tmp/blockmgr-2b8c213b-eb12-4f68-a65e-be5facbd2bfd
[2022-09-09T16:48:24.068+0000] {spark_submit.py:488} INFO - 22/09/09 16:48:24 INFO MemoryStore: MemoryStore started with capacity 434.4 MiB
[2022-09-09T16:48:24.085+0000] {spark_submit.py:488} INFO - 22/09/09 16:48:24 INFO SparkEnv: Registering OutputCommitCoordinator
[2022-09-09T16:48:24.309+0000] {spark_submit.py:488} INFO - 22/09/09 16:48:24 INFO Utils: Successfully started service 'SparkUI' on port 4040.
[2022-09-09T16:48:24.473+0000] {spark_submit.py:488} INFO - 22/09/09 16:48:24 INFO StandaloneAppClient$ClientEndpoint: Connecting to master spark://fe77514119f4:7077...
[2022-09-09T16:48:34.493+0000] {spark_submit.py:488} INFO - 22/09/09 16:48:34 WARN TransportClientFactory: DNS resolution failed for fe77514119f4:7077 took 10008 ms
[2022-09-09T16:48:34.525+0000] {spark_submit.py:488} INFO - 22/09/09 16:48:34 WARN StandaloneAppClient$ClientEndpoint: Failed to connect to master fe77514119f4:7077
[2022-09-09T16:48:34.525+0000] {spark_submit.py:488} INFO - org.apache.spark.SparkException: Exception thrown in awaitResult:
[2022-09-09T16:48:34.525+0000] {spark_submit.py:488} INFO - at org.apache.spark.util.ThreadUtils$.awaitResult(ThreadUtils.scala:301)
[2022-09-09T16:48:34.525+0000] {spark_submit.py:488} INFO - at org.apache.spark.rpc.RpcTimeout.awaitResult(RpcTimeout.scala:75)
[2022-09-09T16:48:34.525+0000] {spark_submit.py:488} INFO - at org.apache.spark.rpc.RpcEnv.setupEndpointRefByURI(RpcEnv.scala:102)
[2022-09-09T16:48:34.526+0000] {spark_submit.py:488} INFO - at org.apache.spark.rpc.RpcEnv.setupEndpointRef(RpcEnv.scala:110)
[2022-09-09T16:48:34.526+0000] {spark_submit.py:488} INFO - at org.apache.spark.deploy.client.StandaloneAppClient$ClientEndpoint$$anon$1.run(StandaloneAppClient.scala:107)
[2022-09-09T16:48:34.526+0000] {spark_submit.py:488} INFO - at java.base/java.util.concurrent.Executors$RunnableAdapter.call(Executors.java:515)
[2022-09-09T16:48:34.526+0000] {spark_submit.py:488} INFO - at java.base/java.util.concurrent.FutureTask.run(FutureTask.java:264)
[2022-09-09T16:48:34.526+0000] {spark_submit.py:488} INFO - at java.base/java.util.concurrent.ThreadPoolExecutor.runWorker(ThreadPoolExecutor.java:1128)
[2022-09-09T16:48:34.526+0000] {spark_submit.py:488} INFO - at java.base/java.util.concurrent.ThreadPoolExecutor$Worker.run(ThreadPoolExecutor.java:628)
[2022-09-09T16:48:34.526+0000] {spark_submit.py:488} INFO - at java.base/java.lang.Thread.run(Thread.java:829)
[2022-09-09T16:48:34.526+0000] {spark_submit.py:488} INFO - Caused by: java.io.IOException: Failed to connect to fe77514119f4:7077
[2022-09-09T16:48:34.526+0000] {spark_submit.py:488} INFO - at org.apache.spark.network.client.TransportClientFactory.createClient(TransportClientFactory.java:288)
[2022-09-09T16:48:34.526+0000] {spark_submit.py:488} INFO - at org.apache.spark.network.client.TransportClientFactory.createClient(TransportClientFactory.java:218)
[2022-09-09T16:48:34.526+0000] {spark_submit.py:488} INFO - at org.apache.spark.network.client.TransportClientFactory.createClient(TransportClientFactory.java:230)
[2022-09-09T16:48:34.526+0000] {spark_submit.py:488} INFO - at org.apache.spark.rpc.netty.NettyRpcEnv.createClient(NettyRpcEnv.scala:204)
[2022-09-09T16:48:34.526+0000] {spark_submit.py:488} INFO - at org.apache.spark.rpc.netty.Outbox$$anon$1.call(Outbox.scala:202)
[2022-09-09T16:48:34.527+0000] {spark_submit.py:488} INFO - at org.apache.spark.rpc.netty.Outbox$$anon$1.call(Outbox.scala:198)
[2022-09-09T16:48:34.527+0000] {spark_submit.py:488} INFO - ... 4 more
[2022-09-09T16:48:34.527+0000] {spark_submit.py:488} INFO - Caused by: java.net.UnknownHostException: fe77514119f4
[2022-09-09T16:48:34.527+0000] {spark_submit.py:488} INFO - at java.base/java.net.InetAddress$CachedAddresses.get(InetAddress.java:797)
[2022-09-09T16:48:34.527+0000] {spark_submit.py:488} INFO - at java.base/java.net.InetAddress.getAllByName0(InetAddress.java:1519)
[2022-09-09T16:48:34.527+0000] {spark_submit.py:488} INFO - at java.base/java.net.InetAddress.getAllByName(InetAddress.java:1378)
[2022-09-09T16:48:34.527+0000] {spark_submit.py:488} INFO - at java.base/java.net.InetAddress.getAllByName(InetAddress.java:1306)
[2022-09-09T16:48:34.527+0000] {spark_submit.py:488} INFO - at java.base/java.net.InetAddress.getByName(InetAddress.java:1256)
[2022-09-09T16:48:34.527+0000] {spark_submit.py:488} INFO - at io.netty.util.internal.SocketUtils$8.run(SocketUtils.java:156)
[2022-09-09T16:48:34.527+0000] {spark_submit.py:488} INFO - at io.netty.util.internal.SocketUtils$8.run(SocketUtils.java:153)
[2022-09-09T16:48:34.527+0000] {spark_submit.py:488} INFO - at java.base/java.security.AccessController.doPrivileged(Native Method)
[2022-09-09T16:48:34.527+0000] {spark_submit.py:488} INFO - at io.netty.util.internal.SocketUtils.addressByName(SocketUtils.java:153)
[2022-09-09T16:48:34.527+0000] {spark_submit.py:488} INFO - at io.netty.resolver.DefaultNameResolver.doResolve(DefaultNameResolver.java:41)
[2022-09-09T16:48:34.527+0000] {spark_submit.py:488} INFO - at io.netty.resolver.SimpleNameResolver.resolve(SimpleNameResolver.java:61)
[2022-09-09T16:48:34.527+0000] {spark_submit.py:488} INFO - at io.netty.resolver.SimpleNameResolver.resolve(SimpleNameResolver.java:53)
[2022-09-09T16:48:34.528+0000] {spark_submit.py:488} INFO - at io.netty.resolver.InetSocketAddressResolver.doResolve(InetSocketAddressResolver.java:55)
[2022-09-09T16:48:34.528+0000] {spark_submit.py:488} INFO - at io.netty.resolver.InetSocketAddressResolver.doResolve(InetSocketAddressResolver.java:31)
[2022-09-09T16:48:34.528+0000] {spark_submit.py:488} INFO - at io.netty.resolver.AbstractAddressResolver.resolve(AbstractAddressResolver.java:106)
[2022-09-09T16:48:34.528+0000] {spark_submit.py:488} INFO - at io.netty.bootstrap.Bootstrap.doResolveAndConnect0(Bootstrap.java:206)
[2022-09-09T16:48:34.528+0000] {spark_submit.py:488} INFO - at io.netty.bootstrap.Bootstrap.access$000(Bootstrap.java:46)
[2022-09-09T16:48:34.528+0000] {spark_submit.py:488} INFO - at io.netty.bootstrap.Bootstrap$1.operationComplete(Bootstrap.java:180)
[2022-09-09T16:48:34.528+0000] {spark_submit.py:488} INFO - at io.netty.bootstrap.Bootstrap$1.operationComplete(Bootstrap.java:166)
[2022-09-09T16:48:34.528+0000] {spark_submit.py:488} INFO - at io.netty.util.concurrent.DefaultPromise.notifyListener0(DefaultPromise.java:578)
[2022-09-09T16:48:34.528+0000] {spark_submit.py:488} INFO - at io.netty.util.concurrent.DefaultPromise.notifyListenersNow(DefaultPromise.java:552)
[2022-09-09T16:48:34.528+0000] {spark_submit.py:488} INFO - at io.netty.util.concurrent.DefaultPromise.notifyListeners(DefaultPromise.java:491)
[2022-09-09T16:48:34.528+0000] {spark_submit.py:488} INFO - at io.netty.util.concurrent.DefaultPromise.setValue0(DefaultPromise.java:616)
[2022-09-09T16:48:34.528+0000] {spark_submit.py:488} INFO - at io.netty.util.concurrent.DefaultPromise.setSuccess0(DefaultPromise.java:605)
[2022-09-09T16:48:34.528+0000] {spark_submit.py:488} INFO - at io.netty.util.concurrent.DefaultPromise.trySuccess(DefaultPromise.java:104)
[2022-09-09T16:48:34.528+0000] {spark_submit.py:488} INFO - at io.netty.channel.DefaultChannelPromise.trySuccess(DefaultChannelPromise.java:84)
[2022-09-09T16:48:34.529+0000] {spark_submit.py:488} INFO - at io.netty.channel.AbstractChannel$AbstractUnsafe.safeSetSuccess(AbstractChannel.java:990)
[2022-09-09T16:48:34.529+0000] {spark_submit.py:488} INFO - at io.netty.channel.AbstractChannel$AbstractUnsafe.register0(AbstractChannel.java:516)
[2022-09-09T16:48:34.529+0000] {spark_submit.py:488} INFO - at io.netty.channel.AbstractChannel$AbstractUnsafe.access$200(AbstractChannel.java:429)
[2022-09-09T16:48:34.529+0000] {spark_submit.py:488} INFO - at io.netty.channel.AbstractChannel$AbstractUnsafe$1.run(AbstractChannel.java:486)
[2022-09-09T16:48:34.529+0000] {spark_submit.py:488} INFO - at io.netty.util.concurrent.AbstractEventExecutor.safeExecute(AbstractEventExecutor.java:164)
[2022-09-09T16:48:34.529+0000] {spark_submit.py:488} INFO - at io.netty.util.concurrent.SingleThreadEventExecutor.runAllTasks(SingleThreadEventExecutor.java:469)
[2022-09-09T16:48:34.529+0000] {spark_submit.py:488} INFO - at io.netty.channel.nio.NioEventLoop.run(NioEventLoop.java:503)
[2022-09-09T16:48:34.529+0000] {spark_submit.py:488} INFO - at io.netty.util.concurrent.SingleThreadEventExecutor$4.run(SingleThreadEventExecutor.java:986)
[2022-09-09T16:48:34.529+0000] {spark_submit.py:488} INFO - at io.netty.util.internal.ThreadExecutorMap$2.run(ThreadExecutorMap.java:74)
[2022-09-09T16:48:34.529+0000] {spark_submit.py:488} INFO - at io.netty.util.concurrent.FastThreadLocalRunnable.run(FastThreadLocalRunnable.java:30)
[2022-09-09T16:48:34.529+0000] {spark_submit.py:488} INFO - ... 1 more
[2022-09-09T16:48:44.474+0000] {spark_submit.py:488} INFO - 22/09/09 16:48:44 INFO StandaloneAppClient$ClientEndpoint: Connecting to master spark://fe77514119f4:7077...
[2022-09-09T16:48:44.480+0000] {spark_submit.py:488} INFO - 22/09/09 16:48:44 WARN StandaloneAppClient$ClientEndpoint: Failed to connect to master fe77514119f4:7077
[2022-09-09T16:48:44.480+0000] {spark_submit.py:488} INFO - org.apache.spark.SparkException: Exception thrown in awaitResult:
[2022-09-09T16:48:44.480+0000] {spark_submit.py:488} INFO - at org.apache.spark.util.ThreadUtils$.awaitResult(ThreadUtils.scala:301)
[2022-09-09T16:48:44.480+0000] {spark_submit.py:488} INFO - at org.apache.spark.rpc.RpcTimeout.awaitResult(RpcTimeout.scala:75)
[2022-09-09T16:48:44.481+0000] {spark_submit.py:488} INFO - at org.apache.spark.rpc.RpcEnv.setupEndpointRefByURI(RpcEnv.scala:102)
[2022-09-09T16:48:44.481+0000] {spark_submit.py:488} INFO - at org.apache.spark.rpc.RpcEnv.setupEndpointRef(RpcEnv.scala:110)
[2022-09-09T16:48:44.481+0000] {spark_submit.py:488} INFO - at org.apache.spark.deploy.client.StandaloneAppClient$ClientEndpoint$$anon$1.run(StandaloneAppClient.scala:107)
[2022-09-09T16:48:44.481+0000] {spark_submit.py:488} INFO - at java.base/java.util.concurrent.Executors$RunnableAdapter.call(Executors.java:515)
[2022-09-09T16:48:44.481+0000] {spark_submit.py:488} INFO - at java.base/java.util.concurrent.FutureTask.run(FutureTask.java:264)
[2022-09-09T16:48:44.481+0000] {spark_submit.py:488} INFO - at java.base/java.util.concurrent.ThreadPoolExecutor.runWorker(ThreadPoolExecutor.java:1128)
[2022-09-09T16:48:44.481+0000] {spark_submit.py:488} INFO - at java.base/java.util.concurrent.ThreadPoolExecutor$Worker.run(ThreadPoolExecutor.java:628)
[2022-09-09T16:48:44.481+0000] {spark_submit.py:488} INFO - at java.base/java.lang.Thread.run(Thread.java:829)
[2022-09-09T16:48:44.481+0000] {spark_submit.py:488} INFO - Caused by: java.io.IOException: Failed to connect to fe77514119f4:7077
[2022-09-09T16:48:44.481+0000] {spark_submit.py:488} INFO - at org.apache.spark.network.client.TransportClientFactory.createClient(TransportClientFactory.java:288)
[2022-09-09T16:48:44.481+0000] {spark_submit.py:488} INFO - at org.apache.spark.network.client.TransportClientFactory.createClient(TransportClientFactory.java:218)
[2022-09-09T16:48:44.481+0000] {spark_submit.py:488} INFO - at org.apache.spark.network.client.TransportClientFactory.createClient(TransportClientFactory.java:230)
[2022-09-09T16:48:44.481+0000] {spark_submit.py:488} INFO - at org.apache.spark.rpc.netty.NettyRpcEnv.createClient(NettyRpcEnv.scala:204)
[2022-09-09T16:48:44.481+0000] {spark_submit.py:488} INFO - at org.apache.spark.rpc.netty.Outbox$$anon$1.call(Outbox.scala:202)
[2022-09-09T16:48:44.482+0000] {spark_submit.py:488} INFO - at org.apache.spark.rpc.netty.Outbox$$anon$1.call(Outbox.scala:198)
[2022-09-09T16:48:44.482+0000] {spark_submit.py:488} INFO - ... 4 more
[2022-09-09T16:48:44.482+0000] {spark_submit.py:488} INFO - Caused by: java.net.UnknownHostException: fe77514119f4
[2022-09-09T16:48:44.482+0000] {spark_submit.py:488} INFO - at java.base/java.net.InetAddress$CachedAddresses.get(InetAddress.java:797)
[2022-09-09T16:48:44.482+0000] {spark_submit.py:488} INFO - at java.base/java.net.InetAddress.getAllByName0(InetAddress.java:1519)
[2022-09-09T16:48:44.482+0000] {spark_submit.py:488} INFO - at java.base/java.net.InetAddress.getAllByName(InetAddress.java:1378)
[2022-09-09T16:48:44.482+0000] {spark_submit.py:488} INFO - at java.base/java.net.InetAddress.getAllByName(InetAddress.java:1306)
[2022-09-09T16:48:44.482+0000] {spark_submit.py:488} INFO - at java.base/java.net.InetAddress.getByName(InetAddress.java:1256)
[2022-09-09T16:48:44.482+0000] {spark_submit.py:488} INFO - at io.netty.util.internal.SocketUtils$8.run(SocketUtils.java:156)
[2022-09-09T16:48:44.482+0000] {spark_submit.py:488} INFO - at io.netty.util.internal.SocketUtils$8.run(SocketUtils.java:153)
[2022-09-09T16:48:44.482+0000] {spark_submit.py:488} INFO - at java.base/java.security.AccessController.doPrivileged(Native Method)
[2022-09-09T16:48:44.482+0000] {spark_submit.py:488} INFO - at io.netty.util.internal.SocketUtils.addressByName(SocketUtils.java:153)
[2022-09-09T16:48:44.482+0000] {spark_submit.py:488} INFO - at io.netty.resolver.DefaultNameResolver.doResolve(DefaultNameResolver.java:41)
[2022-09-09T16:48:44.482+0000] {spark_submit.py:488} INFO - at io.netty.resolver.SimpleNameResolver.resolve(SimpleNameResolver.java:61)
[2022-09-09T16:48:44.482+0000] {spark_submit.py:488} INFO - at io.netty.resolver.SimpleNameResolver.resolve(SimpleNameResolver.java:53)
[2022-09-09T16:48:44.483+0000] {spark_submit.py:488} INFO - at io.netty.resolver.InetSocketAddressResolver.doResolve(InetSocketAddressResolver.java:55)
[2022-09-09T16:48:44.483+0000] {spark_submit.py:488} INFO - at io.netty.resolver.InetSocketAddressResolver.doResolve(InetSocketAddressResolver.java:31)
[2022-09-09T16:48:44.483+0000] {spark_submit.py:488} INFO - at io.netty.resolver.AbstractAddressResolver.resolve(AbstractAddressResolver.java:106)
[2022-09-09T16:48:44.483+0000] {spark_submit.py:488} INFO - at io.netty.bootstrap.Bootstrap.doResolveAndConnect0(Bootstrap.java:206)
[2022-09-09T16:48:44.483+0000] {spark_submit.py:488} INFO - at io.netty.bootstrap.Bootstrap.access$000(Bootstrap.java:46)
[2022-09-09T16:48:44.483+0000] {spark_submit.py:488} INFO - at io.netty.bootstrap.Bootstrap$1.operationComplete(Bootstrap.java:180)
[2022-09-09T16:48:44.483+0000] {spark_submit.py:488} INFO - at io.netty.bootstrap.Bootstrap$1.operationComplete(Bootstrap.java:166)
[2022-09-09T16:48:44.483+0000] {spark_submit.py:488} INFO - at io.netty.util.concurrent.DefaultPromise.notifyListener0(DefaultPromise.java:578)
[2022-09-09T16:48:44.483+0000] {spark_submit.py:488} INFO - at io.netty.util.concurrent.DefaultPromise.notifyListenersNow(DefaultPromise.java:552)
[2022-09-09T16:48:44.483+0000] {spark_submit.py:488} INFO - at io.netty.util.concurrent.DefaultPromise.notifyListeners(DefaultPromise.java:491)
[2022-09-09T16:48:44.483+0000] {spark_submit.py:488} INFO - at io.netty.util.concurrent.DefaultPromise.setValue0(DefaultPromise.java:616)
[2022-09-09T16:48:44.483+0000] {spark_submit.py:488} INFO - at io.netty.util.concurrent.DefaultPromise.setSuccess0(DefaultPromise.java:605)
[2022-09-09T16:48:44.483+0000] {spark_submit.py:488} INFO - at io.netty.util.concurrent.DefaultPromise.trySuccess(DefaultPromise.java:104)
[2022-09-09T16:48:44.483+0000] {spark_submit.py:488} INFO - at io.netty.channel.DefaultChannelPromise.trySuccess(DefaultChannelPromise.java:84)
[2022-09-09T16:48:44.483+0000] {spark_submit.py:488} INFO - at io.netty.channel.AbstractChannel$AbstractUnsafe.safeSetSuccess(AbstractChannel.java:990)
[2022-09-09T16:48:44.484+0000] {spark_submit.py:488} INFO - at io.netty.channel.AbstractChannel$AbstractUnsafe.register0(AbstractChannel.java:516)
[2022-09-09T16:48:44.484+0000] {spark_submit.py:488} INFO - at io.netty.channel.AbstractChannel$AbstractUnsafe.access$200(AbstractChannel.java:429)
[2022-09-09T16:48:44.484+0000] {spark_submit.py:488} INFO - at io.netty.channel.AbstractChannel$AbstractUnsafe$1.run(AbstractChannel.java:486)
[2022-09-09T16:48:44.484+0000] {spark_submit.py:488} INFO - at io.netty.util.concurrent.AbstractEventExecutor.safeExecute(AbstractEventExecutor.java:164)
[2022-09-09T16:48:44.484+0000] {spark_submit.py:488} INFO - at io.netty.util.concurrent.SingleThreadEventExecutor.runAllTasks(SingleThreadEventExecutor.java:469)
[2022-09-09T16:48:44.484+0000] {spark_submit.py:488} INFO - at io.netty.channel.nio.NioEventLoop.run(NioEventLoop.java:503)
[2022-09-09T16:48:44.484+0000] {spark_submit.py:488} INFO - at io.netty.util.concurrent.SingleThreadEventExecutor$4.run(SingleThreadEventExecutor.java:986)
[2022-09-09T16:48:44.484+0000] {spark_submit.py:488} INFO - at io.netty.util.internal.ThreadExecutorMap$2.run(ThreadExecutorMap.java:74)
[2022-09-09T16:48:44.484+0000] {spark_submit.py:488} INFO - at io.netty.util.concurrent.FastThreadLocalRunnable.run(FastThreadLocalRunnable.java:30)
[2022-09-09T16:48:44.484+0000] {spark_submit.py:488} INFO - ... 1 more
[2022-09-09T16:49:04.474+0000] {spark_submit.py:488} INFO - 22/09/09 16:49:04 INFO StandaloneAppClient$ClientEndpoint: Connecting to master spark://fe77514119f4:7077...
[2022-09-09T16:49:14.485+0000] {spark_submit.py:488} INFO - 22/09/09 16:49:14 WARN TransportClientFactory: DNS resolution failed for fe77514119f4:7077 took 10009 ms
[2022-09-09T16:49:14.490+0000] {spark_submit.py:488} INFO - 22/09/09 16:49:14 WARN StandaloneAppClient$ClientEndpoint: Failed to connect to master fe77514119f4:7077
[2022-09-09T16:49:14.742+0000] {spark_submit.py:488} INFO - org.apache.spark.SparkException: Exception thrown in awaitResult:
[2022-09-09T16:49:14.742+0000] {spark_submit.py:488} INFO - at org.apache.spark.util.ThreadUtils$.awaitResult(ThreadUtils.scala:301)
[2022-09-09T16:49:14.742+0000] {spark_submit.py:488} INFO - at org.apache.spark.rpc.RpcTimeout.awaitResult(RpcTimeout.scala:75)
[2022-09-09T16:49:14.742+0000] {spark_submit.py:488} INFO - at org.apache.spark.rpc.RpcEnv.setupEndpointRefByURI(RpcEnv.scala:102)
[2022-09-09T16:49:14.742+0000] {spark_submit.py:488} INFO - at org.apache.spark.rpc.RpcEnv.setupEndpointRef(RpcEnv.scala:110)
[2022-09-09T16:49:14.742+0000] {spark_submit.py:488} INFO - at org.apache.spark.deploy.client.StandaloneAppClient$ClientEndpoint$$anon$1.run(StandaloneAppClient.scala:107)
[2022-09-09T16:49:14.742+0000] {spark_submit.py:488} INFO - at java.base/java.util.concurrent.Executors$RunnableAdapter.call(Executors.java:515)
[2022-09-09T16:49:14.742+0000] {spark_submit.py:488} INFO - at java.base/java.util.concurrent.FutureTask.run(FutureTask.java:264)
[2022-09-09T16:49:14.742+0000] {spark_submit.py:488} INFO - at java.base/java.util.concurrent.ThreadPoolExecutor.runWorker(ThreadPoolExecutor.java:1128)
[2022-09-09T16:49:14.742+0000] {spark_submit.py:488} INFO - at java.base/java.util.concurrent.ThreadPoolExecutor$Worker.run(ThreadPoolExecutor.java:628)
[2022-09-09T16:49:14.743+0000] {spark_submit.py:488} INFO - at java.base/java.lang.Thread.run(Thread.java:829)
[2022-09-09T16:49:14.743+0000] {spark_submit.py:488} INFO - Caused by: java.io.IOException: Failed to connect to fe77514119f4:7077
[2022-09-09T16:49:14.743+0000] {spark_submit.py:488} INFO - at org.apache.spark.network.client.TransportClientFactory.createClient(TransportClientFactory.java:288)
[2022-09-09T16:49:14.743+0000] {spark_submit.py:488} INFO - at org.apache.spark.network.client.TransportClientFactory.createClient(TransportClientFactory.java:218)
[2022-09-09T16:49:14.743+0000] {spark_submit.py:488} INFO - at org.apache.spark.network.client.TransportClientFactory.createClient(TransportClientFactory.java:230)
[2022-09-09T16:49:14.743+0000] {spark_submit.py:488} INFO - at org.apache.spark.rpc.netty.NettyRpcEnv.createClient(NettyRpcEnv.scala:204)
[2022-09-09T16:49:14.743+0000] {spark_submit.py:488} INFO - at org.apache.spark.rpc.netty.Outbox$$anon$1.call(Outbox.scala:202)
[2022-09-09T16:49:14.743+0000] {spark_submit.py:488} INFO - at org.apache.spark.rpc.netty.Outbox$$anon$1.call(Outbox.scala:198)
[2022-09-09T16:49:14.743+0000] {spark_submit.py:488} INFO - ... 4 more
[2022-09-09T16:49:14.743+0000] {spark_submit.py:488} INFO - Caused by: java.net.UnknownHostException: fe77514119f4
[2022-09-09T16:49:14.743+0000] {spark_submit.py:488} INFO - at java.base/java.net.InetAddress$CachedAddresses.get(InetAddress.java:797)
[2022-09-09T16:49:14.743+0000] {spark_submit.py:488} INFO - at java.base/java.net.InetAddress.getAllByName0(InetAddress.java:1519)
[2022-09-09T16:49:14.743+0000] {spark_submit.py:488} INFO - at java.base/java.net.InetAddress.getAllByName(InetAddress.java:1378)
[2022-09-09T16:49:14.744+0000] {spark_submit.py:488} INFO - at java.base/java.net.InetAddress.getAllByName(InetAddress.java:1306)
[2022-09-09T16:49:14.744+0000] {spark_submit.py:488} INFO - at java.base/java.net.InetAddress.getByName(InetAddress.java:1256)
[2022-09-09T16:49:14.744+0000] {spark_submit.py:488} INFO - at io.netty.util.internal.SocketUtils$8.run(SocketUtils.java:156)
[2022-09-09T16:49:14.744+0000] {spark_submit.py:488} INFO - at io.netty.util.internal.SocketUtils$8.run(SocketUtils.java:153)
[2022-09-09T16:49:14.744+0000] {spark_submit.py:488} INFO - at java.base/java.security.AccessController.doPrivileged(Native Method)
[2022-09-09T16:49:14.744+0000] {spark_submit.py:488} INFO - at io.netty.util.internal.SocketUtils.addressByName(SocketUtils.java:153)
[2022-09-09T16:49:14.744+0000] {spark_submit.py:488} INFO - at io.netty.resolver.DefaultNameResolver.doResolve(DefaultNameResolver.java:41)
[2022-09-09T16:49:14.744+0000] {spark_submit.py:488} INFO - at io.netty.resolver.SimpleNameResolver.resolve(SimpleNameResolver.java:61)
[2022-09-09T16:49:14.744+0000] {spark_submit.py:488} INFO - at io.netty.resolver.SimpleNameResolver.resolve(SimpleNameResolver.java:53)
[2022-09-09T16:49:14.744+0000] {spark_submit.py:488} INFO - at io.netty.resolver.InetSocketAddressResolver.doResolve(InetSocketAddressResolver.java:55)
[2022-09-09T16:49:14.744+0000] {spark_submit.py:488} INFO - at io.netty.resolver.InetSocketAddressResolver.doResolve(InetSocketAddressResolver.java:31)
[2022-09-09T16:49:14.744+0000] {spark_submit.py:488} INFO - at io.netty.resolver.AbstractAddressResolver.resolve(AbstractAddressResolver.java:106)
[2022-09-09T16:49:14.744+0000] {spark_submit.py:488} INFO - at io.netty.bootstrap.Bootstrap.doResolveAndConnect0(Bootstrap.java:206)
[2022-09-09T16:49:14.745+0000] {spark_submit.py:488} INFO - at io.netty.bootstrap.Bootstrap.access$000(Bootstrap.java:46)
[2022-09-09T16:49:14.745+0000] {spark_submit.py:488} INFO - at io.netty.bootstrap.Bootstrap$1.operationComplete(Bootstrap.java:180)
[2022-09-09T16:49:14.745+0000] {spark_submit.py:488} INFO - at io.netty.bootstrap.Bootstrap$1.operationComplete(Bootstrap.java:166)
[2022-09-09T16:49:14.745+0000] {spark_submit.py:488} INFO - at io.netty.util.concurrent.DefaultPromise.notifyListener0(DefaultPromise.java:578)
[2022-09-09T16:49:14.745+0000] {spark_submit.py:488} INFO - at io.netty.util.concurrent.DefaultPromise.notifyListenersNow(DefaultPromise.java:552)
[2022-09-09T16:49:14.745+0000] {spark_submit.py:488} INFO - at io.netty.util.concurrent.DefaultPromise.notifyListeners(DefaultPromise.java:491)
[2022-09-09T16:49:14.745+0000] {spark_submit.py:488} INFO - at io.netty.util.concurrent.DefaultPromise.setValue0(DefaultPromise.java:616)
[2022-09-09T16:49:14.745+0000] {spark_submit.py:488} INFO - at io.netty.util.concurrent.DefaultPromise.setSuccess0(DefaultPromise.java:605)
[2022-09-09T16:49:14.745+0000] {spark_submit.py:488} INFO - at io.netty.util.concurrent.DefaultPromise.trySuccess(DefaultPromise.java:104)
[2022-09-09T16:49:14.745+0000] {spark_submit.py:488} INFO - at io.netty.channel.DefaultChannelPromise.trySuccess(DefaultChannelPromise.java:84)
[2022-09-09T16:49:14.745+0000] {spark_submit.py:488} INFO - at io.netty.channel.AbstractChannel$AbstractUnsafe.safeSetSuccess(AbstractChannel.java:990)
[2022-09-09T16:49:14.745+0000] {spark_submit.py:488} INFO - at io.netty.channel.AbstractChannel$AbstractUnsafe.register0(AbstractChannel.java:516)
[2022-09-09T16:49:14.745+0000] {spark_submit.py:488} INFO - at io.netty.channel.AbstractChannel$AbstractUnsafe.access$200(AbstractChannel.java:429)
[2022-09-09T16:49:14.746+0000] {spark_submit.py:488} INFO - at io.netty.channel.AbstractChannel$AbstractUnsafe$1.run(AbstractChannel.java:486)
[2022-09-09T16:49:14.746+0000] {spark_submit.py:488} INFO - at io.netty.util.concurrent.AbstractEventExecutor.safeExecute(AbstractEventExecutor.java:164)
[2022-09-09T16:49:14.746+0000] {spark_submit.py:488} INFO - at io.netty.util.concurrent.SingleThreadEventExecutor.runAllTasks(SingleThreadEventExecutor.java:469)
[2022-09-09T16:49:14.746+0000] {spark_submit.py:488} INFO - at io.netty.channel.nio.NioEventLoop.run(NioEventLoop.java:503)
[2022-09-09T16:49:14.746+0000] {spark_submit.py:488} INFO - at io.netty.util.concurrent.SingleThreadEventExecutor$4.run(SingleThreadEventExecutor.java:986)
[2022-09-09T16:49:14.746+0000] {spark_submit.py:488} INFO - at io.netty.util.internal.ThreadExecutorMap$2.run(ThreadExecutorMap.java:74)
[2022-09-09T16:49:14.746+0000] {spark_submit.py:488} INFO - at io.netty.util.concurrent.FastThreadLocalRunnable.run(FastThreadLocalRunnable.java:30)
[2022-09-09T16:49:14.746+0000] {spark_submit.py:488} INFO - ... 1 more
[2022-09-09T16:49:24.477+0000] {spark_submit.py:488} INFO - 22/09/09 16:49:24 ERROR StandaloneSchedulerBackend: Application has been killed. Reason: All masters are unresponsive! Giving up.
[2022-09-09T16:49:24.478+0000] {spark_submit.py:488} INFO - 22/09/09 16:49:24 WARN StandaloneSchedulerBackend: Application ID is not initialized yet.
[2022-09-09T16:49:24.488+0000] {spark_submit.py:488} INFO - 22/09/09 16:49:24 INFO Utils: Successfully started service 'org.apache.spark.network.netty.NettyBlockTransferService' on port 33615.
[2022-09-09T16:49:24.488+0000] {spark_submit.py:488} INFO - 22/09/09 16:49:24 INFO NettyBlockTransferService: Server created on dbdbd3f5e7fc:33615
[2022-09-09T16:49:24.490+0000] {spark_submit.py:488} INFO - 22/09/09 16:49:24 INFO BlockManager: Using org.apache.spark.storage.RandomBlockReplicationPolicy for block replication policy
[2022-09-09T16:49:24.496+0000] {spark_submit.py:488} INFO - 22/09/09 16:49:24 INFO BlockManagerMaster: Registering BlockManager BlockManagerId(driver, dbdbd3f5e7fc, 33615, None)
[2022-09-09T16:49:24.497+0000] {spark_submit.py:488} INFO - 22/09/09 16:49:24 INFO SparkUI: Stopped Spark web UI at http://dbdbd3f5e7fc:4040
[2022-09-09T16:49:24.525+0000] {spark_submit.py:488} INFO - 22/09/09 16:49:24 INFO BlockManagerMasterEndpoint: Registering block manager dbdbd3f5e7fc:33615 with 434.4 MiB RAM, BlockManagerId(driver, dbdbd3f5e7fc, 33615, None)
[2022-09-09T16:49:24.525+0000] {spark_submit.py:488} INFO - 22/09/09 16:49:24 INFO BlockManagerMaster: Registered BlockManager BlockManagerId(driver, dbdbd3f5e7fc, 33615, None)
[2022-09-09T16:49:24.525+0000] {spark_submit.py:488} INFO - 22/09/09 16:49:24 INFO StandaloneSchedulerBackend: Shutting down all executors
[2022-09-09T16:49:24.525+0000] {spark_submit.py:488} INFO - 22/09/09 16:49:24 INFO BlockManager: Initialized BlockManager: BlockManagerId(driver, dbdbd3f5e7fc, 33615, None)
[2022-09-09T16:49:24.526+0000] {spark_submit.py:488} INFO - 22/09/09 16:49:24 INFO CoarseGrainedSchedulerBackend$DriverEndpoint: Asking each executor to shut down
[2022-09-09T16:49:24.526+0000] {spark_submit.py:488} INFO - 22/09/09 16:49:24 WARN StandaloneAppClient$ClientEndpoint: Drop UnregisterApplication(null) because has not yet connected to master
[2022-09-09T16:49:24.526+0000] {spark_submit.py:488} INFO - 22/09/09 16:49:24 INFO MapOutputTrackerMasterEndpoint: MapOutputTrackerMasterEndpoint stopped!
[2022-09-09T16:49:24.531+0000] {spark_submit.py:488} INFO - 22/09/09 16:49:24 INFO MemoryStore: MemoryStore cleared
[2022-09-09T16:49:24.531+0000] {spark_submit.py:488} INFO - 22/09/09 16:49:24 INFO BlockManager: BlockManager stopped
[2022-09-09T16:49:24.538+0000] {spark_submit.py:488} INFO - 22/09/09 16:49:24 INFO BlockManagerMaster: BlockManagerMaster stopped
[2022-09-09T16:49:24.546+0000] {spark_submit.py:488} INFO - 22/09/09 16:49:24 INFO OutputCommitCoordinator$OutputCommitCoordinatorEndpoint: OutputCommitCoordinator stopped!
[2022-09-09T16:49:24.556+0000] {spark_submit.py:488} INFO - 22/09/09 16:49:24 INFO SparkContext: Successfully stopped SparkContext
[2022-09-09T16:49:24.646+0000] {spark_submit.py:488} INFO - 22/09/09 16:49:24 ERROR AsyncEventQueue: Listener AppStatusListener threw an exception
[2022-09-09T16:49:24.647+0000] {spark_submit.py:488} INFO - java.lang.NullPointerException
[2022-09-09T16:49:24.647+0000] {spark_submit.py:488} INFO - at org.apache.spark.status.AppStatusListener.onApplicationEnd(AppStatusListener.scala:192)
[2022-09-09T16:49:24.647+0000] {spark_submit.py:488} INFO - at org.apache.spark.scheduler.SparkListenerBus.doPostEvent(SparkListenerBus.scala:57)
[2022-09-09T16:49:24.647+0000] {spark_submit.py:488} INFO - at org.apache.spark.scheduler.SparkListenerBus.doPostEvent$(SparkListenerBus.scala:28)
[2022-09-09T16:49:24.647+0000] {spark_submit.py:488} INFO - at org.apache.spark.scheduler.AsyncEventQueue.doPostEvent(AsyncEventQueue.scala:37)
[2022-09-09T16:49:24.647+0000] {spark_submit.py:488} INFO - at org.apache.spark.scheduler.AsyncEventQueue.doPostEvent(AsyncEventQueue.scala:37)
[2022-09-09T16:49:24.647+0000] {spark_submit.py:488} INFO - at org.apache.spark.util.ListenerBus.postToAll(ListenerBus.scala:117)
[2022-09-09T16:49:24.647+0000] {spark_submit.py:488} INFO - at org.apache.spark.util.ListenerBus.postToAll$(ListenerBus.scala:101)
[2022-09-09T16:49:24.647+0000] {spark_submit.py:488} INFO - at org.apache.spark.scheduler.AsyncEventQueue.super$postToAll(AsyncEventQueue.scala:105)
[2022-09-09T16:49:24.647+0000] {spark_submit.py:488} INFO - at org.apache.spark.scheduler.AsyncEventQueue.$anonfun$dispatch$1(AsyncEventQueue.scala:105)
[2022-09-09T16:49:24.647+0000] {spark_submit.py:488} INFO - at scala.runtime.java8.JFunction0$mcJ$sp.apply(JFunction0$mcJ$sp.java:23)
[2022-09-09T16:49:24.647+0000] {spark_submit.py:488} INFO - at scala.util.DynamicVariable.withValue(DynamicVariable.scala:62)
[2022-09-09T16:49:24.647+0000] {spark_submit.py:488} INFO - at org.apache.spark.scheduler.AsyncEventQueue.org$apache$spark$scheduler$AsyncEventQueue$$dispatch(AsyncEventQueue.scala:100)
[2022-09-09T16:49:24.648+0000] {spark_submit.py:488} INFO - at org.apache.spark.scheduler.AsyncEventQueue$$anon$2.$anonfun$run$1(AsyncEventQueue.scala:96)
[2022-09-09T16:49:24.648+0000] {spark_submit.py:488} INFO - at org.apache.spark.util.Utils$.tryOrStopSparkContext(Utils.scala:1446)
[2022-09-09T16:49:24.648+0000] {spark_submit.py:488} INFO - at org.apache.spark.scheduler.AsyncEventQueue$$anon$2.run(AsyncEventQueue.scala:96)
[2022-09-09T16:49:24.655+0000] {spark_submit.py:488} INFO - 22/09/09 16:49:24 ERROR SparkContext: Error initializing SparkContext.
[2022-09-09T16:49:24.655+0000] {spark_submit.py:488} INFO - java.lang.IllegalArgumentException: requirement failed: Can only call getServletHandlers on a running MetricsSystem
[2022-09-09T16:49:24.656+0000] {spark_submit.py:488} INFO - at scala.Predef$.require(Predef.scala:281)
[2022-09-09T16:49:24.656+0000] {spark_submit.py:488} INFO - at org.apache.spark.metrics.MetricsSystem.getServletHandlers(MetricsSystem.scala:89)
[2022-09-09T16:49:24.656+0000] {spark_submit.py:488} INFO - at org.apache.spark.SparkContext.<init>(SparkContext.scala:650)
[2022-09-09T16:49:24.656+0000] {spark_submit.py:488} INFO - at org.apache.spark.api.java.JavaSparkContext.<init>(JavaSparkContext.scala:58)
[2022-09-09T16:49:24.656+0000] {spark_submit.py:488} INFO - at java.base/jdk.internal.reflect.NativeConstructorAccessorImpl.newInstance0(Native Method)
[2022-09-09T16:49:24.656+0000] {spark_submit.py:488} INFO - at java.base/jdk.internal.reflect.NativeConstructorAccessorImpl.newInstance(NativeConstructorAccessorImpl.java:62)
[2022-09-09T16:49:24.656+0000] {spark_submit.py:488} INFO - at java.base/jdk.internal.reflect.DelegatingConstructorAccessorImpl.newInstance(DelegatingConstructorAccessorImpl.java:45)
[2022-09-09T16:49:24.656+0000] {spark_submit.py:488} INFO - at java.base/java.lang.reflect.Constructor.newInstance(Constructor.java:490)
[2022-09-09T16:49:24.656+0000] {spark_submit.py:488} INFO - at py4j.reflection.MethodInvoker.invoke(MethodInvoker.java:247)
[2022-09-09T16:49:24.656+0000] {spark_submit.py:488} INFO - at py4j.reflection.ReflectionEngine.invoke(ReflectionEngine.java:357)
[2022-09-09T16:49:24.656+0000] {spark_submit.py:488} INFO - at py4j.Gateway.invoke(Gateway.java:238)
[2022-09-09T16:49:24.656+0000] {spark_submit.py:488} INFO - at py4j.commands.ConstructorCommand.invokeConstructor(ConstructorCommand.java:80)
[2022-09-09T16:49:24.656+0000] {spark_submit.py:488} INFO - at py4j.commands.ConstructorCommand.execute(ConstructorCommand.java:69)
[2022-09-09T16:49:24.656+0000] {spark_submit.py:488} INFO - at py4j.ClientServerConnection.waitForCommands(ClientServerConnection.java:182)
[2022-09-09T16:49:24.657+0000] {spark_submit.py:488} INFO - at py4j.ClientServerConnection.run(ClientServerConnection.java:106)
[2022-09-09T16:49:24.657+0000] {spark_submit.py:488} INFO - at java.base/java.lang.Thread.run(Thread.java:829)
[2022-09-09T16:49:24.657+0000] {spark_submit.py:488} INFO - 22/09/09 16:49:24 INFO SparkContext: SparkContext already stopped.
[2022-09-09T16:49:24.657+0000] {spark_submit.py:488} INFO - Traceback (most recent call last):
[2022-09-09T16:49:24.657+0000] {spark_submit.py:488} INFO - File "/opt/***/dags/atividade_2.py", line 7, in <module>
[2022-09-09T16:49:24.657+0000] {spark_submit.py:488} INFO - spark = SparkSession.builder.getOrCreate()
[2022-09-09T16:49:24.657+0000] {spark_submit.py:488} INFO - File "/home/***/.local/lib/python3.7/site-packages/pyspark/python/lib/pyspark.zip/pyspark/sql/session.py", line 269, in getOrCreate
[2022-09-09T16:49:24.657+0000] {spark_submit.py:488} INFO - File "/home/***/.local/lib/python3.7/site-packages/pyspark/python/lib/pyspark.zip/pyspark/context.py", line 483, in getOrCreate
[2022-09-09T16:49:24.657+0000] {spark_submit.py:488} INFO - File "/home/***/.local/lib/python3.7/site-packages/pyspark/python/lib/pyspark.zip/pyspark/context.py", line 208, in __init__
[2022-09-09T16:49:24.657+0000] {spark_submit.py:488} INFO - File "/home/***/.local/lib/python3.7/site-packages/pyspark/python/lib/pyspark.zip/pyspark/context.py", line 282, in _do_init
[2022-09-09T16:49:24.657+0000] {spark_submit.py:488} INFO - File "/home/***/.local/lib/python3.7/site-packages/pyspark/python/lib/pyspark.zip/pyspark/context.py", line 402, in _initialize_context
[2022-09-09T16:49:24.657+0000] {spark_submit.py:488} INFO - File "/home/***/.local/lib/python3.7/site-packages/pyspark/python/lib/py4j-0.10.9.5-src.zip/py4j/java_gateway.py", line 1586, in __call__
[2022-09-09T16:49:24.657+0000] {spark_submit.py:488} INFO - File "/home/***/.local/lib/python3.7/site-packages/pyspark/python/lib/py4j-0.10.9.5-src.zip/py4j/protocol.py", line 328, in get_return_value
[2022-09-09T16:49:24.657+0000] {spark_submit.py:488} INFO - py4j.protocol.Py4JJavaError: An error occurred while calling None.org.apache.spark.api.java.JavaSparkContext.
[2022-09-09T16:49:24.658+0000] {spark_submit.py:488} INFO - : java.lang.IllegalArgumentException: requirement failed: Can only call getServletHandlers on a running MetricsSystem
[2022-09-09T16:49:24.658+0000] {spark_submit.py:488} INFO - at scala.Predef$.require(Predef.scala:281)
[2022-09-09T16:49:24.658+0000] {spark_submit.py:488} INFO - at org.apache.spark.metrics.MetricsSystem.getServletHandlers(MetricsSystem.scala:89)
[2022-09-09T16:49:24.658+0000] {spark_submit.py:488} INFO - at org.apache.spark.SparkContext.<init>(SparkContext.scala:650)
[2022-09-09T16:49:24.658+0000] {spark_submit.py:488} INFO - at org.apache.spark.api.java.JavaSparkContext.<init>(JavaSparkContext.scala:58)
[2022-09-09T16:49:24.658+0000] {spark_submit.py:488} INFO - at java.base/jdk.internal.reflect.NativeConstructorAccessorImpl.newInstance0(Native Method)
[2022-09-09T16:49:24.658+0000] {spark_submit.py:488} INFO - at java.base/jdk.internal.reflect.NativeConstructorAccessorImpl.newInstance(NativeConstructorAccessorImpl.java:62)
[2022-09-09T16:49:24.658+0000] {spark_submit.py:488} INFO - at java.base/jdk.internal.reflect.DelegatingConstructorAccessorImpl.newInstance(DelegatingConstructorAccessorImpl.java:45)
[2022-09-09T16:49:24.658+0000] {spark_submit.py:488} INFO - at java.base/java.lang.reflect.Constructor.newInstance(Constructor.java:490)
[2022-09-09T16:49:24.658+0000] {spark_submit.py:488} INFO - at py4j.reflection.MethodInvoker.invoke(MethodInvoker.java:247)
[2022-09-09T16:49:24.658+0000] {spark_submit.py:488} INFO - at py4j.reflection.ReflectionEngine.invoke(ReflectionEngine.java:357)
[2022-09-09T16:49:24.658+0000] {spark_submit.py:488} INFO - at py4j.Gateway.invoke(Gateway.java:238)
[2022-09-09T16:49:24.658+0000] {spark_submit.py:488} INFO - at py4j.commands.ConstructorCommand.invokeConstructor(ConstructorCommand.java:80)
[2022-09-09T16:49:24.658+0000] {spark_submit.py:488} INFO - at py4j.commands.ConstructorCommand.execute(ConstructorCommand.java:69)
[2022-09-09T16:49:24.659+0000] {spark_submit.py:488} INFO - at py4j.ClientServerConnection.waitForCommands(ClientServerConnection.java:182)
[2022-09-09T16:49:24.659+0000] {spark_submit.py:488} INFO - at py4j.ClientServerConnection.run(ClientServerConnection.java:106)
[2022-09-09T16:49:24.659+0000] {spark_submit.py:488} INFO - at java.base/java.lang.Thread.run(Thread.java:829)
[2022-09-09T16:49:24.659+0000] {spark_submit.py:488} INFO - 
[2022-09-09T16:49:24.695+0000] {spark_submit.py:488} INFO - 22/09/09 16:49:24 INFO ShutdownHookManager: Shutdown hook called
[2022-09-09T16:49:24.695+0000] {spark_submit.py:488} INFO - 22/09/09 16:49:24 INFO ShutdownHookManager: Deleting directory /tmp/spark-bbc244d8-71fa-4fe4-a7ec-a2317551b525
[2022-09-09T16:49:24.698+0000] {spark_submit.py:488} INFO - 22/09/09 16:49:24 INFO ShutdownHookManager: Deleting directory /tmp/spark-f0053ccd-06e4-4fd3-8b66-56287a4485dc
[2022-09-09T16:49:24.798+0000] {taskinstance.py:1902} ERROR - Task failed with exception
Traceback (most recent call last):
  File "/home/airflow/.local/lib/python3.7/site-packages/airflow/providers/apache/spark/operators/spark_submit.py", line 157, in execute
    self._hook.submit(self._application)
  File "/home/airflow/.local/lib/python3.7/site-packages/airflow/providers/apache/spark/hooks/spark_submit.py", line 420, in submit
    f"Cannot execute: {self._mask_cmd(spark_submit_cmd)}. Error code is: {returncode}."
airflow.exceptions.AirflowException: Cannot execute: spark-submit --master spark://fe77514119f4:7077 --name arrow-spark ./dags/atividade_2.py. Error code is: 1.
[2022-09-09T16:49:24.801+0000] {taskinstance.py:1412} INFO - Marking task as FAILED. dag_id=Spark, task_id=spark-job, execution_date=20220909T164754, start_date=20220909T164808, end_date=20220909T164924
[2022-09-09T16:49:25.244+0000] {standard_task_runner.py:97} ERROR - Failed to execute job 30 for task spark-job (Cannot execute: spark-submit --master spark://fe77514119f4:7077 --name arrow-spark ./dags/atividade_2.py. Error code is: 1.; 2862)
[2022-09-09T16:49:25.278+0000] {local_task_job.py:156} INFO - Task exited with return code 1
[2022-09-09T16:49:25.566+0000] {local_task_job.py:279} INFO - 0 downstream tasks scheduled from follow-on schedule check
