[2022-09-09T15:42:52.446+0000] {taskinstance.py:1171} INFO - Dependencies all met for <TaskInstance: Spark.spark-job manual__2022-09-09T15:42:50.705884+00:00 [queued]>
[2022-09-09T15:42:52.454+0000] {taskinstance.py:1171} INFO - Dependencies all met for <TaskInstance: Spark.spark-job manual__2022-09-09T15:42:50.705884+00:00 [queued]>
[2022-09-09T15:42:52.455+0000] {taskinstance.py:1368} INFO - 
--------------------------------------------------------------------------------
[2022-09-09T15:42:52.455+0000] {taskinstance.py:1369} INFO - Starting attempt 1 of 1
[2022-09-09T15:42:52.455+0000] {taskinstance.py:1370} INFO - 
--------------------------------------------------------------------------------
[2022-09-09T15:42:52.544+0000] {taskinstance.py:1389} INFO - Executing <Task(SparkSubmitOperator): spark-job> on 2022-09-09 15:42:50.705884+00:00
[2022-09-09T15:42:52.549+0000] {standard_task_runner.py:52} INFO - Started process 1590 to run task
[2022-09-09T15:42:52.551+0000] {standard_task_runner.py:79} INFO - Running: ['***', 'tasks', 'run', 'Spark', 'spark-job', 'manual__2022-09-09T15:42:50.705884+00:00', '--job-id', '12', '--raw', '--subdir', 'DAGS_FOLDER/teste_spark.py', '--cfg-path', '/tmp/tmpu84tnh4n', '--error-file', '/tmp/tmpxg3c4bx4']
[2022-09-09T15:42:52.552+0000] {standard_task_runner.py:80} INFO - Job 12: Subtask spark-job
[2022-09-09T15:42:52.656+0000] {task_command.py:371} INFO - Running <TaskInstance: Spark.spark-job manual__2022-09-09T15:42:50.705884+00:00 [running]> on host f70ec88a7fc1
[2022-09-09T15:42:52.829+0000] {taskinstance.py:1583} INFO - Exporting the following env vars:
AIRFLOW_CTX_DAG_OWNER=juacy
AIRFLOW_CTX_DAG_ID=Spark
AIRFLOW_CTX_TASK_ID=spark-job
AIRFLOW_CTX_EXECUTION_DATE=2022-09-09T15:42:50.705884+00:00
AIRFLOW_CTX_TRY_NUMBER=1
AIRFLOW_CTX_DAG_RUN_ID=manual__2022-09-09T15:42:50.705884+00:00
[2022-09-09T15:42:52.836+0000] {base.py:68} INFO - Using connection ID 'conexao_spark' for task execution.
[2022-09-09T15:42:52.837+0000] {spark_submit.py:335} INFO - Spark-Submit cmd: spark-submit --master spark://fe77514119f4:7077 --name arrow-spark ./dags/spark-app.py
[2022-09-09T15:43:10.839+0000] {spark_submit.py:488} INFO - 22/09/09 15:43:10 INFO SparkContext: Running Spark version 3.3.0
[2022-09-09T15:43:10.893+0000] {spark_submit.py:488} INFO - 22/09/09 15:43:10 WARN NativeCodeLoader: Unable to load native-hadoop library for your platform... using builtin-java classes where applicable
[2022-09-09T15:43:18.516+0000] {spark_submit.py:488} INFO - 22/09/09 15:43:18 INFO ResourceUtils: ==============================================================
[2022-09-09T15:43:18.516+0000] {spark_submit.py:488} INFO - 22/09/09 15:43:18 INFO ResourceUtils: No custom resources configured for spark.driver.
[2022-09-09T15:43:18.516+0000] {spark_submit.py:488} INFO - 22/09/09 15:43:18 INFO ResourceUtils: ==============================================================
[2022-09-09T15:43:18.517+0000] {spark_submit.py:488} INFO - 22/09/09 15:43:18 INFO SparkContext: Submitted application: First App
[2022-09-09T15:43:18.544+0000] {spark_submit.py:488} INFO - 22/09/09 15:43:18 INFO ResourceProfile: Default ResourceProfile created, executor resources: Map(cores -> name: cores, amount: 1, script: , vendor: , memory -> name: memory, amount: 1024, script: , vendor: , offHeap -> name: offHeap, amount: 0, script: , vendor: ), task resources: Map(cpus -> name: cpus, amount: 1.0)
[2022-09-09T15:43:18.559+0000] {spark_submit.py:488} INFO - 22/09/09 15:43:18 INFO ResourceProfile: Limiting resource is cpu
[2022-09-09T15:43:18.560+0000] {spark_submit.py:488} INFO - 22/09/09 15:43:18 INFO ResourceProfileManager: Added ResourceProfile id: 0
[2022-09-09T15:43:18.613+0000] {spark_submit.py:488} INFO - 22/09/09 15:43:18 INFO SecurityManager: Changing view acls to: default
[2022-09-09T15:43:18.613+0000] {spark_submit.py:488} INFO - 22/09/09 15:43:18 INFO SecurityManager: Changing modify acls to: default
[2022-09-09T15:43:18.614+0000] {spark_submit.py:488} INFO - 22/09/09 15:43:18 INFO SecurityManager: Changing view acls groups to:
[2022-09-09T15:43:18.614+0000] {spark_submit.py:488} INFO - 22/09/09 15:43:18 INFO SecurityManager: Changing modify acls groups to:
[2022-09-09T15:43:18.615+0000] {spark_submit.py:488} INFO - 22/09/09 15:43:18 INFO SecurityManager: SecurityManager: authentication disabled; ui acls disabled; users  with view permissions: Set(default); groups with view permissions: Set(); users  with modify permissions: Set(default); groups with modify permissions: Set()
[2022-09-09T15:43:21.140+0000] {spark_submit.py:488} INFO - 22/09/09 15:43:21 INFO Utils: Successfully started service 'sparkDriver' on port 46501.
[2022-09-09T15:43:21.882+0000] {spark_submit.py:488} INFO - 22/09/09 15:43:21 INFO SparkEnv: Registering MapOutputTracker
[2022-09-09T15:43:21.934+0000] {spark_submit.py:488} INFO - 22/09/09 15:43:21 INFO SparkEnv: Registering BlockManagerMaster
[2022-09-09T15:43:21.961+0000] {spark_submit.py:488} INFO - 22/09/09 15:43:21 INFO BlockManagerMasterEndpoint: Using org.apache.spark.storage.DefaultTopologyMapper for getting topology information
[2022-09-09T15:43:21.962+0000] {spark_submit.py:488} INFO - 22/09/09 15:43:21 INFO BlockManagerMasterEndpoint: BlockManagerMasterEndpoint up
[2022-09-09T15:43:21.968+0000] {spark_submit.py:488} INFO - 22/09/09 15:43:21 INFO SparkEnv: Registering BlockManagerMasterHeartbeat
[2022-09-09T15:43:31.560+0000] {spark_submit.py:488} INFO - 22/09/09 15:43:31 INFO DiskBlockManager: Created local directory at /tmp/blockmgr-0c0bdaba-9fd1-409a-b39c-8377ff0fb144
[2022-09-09T15:43:32.490+0000] {spark_submit.py:488} INFO - 22/09/09 15:43:32 INFO MemoryStore: MemoryStore started with capacity 434.4 MiB
[2022-09-09T15:43:32.898+0000] {spark_submit.py:488} INFO - 22/09/09 15:43:32 INFO SparkEnv: Registering OutputCommitCoordinator
[2022-09-09T15:43:33.084+0000] {spark_submit.py:488} INFO - 22/09/09 15:43:33 INFO Utils: Successfully started service 'SparkUI' on port 4040.
[2022-09-09T15:43:33.164+0000] {spark_submit.py:488} INFO - 22/09/09 15:43:33 INFO Executor: Starting executor ID driver on host f70ec88a7fc1
[2022-09-09T15:43:33.170+0000] {spark_submit.py:488} INFO - 22/09/09 15:43:33 INFO Executor: Starting executor with user classpath (userClassPathFirst = false): ''
[2022-09-09T15:43:33.226+0000] {spark_submit.py:488} INFO - 22/09/09 15:43:33 INFO Utils: Successfully started service 'org.apache.spark.network.netty.NettyBlockTransferService' on port 42753.
[2022-09-09T15:43:33.226+0000] {spark_submit.py:488} INFO - 22/09/09 15:43:33 INFO NettyBlockTransferService: Server created on f70ec88a7fc1:42753
[2022-09-09T15:43:33.227+0000] {spark_submit.py:488} INFO - 22/09/09 15:43:33 INFO BlockManager: Using org.apache.spark.storage.RandomBlockReplicationPolicy for block replication policy
[2022-09-09T15:43:33.232+0000] {spark_submit.py:488} INFO - 22/09/09 15:43:33 INFO BlockManagerMaster: Registering BlockManager BlockManagerId(driver, f70ec88a7fc1, 42753, None)
[2022-09-09T15:43:33.235+0000] {spark_submit.py:488} INFO - 22/09/09 15:43:33 INFO BlockManagerMasterEndpoint: Registering block manager f70ec88a7fc1:42753 with 434.4 MiB RAM, BlockManagerId(driver, f70ec88a7fc1, 42753, None)
[2022-09-09T15:43:33.238+0000] {spark_submit.py:488} INFO - 22/09/09 15:43:33 INFO BlockManagerMaster: Registered BlockManager BlockManagerId(driver, f70ec88a7fc1, 42753, None)
[2022-09-09T15:43:33.239+0000] {spark_submit.py:488} INFO - 22/09/09 15:43:33 INFO BlockManager: Initialized BlockManager: BlockManagerId(driver, f70ec88a7fc1, 42753, None)
[2022-09-09T15:43:33.430+0000] {spark_submit.py:488} INFO - /home/***/.local/lib/python3.7/site-packages/pyspark/python/lib/pyspark.zip/pyspark/sql/context.py:114: FutureWarning: Deprecated in 3.0.0. Use SparkSession.builder.getOrCreate() instead.
[2022-09-09T15:43:33.523+0000] {spark_submit.py:488} INFO - parte 1
[2022-09-09T15:43:33.576+0000] {spark_submit.py:488} INFO - 22/09/09 15:43:33 INFO SharedState: Setting hive.metastore.warehouse.dir ('null') to the value of spark.sql.warehouse.dir.
[2022-09-09T15:43:33.582+0000] {spark_submit.py:488} INFO - 22/09/09 15:43:33 INFO SharedState: Warehouse path is 'file:/opt/***/spark-warehouse'.
[2022-09-09T15:43:34.269+0000] {spark_submit.py:488} INFO - Traceback (most recent call last):
[2022-09-09T15:43:34.269+0000] {spark_submit.py:488} INFO - File "/opt/***/dags/spark-app.py", line 18, in <module>
[2022-09-09T15:43:34.270+0000] {spark_submit.py:488} INFO - df = sqlContext.read.csv('file:///opt/***/dags/spark_jobs/dados/bronze/ips.csv')
[2022-09-09T15:43:34.270+0000] {spark_submit.py:488} INFO - File "/home/***/.local/lib/python3.7/site-packages/pyspark/python/lib/pyspark.zip/pyspark/sql/readwriter.py", line 535, in csv
[2022-09-09T15:43:34.270+0000] {spark_submit.py:488} INFO - File "/home/***/.local/lib/python3.7/site-packages/pyspark/python/lib/py4j-0.10.9.5-src.zip/py4j/java_gateway.py", line 1322, in __call__
[2022-09-09T15:43:34.271+0000] {spark_submit.py:488} INFO - File "/home/***/.local/lib/python3.7/site-packages/pyspark/python/lib/pyspark.zip/pyspark/sql/utils.py", line 196, in deco
[2022-09-09T15:43:34.277+0000] {spark_submit.py:488} INFO - pyspark.sql.utils.AnalysisException: Path does not exist: file:/opt/***/dags/spark_jobs/dados/bronze/ips.csv
[2022-09-09T15:43:34.309+0000] {spark_submit.py:488} INFO - 22/09/09 15:43:34 INFO SparkContext: Invoking stop() from shutdown hook
[2022-09-09T15:43:34.318+0000] {spark_submit.py:488} INFO - 22/09/09 15:43:34 INFO SparkUI: Stopped Spark web UI at http://f70ec88a7fc1:4040
[2022-09-09T15:43:34.329+0000] {spark_submit.py:488} INFO - 22/09/09 15:43:34 INFO MapOutputTrackerMasterEndpoint: MapOutputTrackerMasterEndpoint stopped!
[2022-09-09T15:43:34.337+0000] {spark_submit.py:488} INFO - 22/09/09 15:43:34 INFO MemoryStore: MemoryStore cleared
[2022-09-09T15:43:34.337+0000] {spark_submit.py:488} INFO - 22/09/09 15:43:34 INFO BlockManager: BlockManager stopped
[2022-09-09T15:43:34.343+0000] {spark_submit.py:488} INFO - 22/09/09 15:43:34 INFO BlockManagerMaster: BlockManagerMaster stopped
[2022-09-09T15:43:34.345+0000] {spark_submit.py:488} INFO - 22/09/09 15:43:34 INFO OutputCommitCoordinator$OutputCommitCoordinatorEndpoint: OutputCommitCoordinator stopped!
[2022-09-09T15:43:34.349+0000] {spark_submit.py:488} INFO - 22/09/09 15:43:34 INFO SparkContext: Successfully stopped SparkContext
[2022-09-09T15:43:34.349+0000] {spark_submit.py:488} INFO - 22/09/09 15:43:34 INFO ShutdownHookManager: Shutdown hook called
[2022-09-09T15:43:34.350+0000] {spark_submit.py:488} INFO - 22/09/09 15:43:34 INFO ShutdownHookManager: Deleting directory /tmp/spark-2e47e588-74ed-45dc-835a-a7550aaaa848/pyspark-473b15d1-2d6a-4e6b-bd28-8b09149c86ec
[2022-09-09T15:43:34.352+0000] {spark_submit.py:488} INFO - 22/09/09 15:43:34 INFO ShutdownHookManager: Deleting directory /tmp/spark-2e47e588-74ed-45dc-835a-a7550aaaa848
[2022-09-09T15:43:34.354+0000] {spark_submit.py:488} INFO - 22/09/09 15:43:34 INFO ShutdownHookManager: Deleting directory /tmp/spark-7b938367-ba2f-433f-a9a2-1b977d540c72
[2022-09-09T15:43:34.407+0000] {taskinstance.py:1902} ERROR - Task failed with exception
Traceback (most recent call last):
  File "/home/airflow/.local/lib/python3.7/site-packages/airflow/providers/apache/spark/operators/spark_submit.py", line 157, in execute
    self._hook.submit(self._application)
  File "/home/airflow/.local/lib/python3.7/site-packages/airflow/providers/apache/spark/hooks/spark_submit.py", line 420, in submit
    f"Cannot execute: {self._mask_cmd(spark_submit_cmd)}. Error code is: {returncode}."
airflow.exceptions.AirflowException: Cannot execute: spark-submit --master spark://fe77514119f4:7077 --name arrow-spark ./dags/spark-app.py. Error code is: 1.
[2022-09-09T15:43:34.410+0000] {taskinstance.py:1412} INFO - Marking task as FAILED. dag_id=Spark, task_id=spark-job, execution_date=20220909T154250, start_date=20220909T154252, end_date=20220909T154334
[2022-09-09T15:43:35.446+0000] {standard_task_runner.py:97} ERROR - Failed to execute job 12 for task spark-job (Cannot execute: spark-submit --master spark://fe77514119f4:7077 --name arrow-spark ./dags/spark-app.py. Error code is: 1.; 1590)
[2022-09-09T15:43:35.461+0000] {local_task_job.py:156} INFO - Task exited with return code 1
[2022-09-09T15:43:35.746+0000] {local_task_job.py:279} INFO - 0 downstream tasks scheduled from follow-on schedule check
