[2022-09-09T16:03:14.310+0000] {taskinstance.py:1171} INFO - Dependencies all met for <TaskInstance: Spark.spark-job manual__2022-09-09T16:03:11.930703+00:00 [queued]>
[2022-09-09T16:03:14.318+0000] {taskinstance.py:1171} INFO - Dependencies all met for <TaskInstance: Spark.spark-job manual__2022-09-09T16:03:11.930703+00:00 [queued]>
[2022-09-09T16:03:14.318+0000] {taskinstance.py:1368} INFO - 
--------------------------------------------------------------------------------
[2022-09-09T16:03:14.318+0000] {taskinstance.py:1369} INFO - Starting attempt 1 of 1
[2022-09-09T16:03:14.318+0000] {taskinstance.py:1370} INFO - 
--------------------------------------------------------------------------------
[2022-09-09T16:03:14.362+0000] {taskinstance.py:1389} INFO - Executing <Task(SparkSubmitOperator): spark-job> on 2022-09-09 16:03:11.930703+00:00
[2022-09-09T16:03:14.365+0000] {standard_task_runner.py:52} INFO - Started process 3062 to run task
[2022-09-09T16:03:14.368+0000] {standard_task_runner.py:79} INFO - Running: ['***', 'tasks', 'run', 'Spark', 'spark-job', 'manual__2022-09-09T16:03:11.930703+00:00', '--job-id', '18', '--raw', '--subdir', 'DAGS_FOLDER/teste_spark.py', '--cfg-path', '/tmp/tmpgvagl0ex', '--error-file', '/tmp/tmpyv159bog']
[2022-09-09T16:03:14.368+0000] {standard_task_runner.py:80} INFO - Job 18: Subtask spark-job
[2022-09-09T16:03:14.498+0000] {task_command.py:371} INFO - Running <TaskInstance: Spark.spark-job manual__2022-09-09T16:03:11.930703+00:00 [running]> on host f70ec88a7fc1
[2022-09-09T16:03:14.645+0000] {taskinstance.py:1583} INFO - Exporting the following env vars:
AIRFLOW_CTX_DAG_OWNER=juacy
AIRFLOW_CTX_DAG_ID=Spark
AIRFLOW_CTX_TASK_ID=spark-job
AIRFLOW_CTX_EXECUTION_DATE=2022-09-09T16:03:11.930703+00:00
AIRFLOW_CTX_TRY_NUMBER=1
AIRFLOW_CTX_DAG_RUN_ID=manual__2022-09-09T16:03:11.930703+00:00
[2022-09-09T16:03:14.653+0000] {base.py:68} INFO - Using connection ID 'conexao_spark' for task execution.
[2022-09-09T16:03:14.654+0000] {spark_submit.py:335} INFO - Spark-Submit cmd: spark-submit --master spark://fe77514119f4:7077 --name arrow-spark ./dags/spark-app.py
[2022-09-09T16:03:16.974+0000] {spark_submit.py:488} INFO - 22/09/09 16:03:16 INFO SparkContext: Running Spark version 3.3.0
[2022-09-09T16:03:17.021+0000] {spark_submit.py:488} INFO - 22/09/09 16:03:17 WARN NativeCodeLoader: Unable to load native-hadoop library for your platform... using builtin-java classes where applicable
[2022-09-09T16:03:17.092+0000] {spark_submit.py:488} INFO - 22/09/09 16:03:17 INFO ResourceUtils: ==============================================================
[2022-09-09T16:03:17.093+0000] {spark_submit.py:488} INFO - 22/09/09 16:03:17 INFO ResourceUtils: No custom resources configured for spark.driver.
[2022-09-09T16:03:17.093+0000] {spark_submit.py:488} INFO - 22/09/09 16:03:17 INFO ResourceUtils: ==============================================================
[2022-09-09T16:03:17.093+0000] {spark_submit.py:488} INFO - 22/09/09 16:03:17 INFO SparkContext: Submitted application: First App
[2022-09-09T16:03:17.115+0000] {spark_submit.py:488} INFO - 22/09/09 16:03:17 INFO ResourceProfile: Default ResourceProfile created, executor resources: Map(cores -> name: cores, amount: 1, script: , vendor: , memory -> name: memory, amount: 1024, script: , vendor: , offHeap -> name: offHeap, amount: 0, script: , vendor: ), task resources: Map(cpus -> name: cpus, amount: 1.0)
[2022-09-09T16:03:17.127+0000] {spark_submit.py:488} INFO - 22/09/09 16:03:17 INFO ResourceProfile: Limiting resource is cpu
[2022-09-09T16:03:17.128+0000] {spark_submit.py:488} INFO - 22/09/09 16:03:17 INFO ResourceProfileManager: Added ResourceProfile id: 0
[2022-09-09T16:03:17.170+0000] {spark_submit.py:488} INFO - 22/09/09 16:03:17 INFO SecurityManager: Changing view acls to: default
[2022-09-09T16:03:17.171+0000] {spark_submit.py:488} INFO - 22/09/09 16:03:17 INFO SecurityManager: Changing modify acls to: default
[2022-09-09T16:03:17.171+0000] {spark_submit.py:488} INFO - 22/09/09 16:03:17 INFO SecurityManager: Changing view acls groups to:
[2022-09-09T16:03:17.171+0000] {spark_submit.py:488} INFO - 22/09/09 16:03:17 INFO SecurityManager: Changing modify acls groups to:
[2022-09-09T16:03:17.172+0000] {spark_submit.py:488} INFO - 22/09/09 16:03:17 INFO SecurityManager: SecurityManager: authentication disabled; ui acls disabled; users  with view permissions: Set(default); groups with view permissions: Set(); users  with modify permissions: Set(default); groups with modify permissions: Set()
[2022-09-09T16:03:17.373+0000] {spark_submit.py:488} INFO - 22/09/09 16:03:17 INFO Utils: Successfully started service 'sparkDriver' on port 36701.
[2022-09-09T16:03:17.396+0000] {spark_submit.py:488} INFO - 22/09/09 16:03:17 INFO SparkEnv: Registering MapOutputTracker
[2022-09-09T16:03:17.425+0000] {spark_submit.py:488} INFO - 22/09/09 16:03:17 INFO SparkEnv: Registering BlockManagerMaster
[2022-09-09T16:03:17.440+0000] {spark_submit.py:488} INFO - 22/09/09 16:03:17 INFO BlockManagerMasterEndpoint: Using org.apache.spark.storage.DefaultTopologyMapper for getting topology information
[2022-09-09T16:03:17.440+0000] {spark_submit.py:488} INFO - 22/09/09 16:03:17 INFO BlockManagerMasterEndpoint: BlockManagerMasterEndpoint up
[2022-09-09T16:03:17.444+0000] {spark_submit.py:488} INFO - 22/09/09 16:03:17 INFO SparkEnv: Registering BlockManagerMasterHeartbeat
[2022-09-09T16:03:17.475+0000] {spark_submit.py:488} INFO - 22/09/09 16:03:17 INFO DiskBlockManager: Created local directory at /tmp/blockmgr-9c0b3c34-b3b4-4927-94ed-6ce6662d4b3a
[2022-09-09T16:03:17.492+0000] {spark_submit.py:488} INFO - 22/09/09 16:03:17 INFO MemoryStore: MemoryStore started with capacity 434.4 MiB
[2022-09-09T16:03:17.506+0000] {spark_submit.py:488} INFO - 22/09/09 16:03:17 INFO SparkEnv: Registering OutputCommitCoordinator
[2022-09-09T16:03:17.676+0000] {spark_submit.py:488} INFO - 22/09/09 16:03:17 INFO Utils: Successfully started service 'SparkUI' on port 4040.
[2022-09-09T16:03:17.820+0000] {spark_submit.py:488} INFO - 22/09/09 16:03:17 INFO Executor: Starting executor ID driver on host f70ec88a7fc1
[2022-09-09T16:03:17.827+0000] {spark_submit.py:488} INFO - 22/09/09 16:03:17 INFO Executor: Starting executor with user classpath (userClassPathFirst = false): ''
[2022-09-09T16:03:17.845+0000] {spark_submit.py:488} INFO - 22/09/09 16:03:17 INFO Utils: Successfully started service 'org.apache.spark.network.netty.NettyBlockTransferService' on port 41637.
[2022-09-09T16:03:17.845+0000] {spark_submit.py:488} INFO - 22/09/09 16:03:17 INFO NettyBlockTransferService: Server created on f70ec88a7fc1:41637
[2022-09-09T16:03:17.848+0000] {spark_submit.py:488} INFO - 22/09/09 16:03:17 INFO BlockManager: Using org.apache.spark.storage.RandomBlockReplicationPolicy for block replication policy
[2022-09-09T16:03:17.852+0000] {spark_submit.py:488} INFO - 22/09/09 16:03:17 INFO BlockManagerMaster: Registering BlockManager BlockManagerId(driver, f70ec88a7fc1, 41637, None)
[2022-09-09T16:03:17.856+0000] {spark_submit.py:488} INFO - 22/09/09 16:03:17 INFO BlockManagerMasterEndpoint: Registering block manager f70ec88a7fc1:41637 with 434.4 MiB RAM, BlockManagerId(driver, f70ec88a7fc1, 41637, None)
[2022-09-09T16:03:17.858+0000] {spark_submit.py:488} INFO - 22/09/09 16:03:17 INFO BlockManagerMaster: Registered BlockManager BlockManagerId(driver, f70ec88a7fc1, 41637, None)
[2022-09-09T16:03:17.859+0000] {spark_submit.py:488} INFO - 22/09/09 16:03:17 INFO BlockManager: Initialized BlockManager: BlockManagerId(driver, f70ec88a7fc1, 41637, None)
[2022-09-09T16:03:18.044+0000] {spark_submit.py:488} INFO - /home/***/.local/lib/python3.7/site-packages/pyspark/python/lib/pyspark.zip/pyspark/sql/context.py:114: FutureWarning: Deprecated in 3.0.0. Use SparkSession.builder.getOrCreate() instead.
[2022-09-09T16:03:18.392+0000] {spark_submit.py:488} INFO - 22/09/09 16:03:18 INFO SharedState: Setting hive.metastore.warehouse.dir ('null') to the value of spark.sql.warehouse.dir.
[2022-09-09T16:03:18.398+0000] {spark_submit.py:488} INFO - 22/09/09 16:03:18 INFO SharedState: Warehouse path is 'file:/opt/***/spark-warehouse'.
[2022-09-09T16:03:20.570+0000] {spark_submit.py:488} INFO - parte 1
[2022-09-09T16:03:20.972+0000] {spark_submit.py:488} INFO - 22/09/09 16:03:20 INFO FileOutputCommitter: File Output Committer Algorithm version is 1
[2022-09-09T16:03:20.972+0000] {spark_submit.py:488} INFO - 22/09/09 16:03:20 INFO FileOutputCommitter: FileOutputCommitter skip cleanup _temporary folders under output directory:false, ignore cleanup failures: false
[2022-09-09T16:03:20.973+0000] {spark_submit.py:488} INFO - 22/09/09 16:03:20 INFO SQLHadoopMapReduceCommitProtocol: Using output committer class org.apache.hadoop.mapreduce.lib.output.FileOutputCommitter
[2022-09-09T16:03:21.172+0000] {spark_submit.py:488} INFO - 22/09/09 16:03:21 INFO CodeGenerator: Code generated in 126.7081 ms
[2022-09-09T16:03:21.271+0000] {spark_submit.py:488} INFO - 22/09/09 16:03:21 INFO SparkContext: Starting job: csv at NativeMethodAccessorImpl.java:0
[2022-09-09T16:03:21.282+0000] {spark_submit.py:488} INFO - 22/09/09 16:03:21 INFO DAGScheduler: Got job 0 (csv at NativeMethodAccessorImpl.java:0) with 1 output partitions
[2022-09-09T16:03:21.282+0000] {spark_submit.py:488} INFO - 22/09/09 16:03:21 INFO DAGScheduler: Final stage: ResultStage 0 (csv at NativeMethodAccessorImpl.java:0)
[2022-09-09T16:03:21.283+0000] {spark_submit.py:488} INFO - 22/09/09 16:03:21 INFO DAGScheduler: Parents of final stage: List()
[2022-09-09T16:03:21.284+0000] {spark_submit.py:488} INFO - 22/09/09 16:03:21 INFO DAGScheduler: Missing parents: List()
[2022-09-09T16:03:21.286+0000] {spark_submit.py:488} INFO - 22/09/09 16:03:21 INFO DAGScheduler: Submitting ResultStage 0 (MapPartitionsRDD[5] at csv at NativeMethodAccessorImpl.java:0), which has no missing parents
[2022-09-09T16:03:21.379+0000] {spark_submit.py:488} INFO - 22/09/09 16:03:21 INFO MemoryStore: Block broadcast_0 stored as values in memory (estimated size 213.2 KiB, free 434.2 MiB)
[2022-09-09T16:03:21.402+0000] {spark_submit.py:488} INFO - 22/09/09 16:03:21 INFO MemoryStore: Block broadcast_0_piece0 stored as bytes in memory (estimated size 77.4 KiB, free 434.1 MiB)
[2022-09-09T16:03:21.406+0000] {spark_submit.py:488} INFO - 22/09/09 16:03:21 INFO BlockManagerInfo: Added broadcast_0_piece0 in memory on f70ec88a7fc1:41637 (size: 77.4 KiB, free: 434.3 MiB)
[2022-09-09T16:03:21.409+0000] {spark_submit.py:488} INFO - 22/09/09 16:03:21 INFO SparkContext: Created broadcast 0 from broadcast at DAGScheduler.scala:1513
[2022-09-09T16:03:21.420+0000] {spark_submit.py:488} INFO - 22/09/09 16:03:21 INFO DAGScheduler: Submitting 1 missing tasks from ResultStage 0 (MapPartitionsRDD[5] at csv at NativeMethodAccessorImpl.java:0) (first 15 tasks are for partitions Vector(0))
[2022-09-09T16:03:21.421+0000] {spark_submit.py:488} INFO - 22/09/09 16:03:21 INFO TaskSchedulerImpl: Adding task set 0.0 with 1 tasks resource profile 0
[2022-09-09T16:03:21.463+0000] {spark_submit.py:488} INFO - 22/09/09 16:03:21 INFO TaskSetManager: Starting task 0.0 in stage 0.0 (TID 0) (f70ec88a7fc1, executor driver, partition 0, PROCESS_LOCAL, 4535 bytes) taskResourceAssignments Map()
[2022-09-09T16:03:21.474+0000] {spark_submit.py:488} INFO - 22/09/09 16:03:21 INFO Executor: Running task 0.0 in stage 0.0 (TID 0)
[2022-09-09T16:03:54.339+0000] {spark_submit.py:488} INFO - 22/09/09 16:03:54 INFO AsyncEventQueue: Process of event SparkListenerExecutorMetricsUpdate(driver,WrappedArray(),Map((-1,-1) -> org.apache.spark.executor.ExecutorMetrics@37f2bc58)) by listener AppStatusListener took 1.3596535s.
[2022-09-09T16:03:54.359+0000] {spark_submit.py:488} INFO - 22/09/09 16:03:54 INFO FileOutputCommitter: File Output Committer Algorithm version is 1
[2022-09-09T16:03:54.359+0000] {spark_submit.py:488} INFO - 22/09/09 16:03:54 INFO FileOutputCommitter: FileOutputCommitter skip cleanup _temporary folders under output directory:false, ignore cleanup failures: false
[2022-09-09T16:03:54.360+0000] {spark_submit.py:488} INFO - 22/09/09 16:03:54 INFO SQLHadoopMapReduceCommitProtocol: Using output committer class org.apache.hadoop.mapreduce.lib.output.FileOutputCommitter
[2022-09-09T16:03:55.296+0000] {spark_submit.py:488} INFO - 22/09/09 16:03:55 INFO PythonRunner: Times: total = 32763, boot = 32756, init = 7, finish = 0
[2022-09-09T16:03:55.304+0000] {spark_submit.py:488} INFO - 22/09/09 16:03:55 INFO FileOutputCommitter: Saved output of task 'attempt_202209091603211469991813744532885_0000_m_000000_0' to file:/opt/***/dados/bronze/teste.csv/_temporary/0/task_202209091603211469991813744532885_0000_m_000000
[2022-09-09T16:03:55.305+0000] {spark_submit.py:488} INFO - 22/09/09 16:03:55 INFO SparkHadoopMapRedUtil: attempt_202209091603211469991813744532885_0000_m_000000_0: Committed. Elapsed time: 1 ms.
[2022-09-09T16:03:55.321+0000] {spark_submit.py:488} INFO - 22/09/09 16:03:55 INFO Executor: Finished task 0.0 in stage 0.0 (TID 0). 2914 bytes result sent to driver
[2022-09-09T16:03:55.328+0000] {spark_submit.py:488} INFO - 22/09/09 16:03:55 INFO TaskSetManager: Finished task 0.0 in stage 0.0 (TID 0) in 33874 ms on f70ec88a7fc1 (executor driver) (1/1)
[2022-09-09T16:03:55.330+0000] {spark_submit.py:488} INFO - 22/09/09 16:03:55 INFO TaskSchedulerImpl: Removed TaskSet 0.0, whose tasks have all completed, from pool
[2022-09-09T16:03:55.333+0000] {spark_submit.py:488} INFO - 22/09/09 16:03:55 INFO PythonAccumulatorV2: Connected to AccumulatorServer at host: 127.0.0.1 port: 55675
[2022-09-09T16:03:55.336+0000] {spark_submit.py:488} INFO - 22/09/09 16:03:55 INFO DAGScheduler: ResultStage 0 (csv at NativeMethodAccessorImpl.java:0) finished in 34.038 s
[2022-09-09T16:03:55.339+0000] {spark_submit.py:488} INFO - 22/09/09 16:03:55 INFO DAGScheduler: Job 0 is finished. Cancelling potential speculative or zombie tasks for this job
[2022-09-09T16:03:55.339+0000] {spark_submit.py:488} INFO - 22/09/09 16:03:55 INFO TaskSchedulerImpl: Killing all running tasks in stage 0: Stage finished
[2022-09-09T16:03:55.341+0000] {spark_submit.py:488} INFO - 22/09/09 16:03:55 INFO DAGScheduler: Job 0 finished: csv at NativeMethodAccessorImpl.java:0, took 34.069671 s
[2022-09-09T16:03:55.344+0000] {spark_submit.py:488} INFO - 22/09/09 16:03:55 INFO FileFormatWriter: Start to commit write Job ab18ebc6-cc7d-49ef-9942-2c3d90d4f079.
[2022-09-09T16:03:55.420+0000] {spark_submit.py:488} INFO - 22/09/09 16:03:55 INFO FileFormatWriter: Write Job ab18ebc6-cc7d-49ef-9942-2c3d90d4f079 committed. Elapsed time: 75 ms.
[2022-09-09T16:03:55.425+0000] {spark_submit.py:488} INFO - 22/09/09 16:03:55 INFO FileFormatWriter: Finished processing stats for write job ab18ebc6-cc7d-49ef-9942-2c3d90d4f079.
[2022-09-09T16:03:55.436+0000] {spark_submit.py:488} INFO - root
[2022-09-09T16:03:55.436+0000] {spark_submit.py:488} INFO - |-- Category: string (nullable = true)
[2022-09-09T16:03:55.436+0000] {spark_submit.py:488} INFO - |-- ID: long (nullable = true)
[2022-09-09T16:03:55.436+0000] {spark_submit.py:488} INFO - |-- Truth: boolean (nullable = true)
[2022-09-09T16:03:55.436+0000] {spark_submit.py:488} INFO - |-- Value: double (nullable = true)
[2022-09-09T16:03:55.437+0000] {spark_submit.py:488} INFO - 
[2022-09-09T16:03:55.437+0000] {spark_submit.py:488} INFO - parte 2
[2022-09-09T16:03:55.510+0000] {spark_submit.py:488} INFO - 22/09/09 16:03:55 INFO SparkContext: Invoking stop() from shutdown hook
[2022-09-09T16:03:55.520+0000] {spark_submit.py:488} INFO - 22/09/09 16:03:55 INFO SparkUI: Stopped Spark web UI at http://f70ec88a7fc1:4040
[2022-09-09T16:03:55.532+0000] {spark_submit.py:488} INFO - 22/09/09 16:03:55 INFO MapOutputTrackerMasterEndpoint: MapOutputTrackerMasterEndpoint stopped!
[2022-09-09T16:03:55.542+0000] {spark_submit.py:488} INFO - 22/09/09 16:03:55 INFO MemoryStore: MemoryStore cleared
[2022-09-09T16:03:55.542+0000] {spark_submit.py:488} INFO - 22/09/09 16:03:55 INFO BlockManager: BlockManager stopped
[2022-09-09T16:03:55.548+0000] {spark_submit.py:488} INFO - 22/09/09 16:03:55 INFO BlockManagerMaster: BlockManagerMaster stopped
[2022-09-09T16:03:55.550+0000] {spark_submit.py:488} INFO - 22/09/09 16:03:55 INFO OutputCommitCoordinator$OutputCommitCoordinatorEndpoint: OutputCommitCoordinator stopped!
[2022-09-09T16:03:55.554+0000] {spark_submit.py:488} INFO - 22/09/09 16:03:55 INFO SparkContext: Successfully stopped SparkContext
[2022-09-09T16:03:55.555+0000] {spark_submit.py:488} INFO - 22/09/09 16:03:55 INFO ShutdownHookManager: Shutdown hook called
[2022-09-09T16:03:55.555+0000] {spark_submit.py:488} INFO - 22/09/09 16:03:55 INFO ShutdownHookManager: Deleting directory /tmp/spark-13d71674-17de-443b-abdb-037277305cea
[2022-09-09T16:03:55.558+0000] {spark_submit.py:488} INFO - 22/09/09 16:03:55 INFO ShutdownHookManager: Deleting directory /tmp/spark-2eb0c900-c19a-4964-976e-022dbf172abb
[2022-09-09T16:03:55.560+0000] {spark_submit.py:488} INFO - 22/09/09 16:03:55 INFO ShutdownHookManager: Deleting directory /tmp/spark-13d71674-17de-443b-abdb-037277305cea/pyspark-822b9d37-4c6b-4562-a22d-4770cb654621
[2022-09-09T16:03:55.608+0000] {taskinstance.py:1412} INFO - Marking task as SUCCESS. dag_id=Spark, task_id=spark-job, execution_date=20220909T160311, start_date=20220909T160314, end_date=20220909T160355
[2022-09-09T16:03:55.955+0000] {local_task_job.py:156} INFO - Task exited with return code 0
[2022-09-09T16:03:56.140+0000] {local_task_job.py:279} INFO - 0 downstream tasks scheduled from follow-on schedule check
