[2022-09-09T16:17:48.264+0000] {taskinstance.py:1171} INFO - Dependencies all met for <TaskInstance: Spark.spark-job manual__2022-09-09T16:17:34.081373+00:00 [queued]>
[2022-09-09T16:17:48.274+0000] {taskinstance.py:1171} INFO - Dependencies all met for <TaskInstance: Spark.spark-job manual__2022-09-09T16:17:34.081373+00:00 [queued]>
[2022-09-09T16:17:48.274+0000] {taskinstance.py:1368} INFO - 
--------------------------------------------------------------------------------
[2022-09-09T16:17:48.274+0000] {taskinstance.py:1369} INFO - Starting attempt 1 of 1
[2022-09-09T16:17:48.275+0000] {taskinstance.py:1370} INFO - 
--------------------------------------------------------------------------------
[2022-09-09T16:17:48.437+0000] {taskinstance.py:1389} INFO - Executing <Task(SparkSubmitOperator): spark-job> on 2022-09-09 16:17:34.081373+00:00
[2022-09-09T16:17:48.441+0000] {standard_task_runner.py:52} INFO - Started process 790 to run task
[2022-09-09T16:17:48.444+0000] {standard_task_runner.py:79} INFO - Running: ['***', 'tasks', 'run', 'Spark', 'spark-job', 'manual__2022-09-09T16:17:34.081373+00:00', '--job-id', '24', '--raw', '--subdir', 'DAGS_FOLDER/teste_spark.py', '--cfg-path', '/tmp/tmpo9nh0dq8', '--error-file', '/tmp/tmpqaicxfxy']
[2022-09-09T16:17:48.445+0000] {standard_task_runner.py:80} INFO - Job 24: Subtask spark-job
[2022-09-09T16:17:48.576+0000] {task_command.py:371} INFO - Running <TaskInstance: Spark.spark-job manual__2022-09-09T16:17:34.081373+00:00 [running]> on host dbdbd3f5e7fc
[2022-09-09T16:17:48.869+0000] {taskinstance.py:1583} INFO - Exporting the following env vars:
AIRFLOW_CTX_DAG_OWNER=juacy
AIRFLOW_CTX_DAG_ID=Spark
AIRFLOW_CTX_TASK_ID=spark-job
AIRFLOW_CTX_EXECUTION_DATE=2022-09-09T16:17:34.081373+00:00
AIRFLOW_CTX_TRY_NUMBER=1
AIRFLOW_CTX_DAG_RUN_ID=manual__2022-09-09T16:17:34.081373+00:00
[2022-09-09T16:17:48.877+0000] {base.py:68} INFO - Using connection ID 'conexao_spark' for task execution.
[2022-09-09T16:17:48.878+0000] {spark_submit.py:335} INFO - Spark-Submit cmd: spark-submit --master spark://fe77514119f4:7077 --name arrow-spark ./dags/spark-app.py
[2022-09-09T16:18:35.015+0000] {spark_submit.py:488} INFO - 22/09/09 16:18:35 INFO SparkContext: Running Spark version 3.3.0
[2022-09-09T16:18:35.062+0000] {spark_submit.py:488} INFO - 22/09/09 16:18:35 WARN NativeCodeLoader: Unable to load native-hadoop library for your platform... using builtin-java classes where applicable
[2022-09-09T16:18:35.133+0000] {spark_submit.py:488} INFO - 22/09/09 16:18:35 INFO ResourceUtils: ==============================================================
[2022-09-09T16:18:35.133+0000] {spark_submit.py:488} INFO - 22/09/09 16:18:35 INFO ResourceUtils: No custom resources configured for spark.driver.
[2022-09-09T16:18:35.134+0000] {spark_submit.py:488} INFO - 22/09/09 16:18:35 INFO ResourceUtils: ==============================================================
[2022-09-09T16:18:35.134+0000] {spark_submit.py:488} INFO - 22/09/09 16:18:35 INFO SparkContext: Submitted application: First App
[2022-09-09T16:18:35.153+0000] {spark_submit.py:488} INFO - 22/09/09 16:18:35 INFO ResourceProfile: Default ResourceProfile created, executor resources: Map(cores -> name: cores, amount: 1, script: , vendor: , memory -> name: memory, amount: 1024, script: , vendor: , offHeap -> name: offHeap, amount: 0, script: , vendor: ), task resources: Map(cpus -> name: cpus, amount: 1.0)
[2022-09-09T16:18:35.164+0000] {spark_submit.py:488} INFO - 22/09/09 16:18:35 INFO ResourceProfile: Limiting resource is cpu
[2022-09-09T16:18:35.165+0000] {spark_submit.py:488} INFO - 22/09/09 16:18:35 INFO ResourceProfileManager: Added ResourceProfile id: 0
[2022-09-09T16:18:35.214+0000] {spark_submit.py:488} INFO - 22/09/09 16:18:35 INFO SecurityManager: Changing view acls to: default
[2022-09-09T16:18:35.214+0000] {spark_submit.py:488} INFO - 22/09/09 16:18:35 INFO SecurityManager: Changing modify acls to: default
[2022-09-09T16:18:35.214+0000] {spark_submit.py:488} INFO - 22/09/09 16:18:35 INFO SecurityManager: Changing view acls groups to:
[2022-09-09T16:18:35.215+0000] {spark_submit.py:488} INFO - 22/09/09 16:18:35 INFO SecurityManager: Changing modify acls groups to:
[2022-09-09T16:18:35.215+0000] {spark_submit.py:488} INFO - 22/09/09 16:18:35 INFO SecurityManager: SecurityManager: authentication disabled; ui acls disabled; users  with view permissions: Set(default); groups with view permissions: Set(); users  with modify permissions: Set(default); groups with modify permissions: Set()
[2022-09-09T16:18:35.405+0000] {spark_submit.py:488} INFO - 22/09/09 16:18:35 INFO Utils: Successfully started service 'sparkDriver' on port 39001.
[2022-09-09T16:18:35.438+0000] {spark_submit.py:488} INFO - 22/09/09 16:18:35 INFO SparkEnv: Registering MapOutputTracker
[2022-09-09T16:18:35.466+0000] {spark_submit.py:488} INFO - 22/09/09 16:18:35 INFO SparkEnv: Registering BlockManagerMaster
[2022-09-09T16:18:35.483+0000] {spark_submit.py:488} INFO - 22/09/09 16:18:35 INFO BlockManagerMasterEndpoint: Using org.apache.spark.storage.DefaultTopologyMapper for getting topology information
[2022-09-09T16:18:35.484+0000] {spark_submit.py:488} INFO - 22/09/09 16:18:35 INFO BlockManagerMasterEndpoint: BlockManagerMasterEndpoint up
[2022-09-09T16:18:35.489+0000] {spark_submit.py:488} INFO - 22/09/09 16:18:35 INFO SparkEnv: Registering BlockManagerMasterHeartbeat
[2022-09-09T16:18:35.511+0000] {spark_submit.py:488} INFO - 22/09/09 16:18:35 INFO DiskBlockManager: Created local directory at /tmp/blockmgr-a2a5d38b-c990-4e51-84e3-990def41563d
[2022-09-09T16:18:35.526+0000] {spark_submit.py:488} INFO - 22/09/09 16:18:35 INFO MemoryStore: MemoryStore started with capacity 434.4 MiB
[2022-09-09T16:18:35.542+0000] {spark_submit.py:488} INFO - 22/09/09 16:18:35 INFO SparkEnv: Registering OutputCommitCoordinator
[2022-09-09T16:18:35.727+0000] {spark_submit.py:488} INFO - 22/09/09 16:18:35 INFO Utils: Successfully started service 'SparkUI' on port 4040.
[2022-09-09T16:18:35.806+0000] {spark_submit.py:488} INFO - 22/09/09 16:18:35 INFO Executor: Starting executor ID driver on host dbdbd3f5e7fc
[2022-09-09T16:18:35.811+0000] {spark_submit.py:488} INFO - 22/09/09 16:18:35 INFO Executor: Starting executor with user classpath (userClassPathFirst = false): ''
[2022-09-09T16:18:35.827+0000] {spark_submit.py:488} INFO - 22/09/09 16:18:35 INFO Utils: Successfully started service 'org.apache.spark.network.netty.NettyBlockTransferService' on port 37859.
[2022-09-09T16:18:35.828+0000] {spark_submit.py:488} INFO - 22/09/09 16:18:35 INFO NettyBlockTransferService: Server created on dbdbd3f5e7fc:37859
[2022-09-09T16:18:35.829+0000] {spark_submit.py:488} INFO - 22/09/09 16:18:35 INFO BlockManager: Using org.apache.spark.storage.RandomBlockReplicationPolicy for block replication policy
[2022-09-09T16:18:35.835+0000] {spark_submit.py:488} INFO - 22/09/09 16:18:35 INFO BlockManagerMaster: Registering BlockManager BlockManagerId(driver, dbdbd3f5e7fc, 37859, None)
[2022-09-09T16:18:35.839+0000] {spark_submit.py:488} INFO - 22/09/09 16:18:35 INFO BlockManagerMasterEndpoint: Registering block manager dbdbd3f5e7fc:37859 with 434.4 MiB RAM, BlockManagerId(driver, dbdbd3f5e7fc, 37859, None)
[2022-09-09T16:18:35.841+0000] {spark_submit.py:488} INFO - 22/09/09 16:18:35 INFO BlockManagerMaster: Registered BlockManager BlockManagerId(driver, dbdbd3f5e7fc, 37859, None)
[2022-09-09T16:18:35.842+0000] {spark_submit.py:488} INFO - 22/09/09 16:18:35 INFO BlockManager: Initialized BlockManager: BlockManagerId(driver, dbdbd3f5e7fc, 37859, None)
[2022-09-09T16:18:36.034+0000] {spark_submit.py:488} INFO - /home/***/.local/lib/python3.7/site-packages/pyspark/python/lib/pyspark.zip/pyspark/sql/context.py:114: FutureWarning: Deprecated in 3.0.0. Use SparkSession.builder.getOrCreate() instead.
[2022-09-09T16:18:36.403+0000] {spark_submit.py:488} INFO - 22/09/09 16:18:36 INFO SharedState: Setting hive.metastore.warehouse.dir ('null') to the value of spark.sql.warehouse.dir.
[2022-09-09T16:18:36.408+0000] {spark_submit.py:488} INFO - 22/09/09 16:18:36 INFO SharedState: Warehouse path is 'file:/opt/***/spark-warehouse'.
[2022-09-09T16:18:38.461+0000] {spark_submit.py:488} INFO - parte 1
[2022-09-09T16:18:38.906+0000] {spark_submit.py:488} INFO - 22/09/09 16:18:38 INFO FileOutputCommitter: File Output Committer Algorithm version is 1
[2022-09-09T16:18:38.906+0000] {spark_submit.py:488} INFO - 22/09/09 16:18:38 INFO FileOutputCommitter: FileOutputCommitter skip cleanup _temporary folders under output directory:false, ignore cleanup failures: false
[2022-09-09T16:18:38.907+0000] {spark_submit.py:488} INFO - 22/09/09 16:18:38 INFO SQLHadoopMapReduceCommitProtocol: Using output committer class org.apache.hadoop.mapreduce.lib.output.FileOutputCommitter
[2022-09-09T16:18:39.109+0000] {spark_submit.py:488} INFO - 22/09/09 16:18:39 INFO CodeGenerator: Code generated in 133.3236 ms
[2022-09-09T16:18:39.224+0000] {spark_submit.py:488} INFO - 22/09/09 16:18:39 INFO SparkContext: Starting job: csv at NativeMethodAccessorImpl.java:0
[2022-09-09T16:18:39.238+0000] {spark_submit.py:488} INFO - 22/09/09 16:18:39 INFO DAGScheduler: Got job 0 (csv at NativeMethodAccessorImpl.java:0) with 1 output partitions
[2022-09-09T16:18:39.238+0000] {spark_submit.py:488} INFO - 22/09/09 16:18:39 INFO DAGScheduler: Final stage: ResultStage 0 (csv at NativeMethodAccessorImpl.java:0)
[2022-09-09T16:18:39.239+0000] {spark_submit.py:488} INFO - 22/09/09 16:18:39 INFO DAGScheduler: Parents of final stage: List()
[2022-09-09T16:18:39.240+0000] {spark_submit.py:488} INFO - 22/09/09 16:18:39 INFO DAGScheduler: Missing parents: List()
[2022-09-09T16:18:39.244+0000] {spark_submit.py:488} INFO - 22/09/09 16:18:39 INFO DAGScheduler: Submitting ResultStage 0 (MapPartitionsRDD[5] at csv at NativeMethodAccessorImpl.java:0), which has no missing parents
[2022-09-09T16:18:39.334+0000] {spark_submit.py:488} INFO - 22/09/09 16:18:39 INFO MemoryStore: Block broadcast_0 stored as values in memory (estimated size 213.3 KiB, free 434.2 MiB)
[2022-09-09T16:18:39.363+0000] {spark_submit.py:488} INFO - 22/09/09 16:18:39 INFO MemoryStore: Block broadcast_0_piece0 stored as bytes in memory (estimated size 77.4 KiB, free 434.1 MiB)
[2022-09-09T16:18:39.366+0000] {spark_submit.py:488} INFO - 22/09/09 16:18:39 INFO BlockManagerInfo: Added broadcast_0_piece0 in memory on dbdbd3f5e7fc:37859 (size: 77.4 KiB, free: 434.3 MiB)
[2022-09-09T16:18:39.369+0000] {spark_submit.py:488} INFO - 22/09/09 16:18:39 INFO SparkContext: Created broadcast 0 from broadcast at DAGScheduler.scala:1513
[2022-09-09T16:18:39.380+0000] {spark_submit.py:488} INFO - 22/09/09 16:18:39 INFO DAGScheduler: Submitting 1 missing tasks from ResultStage 0 (MapPartitionsRDD[5] at csv at NativeMethodAccessorImpl.java:0) (first 15 tasks are for partitions Vector(0))
[2022-09-09T16:18:39.380+0000] {spark_submit.py:488} INFO - 22/09/09 16:18:39 INFO TaskSchedulerImpl: Adding task set 0.0 with 1 tasks resource profile 0
[2022-09-09T16:18:39.431+0000] {spark_submit.py:488} INFO - 22/09/09 16:18:39 INFO TaskSetManager: Starting task 0.0 in stage 0.0 (TID 0) (dbdbd3f5e7fc, executor driver, partition 0, PROCESS_LOCAL, 4535 bytes) taskResourceAssignments Map()
[2022-09-09T16:18:39.445+0000] {spark_submit.py:488} INFO - 22/09/09 16:18:39 INFO Executor: Running task 0.0 in stage 0.0 (TID 0)
[2022-09-09T16:18:44.974+0000] {spark_submit.py:488} INFO - 22/09/09 16:18:44 INFO FileOutputCommitter: File Output Committer Algorithm version is 1
[2022-09-09T16:18:44.974+0000] {spark_submit.py:488} INFO - 22/09/09 16:18:44 INFO FileOutputCommitter: FileOutputCommitter skip cleanup _temporary folders under output directory:false, ignore cleanup failures: false
[2022-09-09T16:18:44.975+0000] {spark_submit.py:488} INFO - 22/09/09 16:18:44 INFO SQLHadoopMapReduceCommitProtocol: Using output committer class org.apache.hadoop.mapreduce.lib.output.FileOutputCommitter
[2022-09-09T16:18:45.239+0000] {spark_submit.py:488} INFO - 22/09/09 16:18:45 INFO PythonRunner: Times: total = 5408, boot = 5400, init = 8, finish = 0
[2022-09-09T16:18:45.247+0000] {spark_submit.py:488} INFO - 22/09/09 16:18:45 INFO FileOutputCommitter: Saved output of task 'attempt_202209091618393564483674812459912_0000_m_000000_0' to file:/opt/***/dags/spark_jobs/dados/teste.csv/_temporary/0/task_202209091618393564483674812459912_0000_m_000000
[2022-09-09T16:18:45.248+0000] {spark_submit.py:488} INFO - 22/09/09 16:18:45 INFO SparkHadoopMapRedUtil: attempt_202209091618393564483674812459912_0000_m_000000_0: Committed. Elapsed time: 1 ms.
[2022-09-09T16:18:45.266+0000] {spark_submit.py:488} INFO - 22/09/09 16:18:45 INFO Executor: Finished task 0.0 in stage 0.0 (TID 0). 2914 bytes result sent to driver
[2022-09-09T16:18:45.273+0000] {spark_submit.py:488} INFO - 22/09/09 16:18:45 INFO TaskSetManager: Finished task 0.0 in stage 0.0 (TID 0) in 5852 ms on dbdbd3f5e7fc (executor driver) (1/1)
[2022-09-09T16:18:45.275+0000] {spark_submit.py:488} INFO - 22/09/09 16:18:45 INFO TaskSchedulerImpl: Removed TaskSet 0.0, whose tasks have all completed, from pool
[2022-09-09T16:18:45.278+0000] {spark_submit.py:488} INFO - 22/09/09 16:18:45 INFO PythonAccumulatorV2: Connected to AccumulatorServer at host: 127.0.0.1 port: 37299
[2022-09-09T16:18:45.283+0000] {spark_submit.py:488} INFO - 22/09/09 16:18:45 INFO DAGScheduler: ResultStage 0 (csv at NativeMethodAccessorImpl.java:0) finished in 6.029 s
[2022-09-09T16:18:45.286+0000] {spark_submit.py:488} INFO - 22/09/09 16:18:45 INFO DAGScheduler: Job 0 is finished. Cancelling potential speculative or zombie tasks for this job
[2022-09-09T16:18:45.287+0000] {spark_submit.py:488} INFO - 22/09/09 16:18:45 INFO TaskSchedulerImpl: Killing all running tasks in stage 0: Stage finished
[2022-09-09T16:18:45.289+0000] {spark_submit.py:488} INFO - 22/09/09 16:18:45 INFO DAGScheduler: Job 0 finished: csv at NativeMethodAccessorImpl.java:0, took 6.064452 s
[2022-09-09T16:18:45.292+0000] {spark_submit.py:488} INFO - 22/09/09 16:18:45 INFO FileFormatWriter: Start to commit write Job 82e125e0-4099-45c2-bf49-4cfac016a279.
[2022-09-09T16:18:45.308+0000] {spark_submit.py:488} INFO - 22/09/09 16:18:45 INFO FileFormatWriter: Write Job 82e125e0-4099-45c2-bf49-4cfac016a279 committed. Elapsed time: 14 ms.
[2022-09-09T16:18:45.311+0000] {spark_submit.py:488} INFO - 22/09/09 16:18:45 INFO FileFormatWriter: Finished processing stats for write job 82e125e0-4099-45c2-bf49-4cfac016a279.
[2022-09-09T16:18:45.318+0000] {spark_submit.py:488} INFO - root
[2022-09-09T16:18:45.318+0000] {spark_submit.py:488} INFO - |-- Category: string (nullable = true)
[2022-09-09T16:18:45.319+0000] {spark_submit.py:488} INFO - |-- ID: long (nullable = true)
[2022-09-09T16:18:45.319+0000] {spark_submit.py:488} INFO - |-- Truth: boolean (nullable = true)
[2022-09-09T16:18:45.319+0000] {spark_submit.py:488} INFO - |-- Value: double (nullable = true)
[2022-09-09T16:18:45.319+0000] {spark_submit.py:488} INFO - 
[2022-09-09T16:18:45.319+0000] {spark_submit.py:488} INFO - parte 2
[2022-09-09T16:18:45.388+0000] {spark_submit.py:488} INFO - 22/09/09 16:18:45 INFO SparkContext: Invoking stop() from shutdown hook
[2022-09-09T16:18:45.398+0000] {spark_submit.py:488} INFO - 22/09/09 16:18:45 INFO SparkUI: Stopped Spark web UI at http://dbdbd3f5e7fc:4040
[2022-09-09T16:18:45.411+0000] {spark_submit.py:488} INFO - 22/09/09 16:18:45 INFO MapOutputTrackerMasterEndpoint: MapOutputTrackerMasterEndpoint stopped!
[2022-09-09T16:18:45.421+0000] {spark_submit.py:488} INFO - 22/09/09 16:18:45 INFO MemoryStore: MemoryStore cleared
[2022-09-09T16:18:45.421+0000] {spark_submit.py:488} INFO - 22/09/09 16:18:45 INFO BlockManager: BlockManager stopped
[2022-09-09T16:18:45.428+0000] {spark_submit.py:488} INFO - 22/09/09 16:18:45 INFO BlockManagerMaster: BlockManagerMaster stopped
[2022-09-09T16:18:45.430+0000] {spark_submit.py:488} INFO - 22/09/09 16:18:45 INFO OutputCommitCoordinator$OutputCommitCoordinatorEndpoint: OutputCommitCoordinator stopped!
[2022-09-09T16:18:45.435+0000] {spark_submit.py:488} INFO - 22/09/09 16:18:45 INFO SparkContext: Successfully stopped SparkContext
[2022-09-09T16:18:45.435+0000] {spark_submit.py:488} INFO - 22/09/09 16:18:45 INFO ShutdownHookManager: Shutdown hook called
[2022-09-09T16:18:45.435+0000] {spark_submit.py:488} INFO - 22/09/09 16:18:45 INFO ShutdownHookManager: Deleting directory /tmp/spark-1d9c1400-209d-40ed-9eb0-c58dee879ef2/pyspark-2053cfd1-e178-4d6b-a576-13c5d20e23e4
[2022-09-09T16:18:45.438+0000] {spark_submit.py:488} INFO - 22/09/09 16:18:45 INFO ShutdownHookManager: Deleting directory /tmp/spark-99e9001e-d64e-426f-88ed-17a47d61b698
[2022-09-09T16:18:45.441+0000] {spark_submit.py:488} INFO - 22/09/09 16:18:45 INFO ShutdownHookManager: Deleting directory /tmp/spark-1d9c1400-209d-40ed-9eb0-c58dee879ef2
[2022-09-09T16:18:45.487+0000] {taskinstance.py:1412} INFO - Marking task as SUCCESS. dag_id=Spark, task_id=spark-job, execution_date=20220909T161734, start_date=20220909T161748, end_date=20220909T161845
[2022-09-09T16:18:45.637+0000] {local_task_job.py:156} INFO - Task exited with return code 0
[2022-09-09T16:18:45.844+0000] {local_task_job.py:279} INFO - 0 downstream tasks scheduled from follow-on schedule check
