[2022-09-09T15:56:16.108+0000] {taskinstance.py:1171} INFO - Dependencies all met for <TaskInstance: Spark.spark-job manual__2022-09-09T15:56:14.516487+00:00 [queued]>
[2022-09-09T15:56:16.116+0000] {taskinstance.py:1171} INFO - Dependencies all met for <TaskInstance: Spark.spark-job manual__2022-09-09T15:56:14.516487+00:00 [queued]>
[2022-09-09T15:56:16.131+0000] {taskinstance.py:1368} INFO - 
--------------------------------------------------------------------------------
[2022-09-09T15:56:16.131+0000] {taskinstance.py:1369} INFO - Starting attempt 1 of 1
[2022-09-09T15:56:16.131+0000] {taskinstance.py:1370} INFO - 
--------------------------------------------------------------------------------
[2022-09-09T15:56:16.301+0000] {taskinstance.py:1389} INFO - Executing <Task(SparkSubmitOperator): spark-job> on 2022-09-09 15:56:14.516487+00:00
[2022-09-09T15:56:16.308+0000] {standard_task_runner.py:52} INFO - Started process 2316 to run task
[2022-09-09T15:56:16.311+0000] {standard_task_runner.py:79} INFO - Running: ['***', 'tasks', 'run', 'Spark', 'spark-job', 'manual__2022-09-09T15:56:14.516487+00:00', '--job-id', '15', '--raw', '--subdir', 'DAGS_FOLDER/teste_spark.py', '--cfg-path', '/tmp/tmpw0kj2gx2', '--error-file', '/tmp/tmp5td5os5g']
[2022-09-09T15:56:16.312+0000] {standard_task_runner.py:80} INFO - Job 15: Subtask spark-job
[2022-09-09T15:56:16.455+0000] {task_command.py:371} INFO - Running <TaskInstance: Spark.spark-job manual__2022-09-09T15:56:14.516487+00:00 [running]> on host f70ec88a7fc1
[2022-09-09T15:56:16.600+0000] {taskinstance.py:1583} INFO - Exporting the following env vars:
AIRFLOW_CTX_DAG_OWNER=juacy
AIRFLOW_CTX_DAG_ID=Spark
AIRFLOW_CTX_TASK_ID=spark-job
AIRFLOW_CTX_EXECUTION_DATE=2022-09-09T15:56:14.516487+00:00
AIRFLOW_CTX_TRY_NUMBER=1
AIRFLOW_CTX_DAG_RUN_ID=manual__2022-09-09T15:56:14.516487+00:00
[2022-09-09T15:56:16.607+0000] {base.py:68} INFO - Using connection ID 'conexao_spark' for task execution.
[2022-09-09T15:56:16.608+0000] {spark_submit.py:335} INFO - Spark-Submit cmd: spark-submit --master spark://fe77514119f4:7077 --name arrow-spark ./dags/spark-app.py
[2022-09-09T15:56:19.534+0000] {spark_submit.py:488} INFO - 22/09/09 15:56:19 INFO SparkContext: Running Spark version 3.3.0
[2022-09-09T15:56:19.590+0000] {spark_submit.py:488} INFO - 22/09/09 15:56:19 WARN NativeCodeLoader: Unable to load native-hadoop library for your platform... using builtin-java classes where applicable
[2022-09-09T15:56:19.666+0000] {spark_submit.py:488} INFO - 22/09/09 15:56:19 INFO ResourceUtils: ==============================================================
[2022-09-09T15:56:19.666+0000] {spark_submit.py:488} INFO - 22/09/09 15:56:19 INFO ResourceUtils: No custom resources configured for spark.driver.
[2022-09-09T15:56:19.667+0000] {spark_submit.py:488} INFO - 22/09/09 15:56:19 INFO ResourceUtils: ==============================================================
[2022-09-09T15:56:19.667+0000] {spark_submit.py:488} INFO - 22/09/09 15:56:19 INFO SparkContext: Submitted application: First App
[2022-09-09T15:56:19.689+0000] {spark_submit.py:488} INFO - 22/09/09 15:56:19 INFO ResourceProfile: Default ResourceProfile created, executor resources: Map(cores -> name: cores, amount: 1, script: , vendor: , memory -> name: memory, amount: 1024, script: , vendor: , offHeap -> name: offHeap, amount: 0, script: , vendor: ), task resources: Map(cpus -> name: cpus, amount: 1.0)
[2022-09-09T15:56:19.702+0000] {spark_submit.py:488} INFO - 22/09/09 15:56:19 INFO ResourceProfile: Limiting resource is cpu
[2022-09-09T15:56:19.703+0000] {spark_submit.py:488} INFO - 22/09/09 15:56:19 INFO ResourceProfileManager: Added ResourceProfile id: 0
[2022-09-09T15:56:19.745+0000] {spark_submit.py:488} INFO - 22/09/09 15:56:19 INFO SecurityManager: Changing view acls to: default
[2022-09-09T15:56:19.745+0000] {spark_submit.py:488} INFO - 22/09/09 15:56:19 INFO SecurityManager: Changing modify acls to: default
[2022-09-09T15:56:19.746+0000] {spark_submit.py:488} INFO - 22/09/09 15:56:19 INFO SecurityManager: Changing view acls groups to:
[2022-09-09T15:56:19.746+0000] {spark_submit.py:488} INFO - 22/09/09 15:56:19 INFO SecurityManager: Changing modify acls groups to:
[2022-09-09T15:56:19.746+0000] {spark_submit.py:488} INFO - 22/09/09 15:56:19 INFO SecurityManager: SecurityManager: authentication disabled; ui acls disabled; users  with view permissions: Set(default); groups with view permissions: Set(); users  with modify permissions: Set(default); groups with modify permissions: Set()
[2022-09-09T15:56:19.975+0000] {spark_submit.py:488} INFO - 22/09/09 15:56:19 INFO Utils: Successfully started service 'sparkDriver' on port 42701.
[2022-09-09T15:56:20.021+0000] {spark_submit.py:488} INFO - 22/09/09 15:56:20 INFO SparkEnv: Registering MapOutputTracker
[2022-09-09T15:56:20.054+0000] {spark_submit.py:488} INFO - 22/09/09 15:56:20 INFO SparkEnv: Registering BlockManagerMaster
[2022-09-09T15:56:20.073+0000] {spark_submit.py:488} INFO - 22/09/09 15:56:20 INFO BlockManagerMasterEndpoint: Using org.apache.spark.storage.DefaultTopologyMapper for getting topology information
[2022-09-09T15:56:20.073+0000] {spark_submit.py:488} INFO - 22/09/09 15:56:20 INFO BlockManagerMasterEndpoint: BlockManagerMasterEndpoint up
[2022-09-09T15:56:20.077+0000] {spark_submit.py:488} INFO - 22/09/09 15:56:20 INFO SparkEnv: Registering BlockManagerMasterHeartbeat
[2022-09-09T15:56:20.097+0000] {spark_submit.py:488} INFO - 22/09/09 15:56:20 INFO DiskBlockManager: Created local directory at /tmp/blockmgr-8cecc21c-e023-4a7d-b8e2-dbbaa2785358
[2022-09-09T15:56:20.113+0000] {spark_submit.py:488} INFO - 22/09/09 15:56:20 INFO MemoryStore: MemoryStore started with capacity 434.4 MiB
[2022-09-09T15:56:20.128+0000] {spark_submit.py:488} INFO - 22/09/09 15:56:20 INFO SparkEnv: Registering OutputCommitCoordinator
[2022-09-09T15:56:20.431+0000] {spark_submit.py:488} INFO - 22/09/09 15:56:20 INFO Utils: Successfully started service 'SparkUI' on port 4040.
[2022-09-09T15:56:20.531+0000] {spark_submit.py:488} INFO - 22/09/09 15:56:20 INFO Executor: Starting executor ID driver on host f70ec88a7fc1
[2022-09-09T15:56:20.539+0000] {spark_submit.py:488} INFO - 22/09/09 15:56:20 INFO Executor: Starting executor with user classpath (userClassPathFirst = false): ''
[2022-09-09T15:56:20.557+0000] {spark_submit.py:488} INFO - 22/09/09 15:56:20 INFO Utils: Successfully started service 'org.apache.spark.network.netty.NettyBlockTransferService' on port 39883.
[2022-09-09T15:56:20.557+0000] {spark_submit.py:488} INFO - 22/09/09 15:56:20 INFO NettyBlockTransferService: Server created on f70ec88a7fc1:39883
[2022-09-09T15:56:20.559+0000] {spark_submit.py:488} INFO - 22/09/09 15:56:20 INFO BlockManager: Using org.apache.spark.storage.RandomBlockReplicationPolicy for block replication policy
[2022-09-09T15:56:20.564+0000] {spark_submit.py:488} INFO - 22/09/09 15:56:20 INFO BlockManagerMaster: Registering BlockManager BlockManagerId(driver, f70ec88a7fc1, 39883, None)
[2022-09-09T15:56:20.568+0000] {spark_submit.py:488} INFO - 22/09/09 15:56:20 INFO BlockManagerMasterEndpoint: Registering block manager f70ec88a7fc1:39883 with 434.4 MiB RAM, BlockManagerId(driver, f70ec88a7fc1, 39883, None)
[2022-09-09T15:56:20.570+0000] {spark_submit.py:488} INFO - 22/09/09 15:56:20 INFO BlockManagerMaster: Registered BlockManager BlockManagerId(driver, f70ec88a7fc1, 39883, None)
[2022-09-09T15:56:20.571+0000] {spark_submit.py:488} INFO - 22/09/09 15:56:20 INFO BlockManager: Initialized BlockManager: BlockManagerId(driver, f70ec88a7fc1, 39883, None)
[2022-09-09T15:56:20.780+0000] {spark_submit.py:488} INFO - /home/***/.local/lib/python3.7/site-packages/pyspark/python/lib/pyspark.zip/pyspark/sql/context.py:114: FutureWarning: Deprecated in 3.0.0. Use SparkSession.builder.getOrCreate() instead.
[2022-09-09T15:56:21.141+0000] {spark_submit.py:488} INFO - 22/09/09 15:56:21 INFO SharedState: Setting hive.metastore.warehouse.dir ('null') to the value of spark.sql.warehouse.dir.
[2022-09-09T15:56:21.146+0000] {spark_submit.py:488} INFO - 22/09/09 15:56:21 INFO SharedState: Warehouse path is 'file:/opt/***/spark-warehouse'.
[2022-09-09T15:57:10.144+0000] {spark_submit.py:488} INFO - parte 1
[2022-09-09T15:57:10.285+0000] {spark_submit.py:488} INFO - Traceback (most recent call last):
[2022-09-09T15:57:10.286+0000] {spark_submit.py:488} INFO - File "/opt/***/dags/spark-app.py", line 18, in <module>
[2022-09-09T15:57:10.286+0000] {spark_submit.py:488} INFO - df = sqlContext.write.csv('file:///opt/***/dags/spark_jobs/teste.csv')
[2022-09-09T15:57:10.286+0000] {spark_submit.py:488} INFO - AttributeError: 'SQLContext' object has no attribute 'write'
[2022-09-09T15:57:10.286+0000] {spark_submit.py:488} INFO - 22/09/09 15:57:10 INFO SparkContext: Invoking stop() from shutdown hook
[2022-09-09T15:57:10.286+0000] {spark_submit.py:488} INFO - 22/09/09 15:57:10 INFO SparkUI: Stopped Spark web UI at http://f70ec88a7fc1:4040
[2022-09-09T15:57:10.286+0000] {spark_submit.py:488} INFO - 22/09/09 15:57:10 INFO MapOutputTrackerMasterEndpoint: MapOutputTrackerMasterEndpoint stopped!
[2022-09-09T15:57:10.286+0000] {spark_submit.py:488} INFO - 22/09/09 15:57:10 INFO MemoryStore: MemoryStore cleared
[2022-09-09T15:57:10.286+0000] {spark_submit.py:488} INFO - 22/09/09 15:57:10 INFO BlockManager: BlockManager stopped
[2022-09-09T15:57:10.286+0000] {spark_submit.py:488} INFO - 22/09/09 15:57:10 INFO BlockManagerMaster: BlockManagerMaster stopped
[2022-09-09T15:57:10.286+0000] {spark_submit.py:488} INFO - 22/09/09 15:57:10 INFO OutputCommitCoordinator$OutputCommitCoordinatorEndpoint: OutputCommitCoordinator stopped!
[2022-09-09T15:57:10.286+0000] {spark_submit.py:488} INFO - 22/09/09 15:57:10 INFO SparkContext: Successfully stopped SparkContext
[2022-09-09T15:57:10.287+0000] {spark_submit.py:488} INFO - 22/09/09 15:57:10 INFO ShutdownHookManager: Shutdown hook called
[2022-09-09T15:57:10.287+0000] {spark_submit.py:488} INFO - 22/09/09 15:57:10 INFO ShutdownHookManager: Deleting directory /tmp/spark-f2116b0e-cf82-486d-a3fa-d039290b46b5
[2022-09-09T15:57:10.287+0000] {spark_submit.py:488} INFO - 22/09/09 15:57:10 INFO ShutdownHookManager: Deleting directory /tmp/spark-f2116b0e-cf82-486d-a3fa-d039290b46b5/pyspark-985397ef-51fa-4090-8f8a-1afe25aff30e
[2022-09-09T15:57:10.287+0000] {spark_submit.py:488} INFO - 22/09/09 15:57:10 INFO ShutdownHookManager: Deleting directory /tmp/spark-0c104265-36db-4329-8591-927374603e0d
[2022-09-09T15:57:10.302+0000] {taskinstance.py:1902} ERROR - Task failed with exception
Traceback (most recent call last):
  File "/home/airflow/.local/lib/python3.7/site-packages/airflow/providers/apache/spark/operators/spark_submit.py", line 157, in execute
    self._hook.submit(self._application)
  File "/home/airflow/.local/lib/python3.7/site-packages/airflow/providers/apache/spark/hooks/spark_submit.py", line 420, in submit
    f"Cannot execute: {self._mask_cmd(spark_submit_cmd)}. Error code is: {returncode}."
airflow.exceptions.AirflowException: Cannot execute: spark-submit --master spark://fe77514119f4:7077 --name arrow-spark ./dags/spark-app.py. Error code is: 1.
[2022-09-09T15:57:10.305+0000] {taskinstance.py:1412} INFO - Marking task as FAILED. dag_id=Spark, task_id=spark-job, execution_date=20220909T155614, start_date=20220909T155616, end_date=20220909T155710
[2022-09-09T15:57:10.603+0000] {standard_task_runner.py:97} ERROR - Failed to execute job 15 for task spark-job (Cannot execute: spark-submit --master spark://fe77514119f4:7077 --name arrow-spark ./dags/spark-app.py. Error code is: 1.; 2316)
[2022-09-09T15:57:10.633+0000] {local_task_job.py:156} INFO - Task exited with return code 1
[2022-09-09T15:57:10.772+0000] {local_task_job.py:279} INFO - 0 downstream tasks scheduled from follow-on schedule check
