[2022-09-09T15:34:54.605+0000] {taskinstance.py:1171} INFO - Dependencies all met for <TaskInstance: Spark.spark-job scheduled__2022-09-09T14:00:00+00:00 [queued]>
[2022-09-09T15:34:54.613+0000] {taskinstance.py:1171} INFO - Dependencies all met for <TaskInstance: Spark.spark-job scheduled__2022-09-09T14:00:00+00:00 [queued]>
[2022-09-09T15:34:54.613+0000] {taskinstance.py:1368} INFO - 
--------------------------------------------------------------------------------
[2022-09-09T15:34:54.613+0000] {taskinstance.py:1369} INFO - Starting attempt 1 of 1
[2022-09-09T15:34:54.613+0000] {taskinstance.py:1370} INFO - 
--------------------------------------------------------------------------------
[2022-09-09T15:34:55.007+0000] {taskinstance.py:1389} INFO - Executing <Task(SparkSubmitOperator): spark-job> on 2022-09-09 14:00:00+00:00
[2022-09-09T15:34:55.011+0000] {standard_task_runner.py:52} INFO - Started process 823 to run task
[2022-09-09T15:34:55.015+0000] {standard_task_runner.py:79} INFO - Running: ['***', 'tasks', 'run', 'Spark', 'spark-job', 'scheduled__2022-09-09T14:00:00+00:00', '--job-id', '10', '--raw', '--subdir', 'DAGS_FOLDER/teste_spark.py', '--cfg-path', '/tmp/tmpul272wnj', '--error-file', '/tmp/tmpfmp1_oq8']
[2022-09-09T15:34:55.016+0000] {standard_task_runner.py:80} INFO - Job 10: Subtask spark-job
[2022-09-09T15:34:55.296+0000] {task_command.py:371} INFO - Running <TaskInstance: Spark.spark-job scheduled__2022-09-09T14:00:00+00:00 [running]> on host f70ec88a7fc1
[2022-09-09T15:34:55.738+0000] {taskinstance.py:1583} INFO - Exporting the following env vars:
AIRFLOW_CTX_DAG_OWNER=juacy
AIRFLOW_CTX_DAG_ID=Spark
AIRFLOW_CTX_TASK_ID=spark-job
AIRFLOW_CTX_EXECUTION_DATE=2022-09-09T14:00:00+00:00
AIRFLOW_CTX_TRY_NUMBER=1
AIRFLOW_CTX_DAG_RUN_ID=scheduled__2022-09-09T14:00:00+00:00
[2022-09-09T15:34:55.746+0000] {base.py:68} INFO - Using connection ID 'conexao_spark' for task execution.
[2022-09-09T15:34:55.747+0000] {spark_submit.py:335} INFO - Spark-Submit cmd: spark-submit --master spark://fe77514119f4:7077 --name arrow-spark ./dags/spark-app.py
[2022-09-09T15:35:03.064+0000] {spark_submit.py:488} INFO - 22/09/09 15:35:03 INFO SparkContext: Running Spark version 3.3.0
[2022-09-09T15:35:03.174+0000] {spark_submit.py:488} INFO - 22/09/09 15:35:03 WARN NativeCodeLoader: Unable to load native-hadoop library for your platform... using builtin-java classes where applicable
[2022-09-09T15:35:03.254+0000] {spark_submit.py:488} INFO - 22/09/09 15:35:03 INFO ResourceUtils: ==============================================================
[2022-09-09T15:35:03.254+0000] {spark_submit.py:488} INFO - 22/09/09 15:35:03 INFO ResourceUtils: No custom resources configured for spark.driver.
[2022-09-09T15:35:03.254+0000] {spark_submit.py:488} INFO - 22/09/09 15:35:03 INFO ResourceUtils: ==============================================================
[2022-09-09T15:35:03.255+0000] {spark_submit.py:488} INFO - 22/09/09 15:35:03 INFO SparkContext: Submitted application: First App
[2022-09-09T15:35:03.278+0000] {spark_submit.py:488} INFO - 22/09/09 15:35:03 INFO ResourceProfile: Default ResourceProfile created, executor resources: Map(cores -> name: cores, amount: 1, script: , vendor: , memory -> name: memory, amount: 1024, script: , vendor: , offHeap -> name: offHeap, amount: 0, script: , vendor: ), task resources: Map(cpus -> name: cpus, amount: 1.0)
[2022-09-09T15:35:03.293+0000] {spark_submit.py:488} INFO - 22/09/09 15:35:03 INFO ResourceProfile: Limiting resource is cpu
[2022-09-09T15:35:03.294+0000] {spark_submit.py:488} INFO - 22/09/09 15:35:03 INFO ResourceProfileManager: Added ResourceProfile id: 0
[2022-09-09T15:35:03.346+0000] {spark_submit.py:488} INFO - 22/09/09 15:35:03 INFO SecurityManager: Changing view acls to: default
[2022-09-09T15:35:03.346+0000] {spark_submit.py:488} INFO - 22/09/09 15:35:03 INFO SecurityManager: Changing modify acls to: default
[2022-09-09T15:35:03.347+0000] {spark_submit.py:488} INFO - 22/09/09 15:35:03 INFO SecurityManager: Changing view acls groups to:
[2022-09-09T15:35:03.347+0000] {spark_submit.py:488} INFO - 22/09/09 15:35:03 INFO SecurityManager: Changing modify acls groups to:
[2022-09-09T15:35:03.348+0000] {spark_submit.py:488} INFO - 22/09/09 15:35:03 INFO SecurityManager: SecurityManager: authentication disabled; ui acls disabled; users  with view permissions: Set(default); groups with view permissions: Set(); users  with modify permissions: Set(default); groups with modify permissions: Set()
[2022-09-09T15:35:03.598+0000] {spark_submit.py:488} INFO - 22/09/09 15:35:03 INFO Utils: Successfully started service 'sparkDriver' on port 34031.
[2022-09-09T15:35:03.628+0000] {spark_submit.py:488} INFO - 22/09/09 15:35:03 INFO SparkEnv: Registering MapOutputTracker
[2022-09-09T15:35:03.672+0000] {spark_submit.py:488} INFO - 22/09/09 15:35:03 INFO SparkEnv: Registering BlockManagerMaster
[2022-09-09T15:35:03.691+0000] {spark_submit.py:488} INFO - 22/09/09 15:35:03 INFO BlockManagerMasterEndpoint: Using org.apache.spark.storage.DefaultTopologyMapper for getting topology information
[2022-09-09T15:35:03.691+0000] {spark_submit.py:488} INFO - 22/09/09 15:35:03 INFO BlockManagerMasterEndpoint: BlockManagerMasterEndpoint up
[2022-09-09T15:35:03.695+0000] {spark_submit.py:488} INFO - 22/09/09 15:35:03 INFO SparkEnv: Registering BlockManagerMasterHeartbeat
[2022-09-09T15:35:03.715+0000] {spark_submit.py:488} INFO - 22/09/09 15:35:03 INFO DiskBlockManager: Created local directory at /tmp/blockmgr-c66b4500-25dd-4b86-b6eb-d3a85ace717e
[2022-09-09T15:35:03.731+0000] {spark_submit.py:488} INFO - 22/09/09 15:35:03 INFO MemoryStore: MemoryStore started with capacity 434.4 MiB
[2022-09-09T15:35:03.748+0000] {spark_submit.py:488} INFO - 22/09/09 15:35:03 INFO SparkEnv: Registering OutputCommitCoordinator
[2022-09-09T15:35:03.946+0000] {spark_submit.py:488} INFO - 22/09/09 15:35:03 WARN Utils: Service 'SparkUI' could not bind on port 4040. Attempting port 4041.
[2022-09-09T15:35:03.955+0000] {spark_submit.py:488} INFO - 22/09/09 15:35:03 INFO Utils: Successfully started service 'SparkUI' on port 4041.
[2022-09-09T15:35:04.045+0000] {spark_submit.py:488} INFO - 22/09/09 15:35:04 INFO Executor: Starting executor ID driver on host f70ec88a7fc1
[2022-09-09T15:35:04.051+0000] {spark_submit.py:488} INFO - 22/09/09 15:35:04 INFO Executor: Starting executor with user classpath (userClassPathFirst = false): ''
[2022-09-09T15:35:04.069+0000] {spark_submit.py:488} INFO - 22/09/09 15:35:04 INFO Utils: Successfully started service 'org.apache.spark.network.netty.NettyBlockTransferService' on port 35069.
[2022-09-09T15:35:04.069+0000] {spark_submit.py:488} INFO - 22/09/09 15:35:04 INFO NettyBlockTransferService: Server created on f70ec88a7fc1:35069
[2022-09-09T15:35:04.071+0000] {spark_submit.py:488} INFO - 22/09/09 15:35:04 INFO BlockManager: Using org.apache.spark.storage.RandomBlockReplicationPolicy for block replication policy
[2022-09-09T15:35:04.077+0000] {spark_submit.py:488} INFO - 22/09/09 15:35:04 INFO BlockManagerMaster: Registering BlockManager BlockManagerId(driver, f70ec88a7fc1, 35069, None)
[2022-09-09T15:35:04.080+0000] {spark_submit.py:488} INFO - 22/09/09 15:35:04 INFO BlockManagerMasterEndpoint: Registering block manager f70ec88a7fc1:35069 with 434.4 MiB RAM, BlockManagerId(driver, f70ec88a7fc1, 35069, None)
[2022-09-09T15:35:04.082+0000] {spark_submit.py:488} INFO - 22/09/09 15:35:04 INFO BlockManagerMaster: Registered BlockManager BlockManagerId(driver, f70ec88a7fc1, 35069, None)
[2022-09-09T15:35:04.084+0000] {spark_submit.py:488} INFO - 22/09/09 15:35:04 INFO BlockManager: Initialized BlockManager: BlockManagerId(driver, f70ec88a7fc1, 35069, None)
[2022-09-09T15:35:04.485+0000] {spark_submit.py:488} INFO - /home/***/.local/lib/python3.7/site-packages/pyspark/python/lib/pyspark.zip/pyspark/sql/context.py:114: FutureWarning: Deprecated in 3.0.0. Use SparkSession.builder.getOrCreate() instead.
[2022-09-09T15:35:06.110+0000] {spark_submit.py:488} INFO - 22/09/09 15:35:06 INFO SharedState: Setting hive.metastore.warehouse.dir ('null') to the value of spark.sql.warehouse.dir.
[2022-09-09T15:35:06.117+0000] {spark_submit.py:488} INFO - 22/09/09 15:35:06 INFO SharedState: Warehouse path is 'file:/opt/***/spark-warehouse'.
[2022-09-09T15:35:08.813+0000] {spark_submit.py:488} INFO - parte 1
[2022-09-09T15:35:08.830+0000] {spark_submit.py:488} INFO - root
[2022-09-09T15:35:08.830+0000] {spark_submit.py:488} INFO - |-- Category: string (nullable = true)
[2022-09-09T15:35:08.830+0000] {spark_submit.py:488} INFO - |-- ID: long (nullable = true)
[2022-09-09T15:35:08.830+0000] {spark_submit.py:488} INFO - |-- Truth: boolean (nullable = true)
[2022-09-09T15:35:08.831+0000] {spark_submit.py:488} INFO - |-- Value: double (nullable = true)
[2022-09-09T15:35:08.831+0000] {spark_submit.py:488} INFO - 
[2022-09-09T15:35:08.831+0000] {spark_submit.py:488} INFO - parte 2
[2022-09-09T15:35:08.938+0000] {spark_submit.py:488} INFO - 22/09/09 15:35:08 INFO SparkContext: Invoking stop() from shutdown hook
[2022-09-09T15:35:08.948+0000] {spark_submit.py:488} INFO - 22/09/09 15:35:08 INFO SparkUI: Stopped Spark web UI at http://f70ec88a7fc1:4041
[2022-09-09T15:35:08.963+0000] {spark_submit.py:488} INFO - 22/09/09 15:35:08 INFO MapOutputTrackerMasterEndpoint: MapOutputTrackerMasterEndpoint stopped!
[2022-09-09T15:35:08.973+0000] {spark_submit.py:488} INFO - 22/09/09 15:35:08 INFO MemoryStore: MemoryStore cleared
[2022-09-09T15:35:08.974+0000] {spark_submit.py:488} INFO - 22/09/09 15:35:08 INFO BlockManager: BlockManager stopped
[2022-09-09T15:35:08.981+0000] {spark_submit.py:488} INFO - 22/09/09 15:35:08 INFO BlockManagerMaster: BlockManagerMaster stopped
[2022-09-09T15:35:08.984+0000] {spark_submit.py:488} INFO - 22/09/09 15:35:08 INFO OutputCommitCoordinator$OutputCommitCoordinatorEndpoint: OutputCommitCoordinator stopped!
[2022-09-09T15:35:08.988+0000] {spark_submit.py:488} INFO - 22/09/09 15:35:08 INFO SparkContext: Successfully stopped SparkContext
[2022-09-09T15:35:08.988+0000] {spark_submit.py:488} INFO - 22/09/09 15:35:08 INFO ShutdownHookManager: Shutdown hook called
[2022-09-09T15:35:08.989+0000] {spark_submit.py:488} INFO - 22/09/09 15:35:08 INFO ShutdownHookManager: Deleting directory /tmp/spark-b9a027f0-117f-4634-a7dd-565d58b807f5
[2022-09-09T15:35:08.992+0000] {spark_submit.py:488} INFO - 22/09/09 15:35:08 INFO ShutdownHookManager: Deleting directory /tmp/spark-3d872246-0907-486c-9bea-5a860b93aa4f/pyspark-46eab586-af60-4a97-812d-70759c960122
[2022-09-09T15:35:08.995+0000] {spark_submit.py:488} INFO - 22/09/09 15:35:08 INFO ShutdownHookManager: Deleting directory /tmp/spark-3d872246-0907-486c-9bea-5a860b93aa4f
[2022-09-09T15:35:09.056+0000] {taskinstance.py:1412} INFO - Marking task as SUCCESS. dag_id=Spark, task_id=spark-job, execution_date=20220909T140000, start_date=20220909T153454, end_date=20220909T153509
[2022-09-09T15:35:09.152+0000] {local_task_job.py:156} INFO - Task exited with return code 0
[2022-09-09T15:35:09.202+0000] {local_task_job.py:279} INFO - 0 downstream tasks scheduled from follow-on schedule check
