[2022-09-09T16:00:01.157+0000] {taskinstance.py:1171} INFO - Dependencies all met for <TaskInstance: Spark.spark-job scheduled__2022-09-09T15:00:00+00:00 [queued]>
[2022-09-09T16:00:01.165+0000] {taskinstance.py:1171} INFO - Dependencies all met for <TaskInstance: Spark.spark-job scheduled__2022-09-09T15:00:00+00:00 [queued]>
[2022-09-09T16:00:01.165+0000] {taskinstance.py:1368} INFO - 
--------------------------------------------------------------------------------
[2022-09-09T16:00:01.165+0000] {taskinstance.py:1369} INFO - Starting attempt 1 of 1
[2022-09-09T16:00:01.165+0000] {taskinstance.py:1370} INFO - 
--------------------------------------------------------------------------------
[2022-09-09T16:00:01.213+0000] {taskinstance.py:1389} INFO - Executing <Task(SparkSubmitOperator): spark-job> on 2022-09-09 15:00:00+00:00
[2022-09-09T16:00:01.216+0000] {standard_task_runner.py:52} INFO - Started process 2777 to run task
[2022-09-09T16:00:01.219+0000] {standard_task_runner.py:79} INFO - Running: ['***', 'tasks', 'run', 'Spark', 'spark-job', 'scheduled__2022-09-09T15:00:00+00:00', '--job-id', '17', '--raw', '--subdir', 'DAGS_FOLDER/teste_spark.py', '--cfg-path', '/tmp/tmp_cm1aqdy', '--error-file', '/tmp/tmplbg5d6bj']
[2022-09-09T16:00:01.219+0000] {standard_task_runner.py:80} INFO - Job 17: Subtask spark-job
[2022-09-09T16:00:01.295+0000] {task_command.py:371} INFO - Running <TaskInstance: Spark.spark-job scheduled__2022-09-09T15:00:00+00:00 [running]> on host f70ec88a7fc1
[2022-09-09T16:00:01.422+0000] {taskinstance.py:1583} INFO - Exporting the following env vars:
AIRFLOW_CTX_DAG_OWNER=juacy
AIRFLOW_CTX_DAG_ID=Spark
AIRFLOW_CTX_TASK_ID=spark-job
AIRFLOW_CTX_EXECUTION_DATE=2022-09-09T15:00:00+00:00
AIRFLOW_CTX_TRY_NUMBER=1
AIRFLOW_CTX_DAG_RUN_ID=scheduled__2022-09-09T15:00:00+00:00
[2022-09-09T16:00:01.429+0000] {base.py:68} INFO - Using connection ID 'conexao_spark' for task execution.
[2022-09-09T16:00:01.430+0000] {spark_submit.py:335} INFO - Spark-Submit cmd: spark-submit --master spark://fe77514119f4:7077 --name arrow-spark ./dags/spark-app.py
[2022-09-09T16:00:03.969+0000] {spark_submit.py:488} INFO - 22/09/09 16:00:03 INFO SparkContext: Running Spark version 3.3.0
[2022-09-09T16:00:04.019+0000] {spark_submit.py:488} INFO - 22/09/09 16:00:04 WARN NativeCodeLoader: Unable to load native-hadoop library for your platform... using builtin-java classes where applicable
[2022-09-09T16:00:04.092+0000] {spark_submit.py:488} INFO - 22/09/09 16:00:04 INFO ResourceUtils: ==============================================================
[2022-09-09T16:00:04.093+0000] {spark_submit.py:488} INFO - 22/09/09 16:00:04 INFO ResourceUtils: No custom resources configured for spark.driver.
[2022-09-09T16:00:04.093+0000] {spark_submit.py:488} INFO - 22/09/09 16:00:04 INFO ResourceUtils: ==============================================================
[2022-09-09T16:00:04.093+0000] {spark_submit.py:488} INFO - 22/09/09 16:00:04 INFO SparkContext: Submitted application: First App
[2022-09-09T16:00:04.111+0000] {spark_submit.py:488} INFO - 22/09/09 16:00:04 INFO ResourceProfile: Default ResourceProfile created, executor resources: Map(cores -> name: cores, amount: 1, script: , vendor: , memory -> name: memory, amount: 1024, script: , vendor: , offHeap -> name: offHeap, amount: 0, script: , vendor: ), task resources: Map(cpus -> name: cpus, amount: 1.0)
[2022-09-09T16:00:04.123+0000] {spark_submit.py:488} INFO - 22/09/09 16:00:04 INFO ResourceProfile: Limiting resource is cpu
[2022-09-09T16:00:04.124+0000] {spark_submit.py:488} INFO - 22/09/09 16:00:04 INFO ResourceProfileManager: Added ResourceProfile id: 0
[2022-09-09T16:00:04.163+0000] {spark_submit.py:488} INFO - 22/09/09 16:00:04 INFO SecurityManager: Changing view acls to: default
[2022-09-09T16:00:04.164+0000] {spark_submit.py:488} INFO - 22/09/09 16:00:04 INFO SecurityManager: Changing modify acls to: default
[2022-09-09T16:00:04.164+0000] {spark_submit.py:488} INFO - 22/09/09 16:00:04 INFO SecurityManager: Changing view acls groups to:
[2022-09-09T16:00:04.164+0000] {spark_submit.py:488} INFO - 22/09/09 16:00:04 INFO SecurityManager: Changing modify acls groups to:
[2022-09-09T16:00:04.165+0000] {spark_submit.py:488} INFO - 22/09/09 16:00:04 INFO SecurityManager: SecurityManager: authentication disabled; ui acls disabled; users  with view permissions: Set(default); groups with view permissions: Set(); users  with modify permissions: Set(default); groups with modify permissions: Set()
[2022-09-09T16:00:04.356+0000] {spark_submit.py:488} INFO - 22/09/09 16:00:04 INFO Utils: Successfully started service 'sparkDriver' on port 45145.
[2022-09-09T16:00:04.388+0000] {spark_submit.py:488} INFO - 22/09/09 16:00:04 INFO SparkEnv: Registering MapOutputTracker
[2022-09-09T16:00:04.415+0000] {spark_submit.py:488} INFO - 22/09/09 16:00:04 INFO SparkEnv: Registering BlockManagerMaster
[2022-09-09T16:00:04.429+0000] {spark_submit.py:488} INFO - 22/09/09 16:00:04 INFO BlockManagerMasterEndpoint: Using org.apache.spark.storage.DefaultTopologyMapper for getting topology information
[2022-09-09T16:00:04.430+0000] {spark_submit.py:488} INFO - 22/09/09 16:00:04 INFO BlockManagerMasterEndpoint: BlockManagerMasterEndpoint up
[2022-09-09T16:00:04.433+0000] {spark_submit.py:488} INFO - 22/09/09 16:00:04 INFO SparkEnv: Registering BlockManagerMasterHeartbeat
[2022-09-09T16:00:04.452+0000] {spark_submit.py:488} INFO - 22/09/09 16:00:04 INFO DiskBlockManager: Created local directory at /tmp/blockmgr-9ae2604a-9691-4af4-a465-84a9d96d3d94
[2022-09-09T16:00:04.466+0000] {spark_submit.py:488} INFO - 22/09/09 16:00:04 INFO MemoryStore: MemoryStore started with capacity 434.4 MiB
[2022-09-09T16:00:04.479+0000] {spark_submit.py:488} INFO - 22/09/09 16:00:04 INFO SparkEnv: Registering OutputCommitCoordinator
[2022-09-09T16:00:04.661+0000] {spark_submit.py:488} INFO - 22/09/09 16:00:04 INFO Utils: Successfully started service 'SparkUI' on port 4040.
[2022-09-09T16:00:04.745+0000] {spark_submit.py:488} INFO - 22/09/09 16:00:04 INFO Executor: Starting executor ID driver on host f70ec88a7fc1
[2022-09-09T16:00:04.751+0000] {spark_submit.py:488} INFO - 22/09/09 16:00:04 INFO Executor: Starting executor with user classpath (userClassPathFirst = false): ''
[2022-09-09T16:00:04.767+0000] {spark_submit.py:488} INFO - 22/09/09 16:00:04 INFO Utils: Successfully started service 'org.apache.spark.network.netty.NettyBlockTransferService' on port 40265.
[2022-09-09T16:00:04.767+0000] {spark_submit.py:488} INFO - 22/09/09 16:00:04 INFO NettyBlockTransferService: Server created on f70ec88a7fc1:40265
[2022-09-09T16:00:04.768+0000] {spark_submit.py:488} INFO - 22/09/09 16:00:04 INFO BlockManager: Using org.apache.spark.storage.RandomBlockReplicationPolicy for block replication policy
[2022-09-09T16:00:04.773+0000] {spark_submit.py:488} INFO - 22/09/09 16:00:04 INFO BlockManagerMaster: Registering BlockManager BlockManagerId(driver, f70ec88a7fc1, 40265, None)
[2022-09-09T16:00:04.776+0000] {spark_submit.py:488} INFO - 22/09/09 16:00:04 INFO BlockManagerMasterEndpoint: Registering block manager f70ec88a7fc1:40265 with 434.4 MiB RAM, BlockManagerId(driver, f70ec88a7fc1, 40265, None)
[2022-09-09T16:00:04.778+0000] {spark_submit.py:488} INFO - 22/09/09 16:00:04 INFO BlockManagerMaster: Registered BlockManager BlockManagerId(driver, f70ec88a7fc1, 40265, None)
[2022-09-09T16:00:04.778+0000] {spark_submit.py:488} INFO - 22/09/09 16:00:04 INFO BlockManager: Initialized BlockManager: BlockManagerId(driver, f70ec88a7fc1, 40265, None)
[2022-09-09T16:00:04.958+0000] {spark_submit.py:488} INFO - /home/***/.local/lib/python3.7/site-packages/pyspark/python/lib/pyspark.zip/pyspark/sql/context.py:114: FutureWarning: Deprecated in 3.0.0. Use SparkSession.builder.getOrCreate() instead.
[2022-09-09T16:00:05.296+0000] {spark_submit.py:488} INFO - 22/09/09 16:00:05 INFO SharedState: Setting hive.metastore.warehouse.dir ('null') to the value of spark.sql.warehouse.dir.
[2022-09-09T16:00:05.302+0000] {spark_submit.py:488} INFO - 22/09/09 16:00:05 INFO SharedState: Warehouse path is 'file:/opt/***/spark-warehouse'.
[2022-09-09T16:00:09.238+0000] {spark_submit.py:488} INFO - parte 1
[2022-09-09T16:00:10.432+0000] {spark_submit.py:488} INFO - Traceback (most recent call last):
[2022-09-09T16:00:10.433+0000] {spark_submit.py:488} INFO - File "/opt/***/dags/spark-app.py", line 17, in <module>
[2022-09-09T16:00:10.433+0000] {spark_submit.py:488} INFO - df.write.csv('file:///opt/***/dags/spark_jobs/teste.csv')
[2022-09-09T16:00:10.433+0000] {spark_submit.py:488} INFO - File "/home/***/.local/lib/python3.7/site-packages/pyspark/python/lib/pyspark.zip/pyspark/sql/readwriter.py", line 1240, in csv
[2022-09-09T16:00:10.433+0000] {spark_submit.py:488} INFO - File "/home/***/.local/lib/python3.7/site-packages/pyspark/python/lib/py4j-0.10.9.5-src.zip/py4j/java_gateway.py", line 1322, in __call__
[2022-09-09T16:00:10.433+0000] {spark_submit.py:488} INFO - File "/home/***/.local/lib/python3.7/site-packages/pyspark/python/lib/pyspark.zip/pyspark/sql/utils.py", line 196, in deco
[2022-09-09T16:00:10.436+0000] {spark_submit.py:488} INFO - pyspark.sql.utils.AnalysisException: path file:/opt/***/dags/spark_jobs/teste.csv already exists.
[2022-09-09T16:00:10.491+0000] {spark_submit.py:488} INFO - 22/09/09 16:00:10 INFO SparkContext: Invoking stop() from shutdown hook
[2022-09-09T16:00:10.502+0000] {spark_submit.py:488} INFO - 22/09/09 16:00:10 INFO SparkUI: Stopped Spark web UI at http://f70ec88a7fc1:4040
[2022-09-09T16:00:10.522+0000] {spark_submit.py:488} INFO - 22/09/09 16:00:10 INFO MapOutputTrackerMasterEndpoint: MapOutputTrackerMasterEndpoint stopped!
[2022-09-09T16:00:10.529+0000] {spark_submit.py:488} INFO - 22/09/09 16:00:10 INFO MemoryStore: MemoryStore cleared
[2022-09-09T16:00:10.530+0000] {spark_submit.py:488} INFO - 22/09/09 16:00:10 INFO BlockManager: BlockManager stopped
[2022-09-09T16:00:10.536+0000] {spark_submit.py:488} INFO - 22/09/09 16:00:10 INFO BlockManagerMaster: BlockManagerMaster stopped
[2022-09-09T16:00:10.538+0000] {spark_submit.py:488} INFO - 22/09/09 16:00:10 INFO OutputCommitCoordinator$OutputCommitCoordinatorEndpoint: OutputCommitCoordinator stopped!
[2022-09-09T16:00:10.542+0000] {spark_submit.py:488} INFO - 22/09/09 16:00:10 INFO SparkContext: Successfully stopped SparkContext
[2022-09-09T16:00:10.542+0000] {spark_submit.py:488} INFO - 22/09/09 16:00:10 INFO ShutdownHookManager: Shutdown hook called
[2022-09-09T16:00:10.543+0000] {spark_submit.py:488} INFO - 22/09/09 16:00:10 INFO ShutdownHookManager: Deleting directory /tmp/spark-5e6189d3-729b-457c-b219-1b902ebc4088
[2022-09-09T16:00:10.545+0000] {spark_submit.py:488} INFO - 22/09/09 16:00:10 INFO ShutdownHookManager: Deleting directory /tmp/spark-5e6189d3-729b-457c-b219-1b902ebc4088/pyspark-117c74a8-1146-4543-bfb2-66c1bbcfb1d5
[2022-09-09T16:00:10.547+0000] {spark_submit.py:488} INFO - 22/09/09 16:00:10 INFO ShutdownHookManager: Deleting directory /tmp/spark-ae21a363-f1b4-4386-b141-c974affeced9
[2022-09-09T16:00:12.226+0000] {taskinstance.py:1902} ERROR - Task failed with exception
Traceback (most recent call last):
  File "/home/airflow/.local/lib/python3.7/site-packages/airflow/providers/apache/spark/operators/spark_submit.py", line 157, in execute
    self._hook.submit(self._application)
  File "/home/airflow/.local/lib/python3.7/site-packages/airflow/providers/apache/spark/hooks/spark_submit.py", line 420, in submit
    f"Cannot execute: {self._mask_cmd(spark_submit_cmd)}. Error code is: {returncode}."
airflow.exceptions.AirflowException: Cannot execute: spark-submit --master spark://fe77514119f4:7077 --name arrow-spark ./dags/spark-app.py. Error code is: 1.
[2022-09-09T16:00:12.229+0000] {taskinstance.py:1412} INFO - Marking task as FAILED. dag_id=Spark, task_id=spark-job, execution_date=20220909T150000, start_date=20220909T160001, end_date=20220909T160012
[2022-09-09T16:00:12.597+0000] {standard_task_runner.py:97} ERROR - Failed to execute job 17 for task spark-job (Cannot execute: spark-submit --master spark://fe77514119f4:7077 --name arrow-spark ./dags/spark-app.py. Error code is: 1.; 2777)
[2022-09-09T16:00:12.631+0000] {local_task_job.py:156} INFO - Task exited with return code 1
[2022-09-09T16:00:12.883+0000] {local_task_job.py:279} INFO - 0 downstream tasks scheduled from follow-on schedule check
