[2022-09-09T15:40:40.428+0000] {taskinstance.py:1171} INFO - Dependencies all met for <TaskInstance: Spark.spark-job manual__2022-09-09T15:40:38.742381+00:00 [queued]>
[2022-09-09T15:40:40.439+0000] {taskinstance.py:1171} INFO - Dependencies all met for <TaskInstance: Spark.spark-job manual__2022-09-09T15:40:38.742381+00:00 [queued]>
[2022-09-09T15:40:40.439+0000] {taskinstance.py:1368} INFO - 
--------------------------------------------------------------------------------
[2022-09-09T15:40:40.439+0000] {taskinstance.py:1369} INFO - Starting attempt 1 of 1
[2022-09-09T15:40:40.439+0000] {taskinstance.py:1370} INFO - 
--------------------------------------------------------------------------------
[2022-09-09T15:40:40.488+0000] {taskinstance.py:1389} INFO - Executing <Task(SparkSubmitOperator): spark-job> on 2022-09-09 15:40:38.742381+00:00
[2022-09-09T15:40:40.492+0000] {standard_task_runner.py:52} INFO - Started process 1354 to run task
[2022-09-09T15:40:40.494+0000] {standard_task_runner.py:79} INFO - Running: ['***', 'tasks', 'run', 'Spark', 'spark-job', 'manual__2022-09-09T15:40:38.742381+00:00', '--job-id', '11', '--raw', '--subdir', 'DAGS_FOLDER/teste_spark.py', '--cfg-path', '/tmp/tmpnrie076r', '--error-file', '/tmp/tmpyz6w_wg3']
[2022-09-09T15:40:40.495+0000] {standard_task_runner.py:80} INFO - Job 11: Subtask spark-job
[2022-09-09T15:40:40.612+0000] {task_command.py:371} INFO - Running <TaskInstance: Spark.spark-job manual__2022-09-09T15:40:38.742381+00:00 [running]> on host f70ec88a7fc1
[2022-09-09T15:40:40.772+0000] {taskinstance.py:1583} INFO - Exporting the following env vars:
AIRFLOW_CTX_DAG_OWNER=juacy
AIRFLOW_CTX_DAG_ID=Spark
AIRFLOW_CTX_TASK_ID=spark-job
AIRFLOW_CTX_EXECUTION_DATE=2022-09-09T15:40:38.742381+00:00
AIRFLOW_CTX_TRY_NUMBER=1
AIRFLOW_CTX_DAG_RUN_ID=manual__2022-09-09T15:40:38.742381+00:00
[2022-09-09T15:40:40.780+0000] {base.py:68} INFO - Using connection ID 'conexao_spark' for task execution.
[2022-09-09T15:40:40.781+0000] {spark_submit.py:335} INFO - Spark-Submit cmd: spark-submit --master spark://fe77514119f4:7077 --name arrow-spark ./dags/spark-app.py
[2022-09-09T15:40:43.216+0000] {spark_submit.py:488} INFO - 22/09/09 15:40:43 INFO SparkContext: Running Spark version 3.3.0
[2022-09-09T15:40:43.264+0000] {spark_submit.py:488} INFO - 22/09/09 15:40:43 WARN NativeCodeLoader: Unable to load native-hadoop library for your platform... using builtin-java classes where applicable
[2022-09-09T15:40:43.331+0000] {spark_submit.py:488} INFO - 22/09/09 15:40:43 INFO ResourceUtils: ==============================================================
[2022-09-09T15:40:43.331+0000] {spark_submit.py:488} INFO - 22/09/09 15:40:43 INFO ResourceUtils: No custom resources configured for spark.driver.
[2022-09-09T15:40:43.331+0000] {spark_submit.py:488} INFO - 22/09/09 15:40:43 INFO ResourceUtils: ==============================================================
[2022-09-09T15:40:43.331+0000] {spark_submit.py:488} INFO - 22/09/09 15:40:43 INFO SparkContext: Submitted application: First App
[2022-09-09T15:40:43.350+0000] {spark_submit.py:488} INFO - 22/09/09 15:40:43 INFO ResourceProfile: Default ResourceProfile created, executor resources: Map(cores -> name: cores, amount: 1, script: , vendor: , memory -> name: memory, amount: 1024, script: , vendor: , offHeap -> name: offHeap, amount: 0, script: , vendor: ), task resources: Map(cpus -> name: cpus, amount: 1.0)
[2022-09-09T15:40:43.361+0000] {spark_submit.py:488} INFO - 22/09/09 15:40:43 INFO ResourceProfile: Limiting resource is cpu
[2022-09-09T15:40:43.362+0000] {spark_submit.py:488} INFO - 22/09/09 15:40:43 INFO ResourceProfileManager: Added ResourceProfile id: 0
[2022-09-09T15:40:43.401+0000] {spark_submit.py:488} INFO - 22/09/09 15:40:43 INFO SecurityManager: Changing view acls to: default
[2022-09-09T15:40:43.402+0000] {spark_submit.py:488} INFO - 22/09/09 15:40:43 INFO SecurityManager: Changing modify acls to: default
[2022-09-09T15:40:43.402+0000] {spark_submit.py:488} INFO - 22/09/09 15:40:43 INFO SecurityManager: Changing view acls groups to:
[2022-09-09T15:40:43.402+0000] {spark_submit.py:488} INFO - 22/09/09 15:40:43 INFO SecurityManager: Changing modify acls groups to:
[2022-09-09T15:40:43.403+0000] {spark_submit.py:488} INFO - 22/09/09 15:40:43 INFO SecurityManager: SecurityManager: authentication disabled; ui acls disabled; users  with view permissions: Set(default); groups with view permissions: Set(); users  with modify permissions: Set(default); groups with modify permissions: Set()
[2022-09-09T15:40:43.642+0000] {spark_submit.py:488} INFO - 22/09/09 15:40:43 INFO Utils: Successfully started service 'sparkDriver' on port 39621.
[2022-09-09T15:40:43.678+0000] {spark_submit.py:488} INFO - 22/09/09 15:40:43 INFO SparkEnv: Registering MapOutputTracker
[2022-09-09T15:40:43.710+0000] {spark_submit.py:488} INFO - 22/09/09 15:40:43 INFO SparkEnv: Registering BlockManagerMaster
[2022-09-09T15:40:43.725+0000] {spark_submit.py:488} INFO - 22/09/09 15:40:43 INFO BlockManagerMasterEndpoint: Using org.apache.spark.storage.DefaultTopologyMapper for getting topology information
[2022-09-09T15:40:43.726+0000] {spark_submit.py:488} INFO - 22/09/09 15:40:43 INFO BlockManagerMasterEndpoint: BlockManagerMasterEndpoint up
[2022-09-09T15:40:43.729+0000] {spark_submit.py:488} INFO - 22/09/09 15:40:43 INFO SparkEnv: Registering BlockManagerMasterHeartbeat
[2022-09-09T15:40:43.748+0000] {spark_submit.py:488} INFO - 22/09/09 15:40:43 INFO DiskBlockManager: Created local directory at /tmp/blockmgr-13714a42-83ad-4eb1-8b12-9e64832e7e4f
[2022-09-09T15:40:43.763+0000] {spark_submit.py:488} INFO - 22/09/09 15:40:43 INFO MemoryStore: MemoryStore started with capacity 434.4 MiB
[2022-09-09T15:40:43.778+0000] {spark_submit.py:488} INFO - 22/09/09 15:40:43 INFO SparkEnv: Registering OutputCommitCoordinator
[2022-09-09T15:40:43.966+0000] {spark_submit.py:488} INFO - 22/09/09 15:40:43 INFO Utils: Successfully started service 'SparkUI' on port 4040.
[2022-09-09T15:40:44.054+0000] {spark_submit.py:488} INFO - 22/09/09 15:40:44 INFO Executor: Starting executor ID driver on host f70ec88a7fc1
[2022-09-09T15:40:44.060+0000] {spark_submit.py:488} INFO - 22/09/09 15:40:44 INFO Executor: Starting executor with user classpath (userClassPathFirst = false): ''
[2022-09-09T15:40:44.078+0000] {spark_submit.py:488} INFO - 22/09/09 15:40:44 INFO Utils: Successfully started service 'org.apache.spark.network.netty.NettyBlockTransferService' on port 43301.
[2022-09-09T15:40:44.078+0000] {spark_submit.py:488} INFO - 22/09/09 15:40:44 INFO NettyBlockTransferService: Server created on f70ec88a7fc1:43301
[2022-09-09T15:40:44.080+0000] {spark_submit.py:488} INFO - 22/09/09 15:40:44 INFO BlockManager: Using org.apache.spark.storage.RandomBlockReplicationPolicy for block replication policy
[2022-09-09T15:40:44.085+0000] {spark_submit.py:488} INFO - 22/09/09 15:40:44 INFO BlockManagerMaster: Registering BlockManager BlockManagerId(driver, f70ec88a7fc1, 43301, None)
[2022-09-09T15:40:44.088+0000] {spark_submit.py:488} INFO - 22/09/09 15:40:44 INFO BlockManagerMasterEndpoint: Registering block manager f70ec88a7fc1:43301 with 434.4 MiB RAM, BlockManagerId(driver, f70ec88a7fc1, 43301, None)
[2022-09-09T15:40:44.090+0000] {spark_submit.py:488} INFO - 22/09/09 15:40:44 INFO BlockManagerMaster: Registered BlockManager BlockManagerId(driver, f70ec88a7fc1, 43301, None)
[2022-09-09T15:40:44.091+0000] {spark_submit.py:488} INFO - 22/09/09 15:40:44 INFO BlockManager: Initialized BlockManager: BlockManagerId(driver, f70ec88a7fc1, 43301, None)
[2022-09-09T15:40:44.294+0000] {spark_submit.py:488} INFO - /home/***/.local/lib/python3.7/site-packages/pyspark/python/lib/pyspark.zip/pyspark/sql/context.py:114: FutureWarning: Deprecated in 3.0.0. Use SparkSession.builder.getOrCreate() instead.
[2022-09-09T15:40:44.402+0000] {spark_submit.py:488} INFO - parte 1
[2022-09-09T15:40:44.459+0000] {spark_submit.py:488} INFO - 22/09/09 15:40:44 INFO SharedState: Setting hive.metastore.warehouse.dir ('null') to the value of spark.sql.warehouse.dir.
[2022-09-09T15:40:44.466+0000] {spark_submit.py:488} INFO - 22/09/09 15:40:44 INFO SharedState: Warehouse path is 'file:/opt/***/spark-warehouse'.
[2022-09-09T15:40:45.161+0000] {spark_submit.py:488} INFO - Traceback (most recent call last):
[2022-09-09T15:40:45.161+0000] {spark_submit.py:488} INFO - File "/opt/***/dags/spark-app.py", line 18, in <module>
[2022-09-09T15:40:45.162+0000] {spark_submit.py:488} INFO - df = sqlContext.read.csv('file:///./dados/bronze/ips.csv')
[2022-09-09T15:40:45.162+0000] {spark_submit.py:488} INFO - File "/home/***/.local/lib/python3.7/site-packages/pyspark/python/lib/pyspark.zip/pyspark/sql/readwriter.py", line 535, in csv
[2022-09-09T15:40:45.163+0000] {spark_submit.py:488} INFO - File "/home/***/.local/lib/python3.7/site-packages/pyspark/python/lib/py4j-0.10.9.5-src.zip/py4j/java_gateway.py", line 1322, in __call__
[2022-09-09T15:40:45.163+0000] {spark_submit.py:488} INFO - File "/home/***/.local/lib/python3.7/site-packages/pyspark/python/lib/pyspark.zip/pyspark/sql/utils.py", line 196, in deco
[2022-09-09T15:40:45.171+0000] {spark_submit.py:488} INFO - pyspark.sql.utils.AnalysisException: Path does not exist: file:/dados/bronze/ips.csv
[2022-09-09T15:40:45.213+0000] {spark_submit.py:488} INFO - 22/09/09 15:40:45 INFO SparkContext: Invoking stop() from shutdown hook
[2022-09-09T15:40:45.224+0000] {spark_submit.py:488} INFO - 22/09/09 15:40:45 INFO SparkUI: Stopped Spark web UI at http://f70ec88a7fc1:4040
[2022-09-09T15:40:45.236+0000] {spark_submit.py:488} INFO - 22/09/09 15:40:45 INFO MapOutputTrackerMasterEndpoint: MapOutputTrackerMasterEndpoint stopped!
[2022-09-09T15:40:45.245+0000] {spark_submit.py:488} INFO - 22/09/09 15:40:45 INFO MemoryStore: MemoryStore cleared
[2022-09-09T15:40:45.245+0000] {spark_submit.py:488} INFO - 22/09/09 15:40:45 INFO BlockManager: BlockManager stopped
[2022-09-09T15:40:45.251+0000] {spark_submit.py:488} INFO - 22/09/09 15:40:45 INFO BlockManagerMaster: BlockManagerMaster stopped
[2022-09-09T15:40:45.253+0000] {spark_submit.py:488} INFO - 22/09/09 15:40:45 INFO OutputCommitCoordinator$OutputCommitCoordinatorEndpoint: OutputCommitCoordinator stopped!
[2022-09-09T15:40:45.257+0000] {spark_submit.py:488} INFO - 22/09/09 15:40:45 INFO SparkContext: Successfully stopped SparkContext
[2022-09-09T15:40:45.257+0000] {spark_submit.py:488} INFO - 22/09/09 15:40:45 INFO ShutdownHookManager: Shutdown hook called
[2022-09-09T15:40:45.257+0000] {spark_submit.py:488} INFO - 22/09/09 15:40:45 INFO ShutdownHookManager: Deleting directory /tmp/spark-1596cad9-9af3-4ca0-9fac-68e233641123/pyspark-53117460-a35d-4064-bac5-95e7d4d68626
[2022-09-09T15:40:45.275+0000] {spark_submit.py:488} INFO - 22/09/09 15:40:45 INFO ShutdownHookManager: Deleting directory /tmp/spark-1596cad9-9af3-4ca0-9fac-68e233641123
[2022-09-09T15:40:45.277+0000] {spark_submit.py:488} INFO - 22/09/09 15:40:45 INFO ShutdownHookManager: Deleting directory /tmp/spark-d4534195-e50d-4376-b4ad-bb2aa05526b9
[2022-09-09T15:40:45.321+0000] {taskinstance.py:1902} ERROR - Task failed with exception
Traceback (most recent call last):
  File "/home/airflow/.local/lib/python3.7/site-packages/airflow/providers/apache/spark/operators/spark_submit.py", line 157, in execute
    self._hook.submit(self._application)
  File "/home/airflow/.local/lib/python3.7/site-packages/airflow/providers/apache/spark/hooks/spark_submit.py", line 420, in submit
    f"Cannot execute: {self._mask_cmd(spark_submit_cmd)}. Error code is: {returncode}."
airflow.exceptions.AirflowException: Cannot execute: spark-submit --master spark://fe77514119f4:7077 --name arrow-spark ./dags/spark-app.py. Error code is: 1.
[2022-09-09T15:40:45.324+0000] {taskinstance.py:1412} INFO - Marking task as FAILED. dag_id=Spark, task_id=spark-job, execution_date=20220909T154038, start_date=20220909T154040, end_date=20220909T154045
[2022-09-09T15:40:45.643+0000] {standard_task_runner.py:97} ERROR - Failed to execute job 11 for task spark-job (Cannot execute: spark-submit --master spark://fe77514119f4:7077 --name arrow-spark ./dags/spark-app.py. Error code is: 1.; 1354)
[2022-09-09T15:40:45.680+0000] {local_task_job.py:156} INFO - Task exited with return code 1
[2022-09-09T15:40:45.942+0000] {local_task_job.py:279} INFO - 0 downstream tasks scheduled from follow-on schedule check
