[2022-09-09T15:34:54.605+0000] {taskinstance.py:1171} INFO - Dependencies all met for <TaskInstance: Spark.spark-job manual__2022-09-09T15:34:46.199407+00:00 [queued]>
[2022-09-09T15:34:54.613+0000] {taskinstance.py:1171} INFO - Dependencies all met for <TaskInstance: Spark.spark-job manual__2022-09-09T15:34:46.199407+00:00 [queued]>
[2022-09-09T15:34:54.613+0000] {taskinstance.py:1368} INFO - 
--------------------------------------------------------------------------------
[2022-09-09T15:34:54.613+0000] {taskinstance.py:1369} INFO - Starting attempt 1 of 1
[2022-09-09T15:34:54.613+0000] {taskinstance.py:1370} INFO - 
--------------------------------------------------------------------------------
[2022-09-09T15:34:55.007+0000] {taskinstance.py:1389} INFO - Executing <Task(SparkSubmitOperator): spark-job> on 2022-09-09 15:34:46.199407+00:00
[2022-09-09T15:34:55.011+0000] {standard_task_runner.py:52} INFO - Started process 824 to run task
[2022-09-09T15:34:55.014+0000] {standard_task_runner.py:79} INFO - Running: ['***', 'tasks', 'run', 'Spark', 'spark-job', 'manual__2022-09-09T15:34:46.199407+00:00', '--job-id', '9', '--raw', '--subdir', 'DAGS_FOLDER/teste_spark.py', '--cfg-path', '/tmp/tmp4kresrvq', '--error-file', '/tmp/tmpe_xvfakb']
[2022-09-09T15:34:55.014+0000] {standard_task_runner.py:80} INFO - Job 9: Subtask spark-job
[2022-09-09T15:34:55.295+0000] {task_command.py:371} INFO - Running <TaskInstance: Spark.spark-job manual__2022-09-09T15:34:46.199407+00:00 [running]> on host f70ec88a7fc1
[2022-09-09T15:34:55.739+0000] {taskinstance.py:1583} INFO - Exporting the following env vars:
AIRFLOW_CTX_DAG_OWNER=juacy
AIRFLOW_CTX_DAG_ID=Spark
AIRFLOW_CTX_TASK_ID=spark-job
AIRFLOW_CTX_EXECUTION_DATE=2022-09-09T15:34:46.199407+00:00
AIRFLOW_CTX_TRY_NUMBER=1
AIRFLOW_CTX_DAG_RUN_ID=manual__2022-09-09T15:34:46.199407+00:00
[2022-09-09T15:34:55.747+0000] {base.py:68} INFO - Using connection ID 'conexao_spark' for task execution.
[2022-09-09T15:34:55.748+0000] {spark_submit.py:335} INFO - Spark-Submit cmd: spark-submit --master spark://fe77514119f4:7077 --name arrow-spark ./dags/spark-app.py
[2022-09-09T15:35:03.064+0000] {spark_submit.py:488} INFO - 22/09/09 15:35:03 INFO SparkContext: Running Spark version 3.3.0
[2022-09-09T15:35:03.176+0000] {spark_submit.py:488} INFO - 22/09/09 15:35:03 WARN NativeCodeLoader: Unable to load native-hadoop library for your platform... using builtin-java classes where applicable
[2022-09-09T15:35:03.261+0000] {spark_submit.py:488} INFO - 22/09/09 15:35:03 INFO ResourceUtils: ==============================================================
[2022-09-09T15:35:03.262+0000] {spark_submit.py:488} INFO - 22/09/09 15:35:03 INFO ResourceUtils: No custom resources configured for spark.driver.
[2022-09-09T15:35:03.262+0000] {spark_submit.py:488} INFO - 22/09/09 15:35:03 INFO ResourceUtils: ==============================================================
[2022-09-09T15:35:03.263+0000] {spark_submit.py:488} INFO - 22/09/09 15:35:03 INFO SparkContext: Submitted application: First App
[2022-09-09T15:35:03.287+0000] {spark_submit.py:488} INFO - 22/09/09 15:35:03 INFO ResourceProfile: Default ResourceProfile created, executor resources: Map(cores -> name: cores, amount: 1, script: , vendor: , memory -> name: memory, amount: 1024, script: , vendor: , offHeap -> name: offHeap, amount: 0, script: , vendor: ), task resources: Map(cpus -> name: cpus, amount: 1.0)
[2022-09-09T15:35:03.300+0000] {spark_submit.py:488} INFO - 22/09/09 15:35:03 INFO ResourceProfile: Limiting resource is cpu
[2022-09-09T15:35:03.301+0000] {spark_submit.py:488} INFO - 22/09/09 15:35:03 INFO ResourceProfileManager: Added ResourceProfile id: 0
[2022-09-09T15:35:03.348+0000] {spark_submit.py:488} INFO - 22/09/09 15:35:03 INFO SecurityManager: Changing view acls to: default
[2022-09-09T15:35:03.348+0000] {spark_submit.py:488} INFO - 22/09/09 15:35:03 INFO SecurityManager: Changing modify acls to: default
[2022-09-09T15:35:03.349+0000] {spark_submit.py:488} INFO - 22/09/09 15:35:03 INFO SecurityManager: Changing view acls groups to:
[2022-09-09T15:35:03.349+0000] {spark_submit.py:488} INFO - 22/09/09 15:35:03 INFO SecurityManager: Changing modify acls groups to:
[2022-09-09T15:35:03.349+0000] {spark_submit.py:488} INFO - 22/09/09 15:35:03 INFO SecurityManager: SecurityManager: authentication disabled; ui acls disabled; users  with view permissions: Set(default); groups with view permissions: Set(); users  with modify permissions: Set(default); groups with modify permissions: Set()
[2022-09-09T15:35:03.590+0000] {spark_submit.py:488} INFO - 22/09/09 15:35:03 INFO Utils: Successfully started service 'sparkDriver' on port 46547.
[2022-09-09T15:35:03.619+0000] {spark_submit.py:488} INFO - 22/09/09 15:35:03 INFO SparkEnv: Registering MapOutputTracker
[2022-09-09T15:35:03.663+0000] {spark_submit.py:488} INFO - 22/09/09 15:35:03 INFO SparkEnv: Registering BlockManagerMaster
[2022-09-09T15:35:03.680+0000] {spark_submit.py:488} INFO - 22/09/09 15:35:03 INFO BlockManagerMasterEndpoint: Using org.apache.spark.storage.DefaultTopologyMapper for getting topology information
[2022-09-09T15:35:03.681+0000] {spark_submit.py:488} INFO - 22/09/09 15:35:03 INFO BlockManagerMasterEndpoint: BlockManagerMasterEndpoint up
[2022-09-09T15:35:03.685+0000] {spark_submit.py:488} INFO - 22/09/09 15:35:03 INFO SparkEnv: Registering BlockManagerMasterHeartbeat
[2022-09-09T15:35:03.706+0000] {spark_submit.py:488} INFO - 22/09/09 15:35:03 INFO DiskBlockManager: Created local directory at /tmp/blockmgr-593d3151-5b15-4c93-a97e-1cfcd3881f72
[2022-09-09T15:35:03.722+0000] {spark_submit.py:488} INFO - 22/09/09 15:35:03 INFO MemoryStore: MemoryStore started with capacity 434.4 MiB
[2022-09-09T15:35:03.738+0000] {spark_submit.py:488} INFO - 22/09/09 15:35:03 INFO SparkEnv: Registering OutputCommitCoordinator
[2022-09-09T15:35:03.951+0000] {spark_submit.py:488} INFO - 22/09/09 15:35:03 INFO Utils: Successfully started service 'SparkUI' on port 4040.
[2022-09-09T15:35:04.048+0000] {spark_submit.py:488} INFO - 22/09/09 15:35:04 INFO Executor: Starting executor ID driver on host f70ec88a7fc1
[2022-09-09T15:35:04.056+0000] {spark_submit.py:488} INFO - 22/09/09 15:35:04 INFO Executor: Starting executor with user classpath (userClassPathFirst = false): ''
[2022-09-09T15:35:04.073+0000] {spark_submit.py:488} INFO - 22/09/09 15:35:04 INFO Utils: Successfully started service 'org.apache.spark.network.netty.NettyBlockTransferService' on port 34707.
[2022-09-09T15:35:04.073+0000] {spark_submit.py:488} INFO - 22/09/09 15:35:04 INFO NettyBlockTransferService: Server created on f70ec88a7fc1:34707
[2022-09-09T15:35:04.075+0000] {spark_submit.py:488} INFO - 22/09/09 15:35:04 INFO BlockManager: Using org.apache.spark.storage.RandomBlockReplicationPolicy for block replication policy
[2022-09-09T15:35:04.080+0000] {spark_submit.py:488} INFO - 22/09/09 15:35:04 INFO BlockManagerMaster: Registering BlockManager BlockManagerId(driver, f70ec88a7fc1, 34707, None)
[2022-09-09T15:35:04.085+0000] {spark_submit.py:488} INFO - 22/09/09 15:35:04 INFO BlockManagerMasterEndpoint: Registering block manager f70ec88a7fc1:34707 with 434.4 MiB RAM, BlockManagerId(driver, f70ec88a7fc1, 34707, None)
[2022-09-09T15:35:04.088+0000] {spark_submit.py:488} INFO - 22/09/09 15:35:04 INFO BlockManagerMaster: Registered BlockManager BlockManagerId(driver, f70ec88a7fc1, 34707, None)
[2022-09-09T15:35:04.089+0000] {spark_submit.py:488} INFO - 22/09/09 15:35:04 INFO BlockManager: Initialized BlockManager: BlockManagerId(driver, f70ec88a7fc1, 34707, None)
[2022-09-09T15:35:04.485+0000] {spark_submit.py:488} INFO - /home/***/.local/lib/python3.7/site-packages/pyspark/python/lib/pyspark.zip/pyspark/sql/context.py:114: FutureWarning: Deprecated in 3.0.0. Use SparkSession.builder.getOrCreate() instead.
[2022-09-09T15:35:06.110+0000] {spark_submit.py:488} INFO - 22/09/09 15:35:06 INFO SharedState: Setting hive.metastore.warehouse.dir ('null') to the value of spark.sql.warehouse.dir.
[2022-09-09T15:35:06.117+0000] {spark_submit.py:488} INFO - 22/09/09 15:35:06 INFO SharedState: Warehouse path is 'file:/opt/***/spark-warehouse'.
[2022-09-09T15:35:08.811+0000] {spark_submit.py:488} INFO - parte 1
[2022-09-09T15:35:08.828+0000] {spark_submit.py:488} INFO - root
[2022-09-09T15:35:08.828+0000] {spark_submit.py:488} INFO - |-- Category: string (nullable = true)
[2022-09-09T15:35:08.828+0000] {spark_submit.py:488} INFO - |-- ID: long (nullable = true)
[2022-09-09T15:35:08.828+0000] {spark_submit.py:488} INFO - |-- Truth: boolean (nullable = true)
[2022-09-09T15:35:08.828+0000] {spark_submit.py:488} INFO - |-- Value: double (nullable = true)
[2022-09-09T15:35:08.828+0000] {spark_submit.py:488} INFO - 
[2022-09-09T15:35:08.828+0000] {spark_submit.py:488} INFO - parte 2
[2022-09-09T15:35:08.938+0000] {spark_submit.py:488} INFO - 22/09/09 15:35:08 INFO SparkContext: Invoking stop() from shutdown hook
[2022-09-09T15:35:08.951+0000] {spark_submit.py:488} INFO - 22/09/09 15:35:08 INFO SparkUI: Stopped Spark web UI at http://f70ec88a7fc1:4040
[2022-09-09T15:35:08.966+0000] {spark_submit.py:488} INFO - 22/09/09 15:35:08 INFO MapOutputTrackerMasterEndpoint: MapOutputTrackerMasterEndpoint stopped!
[2022-09-09T15:35:08.976+0000] {spark_submit.py:488} INFO - 22/09/09 15:35:08 INFO MemoryStore: MemoryStore cleared
[2022-09-09T15:35:08.976+0000] {spark_submit.py:488} INFO - 22/09/09 15:35:08 INFO BlockManager: BlockManager stopped
[2022-09-09T15:35:08.984+0000] {spark_submit.py:488} INFO - 22/09/09 15:35:08 INFO BlockManagerMaster: BlockManagerMaster stopped
[2022-09-09T15:35:08.987+0000] {spark_submit.py:488} INFO - 22/09/09 15:35:08 INFO OutputCommitCoordinator$OutputCommitCoordinatorEndpoint: OutputCommitCoordinator stopped!
[2022-09-09T15:35:08.991+0000] {spark_submit.py:488} INFO - 22/09/09 15:35:08 INFO SparkContext: Successfully stopped SparkContext
[2022-09-09T15:35:08.991+0000] {spark_submit.py:488} INFO - 22/09/09 15:35:08 INFO ShutdownHookManager: Shutdown hook called
[2022-09-09T15:35:08.992+0000] {spark_submit.py:488} INFO - 22/09/09 15:35:08 INFO ShutdownHookManager: Deleting directory /tmp/spark-06096ffa-5a02-43f2-991c-50119ce85b81/pyspark-890a644a-4790-47a4-a541-2b82f8a6caf6
[2022-09-09T15:35:08.994+0000] {spark_submit.py:488} INFO - 22/09/09 15:35:08 INFO ShutdownHookManager: Deleting directory /tmp/spark-cbde8732-bb6e-405d-9745-c0f7b10d5da3
[2022-09-09T15:35:08.998+0000] {spark_submit.py:488} INFO - 22/09/09 15:35:08 INFO ShutdownHookManager: Deleting directory /tmp/spark-06096ffa-5a02-43f2-991c-50119ce85b81
[2022-09-09T15:35:09.048+0000] {taskinstance.py:1412} INFO - Marking task as SUCCESS. dag_id=Spark, task_id=spark-job, execution_date=20220909T153446, start_date=20220909T153454, end_date=20220909T153509
[2022-09-09T15:35:09.119+0000] {local_task_job.py:156} INFO - Task exited with return code 0
[2022-09-09T15:35:09.176+0000] {local_task_job.py:279} INFO - 0 downstream tasks scheduled from follow-on schedule check
