[2022-09-09T16:26:39.872+0000] {taskinstance.py:1171} INFO - Dependencies all met for <TaskInstance: Spark.spark-job manual__2022-09-09T16:26:14.810024+00:00 [queued]>
[2022-09-09T16:26:39.881+0000] {taskinstance.py:1171} INFO - Dependencies all met for <TaskInstance: Spark.spark-job manual__2022-09-09T16:26:14.810024+00:00 [queued]>
[2022-09-09T16:26:39.882+0000] {taskinstance.py:1368} INFO - 
--------------------------------------------------------------------------------
[2022-09-09T16:26:39.882+0000] {taskinstance.py:1369} INFO - Starting attempt 1 of 1
[2022-09-09T16:26:39.882+0000] {taskinstance.py:1370} INFO - 
--------------------------------------------------------------------------------
[2022-09-09T16:26:40.114+0000] {taskinstance.py:1389} INFO - Executing <Task(SparkSubmitOperator): spark-job> on 2022-09-09 16:26:14.810024+00:00
[2022-09-09T16:26:40.118+0000] {standard_task_runner.py:52} INFO - Started process 1418 to run task
[2022-09-09T16:26:40.123+0000] {standard_task_runner.py:79} INFO - Running: ['***', 'tasks', 'run', 'Spark', 'spark-job', 'manual__2022-09-09T16:26:14.810024+00:00', '--job-id', '26', '--raw', '--subdir', 'DAGS_FOLDER/teste_spark.py', '--cfg-path', '/tmp/tmp9cua23xo', '--error-file', '/tmp/tmpfdje7w61']
[2022-09-09T16:26:40.124+0000] {standard_task_runner.py:80} INFO - Job 26: Subtask spark-job
[2022-09-09T16:26:42.783+0000] {task_command.py:371} INFO - Running <TaskInstance: Spark.spark-job manual__2022-09-09T16:26:14.810024+00:00 [running]> on host dbdbd3f5e7fc
[2022-09-09T16:26:43.317+0000] {taskinstance.py:1583} INFO - Exporting the following env vars:
AIRFLOW_CTX_DAG_OWNER=juacy
AIRFLOW_CTX_DAG_ID=Spark
AIRFLOW_CTX_TASK_ID=spark-job
AIRFLOW_CTX_EXECUTION_DATE=2022-09-09T16:26:14.810024+00:00
AIRFLOW_CTX_TRY_NUMBER=1
AIRFLOW_CTX_DAG_RUN_ID=manual__2022-09-09T16:26:14.810024+00:00
[2022-09-09T16:26:43.326+0000] {base.py:68} INFO - Using connection ID 'conexao_spark' for task execution.
[2022-09-09T16:26:43.327+0000] {spark_submit.py:335} INFO - Spark-Submit cmd: spark-submit --master spark://fe77514119f4:7077 --name arrow-spark ./dags/spark-app.py
[2022-09-09T16:26:49.246+0000] {spark_submit.py:488} INFO - 22/09/09 16:26:49 INFO SparkContext: Running Spark version 3.3.0
[2022-09-09T16:26:49.295+0000] {spark_submit.py:488} INFO - 22/09/09 16:26:49 WARN NativeCodeLoader: Unable to load native-hadoop library for your platform... using builtin-java classes where applicable
[2022-09-09T16:26:49.368+0000] {spark_submit.py:488} INFO - 22/09/09 16:26:49 INFO ResourceUtils: ==============================================================
[2022-09-09T16:26:49.368+0000] {spark_submit.py:488} INFO - 22/09/09 16:26:49 INFO ResourceUtils: No custom resources configured for spark.driver.
[2022-09-09T16:26:49.368+0000] {spark_submit.py:488} INFO - 22/09/09 16:26:49 INFO ResourceUtils: ==============================================================
[2022-09-09T16:26:49.369+0000] {spark_submit.py:488} INFO - 22/09/09 16:26:49 INFO SparkContext: Submitted application: First App
[2022-09-09T16:26:49.387+0000] {spark_submit.py:488} INFO - 22/09/09 16:26:49 INFO ResourceProfile: Default ResourceProfile created, executor resources: Map(cores -> name: cores, amount: 1, script: , vendor: , memory -> name: memory, amount: 1024, script: , vendor: , offHeap -> name: offHeap, amount: 0, script: , vendor: ), task resources: Map(cpus -> name: cpus, amount: 1.0)
[2022-09-09T16:26:49.400+0000] {spark_submit.py:488} INFO - 22/09/09 16:26:49 INFO ResourceProfile: Limiting resource is cpu
[2022-09-09T16:26:49.400+0000] {spark_submit.py:488} INFO - 22/09/09 16:26:49 INFO ResourceProfileManager: Added ResourceProfile id: 0
[2022-09-09T16:26:49.441+0000] {spark_submit.py:488} INFO - 22/09/09 16:26:49 INFO SecurityManager: Changing view acls to: default
[2022-09-09T16:26:49.441+0000] {spark_submit.py:488} INFO - 22/09/09 16:26:49 INFO SecurityManager: Changing modify acls to: default
[2022-09-09T16:26:49.442+0000] {spark_submit.py:488} INFO - 22/09/09 16:26:49 INFO SecurityManager: Changing view acls groups to:
[2022-09-09T16:26:49.442+0000] {spark_submit.py:488} INFO - 22/09/09 16:26:49 INFO SecurityManager: Changing modify acls groups to:
[2022-09-09T16:26:49.442+0000] {spark_submit.py:488} INFO - 22/09/09 16:26:49 INFO SecurityManager: SecurityManager: authentication disabled; ui acls disabled; users  with view permissions: Set(default); groups with view permissions: Set(); users  with modify permissions: Set(default); groups with modify permissions: Set()
[2022-09-09T16:26:49.630+0000] {spark_submit.py:488} INFO - 22/09/09 16:26:49 INFO Utils: Successfully started service 'sparkDriver' on port 37719.
[2022-09-09T16:26:49.652+0000] {spark_submit.py:488} INFO - 22/09/09 16:26:49 INFO SparkEnv: Registering MapOutputTracker
[2022-09-09T16:26:49.686+0000] {spark_submit.py:488} INFO - 22/09/09 16:26:49 INFO SparkEnv: Registering BlockManagerMaster
[2022-09-09T16:26:49.704+0000] {spark_submit.py:488} INFO - 22/09/09 16:26:49 INFO BlockManagerMasterEndpoint: Using org.apache.spark.storage.DefaultTopologyMapper for getting topology information
[2022-09-09T16:26:49.704+0000] {spark_submit.py:488} INFO - 22/09/09 16:26:49 INFO BlockManagerMasterEndpoint: BlockManagerMasterEndpoint up
[2022-09-09T16:26:49.708+0000] {spark_submit.py:488} INFO - 22/09/09 16:26:49 INFO SparkEnv: Registering BlockManagerMasterHeartbeat
[2022-09-09T16:26:49.733+0000] {spark_submit.py:488} INFO - 22/09/09 16:26:49 INFO DiskBlockManager: Created local directory at /tmp/blockmgr-d63c9c3c-52fc-44be-905a-fdb8990afcfd
[2022-09-09T16:26:49.747+0000] {spark_submit.py:488} INFO - 22/09/09 16:26:49 INFO MemoryStore: MemoryStore started with capacity 434.4 MiB
[2022-09-09T16:26:49.763+0000] {spark_submit.py:488} INFO - 22/09/09 16:26:49 INFO SparkEnv: Registering OutputCommitCoordinator
[2022-09-09T16:26:49.974+0000] {spark_submit.py:488} INFO - 22/09/09 16:26:49 INFO Utils: Successfully started service 'SparkUI' on port 4040.
[2022-09-09T16:26:50.058+0000] {spark_submit.py:488} INFO - 22/09/09 16:26:50 INFO Executor: Starting executor ID driver on host dbdbd3f5e7fc
[2022-09-09T16:26:50.063+0000] {spark_submit.py:488} INFO - 22/09/09 16:26:50 INFO Executor: Starting executor with user classpath (userClassPathFirst = false): ''
[2022-09-09T16:26:50.077+0000] {spark_submit.py:488} INFO - 22/09/09 16:26:50 INFO Utils: Successfully started service 'org.apache.spark.network.netty.NettyBlockTransferService' on port 33341.
[2022-09-09T16:26:50.078+0000] {spark_submit.py:488} INFO - 22/09/09 16:26:50 INFO NettyBlockTransferService: Server created on dbdbd3f5e7fc:33341
[2022-09-09T16:26:50.079+0000] {spark_submit.py:488} INFO - 22/09/09 16:26:50 INFO BlockManager: Using org.apache.spark.storage.RandomBlockReplicationPolicy for block replication policy
[2022-09-09T16:26:50.083+0000] {spark_submit.py:488} INFO - 22/09/09 16:26:50 INFO BlockManagerMaster: Registering BlockManager BlockManagerId(driver, dbdbd3f5e7fc, 33341, None)
[2022-09-09T16:26:50.086+0000] {spark_submit.py:488} INFO - 22/09/09 16:26:50 INFO BlockManagerMasterEndpoint: Registering block manager dbdbd3f5e7fc:33341 with 434.4 MiB RAM, BlockManagerId(driver, dbdbd3f5e7fc, 33341, None)
[2022-09-09T16:26:50.088+0000] {spark_submit.py:488} INFO - 22/09/09 16:26:50 INFO BlockManagerMaster: Registered BlockManager BlockManagerId(driver, dbdbd3f5e7fc, 33341, None)
[2022-09-09T16:26:50.089+0000] {spark_submit.py:488} INFO - 22/09/09 16:26:50 INFO BlockManager: Initialized BlockManager: BlockManagerId(driver, dbdbd3f5e7fc, 33341, None)
[2022-09-09T16:26:50.315+0000] {spark_submit.py:488} INFO - /home/***/.local/lib/python3.7/site-packages/pyspark/python/lib/pyspark.zip/pyspark/sql/context.py:114: FutureWarning: Deprecated in 3.0.0. Use SparkSession.builder.getOrCreate() instead.
[2022-09-09T16:26:50.419+0000] {spark_submit.py:488} INFO - parte 1
[2022-09-09T16:26:50.475+0000] {spark_submit.py:488} INFO - 22/09/09 16:26:50 INFO SharedState: Setting hive.metastore.warehouse.dir ('null') to the value of spark.sql.warehouse.dir.
[2022-09-09T16:26:50.549+0000] {spark_submit.py:488} INFO - 22/09/09 16:26:50 INFO SharedState: Warehouse path is 'file:/opt/***/spark-warehouse'.
[2022-09-09T16:26:51.355+0000] {spark_submit.py:488} INFO - 22/09/09 16:26:51 INFO InMemoryFileIndex: It took 40 ms to list leaf files for 1 paths.
[2022-09-09T16:26:51.410+0000] {spark_submit.py:488} INFO - 22/09/09 16:26:51 INFO InMemoryFileIndex: It took 1 ms to list leaf files for 1 paths.
[2022-09-09T16:26:53.152+0000] {spark_submit.py:488} INFO - 22/09/09 16:26:53 INFO FileSourceStrategy: Pushed Filters:
[2022-09-09T16:26:53.153+0000] {spark_submit.py:488} INFO - 22/09/09 16:26:53 INFO FileSourceStrategy: Post-Scan Filters: (length(trim(value#0, None)) > 0)
[2022-09-09T16:26:53.156+0000] {spark_submit.py:488} INFO - 22/09/09 16:26:53 INFO FileSourceStrategy: Output Data Schema: struct<value: string>
[2022-09-09T16:27:30.335+0000] {spark_submit.py:488} INFO - 22/09/09 16:27:30 INFO CodeGenerator: Code generated in 36851.0748 ms
[2022-09-09T16:27:30.380+0000] {spark_submit.py:488} INFO - 22/09/09 16:27:30 INFO MemoryStore: Block broadcast_0 stored as values in memory (estimated size 199.0 KiB, free 434.2 MiB)
[2022-09-09T16:27:30.436+0000] {spark_submit.py:488} INFO - 22/09/09 16:27:30 INFO MemoryStore: Block broadcast_0_piece0 stored as bytes in memory (estimated size 33.9 KiB, free 434.2 MiB)
[2022-09-09T16:27:30.439+0000] {spark_submit.py:488} INFO - 22/09/09 16:27:30 INFO BlockManagerInfo: Added broadcast_0_piece0 in memory on dbdbd3f5e7fc:33341 (size: 33.9 KiB, free: 434.4 MiB)
[2022-09-09T16:27:30.443+0000] {spark_submit.py:488} INFO - 22/09/09 16:27:30 INFO SparkContext: Created broadcast 0 from csv at NativeMethodAccessorImpl.java:0
[2022-09-09T16:27:30.450+0000] {spark_submit.py:488} INFO - 22/09/09 16:27:30 INFO FileSourceScanExec: Planning scan with bin packing, max size: 4321972 bytes, open cost is considered as scanning 4194304 bytes.
[2022-09-09T16:27:30.550+0000] {spark_submit.py:488} INFO - 22/09/09 16:27:30 INFO SparkContext: Starting job: csv at NativeMethodAccessorImpl.java:0
[2022-09-09T16:27:30.561+0000] {spark_submit.py:488} INFO - 22/09/09 16:27:30 INFO DAGScheduler: Got job 0 (csv at NativeMethodAccessorImpl.java:0) with 1 output partitions
[2022-09-09T16:27:30.562+0000] {spark_submit.py:488} INFO - 22/09/09 16:27:30 INFO DAGScheduler: Final stage: ResultStage 0 (csv at NativeMethodAccessorImpl.java:0)
[2022-09-09T16:27:30.562+0000] {spark_submit.py:488} INFO - 22/09/09 16:27:30 INFO DAGScheduler: Parents of final stage: List()
[2022-09-09T16:27:30.563+0000] {spark_submit.py:488} INFO - 22/09/09 16:27:30 INFO DAGScheduler: Missing parents: List()
[2022-09-09T16:27:30.566+0000] {spark_submit.py:488} INFO - 22/09/09 16:27:30 INFO DAGScheduler: Submitting ResultStage 0 (MapPartitionsRDD[3] at csv at NativeMethodAccessorImpl.java:0), which has no missing parents
[2022-09-09T16:27:30.630+0000] {spark_submit.py:488} INFO - 22/09/09 16:27:30 INFO MemoryStore: Block broadcast_1 stored as values in memory (estimated size 11.8 KiB, free 434.2 MiB)
[2022-09-09T16:27:30.632+0000] {spark_submit.py:488} INFO - 22/09/09 16:27:30 INFO MemoryStore: Block broadcast_1_piece0 stored as bytes in memory (estimated size 5.9 KiB, free 434.2 MiB)
[2022-09-09T16:27:30.632+0000] {spark_submit.py:488} INFO - 22/09/09 16:27:30 INFO BlockManagerInfo: Added broadcast_1_piece0 in memory on dbdbd3f5e7fc:33341 (size: 5.9 KiB, free: 434.4 MiB)
[2022-09-09T16:27:30.633+0000] {spark_submit.py:488} INFO - 22/09/09 16:27:30 INFO SparkContext: Created broadcast 1 from broadcast at DAGScheduler.scala:1513
[2022-09-09T16:27:30.645+0000] {spark_submit.py:488} INFO - 22/09/09 16:27:30 INFO DAGScheduler: Submitting 1 missing tasks from ResultStage 0 (MapPartitionsRDD[3] at csv at NativeMethodAccessorImpl.java:0) (first 15 tasks are for partitions Vector(0))
[2022-09-09T16:27:30.645+0000] {spark_submit.py:488} INFO - 22/09/09 16:27:30 INFO TaskSchedulerImpl: Adding task set 0.0 with 1 tasks resource profile 0
[2022-09-09T16:27:30.683+0000] {spark_submit.py:488} INFO - 22/09/09 16:27:30 INFO TaskSetManager: Starting task 0.0 in stage 0.0 (TID 0) (dbdbd3f5e7fc, executor driver, partition 0, PROCESS_LOCAL, 4927 bytes) taskResourceAssignments Map()
[2022-09-09T16:27:30.693+0000] {spark_submit.py:488} INFO - 22/09/09 16:27:30 INFO Executor: Running task 0.0 in stage 0.0 (TID 0)
[2022-09-09T16:27:30.793+0000] {spark_submit.py:488} INFO - 22/09/09 16:27:30 INFO FileScanRDD: Reading File path: file:///opt/***/dags/spark_jobs/dados/bronze/ips.csv, range: 0-127668, partition values: [empty row]
[2022-09-09T16:27:30.809+0000] {spark_submit.py:488} INFO - 22/09/09 16:27:30 INFO CodeGenerator: Code generated in 10.9325 ms
[2022-09-09T16:27:30.863+0000] {spark_submit.py:488} INFO - 22/09/09 16:27:30 INFO Executor: Finished task 0.0 in stage 0.0 (TID 0). 1570 bytes result sent to driver
[2022-09-09T16:27:30.870+0000] {spark_submit.py:488} INFO - 22/09/09 16:27:30 INFO TaskSetManager: Finished task 0.0 in stage 0.0 (TID 0) in 195 ms on dbdbd3f5e7fc (executor driver) (1/1)
[2022-09-09T16:27:30.872+0000] {spark_submit.py:488} INFO - 22/09/09 16:27:30 INFO TaskSchedulerImpl: Removed TaskSet 0.0, whose tasks have all completed, from pool
[2022-09-09T16:27:30.877+0000] {spark_submit.py:488} INFO - 22/09/09 16:27:30 INFO DAGScheduler: ResultStage 0 (csv at NativeMethodAccessorImpl.java:0) finished in 0.298 s
[2022-09-09T16:27:30.880+0000] {spark_submit.py:488} INFO - 22/09/09 16:27:30 INFO DAGScheduler: Job 0 is finished. Cancelling potential speculative or zombie tasks for this job
[2022-09-09T16:27:30.880+0000] {spark_submit.py:488} INFO - 22/09/09 16:27:30 INFO TaskSchedulerImpl: Killing all running tasks in stage 0: Stage finished
[2022-09-09T16:27:30.883+0000] {spark_submit.py:488} INFO - 22/09/09 16:27:30 INFO DAGScheduler: Job 0 finished: csv at NativeMethodAccessorImpl.java:0, took 0.332665 s
[2022-09-09T16:27:30.903+0000] {spark_submit.py:488} INFO - 22/09/09 16:27:30 INFO CodeGenerator: Code generated in 8.0024 ms
[2022-09-09T16:27:30.947+0000] {spark_submit.py:488} INFO - 22/09/09 16:27:30 INFO FileSourceStrategy: Pushed Filters:
[2022-09-09T16:27:30.949+0000] {spark_submit.py:488} INFO - 22/09/09 16:27:30 INFO FileSourceStrategy: Post-Scan Filters:
[2022-09-09T16:27:30.950+0000] {spark_submit.py:488} INFO - 22/09/09 16:27:30 INFO FileSourceStrategy: Output Data Schema: struct<value: string>
[2022-09-09T16:27:30.959+0000] {spark_submit.py:488} INFO - 22/09/09 16:27:30 INFO MemoryStore: Block broadcast_2 stored as values in memory (estimated size 199.0 KiB, free 434.0 MiB)
[2022-09-09T16:27:30.969+0000] {spark_submit.py:488} INFO - 22/09/09 16:27:30 INFO MemoryStore: Block broadcast_2_piece0 stored as bytes in memory (estimated size 33.9 KiB, free 433.9 MiB)
[2022-09-09T16:27:30.970+0000] {spark_submit.py:488} INFO - 22/09/09 16:27:30 INFO BlockManagerInfo: Added broadcast_2_piece0 in memory on dbdbd3f5e7fc:33341 (size: 33.9 KiB, free: 434.3 MiB)
[2022-09-09T16:27:30.971+0000] {spark_submit.py:488} INFO - 22/09/09 16:27:30 INFO SparkContext: Created broadcast 2 from csv at NativeMethodAccessorImpl.java:0
[2022-09-09T16:27:30.972+0000] {spark_submit.py:488} INFO - 22/09/09 16:27:30 INFO FileSourceScanExec: Planning scan with bin packing, max size: 4321972 bytes, open cost is considered as scanning 4194304 bytes.
[2022-09-09T16:27:31.023+0000] {spark_submit.py:488} INFO - root
[2022-09-09T16:27:31.023+0000] {spark_submit.py:488} INFO - |-- _c0: string (nullable = true)
[2022-09-09T16:27:31.023+0000] {spark_submit.py:488} INFO - |-- _c1: string (nullable = true)
[2022-09-09T16:27:31.023+0000] {spark_submit.py:488} INFO - |-- _c2: string (nullable = true)
[2022-09-09T16:27:31.023+0000] {spark_submit.py:488} INFO - 
[2022-09-09T16:27:31.023+0000] {spark_submit.py:488} INFO - parte 2
[2022-09-09T16:27:31.064+0000] {spark_submit.py:488} INFO - 22/09/09 16:27:31 INFO SparkContext: Invoking stop() from shutdown hook
[2022-09-09T16:27:31.076+0000] {spark_submit.py:488} INFO - 22/09/09 16:27:31 INFO SparkUI: Stopped Spark web UI at http://dbdbd3f5e7fc:4040
[2022-09-09T16:27:31.087+0000] {spark_submit.py:488} INFO - 22/09/09 16:27:31 INFO MapOutputTrackerMasterEndpoint: MapOutputTrackerMasterEndpoint stopped!
[2022-09-09T16:27:31.096+0000] {spark_submit.py:488} INFO - 22/09/09 16:27:31 INFO MemoryStore: MemoryStore cleared
[2022-09-09T16:27:31.097+0000] {spark_submit.py:488} INFO - 22/09/09 16:27:31 INFO BlockManager: BlockManager stopped
[2022-09-09T16:27:31.110+0000] {spark_submit.py:488} INFO - 22/09/09 16:27:31 INFO BlockManagerMaster: BlockManagerMaster stopped
[2022-09-09T16:27:31.112+0000] {spark_submit.py:488} INFO - 22/09/09 16:27:31 INFO OutputCommitCoordinator$OutputCommitCoordinatorEndpoint: OutputCommitCoordinator stopped!
[2022-09-09T16:27:31.115+0000] {spark_submit.py:488} INFO - 22/09/09 16:27:31 INFO SparkContext: Successfully stopped SparkContext
[2022-09-09T16:27:31.116+0000] {spark_submit.py:488} INFO - 22/09/09 16:27:31 INFO ShutdownHookManager: Shutdown hook called
[2022-09-09T16:27:31.116+0000] {spark_submit.py:488} INFO - 22/09/09 16:27:31 INFO ShutdownHookManager: Deleting directory /tmp/spark-267b9050-7de4-4657-b481-c9917d6688f9
[2022-09-09T16:27:31.119+0000] {spark_submit.py:488} INFO - 22/09/09 16:27:31 INFO ShutdownHookManager: Deleting directory /tmp/spark-85ae2070-c8f2-456e-ad4b-acfdf14a9830
[2022-09-09T16:27:31.122+0000] {spark_submit.py:488} INFO - 22/09/09 16:27:31 INFO ShutdownHookManager: Deleting directory /tmp/spark-267b9050-7de4-4657-b481-c9917d6688f9/pyspark-b9426a4b-7c0b-4b61-90f0-e388f63cd4d2
[2022-09-09T16:27:31.164+0000] {taskinstance.py:1412} INFO - Marking task as SUCCESS. dag_id=Spark, task_id=spark-job, execution_date=20220909T162614, start_date=20220909T162639, end_date=20220909T162731
[2022-09-09T16:27:31.266+0000] {local_task_job.py:156} INFO - Task exited with return code 0
[2022-09-09T16:27:31.366+0000] {local_task_job.py:279} INFO - 0 downstream tasks scheduled from follow-on schedule check
