[2022-09-09T16:11:46.489+0000] {taskinstance.py:1171} INFO - Dependencies all met for <TaskInstance: Spark.spark-job manual__2022-09-09T16:11:43.114708+00:00 [queued]>
[2022-09-09T16:11:46.497+0000] {taskinstance.py:1171} INFO - Dependencies all met for <TaskInstance: Spark.spark-job manual__2022-09-09T16:11:43.114708+00:00 [queued]>
[2022-09-09T16:11:46.497+0000] {taskinstance.py:1368} INFO - 
--------------------------------------------------------------------------------
[2022-09-09T16:11:46.497+0000] {taskinstance.py:1369} INFO - Starting attempt 1 of 1
[2022-09-09T16:11:46.497+0000] {taskinstance.py:1370} INFO - 
--------------------------------------------------------------------------------
[2022-09-09T16:11:46.640+0000] {taskinstance.py:1389} INFO - Executing <Task(SparkSubmitOperator): spark-job> on 2022-09-09 16:11:43.114708+00:00
[2022-09-09T16:11:46.643+0000] {standard_task_runner.py:52} INFO - Started process 329 to run task
[2022-09-09T16:11:46.645+0000] {standard_task_runner.py:79} INFO - Running: ['***', 'tasks', 'run', 'Spark', 'spark-job', 'manual__2022-09-09T16:11:43.114708+00:00', '--job-id', '22', '--raw', '--subdir', 'DAGS_FOLDER/teste_spark.py', '--cfg-path', '/tmp/tmpk0fvtats', '--error-file', '/tmp/tmp5jyuh9_w']
[2022-09-09T16:11:46.646+0000] {standard_task_runner.py:80} INFO - Job 22: Subtask spark-job
[2022-09-09T16:11:46.917+0000] {task_command.py:371} INFO - Running <TaskInstance: Spark.spark-job manual__2022-09-09T16:11:43.114708+00:00 [running]> on host dbdbd3f5e7fc
[2022-09-09T16:11:47.482+0000] {taskinstance.py:1583} INFO - Exporting the following env vars:
AIRFLOW_CTX_DAG_OWNER=juacy
AIRFLOW_CTX_DAG_ID=Spark
AIRFLOW_CTX_TASK_ID=spark-job
AIRFLOW_CTX_EXECUTION_DATE=2022-09-09T16:11:43.114708+00:00
AIRFLOW_CTX_TRY_NUMBER=1
AIRFLOW_CTX_DAG_RUN_ID=manual__2022-09-09T16:11:43.114708+00:00
[2022-09-09T16:11:47.490+0000] {base.py:68} INFO - Using connection ID 'conexao_spark' for task execution.
[2022-09-09T16:11:47.491+0000] {spark_submit.py:335} INFO - Spark-Submit cmd: spark-submit --master spark://fe77514119f4:7077 --name arrow-spark ./dags/spark-app.py
[2022-09-09T16:11:50.010+0000] {spark_submit.py:488} INFO - 22/09/09 16:11:50 INFO SparkContext: Running Spark version 3.3.0
[2022-09-09T16:11:50.060+0000] {spark_submit.py:488} INFO - 22/09/09 16:11:50 WARN NativeCodeLoader: Unable to load native-hadoop library for your platform... using builtin-java classes where applicable
[2022-09-09T16:11:50.129+0000] {spark_submit.py:488} INFO - 22/09/09 16:11:50 INFO ResourceUtils: ==============================================================
[2022-09-09T16:11:50.129+0000] {spark_submit.py:488} INFO - 22/09/09 16:11:50 INFO ResourceUtils: No custom resources configured for spark.driver.
[2022-09-09T16:11:50.130+0000] {spark_submit.py:488} INFO - 22/09/09 16:11:50 INFO ResourceUtils: ==============================================================
[2022-09-09T16:11:50.130+0000] {spark_submit.py:488} INFO - 22/09/09 16:11:50 INFO SparkContext: Submitted application: First App
[2022-09-09T16:11:50.148+0000] {spark_submit.py:488} INFO - 22/09/09 16:11:50 INFO ResourceProfile: Default ResourceProfile created, executor resources: Map(cores -> name: cores, amount: 1, script: , vendor: , memory -> name: memory, amount: 1024, script: , vendor: , offHeap -> name: offHeap, amount: 0, script: , vendor: ), task resources: Map(cpus -> name: cpus, amount: 1.0)
[2022-09-09T16:11:50.159+0000] {spark_submit.py:488} INFO - 22/09/09 16:11:50 INFO ResourceProfile: Limiting resource is cpu
[2022-09-09T16:11:50.160+0000] {spark_submit.py:488} INFO - 22/09/09 16:11:50 INFO ResourceProfileManager: Added ResourceProfile id: 0
[2022-09-09T16:11:50.198+0000] {spark_submit.py:488} INFO - 22/09/09 16:11:50 INFO SecurityManager: Changing view acls to: default
[2022-09-09T16:11:50.199+0000] {spark_submit.py:488} INFO - 22/09/09 16:11:50 INFO SecurityManager: Changing modify acls to: default
[2022-09-09T16:11:50.199+0000] {spark_submit.py:488} INFO - 22/09/09 16:11:50 INFO SecurityManager: Changing view acls groups to:
[2022-09-09T16:11:50.200+0000] {spark_submit.py:488} INFO - 22/09/09 16:11:50 INFO SecurityManager: Changing modify acls groups to:
[2022-09-09T16:11:50.200+0000] {spark_submit.py:488} INFO - 22/09/09 16:11:50 INFO SecurityManager: SecurityManager: authentication disabled; ui acls disabled; users  with view permissions: Set(default); groups with view permissions: Set(); users  with modify permissions: Set(default); groups with modify permissions: Set()
[2022-09-09T16:11:50.401+0000] {spark_submit.py:488} INFO - 22/09/09 16:11:50 INFO Utils: Successfully started service 'sparkDriver' on port 41327.
[2022-09-09T16:11:50.428+0000] {spark_submit.py:488} INFO - 22/09/09 16:11:50 INFO SparkEnv: Registering MapOutputTracker
[2022-09-09T16:11:50.477+0000] {spark_submit.py:488} INFO - 22/09/09 16:11:50 INFO SparkEnv: Registering BlockManagerMaster
[2022-09-09T16:11:50.497+0000] {spark_submit.py:488} INFO - 22/09/09 16:11:50 INFO BlockManagerMasterEndpoint: Using org.apache.spark.storage.DefaultTopologyMapper for getting topology information
[2022-09-09T16:11:50.498+0000] {spark_submit.py:488} INFO - 22/09/09 16:11:50 INFO BlockManagerMasterEndpoint: BlockManagerMasterEndpoint up
[2022-09-09T16:11:50.501+0000] {spark_submit.py:488} INFO - 22/09/09 16:11:50 INFO SparkEnv: Registering BlockManagerMasterHeartbeat
[2022-09-09T16:11:50.521+0000] {spark_submit.py:488} INFO - 22/09/09 16:11:50 INFO DiskBlockManager: Created local directory at /tmp/blockmgr-17e8af37-2d50-40af-bbe7-eb2ed3aca31d
[2022-09-09T16:11:50.538+0000] {spark_submit.py:488} INFO - 22/09/09 16:11:50 INFO MemoryStore: MemoryStore started with capacity 434.4 MiB
[2022-09-09T16:11:50.553+0000] {spark_submit.py:488} INFO - 22/09/09 16:11:50 INFO SparkEnv: Registering OutputCommitCoordinator
[2022-09-09T16:11:50.741+0000] {spark_submit.py:488} INFO - 22/09/09 16:11:50 INFO Utils: Successfully started service 'SparkUI' on port 4040.
[2022-09-09T16:11:50.829+0000] {spark_submit.py:488} INFO - 22/09/09 16:11:50 INFO Executor: Starting executor ID driver on host dbdbd3f5e7fc
[2022-09-09T16:11:50.835+0000] {spark_submit.py:488} INFO - 22/09/09 16:11:50 INFO Executor: Starting executor with user classpath (userClassPathFirst = false): ''
[2022-09-09T16:11:50.850+0000] {spark_submit.py:488} INFO - 22/09/09 16:11:50 INFO Utils: Successfully started service 'org.apache.spark.network.netty.NettyBlockTransferService' on port 32857.
[2022-09-09T16:11:50.850+0000] {spark_submit.py:488} INFO - 22/09/09 16:11:50 INFO NettyBlockTransferService: Server created on dbdbd3f5e7fc:32857
[2022-09-09T16:11:50.852+0000] {spark_submit.py:488} INFO - 22/09/09 16:11:50 INFO BlockManager: Using org.apache.spark.storage.RandomBlockReplicationPolicy for block replication policy
[2022-09-09T16:11:50.857+0000] {spark_submit.py:488} INFO - 22/09/09 16:11:50 INFO BlockManagerMaster: Registering BlockManager BlockManagerId(driver, dbdbd3f5e7fc, 32857, None)
[2022-09-09T16:11:50.860+0000] {spark_submit.py:488} INFO - 22/09/09 16:11:50 INFO BlockManagerMasterEndpoint: Registering block manager dbdbd3f5e7fc:32857 with 434.4 MiB RAM, BlockManagerId(driver, dbdbd3f5e7fc, 32857, None)
[2022-09-09T16:11:50.862+0000] {spark_submit.py:488} INFO - 22/09/09 16:11:50 INFO BlockManagerMaster: Registered BlockManager BlockManagerId(driver, dbdbd3f5e7fc, 32857, None)
[2022-09-09T16:11:50.863+0000] {spark_submit.py:488} INFO - 22/09/09 16:11:50 INFO BlockManager: Initialized BlockManager: BlockManagerId(driver, dbdbd3f5e7fc, 32857, None)
[2022-09-09T16:11:51.047+0000] {spark_submit.py:488} INFO - /home/***/.local/lib/python3.7/site-packages/pyspark/python/lib/pyspark.zip/pyspark/sql/context.py:114: FutureWarning: Deprecated in 3.0.0. Use SparkSession.builder.getOrCreate() instead.
[2022-09-09T16:11:51.416+0000] {spark_submit.py:488} INFO - 22/09/09 16:11:51 INFO SharedState: Setting hive.metastore.warehouse.dir ('null') to the value of spark.sql.warehouse.dir.
[2022-09-09T16:11:51.421+0000] {spark_submit.py:488} INFO - 22/09/09 16:11:51 INFO SharedState: Warehouse path is 'file:/opt/***/spark-warehouse'.
[2022-09-09T16:12:31.427+0000] {spark_submit.py:488} INFO - parte 1
[2022-09-09T16:13:30.596+0000] {spark_submit.py:488} INFO - 22/09/09 16:13:30 INFO FileOutputCommitter: File Output Committer Algorithm version is 1
[2022-09-09T16:13:30.596+0000] {spark_submit.py:488} INFO - 22/09/09 16:13:30 INFO FileOutputCommitter: FileOutputCommitter skip cleanup _temporary folders under output directory:false, ignore cleanup failures: false
[2022-09-09T16:13:30.597+0000] {spark_submit.py:488} INFO - 22/09/09 16:13:30 INFO SQLHadoopMapReduceCommitProtocol: Using output committer class org.apache.hadoop.mapreduce.lib.output.FileOutputCommitter
[2022-09-09T16:13:30.600+0000] {spark_submit.py:488} INFO - 22/09/09 16:13:30 ERROR FileOutputCommitter: Mkdirs failed to create file:/opt/dados/teste.csv/_temporary/0
[2022-09-09T16:13:30.786+0000] {spark_submit.py:488} INFO - 22/09/09 16:13:30 INFO CodeGenerator: Code generated in 140.7272 ms
[2022-09-09T16:13:30.871+0000] {spark_submit.py:488} INFO - 22/09/09 16:13:30 INFO SparkContext: Starting job: csv at NativeMethodAccessorImpl.java:0
[2022-09-09T16:13:30.883+0000] {spark_submit.py:488} INFO - 22/09/09 16:13:30 INFO DAGScheduler: Got job 0 (csv at NativeMethodAccessorImpl.java:0) with 1 output partitions
[2022-09-09T16:13:30.884+0000] {spark_submit.py:488} INFO - 22/09/09 16:13:30 INFO DAGScheduler: Final stage: ResultStage 0 (csv at NativeMethodAccessorImpl.java:0)
[2022-09-09T16:13:30.884+0000] {spark_submit.py:488} INFO - 22/09/09 16:13:30 INFO DAGScheduler: Parents of final stage: List()
[2022-09-09T16:13:30.886+0000] {spark_submit.py:488} INFO - 22/09/09 16:13:30 INFO DAGScheduler: Missing parents: List()
[2022-09-09T16:13:30.889+0000] {spark_submit.py:488} INFO - 22/09/09 16:13:30 INFO DAGScheduler: Submitting ResultStage 0 (MapPartitionsRDD[5] at csv at NativeMethodAccessorImpl.java:0), which has no missing parents
[2022-09-09T16:13:30.980+0000] {spark_submit.py:488} INFO - 22/09/09 16:13:30 INFO MemoryStore: Block broadcast_0 stored as values in memory (estimated size 213.2 KiB, free 434.2 MiB)
[2022-09-09T16:13:31.002+0000] {spark_submit.py:488} INFO - 22/09/09 16:13:31 INFO MemoryStore: Block broadcast_0_piece0 stored as bytes in memory (estimated size 77.4 KiB, free 434.1 MiB)
[2022-09-09T16:13:31.004+0000] {spark_submit.py:488} INFO - 22/09/09 16:13:31 INFO BlockManagerInfo: Added broadcast_0_piece0 in memory on dbdbd3f5e7fc:32857 (size: 77.4 KiB, free: 434.3 MiB)
[2022-09-09T16:13:31.007+0000] {spark_submit.py:488} INFO - 22/09/09 16:13:31 INFO SparkContext: Created broadcast 0 from broadcast at DAGScheduler.scala:1513
[2022-09-09T16:13:31.017+0000] {spark_submit.py:488} INFO - 22/09/09 16:13:31 INFO DAGScheduler: Submitting 1 missing tasks from ResultStage 0 (MapPartitionsRDD[5] at csv at NativeMethodAccessorImpl.java:0) (first 15 tasks are for partitions Vector(0))
[2022-09-09T16:13:31.018+0000] {spark_submit.py:488} INFO - 22/09/09 16:13:31 INFO TaskSchedulerImpl: Adding task set 0.0 with 1 tasks resource profile 0
[2022-09-09T16:13:31.056+0000] {spark_submit.py:488} INFO - 22/09/09 16:13:31 INFO TaskSetManager: Starting task 0.0 in stage 0.0 (TID 0) (dbdbd3f5e7fc, executor driver, partition 0, PROCESS_LOCAL, 4535 bytes) taskResourceAssignments Map()
[2022-09-09T16:13:31.067+0000] {spark_submit.py:488} INFO - 22/09/09 16:13:31 INFO Executor: Running task 0.0 in stage 0.0 (TID 0)
[2022-09-09T16:13:31.901+0000] {spark_submit.py:488} INFO - 22/09/09 16:13:31 INFO FileOutputCommitter: File Output Committer Algorithm version is 1
[2022-09-09T16:13:31.902+0000] {spark_submit.py:488} INFO - 22/09/09 16:13:31 INFO FileOutputCommitter: FileOutputCommitter skip cleanup _temporary folders under output directory:false, ignore cleanup failures: false
[2022-09-09T16:13:31.903+0000] {spark_submit.py:488} INFO - 22/09/09 16:13:31 INFO SQLHadoopMapReduceCommitProtocol: Using output committer class org.apache.hadoop.mapreduce.lib.output.FileOutputCommitter
[2022-09-09T16:13:31.917+0000] {spark_submit.py:488} INFO - 22/09/09 16:13:31 ERROR Executor: Exception in task 0.0 in stage 0.0 (TID 0)
[2022-09-09T16:13:31.917+0000] {spark_submit.py:488} INFO - java.io.IOException: Mkdirs failed to create file:/opt/dados/teste.csv/_temporary/0/_temporary/attempt_202209091613304250170713074720048_0000_m_000000_0 (exists=false, cwd=file:/opt/***)
[2022-09-09T16:13:31.917+0000] {spark_submit.py:488} INFO - at org.apache.hadoop.fs.ChecksumFileSystem.create(ChecksumFileSystem.java:515)
[2022-09-09T16:13:31.917+0000] {spark_submit.py:488} INFO - at org.apache.hadoop.fs.ChecksumFileSystem.create(ChecksumFileSystem.java:500)
[2022-09-09T16:13:31.917+0000] {spark_submit.py:488} INFO - at org.apache.hadoop.fs.FileSystem.create(FileSystem.java:1195)
[2022-09-09T16:13:31.917+0000] {spark_submit.py:488} INFO - at org.apache.hadoop.fs.FileSystem.create(FileSystem.java:1175)
[2022-09-09T16:13:31.918+0000] {spark_submit.py:488} INFO - at org.apache.hadoop.fs.FileSystem.create(FileSystem.java:1064)
[2022-09-09T16:13:31.918+0000] {spark_submit.py:488} INFO - at org.apache.spark.sql.execution.datasources.CodecStreams$.createOutputStream(CodecStreams.scala:81)
[2022-09-09T16:13:31.918+0000] {spark_submit.py:488} INFO - at org.apache.spark.sql.execution.datasources.CodecStreams$.createOutputStreamWriter(CodecStreams.scala:92)
[2022-09-09T16:13:31.918+0000] {spark_submit.py:488} INFO - at org.apache.spark.sql.execution.datasources.csv.CsvOutputWriter.<init>(CsvOutputWriter.scala:38)
[2022-09-09T16:13:31.918+0000] {spark_submit.py:488} INFO - at org.apache.spark.sql.execution.datasources.csv.CSVFileFormat$$anon$1.newInstance(CSVFileFormat.scala:84)
[2022-09-09T16:13:31.918+0000] {spark_submit.py:488} INFO - at org.apache.spark.sql.execution.datasources.SingleDirectoryDataWriter.newOutputWriter(FileFormatDataWriter.scala:161)
[2022-09-09T16:13:31.918+0000] {spark_submit.py:488} INFO - at org.apache.spark.sql.execution.datasources.SingleDirectoryDataWriter.<init>(FileFormatDataWriter.scala:146)
[2022-09-09T16:13:31.918+0000] {spark_submit.py:488} INFO - at org.apache.spark.sql.execution.datasources.FileFormatWriter$.executeTask(FileFormatWriter.scala:317)
[2022-09-09T16:13:31.918+0000] {spark_submit.py:488} INFO - at org.apache.spark.sql.execution.datasources.FileFormatWriter$.$anonfun$write$21(FileFormatWriter.scala:256)
[2022-09-09T16:13:31.918+0000] {spark_submit.py:488} INFO - at org.apache.spark.scheduler.ResultTask.runTask(ResultTask.scala:90)
[2022-09-09T16:13:31.919+0000] {spark_submit.py:488} INFO - at org.apache.spark.scheduler.Task.run(Task.scala:136)
[2022-09-09T16:13:31.919+0000] {spark_submit.py:488} INFO - at org.apache.spark.executor.Executor$TaskRunner.$anonfun$run$3(Executor.scala:548)
[2022-09-09T16:13:31.919+0000] {spark_submit.py:488} INFO - at org.apache.spark.util.Utils$.tryWithSafeFinally(Utils.scala:1504)
[2022-09-09T16:13:31.919+0000] {spark_submit.py:488} INFO - at org.apache.spark.executor.Executor$TaskRunner.run(Executor.scala:551)
[2022-09-09T16:13:31.919+0000] {spark_submit.py:488} INFO - at java.base/java.util.concurrent.ThreadPoolExecutor.runWorker(ThreadPoolExecutor.java:1128)
[2022-09-09T16:13:31.919+0000] {spark_submit.py:488} INFO - at java.base/java.util.concurrent.ThreadPoolExecutor$Worker.run(ThreadPoolExecutor.java:628)
[2022-09-09T16:13:31.919+0000] {spark_submit.py:488} INFO - at java.base/java.lang.Thread.run(Thread.java:829)
[2022-09-09T16:13:31.940+0000] {spark_submit.py:488} INFO - 22/09/09 16:13:31 WARN TaskSetManager: Lost task 0.0 in stage 0.0 (TID 0) (dbdbd3f5e7fc executor driver): java.io.IOException: Mkdirs failed to create file:/opt/dados/teste.csv/_temporary/0/_temporary/attempt_202209091613304250170713074720048_0000_m_000000_0 (exists=false, cwd=file:/opt/***)
[2022-09-09T16:13:31.940+0000] {spark_submit.py:488} INFO - at org.apache.hadoop.fs.ChecksumFileSystem.create(ChecksumFileSystem.java:515)
[2022-09-09T16:13:31.940+0000] {spark_submit.py:488} INFO - at org.apache.hadoop.fs.ChecksumFileSystem.create(ChecksumFileSystem.java:500)
[2022-09-09T16:13:31.940+0000] {spark_submit.py:488} INFO - at org.apache.hadoop.fs.FileSystem.create(FileSystem.java:1195)
[2022-09-09T16:13:31.940+0000] {spark_submit.py:488} INFO - at org.apache.hadoop.fs.FileSystem.create(FileSystem.java:1175)
[2022-09-09T16:13:31.940+0000] {spark_submit.py:488} INFO - at org.apache.hadoop.fs.FileSystem.create(FileSystem.java:1064)
[2022-09-09T16:13:31.941+0000] {spark_submit.py:488} INFO - at org.apache.spark.sql.execution.datasources.CodecStreams$.createOutputStream(CodecStreams.scala:81)
[2022-09-09T16:13:31.941+0000] {spark_submit.py:488} INFO - at org.apache.spark.sql.execution.datasources.CodecStreams$.createOutputStreamWriter(CodecStreams.scala:92)
[2022-09-09T16:13:31.941+0000] {spark_submit.py:488} INFO - at org.apache.spark.sql.execution.datasources.csv.CsvOutputWriter.<init>(CsvOutputWriter.scala:38)
[2022-09-09T16:13:31.941+0000] {spark_submit.py:488} INFO - at org.apache.spark.sql.execution.datasources.csv.CSVFileFormat$$anon$1.newInstance(CSVFileFormat.scala:84)
[2022-09-09T16:13:31.941+0000] {spark_submit.py:488} INFO - at org.apache.spark.sql.execution.datasources.SingleDirectoryDataWriter.newOutputWriter(FileFormatDataWriter.scala:161)
[2022-09-09T16:13:31.941+0000] {spark_submit.py:488} INFO - at org.apache.spark.sql.execution.datasources.SingleDirectoryDataWriter.<init>(FileFormatDataWriter.scala:146)
[2022-09-09T16:13:31.941+0000] {spark_submit.py:488} INFO - at org.apache.spark.sql.execution.datasources.FileFormatWriter$.executeTask(FileFormatWriter.scala:317)
[2022-09-09T16:13:31.941+0000] {spark_submit.py:488} INFO - at org.apache.spark.sql.execution.datasources.FileFormatWriter$.$anonfun$write$21(FileFormatWriter.scala:256)
[2022-09-09T16:13:31.941+0000] {spark_submit.py:488} INFO - at org.apache.spark.scheduler.ResultTask.runTask(ResultTask.scala:90)
[2022-09-09T16:13:31.941+0000] {spark_submit.py:488} INFO - at org.apache.spark.scheduler.Task.run(Task.scala:136)
[2022-09-09T16:13:31.941+0000] {spark_submit.py:488} INFO - at org.apache.spark.executor.Executor$TaskRunner.$anonfun$run$3(Executor.scala:548)
[2022-09-09T16:13:31.941+0000] {spark_submit.py:488} INFO - at org.apache.spark.util.Utils$.tryWithSafeFinally(Utils.scala:1504)
[2022-09-09T16:13:31.942+0000] {spark_submit.py:488} INFO - at org.apache.spark.executor.Executor$TaskRunner.run(Executor.scala:551)
[2022-09-09T16:13:31.942+0000] {spark_submit.py:488} INFO - at java.base/java.util.concurrent.ThreadPoolExecutor.runWorker(ThreadPoolExecutor.java:1128)
[2022-09-09T16:13:31.942+0000] {spark_submit.py:488} INFO - at java.base/java.util.concurrent.ThreadPoolExecutor$Worker.run(ThreadPoolExecutor.java:628)
[2022-09-09T16:13:31.942+0000] {spark_submit.py:488} INFO - at java.base/java.lang.Thread.run(Thread.java:829)
[2022-09-09T16:13:31.942+0000] {spark_submit.py:488} INFO - 
[2022-09-09T16:13:31.942+0000] {spark_submit.py:488} INFO - 22/09/09 16:13:31 ERROR TaskSetManager: Task 0 in stage 0.0 failed 1 times; aborting job
[2022-09-09T16:13:31.943+0000] {spark_submit.py:488} INFO - 22/09/09 16:13:31 INFO TaskSchedulerImpl: Removed TaskSet 0.0, whose tasks have all completed, from pool
[2022-09-09T16:13:31.947+0000] {spark_submit.py:488} INFO - 22/09/09 16:13:31 INFO TaskSchedulerImpl: Cancelling stage 0
[2022-09-09T16:13:31.947+0000] {spark_submit.py:488} INFO - 22/09/09 16:13:31 INFO TaskSchedulerImpl: Killing all running tasks in stage 0: Stage cancelled
[2022-09-09T16:13:31.949+0000] {spark_submit.py:488} INFO - 22/09/09 16:13:31 INFO DAGScheduler: ResultStage 0 (csv at NativeMethodAccessorImpl.java:0) failed in 1.050 s due to Job aborted due to stage failure: Task 0 in stage 0.0 failed 1 times, most recent failure: Lost task 0.0 in stage 0.0 (TID 0) (dbdbd3f5e7fc executor driver): java.io.IOException: Mkdirs failed to create file:/opt/dados/teste.csv/_temporary/0/_temporary/attempt_202209091613304250170713074720048_0000_m_000000_0 (exists=false, cwd=file:/opt/***)
[2022-09-09T16:13:31.949+0000] {spark_submit.py:488} INFO - at org.apache.hadoop.fs.ChecksumFileSystem.create(ChecksumFileSystem.java:515)
[2022-09-09T16:13:31.949+0000] {spark_submit.py:488} INFO - at org.apache.hadoop.fs.ChecksumFileSystem.create(ChecksumFileSystem.java:500)
[2022-09-09T16:13:31.949+0000] {spark_submit.py:488} INFO - at org.apache.hadoop.fs.FileSystem.create(FileSystem.java:1195)
[2022-09-09T16:13:31.950+0000] {spark_submit.py:488} INFO - at org.apache.hadoop.fs.FileSystem.create(FileSystem.java:1175)
[2022-09-09T16:13:31.950+0000] {spark_submit.py:488} INFO - at org.apache.hadoop.fs.FileSystem.create(FileSystem.java:1064)
[2022-09-09T16:13:31.950+0000] {spark_submit.py:488} INFO - at org.apache.spark.sql.execution.datasources.CodecStreams$.createOutputStream(CodecStreams.scala:81)
[2022-09-09T16:13:31.950+0000] {spark_submit.py:488} INFO - at org.apache.spark.sql.execution.datasources.CodecStreams$.createOutputStreamWriter(CodecStreams.scala:92)
[2022-09-09T16:13:31.950+0000] {spark_submit.py:488} INFO - at org.apache.spark.sql.execution.datasources.csv.CsvOutputWriter.<init>(CsvOutputWriter.scala:38)
[2022-09-09T16:13:31.950+0000] {spark_submit.py:488} INFO - at org.apache.spark.sql.execution.datasources.csv.CSVFileFormat$$anon$1.newInstance(CSVFileFormat.scala:84)
[2022-09-09T16:13:31.950+0000] {spark_submit.py:488} INFO - at org.apache.spark.sql.execution.datasources.SingleDirectoryDataWriter.newOutputWriter(FileFormatDataWriter.scala:161)
[2022-09-09T16:13:31.950+0000] {spark_submit.py:488} INFO - at org.apache.spark.sql.execution.datasources.SingleDirectoryDataWriter.<init>(FileFormatDataWriter.scala:146)
[2022-09-09T16:13:31.951+0000] {spark_submit.py:488} INFO - at org.apache.spark.sql.execution.datasources.FileFormatWriter$.executeTask(FileFormatWriter.scala:317)
[2022-09-09T16:13:31.951+0000] {spark_submit.py:488} INFO - at org.apache.spark.sql.execution.datasources.FileFormatWriter$.$anonfun$write$21(FileFormatWriter.scala:256)
[2022-09-09T16:13:31.951+0000] {spark_submit.py:488} INFO - at org.apache.spark.scheduler.ResultTask.runTask(ResultTask.scala:90)
[2022-09-09T16:13:31.951+0000] {spark_submit.py:488} INFO - at org.apache.spark.scheduler.Task.run(Task.scala:136)
[2022-09-09T16:13:31.951+0000] {spark_submit.py:488} INFO - at org.apache.spark.executor.Executor$TaskRunner.$anonfun$run$3(Executor.scala:548)
[2022-09-09T16:13:31.951+0000] {spark_submit.py:488} INFO - at org.apache.spark.util.Utils$.tryWithSafeFinally(Utils.scala:1504)
[2022-09-09T16:13:31.951+0000] {spark_submit.py:488} INFO - at org.apache.spark.executor.Executor$TaskRunner.run(Executor.scala:551)
[2022-09-09T16:13:31.951+0000] {spark_submit.py:488} INFO - at java.base/java.util.concurrent.ThreadPoolExecutor.runWorker(ThreadPoolExecutor.java:1128)
[2022-09-09T16:13:31.951+0000] {spark_submit.py:488} INFO - at java.base/java.util.concurrent.ThreadPoolExecutor$Worker.run(ThreadPoolExecutor.java:628)
[2022-09-09T16:13:31.952+0000] {spark_submit.py:488} INFO - at java.base/java.lang.Thread.run(Thread.java:829)
[2022-09-09T16:13:31.952+0000] {spark_submit.py:488} INFO - 
[2022-09-09T16:13:31.952+0000] {spark_submit.py:488} INFO - Driver stacktrace:
[2022-09-09T16:13:31.952+0000] {spark_submit.py:488} INFO - 22/09/09 16:13:31 INFO DAGScheduler: Job 0 failed: csv at NativeMethodAccessorImpl.java:0, took 1.080499 s
[2022-09-09T16:13:31.954+0000] {spark_submit.py:488} INFO - 22/09/09 16:13:31 ERROR FileFormatWriter: Aborting job 3f5b28cb-90d6-4829-9fb6-e70877e88775.
[2022-09-09T16:13:31.954+0000] {spark_submit.py:488} INFO - org.apache.spark.SparkException: Job aborted due to stage failure: Task 0 in stage 0.0 failed 1 times, most recent failure: Lost task 0.0 in stage 0.0 (TID 0) (dbdbd3f5e7fc executor driver): java.io.IOException: Mkdirs failed to create file:/opt/dados/teste.csv/_temporary/0/_temporary/attempt_202209091613304250170713074720048_0000_m_000000_0 (exists=false, cwd=file:/opt/***)
[2022-09-09T16:13:31.954+0000] {spark_submit.py:488} INFO - at org.apache.hadoop.fs.ChecksumFileSystem.create(ChecksumFileSystem.java:515)
[2022-09-09T16:13:31.954+0000] {spark_submit.py:488} INFO - at org.apache.hadoop.fs.ChecksumFileSystem.create(ChecksumFileSystem.java:500)
[2022-09-09T16:13:31.954+0000] {spark_submit.py:488} INFO - at org.apache.hadoop.fs.FileSystem.create(FileSystem.java:1195)
[2022-09-09T16:13:31.954+0000] {spark_submit.py:488} INFO - at org.apache.hadoop.fs.FileSystem.create(FileSystem.java:1175)
[2022-09-09T16:13:31.954+0000] {spark_submit.py:488} INFO - at org.apache.hadoop.fs.FileSystem.create(FileSystem.java:1064)
[2022-09-09T16:13:31.954+0000] {spark_submit.py:488} INFO - at org.apache.spark.sql.execution.datasources.CodecStreams$.createOutputStream(CodecStreams.scala:81)
[2022-09-09T16:13:31.955+0000] {spark_submit.py:488} INFO - at org.apache.spark.sql.execution.datasources.CodecStreams$.createOutputStreamWriter(CodecStreams.scala:92)
[2022-09-09T16:13:31.955+0000] {spark_submit.py:488} INFO - at org.apache.spark.sql.execution.datasources.csv.CsvOutputWriter.<init>(CsvOutputWriter.scala:38)
[2022-09-09T16:13:31.955+0000] {spark_submit.py:488} INFO - at org.apache.spark.sql.execution.datasources.csv.CSVFileFormat$$anon$1.newInstance(CSVFileFormat.scala:84)
[2022-09-09T16:13:31.955+0000] {spark_submit.py:488} INFO - at org.apache.spark.sql.execution.datasources.SingleDirectoryDataWriter.newOutputWriter(FileFormatDataWriter.scala:161)
[2022-09-09T16:13:31.955+0000] {spark_submit.py:488} INFO - at org.apache.spark.sql.execution.datasources.SingleDirectoryDataWriter.<init>(FileFormatDataWriter.scala:146)
[2022-09-09T16:13:31.955+0000] {spark_submit.py:488} INFO - at org.apache.spark.sql.execution.datasources.FileFormatWriter$.executeTask(FileFormatWriter.scala:317)
[2022-09-09T16:13:31.955+0000] {spark_submit.py:488} INFO - at org.apache.spark.sql.execution.datasources.FileFormatWriter$.$anonfun$write$21(FileFormatWriter.scala:256)
[2022-09-09T16:13:31.955+0000] {spark_submit.py:488} INFO - at org.apache.spark.scheduler.ResultTask.runTask(ResultTask.scala:90)
[2022-09-09T16:13:31.955+0000] {spark_submit.py:488} INFO - at org.apache.spark.scheduler.Task.run(Task.scala:136)
[2022-09-09T16:13:31.955+0000] {spark_submit.py:488} INFO - at org.apache.spark.executor.Executor$TaskRunner.$anonfun$run$3(Executor.scala:548)
[2022-09-09T16:13:31.955+0000] {spark_submit.py:488} INFO - at org.apache.spark.util.Utils$.tryWithSafeFinally(Utils.scala:1504)
[2022-09-09T16:13:31.955+0000] {spark_submit.py:488} INFO - at org.apache.spark.executor.Executor$TaskRunner.run(Executor.scala:551)
[2022-09-09T16:13:31.955+0000] {spark_submit.py:488} INFO - at java.base/java.util.concurrent.ThreadPoolExecutor.runWorker(ThreadPoolExecutor.java:1128)
[2022-09-09T16:13:31.955+0000] {spark_submit.py:488} INFO - at java.base/java.util.concurrent.ThreadPoolExecutor$Worker.run(ThreadPoolExecutor.java:628)
[2022-09-09T16:13:31.955+0000] {spark_submit.py:488} INFO - at java.base/java.lang.Thread.run(Thread.java:829)
[2022-09-09T16:13:31.956+0000] {spark_submit.py:488} INFO - 
[2022-09-09T16:13:31.956+0000] {spark_submit.py:488} INFO - Driver stacktrace:
[2022-09-09T16:13:31.956+0000] {spark_submit.py:488} INFO - at org.apache.spark.scheduler.DAGScheduler.failJobAndIndependentStages(DAGScheduler.scala:2672)
[2022-09-09T16:13:31.956+0000] {spark_submit.py:488} INFO - at org.apache.spark.scheduler.DAGScheduler.$anonfun$abortStage$2(DAGScheduler.scala:2608)
[2022-09-09T16:13:31.956+0000] {spark_submit.py:488} INFO - at org.apache.spark.scheduler.DAGScheduler.$anonfun$abortStage$2$adapted(DAGScheduler.scala:2607)
[2022-09-09T16:13:31.956+0000] {spark_submit.py:488} INFO - at scala.collection.mutable.ResizableArray.foreach(ResizableArray.scala:62)
[2022-09-09T16:13:31.956+0000] {spark_submit.py:488} INFO - at scala.collection.mutable.ResizableArray.foreach$(ResizableArray.scala:55)
[2022-09-09T16:13:31.956+0000] {spark_submit.py:488} INFO - at scala.collection.mutable.ArrayBuffer.foreach(ArrayBuffer.scala:49)
[2022-09-09T16:13:31.956+0000] {spark_submit.py:488} INFO - at org.apache.spark.scheduler.DAGScheduler.abortStage(DAGScheduler.scala:2607)
[2022-09-09T16:13:31.956+0000] {spark_submit.py:488} INFO - at org.apache.spark.scheduler.DAGScheduler.$anonfun$handleTaskSetFailed$1(DAGScheduler.scala:1182)
[2022-09-09T16:13:31.956+0000] {spark_submit.py:488} INFO - at org.apache.spark.scheduler.DAGScheduler.$anonfun$handleTaskSetFailed$1$adapted(DAGScheduler.scala:1182)
[2022-09-09T16:13:31.956+0000] {spark_submit.py:488} INFO - at scala.Option.foreach(Option.scala:407)
[2022-09-09T16:13:31.957+0000] {spark_submit.py:488} INFO - at org.apache.spark.scheduler.DAGScheduler.handleTaskSetFailed(DAGScheduler.scala:1182)
[2022-09-09T16:13:31.957+0000] {spark_submit.py:488} INFO - at org.apache.spark.scheduler.DAGSchedulerEventProcessLoop.doOnReceive(DAGScheduler.scala:2860)
[2022-09-09T16:13:31.957+0000] {spark_submit.py:488} INFO - at org.apache.spark.scheduler.DAGSchedulerEventProcessLoop.onReceive(DAGScheduler.scala:2802)
[2022-09-09T16:13:31.957+0000] {spark_submit.py:488} INFO - at org.apache.spark.scheduler.DAGSchedulerEventProcessLoop.onReceive(DAGScheduler.scala:2791)
[2022-09-09T16:13:31.957+0000] {spark_submit.py:488} INFO - at org.apache.spark.util.EventLoop$$anon$1.run(EventLoop.scala:49)
[2022-09-09T16:13:31.957+0000] {spark_submit.py:488} INFO - at org.apache.spark.scheduler.DAGScheduler.runJob(DAGScheduler.scala:952)
[2022-09-09T16:13:31.957+0000] {spark_submit.py:488} INFO - at org.apache.spark.SparkContext.runJob(SparkContext.scala:2228)
[2022-09-09T16:13:31.957+0000] {spark_submit.py:488} INFO - at org.apache.spark.sql.execution.datasources.FileFormatWriter$.write(FileFormatWriter.scala:245)
[2022-09-09T16:13:31.957+0000] {spark_submit.py:488} INFO - at org.apache.spark.sql.execution.datasources.InsertIntoHadoopFsRelationCommand.run(InsertIntoHadoopFsRelationCommand.scala:186)
[2022-09-09T16:13:31.957+0000] {spark_submit.py:488} INFO - at org.apache.spark.sql.execution.command.DataWritingCommandExec.sideEffectResult$lzycompute(commands.scala:113)
[2022-09-09T16:13:31.957+0000] {spark_submit.py:488} INFO - at org.apache.spark.sql.execution.command.DataWritingCommandExec.sideEffectResult(commands.scala:111)
[2022-09-09T16:13:31.957+0000] {spark_submit.py:488} INFO - at org.apache.spark.sql.execution.command.DataWritingCommandExec.executeCollect(commands.scala:125)
[2022-09-09T16:13:31.957+0000] {spark_submit.py:488} INFO - at org.apache.spark.sql.execution.QueryExecution$$anonfun$eagerlyExecuteCommands$1.$anonfun$applyOrElse$1(QueryExecution.scala:98)
[2022-09-09T16:13:31.957+0000] {spark_submit.py:488} INFO - at org.apache.spark.sql.execution.SQLExecution$.$anonfun$withNewExecutionId$6(SQLExecution.scala:109)
[2022-09-09T16:13:31.957+0000] {spark_submit.py:488} INFO - at org.apache.spark.sql.execution.SQLExecution$.withSQLConfPropagated(SQLExecution.scala:169)
[2022-09-09T16:13:31.958+0000] {spark_submit.py:488} INFO - at org.apache.spark.sql.execution.SQLExecution$.$anonfun$withNewExecutionId$1(SQLExecution.scala:95)
[2022-09-09T16:13:31.958+0000] {spark_submit.py:488} INFO - at org.apache.spark.sql.SparkSession.withActive(SparkSession.scala:779)
[2022-09-09T16:13:31.958+0000] {spark_submit.py:488} INFO - at org.apache.spark.sql.execution.SQLExecution$.withNewExecutionId(SQLExecution.scala:64)
[2022-09-09T16:13:31.958+0000] {spark_submit.py:488} INFO - at org.apache.spark.sql.execution.QueryExecution$$anonfun$eagerlyExecuteCommands$1.applyOrElse(QueryExecution.scala:98)
[2022-09-09T16:13:31.958+0000] {spark_submit.py:488} INFO - at org.apache.spark.sql.execution.QueryExecution$$anonfun$eagerlyExecuteCommands$1.applyOrElse(QueryExecution.scala:94)
[2022-09-09T16:13:31.958+0000] {spark_submit.py:488} INFO - at org.apache.spark.sql.catalyst.trees.TreeNode.$anonfun$transformDownWithPruning$1(TreeNode.scala:584)
[2022-09-09T16:13:31.958+0000] {spark_submit.py:488} INFO - at org.apache.spark.sql.catalyst.trees.CurrentOrigin$.withOrigin(TreeNode.scala:176)
[2022-09-09T16:13:31.958+0000] {spark_submit.py:488} INFO - at org.apache.spark.sql.catalyst.trees.TreeNode.transformDownWithPruning(TreeNode.scala:584)
[2022-09-09T16:13:31.958+0000] {spark_submit.py:488} INFO - at org.apache.spark.sql.catalyst.plans.logical.LogicalPlan.org$apache$spark$sql$catalyst$plans$logical$AnalysisHelper$$super$transformDownWithPruning(LogicalPlan.scala:30)
[2022-09-09T16:13:31.958+0000] {spark_submit.py:488} INFO - at org.apache.spark.sql.catalyst.plans.logical.AnalysisHelper.transformDownWithPruning(AnalysisHelper.scala:267)
[2022-09-09T16:13:31.958+0000] {spark_submit.py:488} INFO - at org.apache.spark.sql.catalyst.plans.logical.AnalysisHelper.transformDownWithPruning$(AnalysisHelper.scala:263)
[2022-09-09T16:13:31.958+0000] {spark_submit.py:488} INFO - at org.apache.spark.sql.catalyst.plans.logical.LogicalPlan.transformDownWithPruning(LogicalPlan.scala:30)
[2022-09-09T16:13:31.958+0000] {spark_submit.py:488} INFO - at org.apache.spark.sql.catalyst.plans.logical.LogicalPlan.transformDownWithPruning(LogicalPlan.scala:30)
[2022-09-09T16:13:31.958+0000] {spark_submit.py:488} INFO - at org.apache.spark.sql.catalyst.trees.TreeNode.transformDown(TreeNode.scala:560)
[2022-09-09T16:13:31.959+0000] {spark_submit.py:488} INFO - at org.apache.spark.sql.execution.QueryExecution.eagerlyExecuteCommands(QueryExecution.scala:94)
[2022-09-09T16:13:31.959+0000] {spark_submit.py:488} INFO - at org.apache.spark.sql.execution.QueryExecution.commandExecuted$lzycompute(QueryExecution.scala:81)
[2022-09-09T16:13:31.959+0000] {spark_submit.py:488} INFO - at org.apache.spark.sql.execution.QueryExecution.commandExecuted(QueryExecution.scala:79)
[2022-09-09T16:13:31.959+0000] {spark_submit.py:488} INFO - at org.apache.spark.sql.execution.QueryExecution.assertCommandExecuted(QueryExecution.scala:116)
[2022-09-09T16:13:31.959+0000] {spark_submit.py:488} INFO - at org.apache.spark.sql.DataFrameWriter.runCommand(DataFrameWriter.scala:860)
[2022-09-09T16:13:31.959+0000] {spark_submit.py:488} INFO - at org.apache.spark.sql.DataFrameWriter.saveToV1Source(DataFrameWriter.scala:390)
[2022-09-09T16:13:31.959+0000] {spark_submit.py:488} INFO - at org.apache.spark.sql.DataFrameWriter.saveInternal(DataFrameWriter.scala:363)
[2022-09-09T16:13:31.959+0000] {spark_submit.py:488} INFO - at org.apache.spark.sql.DataFrameWriter.save(DataFrameWriter.scala:239)
[2022-09-09T16:13:31.959+0000] {spark_submit.py:488} INFO - at org.apache.spark.sql.DataFrameWriter.csv(DataFrameWriter.scala:851)
[2022-09-09T16:13:31.959+0000] {spark_submit.py:488} INFO - at java.base/jdk.internal.reflect.NativeMethodAccessorImpl.invoke0(Native Method)
[2022-09-09T16:13:31.959+0000] {spark_submit.py:488} INFO - at java.base/jdk.internal.reflect.NativeMethodAccessorImpl.invoke(NativeMethodAccessorImpl.java:62)
[2022-09-09T16:13:31.959+0000] {spark_submit.py:488} INFO - at java.base/jdk.internal.reflect.DelegatingMethodAccessorImpl.invoke(DelegatingMethodAccessorImpl.java:43)
[2022-09-09T16:13:31.959+0000] {spark_submit.py:488} INFO - at java.base/java.lang.reflect.Method.invoke(Method.java:566)
[2022-09-09T16:13:31.959+0000] {spark_submit.py:488} INFO - at py4j.reflection.MethodInvoker.invoke(MethodInvoker.java:244)
[2022-09-09T16:13:31.959+0000] {spark_submit.py:488} INFO - at py4j.reflection.ReflectionEngine.invoke(ReflectionEngine.java:357)
[2022-09-09T16:13:31.960+0000] {spark_submit.py:488} INFO - at py4j.Gateway.invoke(Gateway.java:282)
[2022-09-09T16:13:31.960+0000] {spark_submit.py:488} INFO - at py4j.commands.AbstractCommand.invokeMethod(AbstractCommand.java:132)
[2022-09-09T16:13:31.960+0000] {spark_submit.py:488} INFO - at py4j.commands.CallCommand.execute(CallCommand.java:79)
[2022-09-09T16:13:31.960+0000] {spark_submit.py:488} INFO - at py4j.ClientServerConnection.waitForCommands(ClientServerConnection.java:182)
[2022-09-09T16:13:31.960+0000] {spark_submit.py:488} INFO - at py4j.ClientServerConnection.run(ClientServerConnection.java:106)
[2022-09-09T16:13:31.960+0000] {spark_submit.py:488} INFO - at java.base/java.lang.Thread.run(Thread.java:829)
[2022-09-09T16:13:31.960+0000] {spark_submit.py:488} INFO - Caused by: java.io.IOException: Mkdirs failed to create file:/opt/dados/teste.csv/_temporary/0/_temporary/attempt_202209091613304250170713074720048_0000_m_000000_0 (exists=false, cwd=file:/opt/***)
[2022-09-09T16:13:31.960+0000] {spark_submit.py:488} INFO - at org.apache.hadoop.fs.ChecksumFileSystem.create(ChecksumFileSystem.java:515)
[2022-09-09T16:13:31.960+0000] {spark_submit.py:488} INFO - at org.apache.hadoop.fs.ChecksumFileSystem.create(ChecksumFileSystem.java:500)
[2022-09-09T16:13:31.960+0000] {spark_submit.py:488} INFO - at org.apache.hadoop.fs.FileSystem.create(FileSystem.java:1195)
[2022-09-09T16:13:31.960+0000] {spark_submit.py:488} INFO - at org.apache.hadoop.fs.FileSystem.create(FileSystem.java:1175)
[2022-09-09T16:13:31.960+0000] {spark_submit.py:488} INFO - at org.apache.hadoop.fs.FileSystem.create(FileSystem.java:1064)
[2022-09-09T16:13:31.960+0000] {spark_submit.py:488} INFO - at org.apache.spark.sql.execution.datasources.CodecStreams$.createOutputStream(CodecStreams.scala:81)
[2022-09-09T16:13:31.960+0000] {spark_submit.py:488} INFO - at org.apache.spark.sql.execution.datasources.CodecStreams$.createOutputStreamWriter(CodecStreams.scala:92)
[2022-09-09T16:13:31.961+0000] {spark_submit.py:488} INFO - at org.apache.spark.sql.execution.datasources.csv.CsvOutputWriter.<init>(CsvOutputWriter.scala:38)
[2022-09-09T16:13:31.961+0000] {spark_submit.py:488} INFO - at org.apache.spark.sql.execution.datasources.csv.CSVFileFormat$$anon$1.newInstance(CSVFileFormat.scala:84)
[2022-09-09T16:13:31.961+0000] {spark_submit.py:488} INFO - at org.apache.spark.sql.execution.datasources.SingleDirectoryDataWriter.newOutputWriter(FileFormatDataWriter.scala:161)
[2022-09-09T16:13:31.961+0000] {spark_submit.py:488} INFO - at org.apache.spark.sql.execution.datasources.SingleDirectoryDataWriter.<init>(FileFormatDataWriter.scala:146)
[2022-09-09T16:13:31.961+0000] {spark_submit.py:488} INFO - at org.apache.spark.sql.execution.datasources.FileFormatWriter$.executeTask(FileFormatWriter.scala:317)
[2022-09-09T16:13:31.961+0000] {spark_submit.py:488} INFO - at org.apache.spark.sql.execution.datasources.FileFormatWriter$.$anonfun$write$21(FileFormatWriter.scala:256)
[2022-09-09T16:13:31.961+0000] {spark_submit.py:488} INFO - at org.apache.spark.scheduler.ResultTask.runTask(ResultTask.scala:90)
[2022-09-09T16:13:31.961+0000] {spark_submit.py:488} INFO - at org.apache.spark.scheduler.Task.run(Task.scala:136)
[2022-09-09T16:13:31.961+0000] {spark_submit.py:488} INFO - at org.apache.spark.executor.Executor$TaskRunner.$anonfun$run$3(Executor.scala:548)
[2022-09-09T16:13:31.961+0000] {spark_submit.py:488} INFO - at org.apache.spark.util.Utils$.tryWithSafeFinally(Utils.scala:1504)
[2022-09-09T16:13:31.961+0000] {spark_submit.py:488} INFO - at org.apache.spark.executor.Executor$TaskRunner.run(Executor.scala:551)
[2022-09-09T16:13:31.961+0000] {spark_submit.py:488} INFO - at java.base/java.util.concurrent.ThreadPoolExecutor.runWorker(ThreadPoolExecutor.java:1128)
[2022-09-09T16:13:31.961+0000] {spark_submit.py:488} INFO - at java.base/java.util.concurrent.ThreadPoolExecutor$Worker.run(ThreadPoolExecutor.java:628)
[2022-09-09T16:13:31.961+0000] {spark_submit.py:488} INFO - ... 1 more
[2022-09-09T16:13:32.152+0000] {spark_submit.py:488} INFO - 22/09/09 16:13:32 INFO BlockManagerInfo: Removed broadcast_0_piece0 on dbdbd3f5e7fc:32857 in memory (size: 77.4 KiB, free: 434.4 MiB)
[2022-09-09T16:13:32.203+0000] {spark_submit.py:488} INFO - Traceback (most recent call last):
[2022-09-09T16:13:32.204+0000] {spark_submit.py:488} INFO - File "/opt/***/dags/spark-app.py", line 17, in <module>
[2022-09-09T16:13:32.204+0000] {spark_submit.py:488} INFO - df.write.csv('file:///opt/dados/teste.csv')
[2022-09-09T16:13:32.204+0000] {spark_submit.py:488} INFO - File "/home/***/.local/lib/python3.7/site-packages/pyspark/python/lib/pyspark.zip/pyspark/sql/readwriter.py", line 1240, in csv
[2022-09-09T16:13:32.204+0000] {spark_submit.py:488} INFO - File "/home/***/.local/lib/python3.7/site-packages/pyspark/python/lib/py4j-0.10.9.5-src.zip/py4j/java_gateway.py", line 1322, in __call__
[2022-09-09T16:13:32.204+0000] {spark_submit.py:488} INFO - File "/home/***/.local/lib/python3.7/site-packages/pyspark/python/lib/pyspark.zip/pyspark/sql/utils.py", line 190, in deco
[2022-09-09T16:13:32.204+0000] {spark_submit.py:488} INFO - File "/home/***/.local/lib/python3.7/site-packages/pyspark/python/lib/py4j-0.10.9.5-src.zip/py4j/protocol.py", line 328, in get_return_value
[2022-09-09T16:13:32.356+0000] {spark_submit.py:488} INFO - py4j.protocol.Py4JJavaError: An error occurred while calling o44.csv.
[2022-09-09T16:13:32.356+0000] {spark_submit.py:488} INFO - : org.apache.spark.SparkException: Job aborted.
[2022-09-09T16:13:32.356+0000] {spark_submit.py:488} INFO - at org.apache.spark.sql.errors.QueryExecutionErrors$.jobAbortedError(QueryExecutionErrors.scala:638)
[2022-09-09T16:13:32.356+0000] {spark_submit.py:488} INFO - at org.apache.spark.sql.execution.datasources.FileFormatWriter$.write(FileFormatWriter.scala:278)
[2022-09-09T16:13:32.356+0000] {spark_submit.py:488} INFO - at org.apache.spark.sql.execution.datasources.InsertIntoHadoopFsRelationCommand.run(InsertIntoHadoopFsRelationCommand.scala:186)
[2022-09-09T16:13:32.356+0000] {spark_submit.py:488} INFO - at org.apache.spark.sql.execution.command.DataWritingCommandExec.sideEffectResult$lzycompute(commands.scala:113)
[2022-09-09T16:13:32.357+0000] {spark_submit.py:488} INFO - at org.apache.spark.sql.execution.command.DataWritingCommandExec.sideEffectResult(commands.scala:111)
[2022-09-09T16:13:32.357+0000] {spark_submit.py:488} INFO - at org.apache.spark.sql.execution.command.DataWritingCommandExec.executeCollect(commands.scala:125)
[2022-09-09T16:13:32.357+0000] {spark_submit.py:488} INFO - at org.apache.spark.sql.execution.QueryExecution$$anonfun$eagerlyExecuteCommands$1.$anonfun$applyOrElse$1(QueryExecution.scala:98)
[2022-09-09T16:13:32.357+0000] {spark_submit.py:488} INFO - at org.apache.spark.sql.execution.SQLExecution$.$anonfun$withNewExecutionId$6(SQLExecution.scala:109)
[2022-09-09T16:13:32.357+0000] {spark_submit.py:488} INFO - at org.apache.spark.sql.execution.SQLExecution$.withSQLConfPropagated(SQLExecution.scala:169)
[2022-09-09T16:13:32.357+0000] {spark_submit.py:488} INFO - at org.apache.spark.sql.execution.SQLExecution$.$anonfun$withNewExecutionId$1(SQLExecution.scala:95)
[2022-09-09T16:13:32.357+0000] {spark_submit.py:488} INFO - at org.apache.spark.sql.SparkSession.withActive(SparkSession.scala:779)
[2022-09-09T16:13:32.357+0000] {spark_submit.py:488} INFO - at org.apache.spark.sql.execution.SQLExecution$.withNewExecutionId(SQLExecution.scala:64)
[2022-09-09T16:13:32.357+0000] {spark_submit.py:488} INFO - at org.apache.spark.sql.execution.QueryExecution$$anonfun$eagerlyExecuteCommands$1.applyOrElse(QueryExecution.scala:98)
[2022-09-09T16:13:32.357+0000] {spark_submit.py:488} INFO - at org.apache.spark.sql.execution.QueryExecution$$anonfun$eagerlyExecuteCommands$1.applyOrElse(QueryExecution.scala:94)
[2022-09-09T16:13:32.357+0000] {spark_submit.py:488} INFO - at org.apache.spark.sql.catalyst.trees.TreeNode.$anonfun$transformDownWithPruning$1(TreeNode.scala:584)
[2022-09-09T16:13:32.357+0000] {spark_submit.py:488} INFO - at org.apache.spark.sql.catalyst.trees.CurrentOrigin$.withOrigin(TreeNode.scala:176)
[2022-09-09T16:13:32.357+0000] {spark_submit.py:488} INFO - at org.apache.spark.sql.catalyst.trees.TreeNode.transformDownWithPruning(TreeNode.scala:584)
[2022-09-09T16:13:32.357+0000] {spark_submit.py:488} INFO - at org.apache.spark.sql.catalyst.plans.logical.LogicalPlan.org$apache$spark$sql$catalyst$plans$logical$AnalysisHelper$$super$transformDownWithPruning(LogicalPlan.scala:30)
[2022-09-09T16:13:32.358+0000] {spark_submit.py:488} INFO - at org.apache.spark.sql.catalyst.plans.logical.AnalysisHelper.transformDownWithPruning(AnalysisHelper.scala:267)
[2022-09-09T16:13:32.358+0000] {spark_submit.py:488} INFO - at org.apache.spark.sql.catalyst.plans.logical.AnalysisHelper.transformDownWithPruning$(AnalysisHelper.scala:263)
[2022-09-09T16:13:32.358+0000] {spark_submit.py:488} INFO - at org.apache.spark.sql.catalyst.plans.logical.LogicalPlan.transformDownWithPruning(LogicalPlan.scala:30)
[2022-09-09T16:13:32.358+0000] {spark_submit.py:488} INFO - at org.apache.spark.sql.catalyst.plans.logical.LogicalPlan.transformDownWithPruning(LogicalPlan.scala:30)
[2022-09-09T16:13:32.358+0000] {spark_submit.py:488} INFO - at org.apache.spark.sql.catalyst.trees.TreeNode.transformDown(TreeNode.scala:560)
[2022-09-09T16:13:32.358+0000] {spark_submit.py:488} INFO - at org.apache.spark.sql.execution.QueryExecution.eagerlyExecuteCommands(QueryExecution.scala:94)
[2022-09-09T16:13:32.358+0000] {spark_submit.py:488} INFO - at org.apache.spark.sql.execution.QueryExecution.commandExecuted$lzycompute(QueryExecution.scala:81)
[2022-09-09T16:13:32.358+0000] {spark_submit.py:488} INFO - at org.apache.spark.sql.execution.QueryExecution.commandExecuted(QueryExecution.scala:79)
[2022-09-09T16:13:32.358+0000] {spark_submit.py:488} INFO - at org.apache.spark.sql.execution.QueryExecution.assertCommandExecuted(QueryExecution.scala:116)
[2022-09-09T16:13:32.358+0000] {spark_submit.py:488} INFO - at org.apache.spark.sql.DataFrameWriter.runCommand(DataFrameWriter.scala:860)
[2022-09-09T16:13:32.358+0000] {spark_submit.py:488} INFO - at org.apache.spark.sql.DataFrameWriter.saveToV1Source(DataFrameWriter.scala:390)
[2022-09-09T16:13:32.358+0000] {spark_submit.py:488} INFO - at org.apache.spark.sql.DataFrameWriter.saveInternal(DataFrameWriter.scala:363)
[2022-09-09T16:13:32.358+0000] {spark_submit.py:488} INFO - at org.apache.spark.sql.DataFrameWriter.save(DataFrameWriter.scala:239)
[2022-09-09T16:13:32.358+0000] {spark_submit.py:488} INFO - at org.apache.spark.sql.DataFrameWriter.csv(DataFrameWriter.scala:851)
[2022-09-09T16:13:32.359+0000] {spark_submit.py:488} INFO - at java.base/jdk.internal.reflect.NativeMethodAccessorImpl.invoke0(Native Method)
[2022-09-09T16:13:32.359+0000] {spark_submit.py:488} INFO - at java.base/jdk.internal.reflect.NativeMethodAccessorImpl.invoke(NativeMethodAccessorImpl.java:62)
[2022-09-09T16:13:32.359+0000] {spark_submit.py:488} INFO - at java.base/jdk.internal.reflect.DelegatingMethodAccessorImpl.invoke(DelegatingMethodAccessorImpl.java:43)
[2022-09-09T16:13:32.359+0000] {spark_submit.py:488} INFO - at java.base/java.lang.reflect.Method.invoke(Method.java:566)
[2022-09-09T16:13:32.359+0000] {spark_submit.py:488} INFO - at py4j.reflection.MethodInvoker.invoke(MethodInvoker.java:244)
[2022-09-09T16:13:32.359+0000] {spark_submit.py:488} INFO - at py4j.reflection.ReflectionEngine.invoke(ReflectionEngine.java:357)
[2022-09-09T16:13:32.359+0000] {spark_submit.py:488} INFO - at py4j.Gateway.invoke(Gateway.java:282)
[2022-09-09T16:13:32.359+0000] {spark_submit.py:488} INFO - at py4j.commands.AbstractCommand.invokeMethod(AbstractCommand.java:132)
[2022-09-09T16:13:32.359+0000] {spark_submit.py:488} INFO - at py4j.commands.CallCommand.execute(CallCommand.java:79)
[2022-09-09T16:13:32.359+0000] {spark_submit.py:488} INFO - at py4j.ClientServerConnection.waitForCommands(ClientServerConnection.java:182)
[2022-09-09T16:13:32.359+0000] {spark_submit.py:488} INFO - at py4j.ClientServerConnection.run(ClientServerConnection.java:106)
[2022-09-09T16:13:32.359+0000] {spark_submit.py:488} INFO - at java.base/java.lang.Thread.run(Thread.java:829)
[2022-09-09T16:13:32.359+0000] {spark_submit.py:488} INFO - Caused by: org.apache.spark.SparkException: Job aborted due to stage failure: Task 0 in stage 0.0 failed 1 times, most recent failure: Lost task 0.0 in stage 0.0 (TID 0) (dbdbd3f5e7fc executor driver): java.io.IOException: Mkdirs failed to create file:/opt/dados/teste.csv/_temporary/0/_temporary/attempt_202209091613304250170713074720048_0000_m_000000_0 (exists=false, cwd=file:/opt/***)
[2022-09-09T16:13:32.359+0000] {spark_submit.py:488} INFO - at org.apache.hadoop.fs.ChecksumFileSystem.create(ChecksumFileSystem.java:515)
[2022-09-09T16:13:32.360+0000] {spark_submit.py:488} INFO - at org.apache.hadoop.fs.ChecksumFileSystem.create(ChecksumFileSystem.java:500)
[2022-09-09T16:13:32.360+0000] {spark_submit.py:488} INFO - at org.apache.hadoop.fs.FileSystem.create(FileSystem.java:1195)
[2022-09-09T16:13:32.360+0000] {spark_submit.py:488} INFO - at org.apache.hadoop.fs.FileSystem.create(FileSystem.java:1175)
[2022-09-09T16:13:32.360+0000] {spark_submit.py:488} INFO - at org.apache.hadoop.fs.FileSystem.create(FileSystem.java:1064)
[2022-09-09T16:13:32.360+0000] {spark_submit.py:488} INFO - at org.apache.spark.sql.execution.datasources.CodecStreams$.createOutputStream(CodecStreams.scala:81)
[2022-09-09T16:13:32.360+0000] {spark_submit.py:488} INFO - at org.apache.spark.sql.execution.datasources.CodecStreams$.createOutputStreamWriter(CodecStreams.scala:92)
[2022-09-09T16:13:32.360+0000] {spark_submit.py:488} INFO - at org.apache.spark.sql.execution.datasources.csv.CsvOutputWriter.<init>(CsvOutputWriter.scala:38)
[2022-09-09T16:13:32.360+0000] {spark_submit.py:488} INFO - at org.apache.spark.sql.execution.datasources.csv.CSVFileFormat$$anon$1.newInstance(CSVFileFormat.scala:84)
[2022-09-09T16:13:32.360+0000] {spark_submit.py:488} INFO - at org.apache.spark.sql.execution.datasources.SingleDirectoryDataWriter.newOutputWriter(FileFormatDataWriter.scala:161)
[2022-09-09T16:13:32.360+0000] {spark_submit.py:488} INFO - at org.apache.spark.sql.execution.datasources.SingleDirectoryDataWriter.<init>(FileFormatDataWriter.scala:146)
[2022-09-09T16:13:32.360+0000] {spark_submit.py:488} INFO - at org.apache.spark.sql.execution.datasources.FileFormatWriter$.executeTask(FileFormatWriter.scala:317)
[2022-09-09T16:13:32.360+0000] {spark_submit.py:488} INFO - at org.apache.spark.sql.execution.datasources.FileFormatWriter$.$anonfun$write$21(FileFormatWriter.scala:256)
[2022-09-09T16:13:32.360+0000] {spark_submit.py:488} INFO - at org.apache.spark.scheduler.ResultTask.runTask(ResultTask.scala:90)
[2022-09-09T16:13:32.360+0000] {spark_submit.py:488} INFO - at org.apache.spark.scheduler.Task.run(Task.scala:136)
[2022-09-09T16:13:32.361+0000] {spark_submit.py:488} INFO - at org.apache.spark.executor.Executor$TaskRunner.$anonfun$run$3(Executor.scala:548)
[2022-09-09T16:13:32.361+0000] {spark_submit.py:488} INFO - at org.apache.spark.util.Utils$.tryWithSafeFinally(Utils.scala:1504)
[2022-09-09T16:13:32.361+0000] {spark_submit.py:488} INFO - at org.apache.spark.executor.Executor$TaskRunner.run(Executor.scala:551)
[2022-09-09T16:13:32.361+0000] {spark_submit.py:488} INFO - at java.base/java.util.concurrent.ThreadPoolExecutor.runWorker(ThreadPoolExecutor.java:1128)
[2022-09-09T16:13:32.361+0000] {spark_submit.py:488} INFO - at java.base/java.util.concurrent.ThreadPoolExecutor$Worker.run(ThreadPoolExecutor.java:628)
[2022-09-09T16:13:32.361+0000] {spark_submit.py:488} INFO - at java.base/java.lang.Thread.run(Thread.java:829)
[2022-09-09T16:13:32.361+0000] {spark_submit.py:488} INFO - 
[2022-09-09T16:13:32.361+0000] {spark_submit.py:488} INFO - Driver stacktrace:
[2022-09-09T16:13:32.361+0000] {spark_submit.py:488} INFO - at org.apache.spark.scheduler.DAGScheduler.failJobAndIndependentStages(DAGScheduler.scala:2672)
[2022-09-09T16:13:32.361+0000] {spark_submit.py:488} INFO - at org.apache.spark.scheduler.DAGScheduler.$anonfun$abortStage$2(DAGScheduler.scala:2608)
[2022-09-09T16:13:32.361+0000] {spark_submit.py:488} INFO - at org.apache.spark.scheduler.DAGScheduler.$anonfun$abortStage$2$adapted(DAGScheduler.scala:2607)
[2022-09-09T16:13:32.361+0000] {spark_submit.py:488} INFO - at scala.collection.mutable.ResizableArray.foreach(ResizableArray.scala:62)
[2022-09-09T16:13:32.361+0000] {spark_submit.py:488} INFO - at scala.collection.mutable.ResizableArray.foreach$(ResizableArray.scala:55)
[2022-09-09T16:13:32.361+0000] {spark_submit.py:488} INFO - at scala.collection.mutable.ArrayBuffer.foreach(ArrayBuffer.scala:49)
[2022-09-09T16:13:32.362+0000] {spark_submit.py:488} INFO - at org.apache.spark.scheduler.DAGScheduler.abortStage(DAGScheduler.scala:2607)
[2022-09-09T16:13:32.362+0000] {spark_submit.py:488} INFO - at org.apache.spark.scheduler.DAGScheduler.$anonfun$handleTaskSetFailed$1(DAGScheduler.scala:1182)
[2022-09-09T16:13:32.362+0000] {spark_submit.py:488} INFO - at org.apache.spark.scheduler.DAGScheduler.$anonfun$handleTaskSetFailed$1$adapted(DAGScheduler.scala:1182)
[2022-09-09T16:13:32.362+0000] {spark_submit.py:488} INFO - at scala.Option.foreach(Option.scala:407)
[2022-09-09T16:13:32.362+0000] {spark_submit.py:488} INFO - at org.apache.spark.scheduler.DAGScheduler.handleTaskSetFailed(DAGScheduler.scala:1182)
[2022-09-09T16:13:32.362+0000] {spark_submit.py:488} INFO - at org.apache.spark.scheduler.DAGSchedulerEventProcessLoop.doOnReceive(DAGScheduler.scala:2860)
[2022-09-09T16:13:32.362+0000] {spark_submit.py:488} INFO - at org.apache.spark.scheduler.DAGSchedulerEventProcessLoop.onReceive(DAGScheduler.scala:2802)
[2022-09-09T16:13:32.362+0000] {spark_submit.py:488} INFO - at org.apache.spark.scheduler.DAGSchedulerEventProcessLoop.onReceive(DAGScheduler.scala:2791)
[2022-09-09T16:13:32.362+0000] {spark_submit.py:488} INFO - at org.apache.spark.util.EventLoop$$anon$1.run(EventLoop.scala:49)
[2022-09-09T16:13:32.362+0000] {spark_submit.py:488} INFO - at org.apache.spark.scheduler.DAGScheduler.runJob(DAGScheduler.scala:952)
[2022-09-09T16:13:32.362+0000] {spark_submit.py:488} INFO - at org.apache.spark.SparkContext.runJob(SparkContext.scala:2228)
[2022-09-09T16:13:32.362+0000] {spark_submit.py:488} INFO - at org.apache.spark.sql.execution.datasources.FileFormatWriter$.write(FileFormatWriter.scala:245)
[2022-09-09T16:13:32.362+0000] {spark_submit.py:488} INFO - ... 42 more
[2022-09-09T16:13:32.362+0000] {spark_submit.py:488} INFO - Caused by: java.io.IOException: Mkdirs failed to create file:/opt/dados/teste.csv/_temporary/0/_temporary/attempt_202209091613304250170713074720048_0000_m_000000_0 (exists=false, cwd=file:/opt/***)
[2022-09-09T16:13:32.363+0000] {spark_submit.py:488} INFO - at org.apache.hadoop.fs.ChecksumFileSystem.create(ChecksumFileSystem.java:515)
[2022-09-09T16:13:32.363+0000] {spark_submit.py:488} INFO - at org.apache.hadoop.fs.ChecksumFileSystem.create(ChecksumFileSystem.java:500)
[2022-09-09T16:13:32.363+0000] {spark_submit.py:488} INFO - at org.apache.hadoop.fs.FileSystem.create(FileSystem.java:1195)
[2022-09-09T16:13:32.363+0000] {spark_submit.py:488} INFO - at org.apache.hadoop.fs.FileSystem.create(FileSystem.java:1175)
[2022-09-09T16:13:32.363+0000] {spark_submit.py:488} INFO - at org.apache.hadoop.fs.FileSystem.create(FileSystem.java:1064)
[2022-09-09T16:13:32.363+0000] {spark_submit.py:488} INFO - at org.apache.spark.sql.execution.datasources.CodecStreams$.createOutputStream(CodecStreams.scala:81)
[2022-09-09T16:13:32.363+0000] {spark_submit.py:488} INFO - at org.apache.spark.sql.execution.datasources.CodecStreams$.createOutputStreamWriter(CodecStreams.scala:92)
[2022-09-09T16:13:32.363+0000] {spark_submit.py:488} INFO - at org.apache.spark.sql.execution.datasources.csv.CsvOutputWriter.<init>(CsvOutputWriter.scala:38)
[2022-09-09T16:13:32.363+0000] {spark_submit.py:488} INFO - at org.apache.spark.sql.execution.datasources.csv.CSVFileFormat$$anon$1.newInstance(CSVFileFormat.scala:84)
[2022-09-09T16:13:32.363+0000] {spark_submit.py:488} INFO - at org.apache.spark.sql.execution.datasources.SingleDirectoryDataWriter.newOutputWriter(FileFormatDataWriter.scala:161)
[2022-09-09T16:13:32.363+0000] {spark_submit.py:488} INFO - at org.apache.spark.sql.execution.datasources.SingleDirectoryDataWriter.<init>(FileFormatDataWriter.scala:146)
[2022-09-09T16:13:32.363+0000] {spark_submit.py:488} INFO - at org.apache.spark.sql.execution.datasources.FileFormatWriter$.executeTask(FileFormatWriter.scala:317)
[2022-09-09T16:13:32.363+0000] {spark_submit.py:488} INFO - at org.apache.spark.sql.execution.datasources.FileFormatWriter$.$anonfun$write$21(FileFormatWriter.scala:256)
[2022-09-09T16:13:32.363+0000] {spark_submit.py:488} INFO - at org.apache.spark.scheduler.ResultTask.runTask(ResultTask.scala:90)
[2022-09-09T16:13:32.364+0000] {spark_submit.py:488} INFO - at org.apache.spark.scheduler.Task.run(Task.scala:136)
[2022-09-09T16:13:32.364+0000] {spark_submit.py:488} INFO - at org.apache.spark.executor.Executor$TaskRunner.$anonfun$run$3(Executor.scala:548)
[2022-09-09T16:13:32.364+0000] {spark_submit.py:488} INFO - at org.apache.spark.util.Utils$.tryWithSafeFinally(Utils.scala:1504)
[2022-09-09T16:13:32.364+0000] {spark_submit.py:488} INFO - at org.apache.spark.executor.Executor$TaskRunner.run(Executor.scala:551)
[2022-09-09T16:13:32.364+0000] {spark_submit.py:488} INFO - at java.base/java.util.concurrent.ThreadPoolExecutor.runWorker(ThreadPoolExecutor.java:1128)
[2022-09-09T16:13:32.364+0000] {spark_submit.py:488} INFO - at java.base/java.util.concurrent.ThreadPoolExecutor$Worker.run(ThreadPoolExecutor.java:628)
[2022-09-09T16:13:32.364+0000] {spark_submit.py:488} INFO - ... 1 more
[2022-09-09T16:13:32.364+0000] {spark_submit.py:488} INFO - 
[2022-09-09T16:13:32.416+0000] {spark_submit.py:488} INFO - 22/09/09 16:13:32 INFO SparkContext: Invoking stop() from shutdown hook
[2022-09-09T16:13:32.426+0000] {spark_submit.py:488} INFO - 22/09/09 16:13:32 INFO SparkUI: Stopped Spark web UI at http://dbdbd3f5e7fc:4040
[2022-09-09T16:13:32.440+0000] {spark_submit.py:488} INFO - 22/09/09 16:13:32 INFO MapOutputTrackerMasterEndpoint: MapOutputTrackerMasterEndpoint stopped!
[2022-09-09T16:13:32.449+0000] {spark_submit.py:488} INFO - 22/09/09 16:13:32 INFO MemoryStore: MemoryStore cleared
[2022-09-09T16:13:32.449+0000] {spark_submit.py:488} INFO - 22/09/09 16:13:32 INFO BlockManager: BlockManager stopped
[2022-09-09T16:13:32.452+0000] {spark_submit.py:488} INFO - 22/09/09 16:13:32 INFO BlockManagerMaster: BlockManagerMaster stopped
[2022-09-09T16:13:32.455+0000] {spark_submit.py:488} INFO - 22/09/09 16:13:32 INFO OutputCommitCoordinator$OutputCommitCoordinatorEndpoint: OutputCommitCoordinator stopped!
[2022-09-09T16:13:32.459+0000] {spark_submit.py:488} INFO - 22/09/09 16:13:32 INFO SparkContext: Successfully stopped SparkContext
[2022-09-09T16:13:32.459+0000] {spark_submit.py:488} INFO - 22/09/09 16:13:32 INFO ShutdownHookManager: Shutdown hook called
[2022-09-09T16:13:32.459+0000] {spark_submit.py:488} INFO - 22/09/09 16:13:32 INFO ShutdownHookManager: Deleting directory /tmp/spark-b42d3999-2f97-4fce-b88d-a6a70e0f50c3/pyspark-eae7fa47-93fb-48fd-b268-bb18c15c3031
[2022-09-09T16:13:32.462+0000] {spark_submit.py:488} INFO - 22/09/09 16:13:32 INFO ShutdownHookManager: Deleting directory /tmp/spark-fd7f3623-e49e-4302-9669-77ebfab713b8
[2022-09-09T16:13:32.465+0000] {spark_submit.py:488} INFO - 22/09/09 16:13:32 INFO ShutdownHookManager: Deleting directory /tmp/spark-b42d3999-2f97-4fce-b88d-a6a70e0f50c3
[2022-09-09T16:13:32.515+0000] {taskinstance.py:1902} ERROR - Task failed with exception
Traceback (most recent call last):
  File "/home/airflow/.local/lib/python3.7/site-packages/airflow/providers/apache/spark/operators/spark_submit.py", line 157, in execute
    self._hook.submit(self._application)
  File "/home/airflow/.local/lib/python3.7/site-packages/airflow/providers/apache/spark/hooks/spark_submit.py", line 420, in submit
    f"Cannot execute: {self._mask_cmd(spark_submit_cmd)}. Error code is: {returncode}."
airflow.exceptions.AirflowException: Cannot execute: spark-submit --master spark://fe77514119f4:7077 --name arrow-spark ./dags/spark-app.py. Error code is: 1.
[2022-09-09T16:13:32.518+0000] {taskinstance.py:1412} INFO - Marking task as FAILED. dag_id=Spark, task_id=spark-job, execution_date=20220909T161143, start_date=20220909T161146, end_date=20220909T161332
[2022-09-09T16:13:32.860+0000] {standard_task_runner.py:97} ERROR - Failed to execute job 22 for task spark-job (Cannot execute: spark-submit --master spark://fe77514119f4:7077 --name arrow-spark ./dags/spark-app.py. Error code is: 1.; 329)
[2022-09-09T16:13:32.889+0000] {local_task_job.py:156} INFO - Task exited with return code 1
[2022-09-09T16:13:33.460+0000] {local_task_job.py:279} INFO - 0 downstream tasks scheduled from follow-on schedule check
