[2022-09-09T16:25:01.240+0000] {taskinstance.py:1171} INFO - Dependencies all met for <TaskInstance: Spark.spark-job manual__2022-09-09T16:24:58.069280+00:00 [queued]>
[2022-09-09T16:25:01.249+0000] {taskinstance.py:1171} INFO - Dependencies all met for <TaskInstance: Spark.spark-job manual__2022-09-09T16:24:58.069280+00:00 [queued]>
[2022-09-09T16:25:01.249+0000] {taskinstance.py:1368} INFO - 
--------------------------------------------------------------------------------
[2022-09-09T16:25:01.250+0000] {taskinstance.py:1369} INFO - Starting attempt 1 of 1
[2022-09-09T16:25:01.250+0000] {taskinstance.py:1370} INFO - 
--------------------------------------------------------------------------------
[2022-09-09T16:25:01.367+0000] {taskinstance.py:1389} INFO - Executing <Task(SparkSubmitOperator): spark-job> on 2022-09-09 16:24:58.069280+00:00
[2022-09-09T16:25:01.377+0000] {standard_task_runner.py:52} INFO - Started process 1220 to run task
[2022-09-09T16:25:01.386+0000] {standard_task_runner.py:79} INFO - Running: ['***', 'tasks', 'run', 'Spark', 'spark-job', 'manual__2022-09-09T16:24:58.069280+00:00', '--job-id', '25', '--raw', '--subdir', 'DAGS_FOLDER/teste_spark.py', '--cfg-path', '/tmp/tmps6t8ouds', '--error-file', '/tmp/tmpuvy55cty']
[2022-09-09T16:25:01.388+0000] {standard_task_runner.py:80} INFO - Job 25: Subtask spark-job
[2022-09-09T16:25:01.609+0000] {task_command.py:371} INFO - Running <TaskInstance: Spark.spark-job manual__2022-09-09T16:24:58.069280+00:00 [running]> on host dbdbd3f5e7fc
[2022-09-09T16:25:01.803+0000] {taskinstance.py:1583} INFO - Exporting the following env vars:
AIRFLOW_CTX_DAG_OWNER=juacy
AIRFLOW_CTX_DAG_ID=Spark
AIRFLOW_CTX_TASK_ID=spark-job
AIRFLOW_CTX_EXECUTION_DATE=2022-09-09T16:24:58.069280+00:00
AIRFLOW_CTX_TRY_NUMBER=1
AIRFLOW_CTX_DAG_RUN_ID=manual__2022-09-09T16:24:58.069280+00:00
[2022-09-09T16:25:01.811+0000] {base.py:68} INFO - Using connection ID 'conexao_spark' for task execution.
[2022-09-09T16:25:01.812+0000] {spark_submit.py:335} INFO - Spark-Submit cmd: spark-submit --master spark://fe77514119f4:7077 --name arrow-spark ./dags/spark-app.py
[2022-09-09T16:25:04.574+0000] {spark_submit.py:488} INFO - 22/09/09 16:25:04 INFO SparkContext: Running Spark version 3.3.0
[2022-09-09T16:25:04.623+0000] {spark_submit.py:488} INFO - 22/09/09 16:25:04 WARN NativeCodeLoader: Unable to load native-hadoop library for your platform... using builtin-java classes where applicable
[2022-09-09T16:25:04.700+0000] {spark_submit.py:488} INFO - 22/09/09 16:25:04 INFO ResourceUtils: ==============================================================
[2022-09-09T16:25:04.701+0000] {spark_submit.py:488} INFO - 22/09/09 16:25:04 INFO ResourceUtils: No custom resources configured for spark.driver.
[2022-09-09T16:25:04.701+0000] {spark_submit.py:488} INFO - 22/09/09 16:25:04 INFO ResourceUtils: ==============================================================
[2022-09-09T16:25:04.701+0000] {spark_submit.py:488} INFO - 22/09/09 16:25:04 INFO SparkContext: Submitted application: First App
[2022-09-09T16:25:04.719+0000] {spark_submit.py:488} INFO - 22/09/09 16:25:04 INFO ResourceProfile: Default ResourceProfile created, executor resources: Map(cores -> name: cores, amount: 1, script: , vendor: , memory -> name: memory, amount: 1024, script: , vendor: , offHeap -> name: offHeap, amount: 0, script: , vendor: ), task resources: Map(cpus -> name: cpus, amount: 1.0)
[2022-09-09T16:25:04.731+0000] {spark_submit.py:488} INFO - 22/09/09 16:25:04 INFO ResourceProfile: Limiting resource is cpu
[2022-09-09T16:25:04.732+0000] {spark_submit.py:488} INFO - 22/09/09 16:25:04 INFO ResourceProfileManager: Added ResourceProfile id: 0
[2022-09-09T16:25:04.772+0000] {spark_submit.py:488} INFO - 22/09/09 16:25:04 INFO SecurityManager: Changing view acls to: default
[2022-09-09T16:25:04.772+0000] {spark_submit.py:488} INFO - 22/09/09 16:25:04 INFO SecurityManager: Changing modify acls to: default
[2022-09-09T16:25:04.772+0000] {spark_submit.py:488} INFO - 22/09/09 16:25:04 INFO SecurityManager: Changing view acls groups to:
[2022-09-09T16:25:04.773+0000] {spark_submit.py:488} INFO - 22/09/09 16:25:04 INFO SecurityManager: Changing modify acls groups to:
[2022-09-09T16:25:04.773+0000] {spark_submit.py:488} INFO - 22/09/09 16:25:04 INFO SecurityManager: SecurityManager: authentication disabled; ui acls disabled; users  with view permissions: Set(default); groups with view permissions: Set(); users  with modify permissions: Set(default); groups with modify permissions: Set()
[2022-09-09T16:25:04.992+0000] {spark_submit.py:488} INFO - 22/09/09 16:25:04 INFO Utils: Successfully started service 'sparkDriver' on port 33213.
[2022-09-09T16:25:05.019+0000] {spark_submit.py:488} INFO - 22/09/09 16:25:05 INFO SparkEnv: Registering MapOutputTracker
[2022-09-09T16:25:05.049+0000] {spark_submit.py:488} INFO - 22/09/09 16:25:05 INFO SparkEnv: Registering BlockManagerMaster
[2022-09-09T16:25:05.065+0000] {spark_submit.py:488} INFO - 22/09/09 16:25:05 INFO BlockManagerMasterEndpoint: Using org.apache.spark.storage.DefaultTopologyMapper for getting topology information
[2022-09-09T16:25:05.066+0000] {spark_submit.py:488} INFO - 22/09/09 16:25:05 INFO BlockManagerMasterEndpoint: BlockManagerMasterEndpoint up
[2022-09-09T16:25:05.097+0000] {spark_submit.py:488} INFO - 22/09/09 16:25:05 INFO SparkEnv: Registering BlockManagerMasterHeartbeat
[2022-09-09T16:25:05.123+0000] {spark_submit.py:488} INFO - 22/09/09 16:25:05 INFO DiskBlockManager: Created local directory at /tmp/blockmgr-bea436f4-9725-4243-b23b-81262b53d33d
[2022-09-09T16:25:05.149+0000] {spark_submit.py:488} INFO - 22/09/09 16:25:05 INFO MemoryStore: MemoryStore started with capacity 434.4 MiB
[2022-09-09T16:25:05.164+0000] {spark_submit.py:488} INFO - 22/09/09 16:25:05 INFO SparkEnv: Registering OutputCommitCoordinator
[2022-09-09T16:25:05.343+0000] {spark_submit.py:488} INFO - 22/09/09 16:25:05 INFO Utils: Successfully started service 'SparkUI' on port 4040.
[2022-09-09T16:25:05.428+0000] {spark_submit.py:488} INFO - 22/09/09 16:25:05 INFO Executor: Starting executor ID driver on host dbdbd3f5e7fc
[2022-09-09T16:25:05.434+0000] {spark_submit.py:488} INFO - 22/09/09 16:25:05 INFO Executor: Starting executor with user classpath (userClassPathFirst = false): ''
[2022-09-09T16:25:05.449+0000] {spark_submit.py:488} INFO - 22/09/09 16:25:05 INFO Utils: Successfully started service 'org.apache.spark.network.netty.NettyBlockTransferService' on port 46651.
[2022-09-09T16:25:05.449+0000] {spark_submit.py:488} INFO - 22/09/09 16:25:05 INFO NettyBlockTransferService: Server created on dbdbd3f5e7fc:46651
[2022-09-09T16:25:05.451+0000] {spark_submit.py:488} INFO - 22/09/09 16:25:05 INFO BlockManager: Using org.apache.spark.storage.RandomBlockReplicationPolicy for block replication policy
[2022-09-09T16:25:05.455+0000] {spark_submit.py:488} INFO - 22/09/09 16:25:05 INFO BlockManagerMaster: Registering BlockManager BlockManagerId(driver, dbdbd3f5e7fc, 46651, None)
[2022-09-09T16:25:05.458+0000] {spark_submit.py:488} INFO - 22/09/09 16:25:05 INFO BlockManagerMasterEndpoint: Registering block manager dbdbd3f5e7fc:46651 with 434.4 MiB RAM, BlockManagerId(driver, dbdbd3f5e7fc, 46651, None)
[2022-09-09T16:25:05.460+0000] {spark_submit.py:488} INFO - 22/09/09 16:25:05 INFO BlockManagerMaster: Registered BlockManager BlockManagerId(driver, dbdbd3f5e7fc, 46651, None)
[2022-09-09T16:25:05.462+0000] {spark_submit.py:488} INFO - 22/09/09 16:25:05 INFO BlockManager: Initialized BlockManager: BlockManagerId(driver, dbdbd3f5e7fc, 46651, None)
[2022-09-09T16:25:05.673+0000] {spark_submit.py:488} INFO - /home/***/.local/lib/python3.7/site-packages/pyspark/python/lib/pyspark.zip/pyspark/sql/context.py:114: FutureWarning: Deprecated in 3.0.0. Use SparkSession.builder.getOrCreate() instead.
[2022-09-09T16:25:05.766+0000] {spark_submit.py:488} INFO - parte 1
[2022-09-09T16:25:05.815+0000] {spark_submit.py:488} INFO - 22/09/09 16:25:05 INFO SharedState: Setting hive.metastore.warehouse.dir ('null') to the value of spark.sql.warehouse.dir.
[2022-09-09T16:25:05.821+0000] {spark_submit.py:488} INFO - 22/09/09 16:25:05 INFO SharedState: Warehouse path is 'file:/opt/***/spark-warehouse'.
[2022-09-09T16:25:06.546+0000] {spark_submit.py:488} INFO - Traceback (most recent call last):
[2022-09-09T16:25:06.546+0000] {spark_submit.py:488} INFO - File "/opt/***/dags/spark-app.py", line 18, in <module>
[2022-09-09T16:25:06.550+0000] {spark_submit.py:488} INFO - df = sqlContext.read.csv('file:///opt/***/dags/spark_jobs/bronze/ips.csv')
[2022-09-09T16:25:06.550+0000] {spark_submit.py:488} INFO - File "/home/***/.local/lib/python3.7/site-packages/pyspark/python/lib/pyspark.zip/pyspark/sql/readwriter.py", line 535, in csv
[2022-09-09T16:25:06.550+0000] {spark_submit.py:488} INFO - File "/home/***/.local/lib/python3.7/site-packages/pyspark/python/lib/py4j-0.10.9.5-src.zip/py4j/java_gateway.py", line 1322, in __call__
[2022-09-09T16:25:06.550+0000] {spark_submit.py:488} INFO - File "/home/***/.local/lib/python3.7/site-packages/pyspark/python/lib/pyspark.zip/pyspark/sql/utils.py", line 196, in deco
[2022-09-09T16:25:06.553+0000] {spark_submit.py:488} INFO - pyspark.sql.utils.AnalysisException: Path does not exist: file:/opt/***/dags/spark_jobs/bronze/ips.csv
[2022-09-09T16:25:06.696+0000] {spark_submit.py:488} INFO - 22/09/09 16:25:06 INFO SparkContext: Invoking stop() from shutdown hook
[2022-09-09T16:25:06.708+0000] {spark_submit.py:488} INFO - 22/09/09 16:25:06 INFO SparkUI: Stopped Spark web UI at http://dbdbd3f5e7fc:4040
[2022-09-09T16:25:06.722+0000] {spark_submit.py:488} INFO - 22/09/09 16:25:06 INFO MapOutputTrackerMasterEndpoint: MapOutputTrackerMasterEndpoint stopped!
[2022-09-09T16:25:06.731+0000] {spark_submit.py:488} INFO - 22/09/09 16:25:06 INFO MemoryStore: MemoryStore cleared
[2022-09-09T16:25:06.731+0000] {spark_submit.py:488} INFO - 22/09/09 16:25:06 INFO BlockManager: BlockManager stopped
[2022-09-09T16:25:06.739+0000] {spark_submit.py:488} INFO - 22/09/09 16:25:06 INFO BlockManagerMaster: BlockManagerMaster stopped
[2022-09-09T16:25:06.742+0000] {spark_submit.py:488} INFO - 22/09/09 16:25:06 INFO OutputCommitCoordinator$OutputCommitCoordinatorEndpoint: OutputCommitCoordinator stopped!
[2022-09-09T16:25:06.746+0000] {spark_submit.py:488} INFO - 22/09/09 16:25:06 INFO SparkContext: Successfully stopped SparkContext
[2022-09-09T16:25:06.746+0000] {spark_submit.py:488} INFO - 22/09/09 16:25:06 INFO ShutdownHookManager: Shutdown hook called
[2022-09-09T16:25:06.746+0000] {spark_submit.py:488} INFO - 22/09/09 16:25:06 INFO ShutdownHookManager: Deleting directory /tmp/spark-7f5e2046-0124-4e97-b841-c515eaaf2903/pyspark-9b1673b5-eacb-4e3a-a15a-37b8d4f7a91d
[2022-09-09T16:25:06.749+0000] {spark_submit.py:488} INFO - 22/09/09 16:25:06 INFO ShutdownHookManager: Deleting directory /tmp/spark-7f5e2046-0124-4e97-b841-c515eaaf2903
[2022-09-09T16:25:06.751+0000] {spark_submit.py:488} INFO - 22/09/09 16:25:06 INFO ShutdownHookManager: Deleting directory /tmp/spark-5167d062-2e00-457c-9a7f-2aee4e3ad7ca
[2022-09-09T16:25:06.781+0000] {taskinstance.py:1902} ERROR - Task failed with exception
Traceback (most recent call last):
  File "/home/airflow/.local/lib/python3.7/site-packages/airflow/providers/apache/spark/operators/spark_submit.py", line 157, in execute
    self._hook.submit(self._application)
  File "/home/airflow/.local/lib/python3.7/site-packages/airflow/providers/apache/spark/hooks/spark_submit.py", line 420, in submit
    f"Cannot execute: {self._mask_cmd(spark_submit_cmd)}. Error code is: {returncode}."
airflow.exceptions.AirflowException: Cannot execute: spark-submit --master spark://fe77514119f4:7077 --name arrow-spark ./dags/spark-app.py. Error code is: 1.
[2022-09-09T16:25:06.817+0000] {taskinstance.py:1412} INFO - Marking task as FAILED. dag_id=Spark, task_id=spark-job, execution_date=20220909T162458, start_date=20220909T162501, end_date=20220909T162506
[2022-09-09T16:25:07.001+0000] {standard_task_runner.py:97} ERROR - Failed to execute job 25 for task spark-job (Cannot execute: spark-submit --master spark://fe77514119f4:7077 --name arrow-spark ./dags/spark-app.py. Error code is: 1.; 1220)
[2022-09-09T16:25:07.019+0000] {local_task_job.py:156} INFO - Task exited with return code 1
[2022-09-09T16:25:07.285+0000] {local_task_job.py:279} INFO - 0 downstream tasks scheduled from follow-on schedule check
