[2022-09-09T19:09:14.976+0000] {taskinstance.py:1171} INFO - Dependencies all met for <TaskInstance: spark_pedidos_silver.pedidos-silver manual__2022-09-09T19:05:21.956854+00:00 [queued]>
[2022-09-09T19:09:14.984+0000] {taskinstance.py:1171} INFO - Dependencies all met for <TaskInstance: spark_pedidos_silver.pedidos-silver manual__2022-09-09T19:05:21.956854+00:00 [queued]>
[2022-09-09T19:09:14.984+0000] {taskinstance.py:1368} INFO - 
--------------------------------------------------------------------------------
[2022-09-09T19:09:14.984+0000] {taskinstance.py:1369} INFO - Starting attempt 2 of 2
[2022-09-09T19:09:14.985+0000] {taskinstance.py:1370} INFO - 
--------------------------------------------------------------------------------
[2022-09-09T19:09:15.298+0000] {taskinstance.py:1389} INFO - Executing <Task(SparkSubmitOperator): pedidos-silver> on 2022-09-09 19:05:21.956854+00:00
[2022-09-09T19:09:15.304+0000] {standard_task_runner.py:52} INFO - Started process 1269 to run task
[2022-09-09T19:09:15.307+0000] {standard_task_runner.py:79} INFO - Running: ['***', 'tasks', 'run', 'spark_pedidos_silver', 'pedidos-silver', 'manual__2022-09-09T19:05:21.956854+00:00', '--job-id', '38', '--raw', '--subdir', 'DAGS_FOLDER/dag_pedidos.py', '--cfg-path', '/tmp/tmpame18u7f', '--error-file', '/tmp/tmp1wza631e']
[2022-09-09T19:09:15.308+0000] {standard_task_runner.py:80} INFO - Job 38: Subtask pedidos-silver
[2022-09-09T19:09:15.525+0000] {task_command.py:371} INFO - Running <TaskInstance: spark_pedidos_silver.pedidos-silver manual__2022-09-09T19:05:21.956854+00:00 [running]> on host cea5bc5c0a31
[2022-09-09T19:09:15.907+0000] {taskinstance.py:1583} INFO - Exporting the following env vars:
AIRFLOW_CTX_DAG_OWNER=juacy
AIRFLOW_CTX_DAG_ID=spark_pedidos_silver
AIRFLOW_CTX_TASK_ID=pedidos-silver
AIRFLOW_CTX_EXECUTION_DATE=2022-09-09T19:05:21.956854+00:00
AIRFLOW_CTX_TRY_NUMBER=2
AIRFLOW_CTX_DAG_RUN_ID=manual__2022-09-09T19:05:21.956854+00:00
[2022-09-09T19:09:15.914+0000] {base.py:68} INFO - Using connection ID 'conexao_spark' for task execution.
[2022-09-09T19:09:15.915+0000] {spark_submit.py:335} INFO - Spark-Submit cmd: spark-submit --master spark://fe77514119f4:7077 --name arrow-spark ./dags/atividade_1.py
[2022-09-09T19:09:18.624+0000] {spark_submit.py:488} INFO - 22/09/09 19:09:18 INFO SparkContext: Running Spark version 3.3.0
[2022-09-09T19:09:18.683+0000] {spark_submit.py:488} INFO - 22/09/09 19:09:18 WARN NativeCodeLoader: Unable to load native-hadoop library for your platform... using builtin-java classes where applicable
[2022-09-09T19:09:18.789+0000] {spark_submit.py:488} INFO - 22/09/09 19:09:18 INFO ResourceUtils: ==============================================================
[2022-09-09T19:09:18.789+0000] {spark_submit.py:488} INFO - 22/09/09 19:09:18 INFO ResourceUtils: No custom resources configured for spark.driver.
[2022-09-09T19:09:18.789+0000] {spark_submit.py:488} INFO - 22/09/09 19:09:18 INFO ResourceUtils: ==============================================================
[2022-09-09T19:09:18.790+0000] {spark_submit.py:488} INFO - 22/09/09 19:09:18 INFO SparkContext: Submitted application: arrow-spark
[2022-09-09T19:09:18.810+0000] {spark_submit.py:488} INFO - 22/09/09 19:09:18 INFO ResourceProfile: Default ResourceProfile created, executor resources: Map(cores -> name: cores, amount: 1, script: , vendor: , memory -> name: memory, amount: 1024, script: , vendor: , offHeap -> name: offHeap, amount: 0, script: , vendor: ), task resources: Map(cpus -> name: cpus, amount: 1.0)
[2022-09-09T19:09:18.822+0000] {spark_submit.py:488} INFO - 22/09/09 19:09:18 INFO ResourceProfile: Limiting resource is cpu
[2022-09-09T19:09:18.823+0000] {spark_submit.py:488} INFO - 22/09/09 19:09:18 INFO ResourceProfileManager: Added ResourceProfile id: 0
[2022-09-09T19:09:18.879+0000] {spark_submit.py:488} INFO - 22/09/09 19:09:18 INFO SecurityManager: Changing view acls to: default
[2022-09-09T19:09:18.880+0000] {spark_submit.py:488} INFO - 22/09/09 19:09:18 INFO SecurityManager: Changing modify acls to: default
[2022-09-09T19:09:18.880+0000] {spark_submit.py:488} INFO - 22/09/09 19:09:18 INFO SecurityManager: Changing view acls groups to:
[2022-09-09T19:09:18.881+0000] {spark_submit.py:488} INFO - 22/09/09 19:09:18 INFO SecurityManager: Changing modify acls groups to:
[2022-09-09T19:09:18.881+0000] {spark_submit.py:488} INFO - 22/09/09 19:09:18 INFO SecurityManager: SecurityManager: authentication disabled; ui acls disabled; users  with view permissions: Set(default); groups with view permissions: Set(); users  with modify permissions: Set(default); groups with modify permissions: Set()
[2022-09-09T19:09:19.161+0000] {spark_submit.py:488} INFO - 22/09/09 19:09:19 INFO Utils: Successfully started service 'sparkDriver' on port 34085.
[2022-09-09T19:09:19.203+0000] {spark_submit.py:488} INFO - 22/09/09 19:09:19 INFO SparkEnv: Registering MapOutputTracker
[2022-09-09T19:09:19.259+0000] {spark_submit.py:488} INFO - 22/09/09 19:09:19 INFO SparkEnv: Registering BlockManagerMaster
[2022-09-09T19:09:19.285+0000] {spark_submit.py:488} INFO - 22/09/09 19:09:19 INFO BlockManagerMasterEndpoint: Using org.apache.spark.storage.DefaultTopologyMapper for getting topology information
[2022-09-09T19:09:19.286+0000] {spark_submit.py:488} INFO - 22/09/09 19:09:19 INFO BlockManagerMasterEndpoint: BlockManagerMasterEndpoint up
[2022-09-09T19:09:19.298+0000] {spark_submit.py:488} INFO - 22/09/09 19:09:19 INFO SparkEnv: Registering BlockManagerMasterHeartbeat
[2022-09-09T19:09:19.341+0000] {spark_submit.py:488} INFO - 22/09/09 19:09:19 INFO DiskBlockManager: Created local directory at /tmp/blockmgr-1c4326c4-b47b-468a-84a2-28a8c42469d9
[2022-09-09T19:09:19.401+0000] {spark_submit.py:488} INFO - 22/09/09 19:09:19 INFO MemoryStore: MemoryStore started with capacity 434.4 MiB
[2022-09-09T19:09:19.428+0000] {spark_submit.py:488} INFO - 22/09/09 19:09:19 INFO SparkEnv: Registering OutputCommitCoordinator
[2022-09-09T19:09:19.726+0000] {spark_submit.py:488} INFO - 22/09/09 19:09:19 WARN Utils: Service 'SparkUI' could not bind on port 4040. Attempting port 4041.
[2022-09-09T19:09:19.739+0000] {spark_submit.py:488} INFO - 22/09/09 19:09:19 INFO Utils: Successfully started service 'SparkUI' on port 4041.
[2022-09-09T19:09:19.864+0000] {spark_submit.py:488} INFO - 22/09/09 19:09:19 INFO StandaloneAppClient$ClientEndpoint: Connecting to master spark://fe77514119f4:7077...
[2022-09-09T19:09:29.892+0000] {spark_submit.py:488} INFO - 22/09/09 19:09:29 WARN TransportClientFactory: DNS resolution failed for fe77514119f4:7077 took 10016 ms
[2022-09-09T19:11:25.710+0000] {spark_submit.py:488} INFO - 22/09/09 19:11:25 WARN StandaloneAppClient$ClientEndpoint: Failed to connect to master fe77514119f4:7077
[2022-09-09T19:11:36.735+0000] {spark_submit.py:488} INFO - org.apache.spark.rpc.RpcTimeoutException: Futures timed out after [120 seconds]. This timeout is controlled by spark.rpc.lookupTimeout
[2022-09-09T19:11:36.735+0000] {spark_submit.py:488} INFO - at org.apache.spark.rpc.RpcTimeout.org$apache$spark$rpc$RpcTimeout$$createRpcTimeoutException(RpcTimeout.scala:47)
[2022-09-09T19:11:36.735+0000] {spark_submit.py:488} INFO - at org.apache.spark.rpc.RpcTimeout$$anonfun$addMessageIfTimeout$1.applyOrElse(RpcTimeout.scala:62)
[2022-09-09T19:11:36.736+0000] {spark_submit.py:488} INFO - at org.apache.spark.rpc.RpcTimeout$$anonfun$addMessageIfTimeout$1.applyOrElse(RpcTimeout.scala:58)
[2022-09-09T19:11:36.736+0000] {spark_submit.py:488} INFO - at scala.runtime.AbstractPartialFunction.apply(AbstractPartialFunction.scala:38)
[2022-09-09T19:11:36.736+0000] {spark_submit.py:488} INFO - at org.apache.spark.rpc.RpcTimeout.awaitResult(RpcTimeout.scala:76)
[2022-09-09T19:11:36.736+0000] {spark_submit.py:488} INFO - at org.apache.spark.rpc.RpcEnv.setupEndpointRefByURI(RpcEnv.scala:102)
[2022-09-09T19:11:36.736+0000] {spark_submit.py:488} INFO - at org.apache.spark.rpc.RpcEnv.setupEndpointRef(RpcEnv.scala:110)
[2022-09-09T19:11:36.736+0000] {spark_submit.py:488} INFO - at org.apache.spark.deploy.client.StandaloneAppClient$ClientEndpoint$$anon$1.run(StandaloneAppClient.scala:107)
[2022-09-09T19:11:36.737+0000] {spark_submit.py:488} INFO - at java.base/java.util.concurrent.Executors$RunnableAdapter.call(Executors.java:515)
[2022-09-09T19:11:36.737+0000] {spark_submit.py:488} INFO - at java.base/java.util.concurrent.FutureTask.run(FutureTask.java:264)
[2022-09-09T19:11:36.737+0000] {spark_submit.py:488} INFO - at java.base/java.util.concurrent.ThreadPoolExecutor.runWorker(ThreadPoolExecutor.java:1128)
[2022-09-09T19:11:36.737+0000] {spark_submit.py:488} INFO - at java.base/java.util.concurrent.ThreadPoolExecutor$Worker.run(ThreadPoolExecutor.java:628)
[2022-09-09T19:11:36.737+0000] {spark_submit.py:488} INFO - at java.base/java.lang.Thread.run(Thread.java:829)
[2022-09-09T19:11:36.738+0000] {spark_submit.py:488} INFO - Caused by: java.util.concurrent.TimeoutException: Futures timed out after [120 seconds]
[2022-09-09T19:11:36.738+0000] {spark_submit.py:488} INFO - at scala.concurrent.impl.Promise$DefaultPromise.ready(Promise.scala:259)
[2022-09-09T19:11:36.738+0000] {spark_submit.py:488} INFO - at scala.concurrent.impl.Promise$DefaultPromise.result(Promise.scala:263)
[2022-09-09T19:11:36.738+0000] {spark_submit.py:488} INFO - at org.apache.spark.util.ThreadUtils$.awaitResult(ThreadUtils.scala:293)
[2022-09-09T19:11:36.739+0000] {spark_submit.py:488} INFO - at org.apache.spark.rpc.RpcTimeout.awaitResult(RpcTimeout.scala:75)
[2022-09-09T19:11:36.739+0000] {spark_submit.py:488} INFO - ... 8 more
[2022-09-09T19:11:36.739+0000] {spark_submit.py:488} INFO - 22/09/09 19:11:25 INFO StandaloneAppClient$ClientEndpoint: Connecting to master spark://fe77514119f4:7077...
[2022-09-09T19:11:36.739+0000] {spark_submit.py:488} INFO - 22/09/09 19:11:35 WARN StandaloneAppClient$ClientEndpoint: Failed to connect to master fe77514119f4:7077
[2022-09-09T19:11:36.739+0000] {spark_submit.py:488} INFO - org.apache.spark.SparkException: Exception thrown in awaitResult:
[2022-09-09T19:11:36.739+0000] {spark_submit.py:488} INFO - at org.apache.spark.util.ThreadUtils$.awaitResult(ThreadUtils.scala:301)
[2022-09-09T19:11:36.739+0000] {spark_submit.py:488} INFO - at org.apache.spark.rpc.RpcTimeout.awaitResult(RpcTimeout.scala:75)
[2022-09-09T19:11:36.740+0000] {spark_submit.py:488} INFO - at org.apache.spark.rpc.RpcEnv.setupEndpointRefByURI(RpcEnv.scala:102)
[2022-09-09T19:11:36.740+0000] {spark_submit.py:488} INFO - at org.apache.spark.rpc.RpcEnv.setupEndpointRef(RpcEnv.scala:110)
[2022-09-09T19:11:36.740+0000] {spark_submit.py:488} INFO - at org.apache.spark.deploy.client.StandaloneAppClient$ClientEndpoint$$anon$1.run(StandaloneAppClient.scala:107)
[2022-09-09T19:11:36.741+0000] {spark_submit.py:488} INFO - at java.base/java.util.concurrent.Executors$RunnableAdapter.call(Executors.java:515)
[2022-09-09T19:11:36.741+0000] {spark_submit.py:488} INFO - at java.base/java.util.concurrent.FutureTask.run(FutureTask.java:264)
[2022-09-09T19:11:36.741+0000] {spark_submit.py:488} INFO - at java.base/java.util.concurrent.ThreadPoolExecutor.runWorker(ThreadPoolExecutor.java:1128)
[2022-09-09T19:11:36.742+0000] {spark_submit.py:488} INFO - at java.base/java.util.concurrent.ThreadPoolExecutor$Worker.run(ThreadPoolExecutor.java:628)
[2022-09-09T19:11:36.742+0000] {spark_submit.py:488} INFO - at java.base/java.lang.Thread.run(Thread.java:829)
[2022-09-09T19:11:36.742+0000] {spark_submit.py:488} INFO - Caused by: java.io.IOException: Failed to connect to fe77514119f4:7077
[2022-09-09T19:11:36.742+0000] {spark_submit.py:488} INFO - at org.apache.spark.network.client.TransportClientFactory.createClient(TransportClientFactory.java:288)
[2022-09-09T19:11:36.742+0000] {spark_submit.py:488} INFO - at org.apache.spark.network.client.TransportClientFactory.createClient(TransportClientFactory.java:218)
[2022-09-09T19:11:36.742+0000] {spark_submit.py:488} INFO - at org.apache.spark.network.client.TransportClientFactory.createClient(TransportClientFactory.java:230)
[2022-09-09T19:11:36.742+0000] {spark_submit.py:488} INFO - at org.apache.spark.rpc.netty.NettyRpcEnv.createClient(NettyRpcEnv.scala:204)
[2022-09-09T19:11:36.743+0000] {spark_submit.py:488} INFO - at org.apache.spark.rpc.netty.Outbox$$anon$1.call(Outbox.scala:202)
[2022-09-09T19:11:36.743+0000] {spark_submit.py:488} INFO - at org.apache.spark.rpc.netty.Outbox$$anon$1.call(Outbox.scala:198)
[2022-09-09T19:11:36.743+0000] {spark_submit.py:488} INFO - ... 4 more
[2022-09-09T19:11:36.743+0000] {spark_submit.py:488} INFO - Caused by: java.net.UnknownHostException: fe77514119f4: Temporary failure in name resolution
[2022-09-09T19:11:36.743+0000] {spark_submit.py:488} INFO - at java.base/java.net.Inet4AddressImpl.lookupAllHostAddr(Native Method)
[2022-09-09T19:11:36.743+0000] {spark_submit.py:488} INFO - at java.base/java.net.InetAddress$PlatformNameService.lookupAllHostAddr(InetAddress.java:929)
[2022-09-09T19:11:36.743+0000] {spark_submit.py:488} INFO - at java.base/java.net.InetAddress.getAddressesFromNameService(InetAddress.java:1529)
[2022-09-09T19:11:36.744+0000] {spark_submit.py:488} INFO - at java.base/java.net.InetAddress$NameServiceAddresses.get(InetAddress.java:848)
[2022-09-09T19:11:36.744+0000] {spark_submit.py:488} INFO - at java.base/java.net.InetAddress.getAllByName0(InetAddress.java:1519)
[2022-09-09T19:11:36.744+0000] {spark_submit.py:488} INFO - at java.base/java.net.InetAddress.getAllByName(InetAddress.java:1378)
[2022-09-09T19:11:36.744+0000] {spark_submit.py:488} INFO - at java.base/java.net.InetAddress.getAllByName(InetAddress.java:1306)
[2022-09-09T19:11:36.744+0000] {spark_submit.py:488} INFO - at java.base/java.net.InetAddress.getByName(InetAddress.java:1256)
[2022-09-09T19:11:36.745+0000] {spark_submit.py:488} INFO - at io.netty.util.internal.SocketUtils$8.run(SocketUtils.java:156)
[2022-09-09T19:11:36.745+0000] {spark_submit.py:488} INFO - at io.netty.util.internal.SocketUtils$8.run(SocketUtils.java:153)
[2022-09-09T19:11:36.745+0000] {spark_submit.py:488} INFO - at java.base/java.security.AccessController.doPrivileged(Native Method)
[2022-09-09T19:11:36.745+0000] {spark_submit.py:488} INFO - at io.netty.util.internal.SocketUtils.addressByName(SocketUtils.java:153)
[2022-09-09T19:11:36.745+0000] {spark_submit.py:488} INFO - at io.netty.resolver.DefaultNameResolver.doResolve(DefaultNameResolver.java:41)
[2022-09-09T19:11:36.745+0000] {spark_submit.py:488} INFO - at io.netty.resolver.SimpleNameResolver.resolve(SimpleNameResolver.java:61)
[2022-09-09T19:11:36.745+0000] {spark_submit.py:488} INFO - at io.netty.resolver.SimpleNameResolver.resolve(SimpleNameResolver.java:53)
[2022-09-09T19:11:36.745+0000] {spark_submit.py:488} INFO - at io.netty.resolver.InetSocketAddressResolver.doResolve(InetSocketAddressResolver.java:55)
[2022-09-09T19:11:36.745+0000] {spark_submit.py:488} INFO - at io.netty.resolver.InetSocketAddressResolver.doResolve(InetSocketAddressResolver.java:31)
[2022-09-09T19:11:36.745+0000] {spark_submit.py:488} INFO - at io.netty.resolver.AbstractAddressResolver.resolve(AbstractAddressResolver.java:106)
[2022-09-09T19:11:36.746+0000] {spark_submit.py:488} INFO - at io.netty.bootstrap.Bootstrap.doResolveAndConnect0(Bootstrap.java:206)
[2022-09-09T19:11:36.750+0000] {spark_submit.py:488} INFO - at io.netty.bootstrap.Bootstrap.access$000(Bootstrap.java:46)
[2022-09-09T19:11:36.750+0000] {spark_submit.py:488} INFO - at io.netty.bootstrap.Bootstrap$1.operationComplete(Bootstrap.java:180)
[2022-09-09T19:11:36.750+0000] {spark_submit.py:488} INFO - at io.netty.bootstrap.Bootstrap$1.operationComplete(Bootstrap.java:166)
[2022-09-09T19:11:36.750+0000] {spark_submit.py:488} INFO - at io.netty.util.concurrent.DefaultPromise.notifyListener0(DefaultPromise.java:578)
[2022-09-09T19:11:36.751+0000] {spark_submit.py:488} INFO - at io.netty.util.concurrent.DefaultPromise.notifyListenersNow(DefaultPromise.java:552)
[2022-09-09T19:11:36.751+0000] {spark_submit.py:488} INFO - at io.netty.util.concurrent.DefaultPromise.notifyListeners(DefaultPromise.java:491)
[2022-09-09T19:11:36.751+0000] {spark_submit.py:488} INFO - at io.netty.util.concurrent.DefaultPromise.setValue0(DefaultPromise.java:616)
[2022-09-09T19:11:36.751+0000] {spark_submit.py:488} INFO - at io.netty.util.concurrent.DefaultPromise.setSuccess0(DefaultPromise.java:605)
[2022-09-09T19:11:36.751+0000] {spark_submit.py:488} INFO - at io.netty.util.concurrent.DefaultPromise.trySuccess(DefaultPromise.java:104)
[2022-09-09T19:11:36.751+0000] {spark_submit.py:488} INFO - at io.netty.channel.DefaultChannelPromise.trySuccess(DefaultChannelPromise.java:84)
[2022-09-09T19:11:36.751+0000] {spark_submit.py:488} INFO - at io.netty.channel.AbstractChannel$AbstractUnsafe.safeSetSuccess(AbstractChannel.java:990)
[2022-09-09T19:11:36.751+0000] {spark_submit.py:488} INFO - at io.netty.channel.AbstractChannel$AbstractUnsafe.register0(AbstractChannel.java:516)
[2022-09-09T19:11:36.752+0000] {spark_submit.py:488} INFO - at io.netty.channel.AbstractChannel$AbstractUnsafe.access$200(AbstractChannel.java:429)
[2022-09-09T19:11:36.752+0000] {spark_submit.py:488} INFO - at io.netty.channel.AbstractChannel$AbstractUnsafe$1.run(AbstractChannel.java:486)
[2022-09-09T19:11:36.752+0000] {spark_submit.py:488} INFO - at io.netty.util.concurrent.AbstractEventExecutor.safeExecute(AbstractEventExecutor.java:164)
[2022-09-09T19:11:36.752+0000] {spark_submit.py:488} INFO - at io.netty.util.concurrent.SingleThreadEventExecutor.runAllTasks(SingleThreadEventExecutor.java:469)
[2022-09-09T19:11:36.752+0000] {spark_submit.py:488} INFO - at io.netty.channel.nio.NioEventLoop.run(NioEventLoop.java:503)
[2022-09-09T19:11:36.752+0000] {spark_submit.py:488} INFO - at io.netty.util.concurrent.SingleThreadEventExecutor$4.run(SingleThreadEventExecutor.java:986)
[2022-09-09T19:11:36.752+0000] {spark_submit.py:488} INFO - at io.netty.util.internal.ThreadExecutorMap$2.run(ThreadExecutorMap.java:74)
[2022-09-09T19:11:36.752+0000] {spark_submit.py:488} INFO - at io.netty.util.concurrent.FastThreadLocalRunnable.run(FastThreadLocalRunnable.java:30)
[2022-09-09T19:11:36.752+0000] {spark_submit.py:488} INFO - ... 1 more
[2022-09-09T19:11:45.684+0000] {spark_submit.py:488} INFO - 22/09/09 19:11:45 INFO StandaloneAppClient$ClientEndpoint: Connecting to master spark://fe77514119f4:7077...
[2022-09-09T19:11:45.690+0000] {spark_submit.py:488} INFO - 22/09/09 19:11:45 WARN StandaloneAppClient$ClientEndpoint: Failed to connect to master fe77514119f4:7077
[2022-09-09T19:11:45.691+0000] {spark_submit.py:488} INFO - org.apache.spark.SparkException: Exception thrown in awaitResult:
[2022-09-09T19:11:45.691+0000] {spark_submit.py:488} INFO - at org.apache.spark.util.ThreadUtils$.awaitResult(ThreadUtils.scala:301)
[2022-09-09T19:11:45.691+0000] {spark_submit.py:488} INFO - at org.apache.spark.rpc.RpcTimeout.awaitResult(RpcTimeout.scala:75)
[2022-09-09T19:11:45.691+0000] {spark_submit.py:488} INFO - at org.apache.spark.rpc.RpcEnv.setupEndpointRefByURI(RpcEnv.scala:102)
[2022-09-09T19:11:45.691+0000] {spark_submit.py:488} INFO - at org.apache.spark.rpc.RpcEnv.setupEndpointRef(RpcEnv.scala:110)
[2022-09-09T19:11:45.691+0000] {spark_submit.py:488} INFO - at org.apache.spark.deploy.client.StandaloneAppClient$ClientEndpoint$$anon$1.run(StandaloneAppClient.scala:107)
[2022-09-09T19:11:45.691+0000] {spark_submit.py:488} INFO - at java.base/java.util.concurrent.Executors$RunnableAdapter.call(Executors.java:515)
[2022-09-09T19:11:45.691+0000] {spark_submit.py:488} INFO - at java.base/java.util.concurrent.FutureTask.run(FutureTask.java:264)
[2022-09-09T19:11:45.691+0000] {spark_submit.py:488} INFO - at java.base/java.util.concurrent.ThreadPoolExecutor.runWorker(ThreadPoolExecutor.java:1128)
[2022-09-09T19:11:45.691+0000] {spark_submit.py:488} INFO - at java.base/java.util.concurrent.ThreadPoolExecutor$Worker.run(ThreadPoolExecutor.java:628)
[2022-09-09T19:11:45.692+0000] {spark_submit.py:488} INFO - at java.base/java.lang.Thread.run(Thread.java:829)
[2022-09-09T19:11:45.692+0000] {spark_submit.py:488} INFO - Caused by: java.io.IOException: Failed to connect to fe77514119f4:7077
[2022-09-09T19:11:45.692+0000] {spark_submit.py:488} INFO - at org.apache.spark.network.client.TransportClientFactory.createClient(TransportClientFactory.java:288)
[2022-09-09T19:11:45.692+0000] {spark_submit.py:488} INFO - at org.apache.spark.network.client.TransportClientFactory.createClient(TransportClientFactory.java:218)
[2022-09-09T19:11:45.692+0000] {spark_submit.py:488} INFO - at org.apache.spark.network.client.TransportClientFactory.createClient(TransportClientFactory.java:230)
[2022-09-09T19:11:45.692+0000] {spark_submit.py:488} INFO - at org.apache.spark.rpc.netty.NettyRpcEnv.createClient(NettyRpcEnv.scala:204)
[2022-09-09T19:11:45.692+0000] {spark_submit.py:488} INFO - at org.apache.spark.rpc.netty.Outbox$$anon$1.call(Outbox.scala:202)
[2022-09-09T19:11:45.692+0000] {spark_submit.py:488} INFO - at org.apache.spark.rpc.netty.Outbox$$anon$1.call(Outbox.scala:198)
[2022-09-09T19:11:45.692+0000] {spark_submit.py:488} INFO - ... 4 more
[2022-09-09T19:11:45.692+0000] {spark_submit.py:488} INFO - Caused by: java.net.UnknownHostException: fe77514119f4
[2022-09-09T19:11:45.692+0000] {spark_submit.py:488} INFO - at java.base/java.net.InetAddress$CachedAddresses.get(InetAddress.java:797)
[2022-09-09T19:11:45.693+0000] {spark_submit.py:488} INFO - at java.base/java.net.InetAddress.getAllByName0(InetAddress.java:1519)
[2022-09-09T19:11:45.693+0000] {spark_submit.py:488} INFO - at java.base/java.net.InetAddress.getAllByName(InetAddress.java:1378)
[2022-09-09T19:11:45.693+0000] {spark_submit.py:488} INFO - at java.base/java.net.InetAddress.getAllByName(InetAddress.java:1306)
[2022-09-09T19:11:45.693+0000] {spark_submit.py:488} INFO - at java.base/java.net.InetAddress.getByName(InetAddress.java:1256)
[2022-09-09T19:11:45.693+0000] {spark_submit.py:488} INFO - at io.netty.util.internal.SocketUtils$8.run(SocketUtils.java:156)
[2022-09-09T19:11:45.693+0000] {spark_submit.py:488} INFO - at io.netty.util.internal.SocketUtils$8.run(SocketUtils.java:153)
[2022-09-09T19:11:45.693+0000] {spark_submit.py:488} INFO - at java.base/java.security.AccessController.doPrivileged(Native Method)
[2022-09-09T19:11:45.693+0000] {spark_submit.py:488} INFO - at io.netty.util.internal.SocketUtils.addressByName(SocketUtils.java:153)
[2022-09-09T19:11:45.693+0000] {spark_submit.py:488} INFO - at io.netty.resolver.DefaultNameResolver.doResolve(DefaultNameResolver.java:41)
[2022-09-09T19:11:45.693+0000] {spark_submit.py:488} INFO - at io.netty.resolver.SimpleNameResolver.resolve(SimpleNameResolver.java:61)
[2022-09-09T19:11:45.694+0000] {spark_submit.py:488} INFO - at io.netty.resolver.SimpleNameResolver.resolve(SimpleNameResolver.java:53)
[2022-09-09T19:11:45.694+0000] {spark_submit.py:488} INFO - at io.netty.resolver.InetSocketAddressResolver.doResolve(InetSocketAddressResolver.java:55)
[2022-09-09T19:11:45.694+0000] {spark_submit.py:488} INFO - at io.netty.resolver.InetSocketAddressResolver.doResolve(InetSocketAddressResolver.java:31)
[2022-09-09T19:11:45.694+0000] {spark_submit.py:488} INFO - at io.netty.resolver.AbstractAddressResolver.resolve(AbstractAddressResolver.java:106)
[2022-09-09T19:11:45.694+0000] {spark_submit.py:488} INFO - at io.netty.bootstrap.Bootstrap.doResolveAndConnect0(Bootstrap.java:206)
[2022-09-09T19:11:45.694+0000] {spark_submit.py:488} INFO - at io.netty.bootstrap.Bootstrap.access$000(Bootstrap.java:46)
[2022-09-09T19:11:45.694+0000] {spark_submit.py:488} INFO - at io.netty.bootstrap.Bootstrap$1.operationComplete(Bootstrap.java:180)
[2022-09-09T19:11:45.694+0000] {spark_submit.py:488} INFO - at io.netty.bootstrap.Bootstrap$1.operationComplete(Bootstrap.java:166)
[2022-09-09T19:11:45.694+0000] {spark_submit.py:488} INFO - at io.netty.util.concurrent.DefaultPromise.notifyListener0(DefaultPromise.java:578)
[2022-09-09T19:11:45.694+0000] {spark_submit.py:488} INFO - at io.netty.util.concurrent.DefaultPromise.notifyListenersNow(DefaultPromise.java:552)
[2022-09-09T19:11:45.695+0000] {spark_submit.py:488} INFO - at io.netty.util.concurrent.DefaultPromise.notifyListeners(DefaultPromise.java:491)
[2022-09-09T19:11:45.695+0000] {spark_submit.py:488} INFO - at io.netty.util.concurrent.DefaultPromise.setValue0(DefaultPromise.java:616)
[2022-09-09T19:11:45.695+0000] {spark_submit.py:488} INFO - at io.netty.util.concurrent.DefaultPromise.setSuccess0(DefaultPromise.java:605)
[2022-09-09T19:11:45.695+0000] {spark_submit.py:488} INFO - at io.netty.util.concurrent.DefaultPromise.trySuccess(DefaultPromise.java:104)
[2022-09-09T19:11:45.695+0000] {spark_submit.py:488} INFO - at io.netty.channel.DefaultChannelPromise.trySuccess(DefaultChannelPromise.java:84)
[2022-09-09T19:11:45.695+0000] {spark_submit.py:488} INFO - at io.netty.channel.AbstractChannel$AbstractUnsafe.safeSetSuccess(AbstractChannel.java:990)
[2022-09-09T19:11:45.695+0000] {spark_submit.py:488} INFO - at io.netty.channel.AbstractChannel$AbstractUnsafe.register0(AbstractChannel.java:516)
[2022-09-09T19:11:45.695+0000] {spark_submit.py:488} INFO - at io.netty.channel.AbstractChannel$AbstractUnsafe.access$200(AbstractChannel.java:429)
[2022-09-09T19:11:45.695+0000] {spark_submit.py:488} INFO - at io.netty.channel.AbstractChannel$AbstractUnsafe$1.run(AbstractChannel.java:486)
[2022-09-09T19:11:45.695+0000] {spark_submit.py:488} INFO - at io.netty.util.concurrent.AbstractEventExecutor.safeExecute(AbstractEventExecutor.java:164)
[2022-09-09T19:11:45.695+0000] {spark_submit.py:488} INFO - at io.netty.util.concurrent.SingleThreadEventExecutor.runAllTasks(SingleThreadEventExecutor.java:469)
[2022-09-09T19:11:45.695+0000] {spark_submit.py:488} INFO - at io.netty.channel.nio.NioEventLoop.run(NioEventLoop.java:503)
[2022-09-09T19:11:45.695+0000] {spark_submit.py:488} INFO - at io.netty.util.concurrent.SingleThreadEventExecutor$4.run(SingleThreadEventExecutor.java:986)
[2022-09-09T19:11:45.696+0000] {spark_submit.py:488} INFO - at io.netty.util.internal.ThreadExecutorMap$2.run(ThreadExecutorMap.java:74)
[2022-09-09T19:11:45.696+0000] {spark_submit.py:488} INFO - at io.netty.util.concurrent.FastThreadLocalRunnable.run(FastThreadLocalRunnable.java:30)
[2022-09-09T19:11:45.696+0000] {spark_submit.py:488} INFO - ... 1 more
[2022-09-09T19:12:05.685+0000] {spark_submit.py:488} INFO - 22/09/09 19:12:05 WARN StandaloneSchedulerBackend: Application ID is not initialized yet.
[2022-09-09T19:12:05.686+0000] {spark_submit.py:488} INFO - 22/09/09 19:12:05 ERROR StandaloneSchedulerBackend: Application has been killed. Reason: All masters are unresponsive! Giving up.
[2022-09-09T19:12:05.693+0000] {spark_submit.py:488} INFO - 22/09/09 19:12:05 INFO Utils: Successfully started service 'org.apache.spark.network.netty.NettyBlockTransferService' on port 38351.
[2022-09-09T19:12:05.694+0000] {spark_submit.py:488} INFO - 22/09/09 19:12:05 INFO NettyBlockTransferService: Server created on cea5bc5c0a31:38351
[2022-09-09T19:12:05.696+0000] {spark_submit.py:488} INFO - 22/09/09 19:12:05 INFO BlockManager: Using org.apache.spark.storage.RandomBlockReplicationPolicy for block replication policy
[2022-09-09T19:12:05.702+0000] {spark_submit.py:488} INFO - 22/09/09 19:12:05 INFO SparkUI: Stopped Spark web UI at http://cea5bc5c0a31:4041
[2022-09-09T19:12:05.704+0000] {spark_submit.py:488} INFO - 22/09/09 19:12:05 INFO BlockManagerMaster: Registering BlockManager BlockManagerId(driver, cea5bc5c0a31, 38351, None)
[2022-09-09T19:12:05.708+0000] {spark_submit.py:488} INFO - 22/09/09 19:12:05 INFO StandaloneSchedulerBackend: Shutting down all executors
[2022-09-09T19:12:05.708+0000] {spark_submit.py:488} INFO - 22/09/09 19:12:05 INFO BlockManagerMasterEndpoint: Registering block manager cea5bc5c0a31:38351 with 434.4 MiB RAM, BlockManagerId(driver, cea5bc5c0a31, 38351, None)
[2022-09-09T19:12:05.711+0000] {spark_submit.py:488} INFO - 22/09/09 19:12:05 INFO BlockManagerMaster: Registered BlockManager BlockManagerId(driver, cea5bc5c0a31, 38351, None)
[2022-09-09T19:12:05.711+0000] {spark_submit.py:488} INFO - 22/09/09 19:12:05 INFO CoarseGrainedSchedulerBackend$DriverEndpoint: Asking each executor to shut down
[2022-09-09T19:12:05.712+0000] {spark_submit.py:488} INFO - 22/09/09 19:12:05 INFO BlockManager: Initialized BlockManager: BlockManagerId(driver, cea5bc5c0a31, 38351, None)
[2022-09-09T19:12:05.717+0000] {spark_submit.py:488} INFO - 22/09/09 19:12:05 WARN StandaloneAppClient$ClientEndpoint: Drop UnregisterApplication(null) because has not yet connected to master
[2022-09-09T19:12:05.731+0000] {spark_submit.py:488} INFO - 22/09/09 19:12:05 INFO MapOutputTrackerMasterEndpoint: MapOutputTrackerMasterEndpoint stopped!
[2022-09-09T19:12:05.743+0000] {spark_submit.py:488} INFO - 22/09/09 19:12:05 INFO MemoryStore: MemoryStore cleared
[2022-09-09T19:12:05.744+0000] {spark_submit.py:488} INFO - 22/09/09 19:12:05 INFO BlockManager: BlockManager stopped
[2022-09-09T19:12:05.752+0000] {spark_submit.py:488} INFO - 22/09/09 19:12:05 INFO BlockManagerMaster: BlockManagerMaster stopped
[2022-09-09T19:12:05.755+0000] {spark_submit.py:488} INFO - 22/09/09 19:12:05 INFO OutputCommitCoordinator$OutputCommitCoordinatorEndpoint: OutputCommitCoordinator stopped!
[2022-09-09T19:12:05.765+0000] {spark_submit.py:488} INFO - 22/09/09 19:12:05 INFO SparkContext: Successfully stopped SparkContext
[2022-09-09T19:12:06.103+0000] {spark_submit.py:488} INFO - 22/09/09 19:12:06 ERROR SparkContext: Error initializing SparkContext.
[2022-09-09T19:12:06.103+0000] {spark_submit.py:488} INFO - java.lang.IllegalArgumentException: requirement failed: Can only call getServletHandlers on a running MetricsSystem
[2022-09-09T19:12:06.103+0000] {spark_submit.py:488} INFO - at scala.Predef$.require(Predef.scala:281)
[2022-09-09T19:12:06.104+0000] {spark_submit.py:488} INFO - at org.apache.spark.metrics.MetricsSystem.getServletHandlers(MetricsSystem.scala:89)
[2022-09-09T19:12:06.104+0000] {spark_submit.py:488} INFO - at org.apache.spark.SparkContext.<init>(SparkContext.scala:650)
[2022-09-09T19:12:06.104+0000] {spark_submit.py:488} INFO - at org.apache.spark.api.java.JavaSparkContext.<init>(JavaSparkContext.scala:58)
[2022-09-09T19:12:06.104+0000] {spark_submit.py:488} INFO - at java.base/jdk.internal.reflect.NativeConstructorAccessorImpl.newInstance0(Native Method)
[2022-09-09T19:12:06.104+0000] {spark_submit.py:488} INFO - at java.base/jdk.internal.reflect.NativeConstructorAccessorImpl.newInstance(NativeConstructorAccessorImpl.java:62)
[2022-09-09T19:12:06.104+0000] {spark_submit.py:488} INFO - at java.base/jdk.internal.reflect.DelegatingConstructorAccessorImpl.newInstance(DelegatingConstructorAccessorImpl.java:45)
[2022-09-09T19:12:06.104+0000] {spark_submit.py:488} INFO - at java.base/java.lang.reflect.Constructor.newInstance(Constructor.java:490)
[2022-09-09T19:12:06.104+0000] {spark_submit.py:488} INFO - at py4j.reflection.MethodInvoker.invoke(MethodInvoker.java:247)
[2022-09-09T19:12:06.104+0000] {spark_submit.py:488} INFO - at py4j.reflection.ReflectionEngine.invoke(ReflectionEngine.java:357)
[2022-09-09T19:12:06.104+0000] {spark_submit.py:488} INFO - at py4j.Gateway.invoke(Gateway.java:238)
[2022-09-09T19:12:06.104+0000] {spark_submit.py:488} INFO - at py4j.commands.ConstructorCommand.invokeConstructor(ConstructorCommand.java:80)
[2022-09-09T19:12:06.104+0000] {spark_submit.py:488} INFO - at py4j.commands.ConstructorCommand.execute(ConstructorCommand.java:69)
[2022-09-09T19:12:06.104+0000] {spark_submit.py:488} INFO - at py4j.ClientServerConnection.waitForCommands(ClientServerConnection.java:182)
[2022-09-09T19:12:06.105+0000] {spark_submit.py:488} INFO - at py4j.ClientServerConnection.run(ClientServerConnection.java:106)
[2022-09-09T19:12:06.105+0000] {spark_submit.py:488} INFO - at java.base/java.lang.Thread.run(Thread.java:829)
[2022-09-09T19:12:06.105+0000] {spark_submit.py:488} INFO - 22/09/09 19:12:06 INFO SparkContext: SparkContext already stopped.
[2022-09-09T19:12:06.105+0000] {spark_submit.py:488} INFO - Traceback (most recent call last):
[2022-09-09T19:12:06.105+0000] {spark_submit.py:488} INFO - File "/opt/***/dags/atividade_1.py", line 6, in <module>
[2022-09-09T19:12:06.105+0000] {spark_submit.py:488} INFO - spark = SparkSession.builder.getOrCreate()
[2022-09-09T19:12:06.105+0000] {spark_submit.py:488} INFO - File "/home/***/.local/lib/python3.7/site-packages/pyspark/python/lib/pyspark.zip/pyspark/sql/session.py", line 269, in getOrCreate
[2022-09-09T19:12:06.105+0000] {spark_submit.py:488} INFO - File "/home/***/.local/lib/python3.7/site-packages/pyspark/python/lib/pyspark.zip/pyspark/context.py", line 483, in getOrCreate
[2022-09-09T19:12:06.105+0000] {spark_submit.py:488} INFO - File "/home/***/.local/lib/python3.7/site-packages/pyspark/python/lib/pyspark.zip/pyspark/context.py", line 208, in __init__
[2022-09-09T19:12:06.105+0000] {spark_submit.py:488} INFO - File "/home/***/.local/lib/python3.7/site-packages/pyspark/python/lib/pyspark.zip/pyspark/context.py", line 282, in _do_init
[2022-09-09T19:12:06.105+0000] {spark_submit.py:488} INFO - File "/home/***/.local/lib/python3.7/site-packages/pyspark/python/lib/pyspark.zip/pyspark/context.py", line 402, in _initialize_context
[2022-09-09T19:12:06.105+0000] {spark_submit.py:488} INFO - File "/home/***/.local/lib/python3.7/site-packages/pyspark/python/lib/py4j-0.10.9.5-src.zip/py4j/java_gateway.py", line 1586, in __call__
[2022-09-09T19:12:06.105+0000] {spark_submit.py:488} INFO - File "/home/***/.local/lib/python3.7/site-packages/pyspark/python/lib/py4j-0.10.9.5-src.zip/py4j/protocol.py", line 328, in get_return_value
[2022-09-09T19:12:06.106+0000] {spark_submit.py:488} INFO - py4j.protocol.Py4JJavaError: An error occurred while calling None.org.apache.spark.api.java.JavaSparkContext.
[2022-09-09T19:12:06.106+0000] {spark_submit.py:488} INFO - : java.lang.IllegalArgumentException: requirement failed: Can only call getServletHandlers on a running MetricsSystem
[2022-09-09T19:12:06.106+0000] {spark_submit.py:488} INFO - at scala.Predef$.require(Predef.scala:281)
[2022-09-09T19:12:06.106+0000] {spark_submit.py:488} INFO - at org.apache.spark.metrics.MetricsSystem.getServletHandlers(MetricsSystem.scala:89)
[2022-09-09T19:12:06.106+0000] {spark_submit.py:488} INFO - at org.apache.spark.SparkContext.<init>(SparkContext.scala:650)
[2022-09-09T19:12:06.106+0000] {spark_submit.py:488} INFO - at org.apache.spark.api.java.JavaSparkContext.<init>(JavaSparkContext.scala:58)
[2022-09-09T19:12:06.106+0000] {spark_submit.py:488} INFO - at java.base/jdk.internal.reflect.NativeConstructorAccessorImpl.newInstance0(Native Method)
[2022-09-09T19:12:06.106+0000] {spark_submit.py:488} INFO - at java.base/jdk.internal.reflect.NativeConstructorAccessorImpl.newInstance(NativeConstructorAccessorImpl.java:62)
[2022-09-09T19:12:06.106+0000] {spark_submit.py:488} INFO - at java.base/jdk.internal.reflect.DelegatingConstructorAccessorImpl.newInstance(DelegatingConstructorAccessorImpl.java:45)
[2022-09-09T19:12:06.106+0000] {spark_submit.py:488} INFO - at java.base/java.lang.reflect.Constructor.newInstance(Constructor.java:490)
[2022-09-09T19:12:06.106+0000] {spark_submit.py:488} INFO - at py4j.reflection.MethodInvoker.invoke(MethodInvoker.java:247)
[2022-09-09T19:12:06.106+0000] {spark_submit.py:488} INFO - at py4j.reflection.ReflectionEngine.invoke(ReflectionEngine.java:357)
[2022-09-09T19:12:06.106+0000] {spark_submit.py:488} INFO - at py4j.Gateway.invoke(Gateway.java:238)
[2022-09-09T19:12:06.106+0000] {spark_submit.py:488} INFO - at py4j.commands.ConstructorCommand.invokeConstructor(ConstructorCommand.java:80)
[2022-09-09T19:12:06.107+0000] {spark_submit.py:488} INFO - at py4j.commands.ConstructorCommand.execute(ConstructorCommand.java:69)
[2022-09-09T19:12:06.107+0000] {spark_submit.py:488} INFO - at py4j.ClientServerConnection.waitForCommands(ClientServerConnection.java:182)
[2022-09-09T19:12:06.107+0000] {spark_submit.py:488} INFO - at py4j.ClientServerConnection.run(ClientServerConnection.java:106)
[2022-09-09T19:12:06.107+0000] {spark_submit.py:488} INFO - at java.base/java.lang.Thread.run(Thread.java:829)
[2022-09-09T19:12:06.107+0000] {spark_submit.py:488} INFO - 
[2022-09-09T19:12:06.321+0000] {spark_submit.py:488} INFO - 22/09/09 19:12:06 ERROR AsyncEventQueue: Listener AppStatusListener threw an exception
[2022-09-09T19:12:06.321+0000] {spark_submit.py:488} INFO - java.lang.NullPointerException
[2022-09-09T19:12:06.321+0000] {spark_submit.py:488} INFO - at org.apache.spark.status.AppStatusListener.onApplicationEnd(AppStatusListener.scala:192)
[2022-09-09T19:12:06.321+0000] {spark_submit.py:488} INFO - at org.apache.spark.scheduler.SparkListenerBus.doPostEvent(SparkListenerBus.scala:57)
[2022-09-09T19:12:06.321+0000] {spark_submit.py:488} INFO - at org.apache.spark.scheduler.SparkListenerBus.doPostEvent$(SparkListenerBus.scala:28)
[2022-09-09T19:12:06.321+0000] {spark_submit.py:488} INFO - at org.apache.spark.scheduler.AsyncEventQueue.doPostEvent(AsyncEventQueue.scala:37)
[2022-09-09T19:12:06.321+0000] {spark_submit.py:488} INFO - at org.apache.spark.scheduler.AsyncEventQueue.doPostEvent(AsyncEventQueue.scala:37)
[2022-09-09T19:12:06.322+0000] {spark_submit.py:488} INFO - at org.apache.spark.util.ListenerBus.postToAll(ListenerBus.scala:117)
[2022-09-09T19:12:06.322+0000] {spark_submit.py:488} INFO - at org.apache.spark.util.ListenerBus.postToAll$(ListenerBus.scala:101)
[2022-09-09T19:12:06.322+0000] {spark_submit.py:488} INFO - at org.apache.spark.scheduler.AsyncEventQueue.super$postToAll(AsyncEventQueue.scala:105)
[2022-09-09T19:12:06.322+0000] {spark_submit.py:488} INFO - at org.apache.spark.scheduler.AsyncEventQueue.$anonfun$dispatch$1(AsyncEventQueue.scala:105)
[2022-09-09T19:12:06.322+0000] {spark_submit.py:488} INFO - at scala.runtime.java8.JFunction0$mcJ$sp.apply(JFunction0$mcJ$sp.java:23)
[2022-09-09T19:12:06.322+0000] {spark_submit.py:488} INFO - at scala.util.DynamicVariable.withValue(DynamicVariable.scala:62)
[2022-09-09T19:12:06.322+0000] {spark_submit.py:488} INFO - at org.apache.spark.scheduler.AsyncEventQueue.org$apache$spark$scheduler$AsyncEventQueue$$dispatch(AsyncEventQueue.scala:100)
[2022-09-09T19:12:06.322+0000] {spark_submit.py:488} INFO - at org.apache.spark.scheduler.AsyncEventQueue$$anon$2.$anonfun$run$1(AsyncEventQueue.scala:96)
[2022-09-09T19:12:06.322+0000] {spark_submit.py:488} INFO - at org.apache.spark.util.Utils$.tryOrStopSparkContext(Utils.scala:1446)
[2022-09-09T19:12:06.322+0000] {spark_submit.py:488} INFO - at org.apache.spark.scheduler.AsyncEventQueue$$anon$2.run(AsyncEventQueue.scala:96)
[2022-09-09T19:12:06.322+0000] {spark_submit.py:488} INFO - 22/09/09 19:12:06 INFO ShutdownHookManager: Shutdown hook called
[2022-09-09T19:12:06.323+0000] {spark_submit.py:488} INFO - 22/09/09 19:12:06 INFO ShutdownHookManager: Deleting directory /tmp/spark-3bad90af-3bd0-4929-a6c7-020d57ee243c
[2022-09-09T19:12:07.482+0000] {spark_submit.py:488} INFO - 22/09/09 19:12:07 INFO ShutdownHookManager: Deleting directory /tmp/spark-304f37b6-d80c-42cf-8513-4c3fe70155a8
[2022-09-09T19:12:07.600+0000] {taskinstance.py:1902} ERROR - Task failed with exception
Traceback (most recent call last):
  File "/home/airflow/.local/lib/python3.7/site-packages/airflow/providers/apache/spark/operators/spark_submit.py", line 157, in execute
    self._hook.submit(self._application)
  File "/home/airflow/.local/lib/python3.7/site-packages/airflow/providers/apache/spark/hooks/spark_submit.py", line 420, in submit
    f"Cannot execute: {self._mask_cmd(spark_submit_cmd)}. Error code is: {returncode}."
airflow.exceptions.AirflowException: Cannot execute: spark-submit --master spark://fe77514119f4:7077 --name arrow-spark ./dags/atividade_1.py. Error code is: 1.
[2022-09-09T19:12:08.318+0000] {taskinstance.py:1412} INFO - Marking task as FAILED. dag_id=spark_pedidos_silver, task_id=pedidos-silver, execution_date=20220909T190521, start_date=20220909T190914, end_date=20220909T191208
[2022-09-09T19:12:08.898+0000] {standard_task_runner.py:97} ERROR - Failed to execute job 38 for task pedidos-silver (Cannot execute: spark-submit --master spark://fe77514119f4:7077 --name arrow-spark ./dags/atividade_1.py. Error code is: 1.; 1269)
[2022-09-09T19:12:08.936+0000] {local_task_job.py:156} INFO - Task exited with return code 1
[2022-09-09T19:12:10.511+0000] {local_task_job.py:279} INFO - 0 downstream tasks scheduled from follow-on schedule check
