[2022-09-09T19:05:24.392+0000] {taskinstance.py:1171} INFO - Dependencies all met for <TaskInstance: spark_pedidos_silver.pedidos-silver manual__2022-09-09T19:05:21.956854+00:00 [queued]>
[2022-09-09T19:05:24.401+0000] {taskinstance.py:1171} INFO - Dependencies all met for <TaskInstance: spark_pedidos_silver.pedidos-silver manual__2022-09-09T19:05:21.956854+00:00 [queued]>
[2022-09-09T19:05:24.401+0000] {taskinstance.py:1368} INFO - 
--------------------------------------------------------------------------------
[2022-09-09T19:05:24.401+0000] {taskinstance.py:1369} INFO - Starting attempt 1 of 2
[2022-09-09T19:05:24.401+0000] {taskinstance.py:1370} INFO - 
--------------------------------------------------------------------------------
[2022-09-09T19:05:24.759+0000] {taskinstance.py:1389} INFO - Executing <Task(SparkSubmitOperator): pedidos-silver> on 2022-09-09 19:05:21.956854+00:00
[2022-09-09T19:05:24.796+0000] {standard_task_runner.py:52} INFO - Started process 716 to run task
[2022-09-09T19:05:24.799+0000] {standard_task_runner.py:79} INFO - Running: ['***', 'tasks', 'run', 'spark_pedidos_silver', 'pedidos-silver', 'manual__2022-09-09T19:05:21.956854+00:00', '--job-id', '35', '--raw', '--subdir', 'DAGS_FOLDER/dag_pedidos.py', '--cfg-path', '/tmp/tmpagg1u67r', '--error-file', '/tmp/tmpm0_03cn3']
[2022-09-09T19:05:24.799+0000] {standard_task_runner.py:80} INFO - Job 35: Subtask pedidos-silver
[2022-09-09T19:05:25.330+0000] {task_command.py:371} INFO - Running <TaskInstance: spark_pedidos_silver.pedidos-silver manual__2022-09-09T19:05:21.956854+00:00 [running]> on host cea5bc5c0a31
[2022-09-09T19:05:26.087+0000] {taskinstance.py:1583} INFO - Exporting the following env vars:
AIRFLOW_CTX_DAG_OWNER=juacy
AIRFLOW_CTX_DAG_ID=spark_pedidos_silver
AIRFLOW_CTX_TASK_ID=pedidos-silver
AIRFLOW_CTX_EXECUTION_DATE=2022-09-09T19:05:21.956854+00:00
AIRFLOW_CTX_TRY_NUMBER=1
AIRFLOW_CTX_DAG_RUN_ID=manual__2022-09-09T19:05:21.956854+00:00
[2022-09-09T19:05:26.213+0000] {base.py:68} INFO - Using connection ID 'conexao_spark' for task execution.
[2022-09-09T19:05:26.214+0000] {spark_submit.py:335} INFO - Spark-Submit cmd: spark-submit --master spark://fe77514119f4:7077 --name arrow-spark ./dags/atividade_1.py
[2022-09-09T19:05:55.141+0000] {spark_submit.py:488} INFO - 22/09/09 19:05:55 INFO SparkContext: Running Spark version 3.3.0
[2022-09-09T19:05:55.244+0000] {spark_submit.py:488} INFO - 22/09/09 19:05:55 WARN NativeCodeLoader: Unable to load native-hadoop library for your platform... using builtin-java classes where applicable
[2022-09-09T19:05:55.358+0000] {spark_submit.py:488} INFO - 22/09/09 19:05:55 INFO ResourceUtils: ==============================================================
[2022-09-09T19:05:55.359+0000] {spark_submit.py:488} INFO - 22/09/09 19:05:55 INFO ResourceUtils: No custom resources configured for spark.driver.
[2022-09-09T19:05:55.359+0000] {spark_submit.py:488} INFO - 22/09/09 19:05:55 INFO ResourceUtils: ==============================================================
[2022-09-09T19:05:55.360+0000] {spark_submit.py:488} INFO - 22/09/09 19:05:55 INFO SparkContext: Submitted application: arrow-spark
[2022-09-09T19:05:55.388+0000] {spark_submit.py:488} INFO - 22/09/09 19:05:55 INFO ResourceProfile: Default ResourceProfile created, executor resources: Map(cores -> name: cores, amount: 1, script: , vendor: , memory -> name: memory, amount: 1024, script: , vendor: , offHeap -> name: offHeap, amount: 0, script: , vendor: ), task resources: Map(cpus -> name: cpus, amount: 1.0)
[2022-09-09T19:05:55.404+0000] {spark_submit.py:488} INFO - 22/09/09 19:05:55 INFO ResourceProfile: Limiting resource is cpu
[2022-09-09T19:05:55.404+0000] {spark_submit.py:488} INFO - 22/09/09 19:05:55 INFO ResourceProfileManager: Added ResourceProfile id: 0
[2022-09-09T19:05:55.489+0000] {spark_submit.py:488} INFO - 22/09/09 19:05:55 INFO SecurityManager: Changing view acls to: default
[2022-09-09T19:05:55.491+0000] {spark_submit.py:488} INFO - 22/09/09 19:05:55 INFO SecurityManager: Changing modify acls to: default
[2022-09-09T19:05:55.492+0000] {spark_submit.py:488} INFO - 22/09/09 19:05:55 INFO SecurityManager: Changing view acls groups to:
[2022-09-09T19:05:55.494+0000] {spark_submit.py:488} INFO - 22/09/09 19:05:55 INFO SecurityManager: Changing modify acls groups to:
[2022-09-09T19:05:55.495+0000] {spark_submit.py:488} INFO - 22/09/09 19:05:55 INFO SecurityManager: SecurityManager: authentication disabled; ui acls disabled; users  with view permissions: Set(default); groups with view permissions: Set(); users  with modify permissions: Set(default); groups with modify permissions: Set()
[2022-09-09T19:05:55.969+0000] {spark_submit.py:488} INFO - 22/09/09 19:05:55 INFO Utils: Successfully started service 'sparkDriver' on port 34913.
[2022-09-09T19:05:56.056+0000] {spark_submit.py:488} INFO - 22/09/09 19:05:56 INFO SparkEnv: Registering MapOutputTracker
[2022-09-09T19:05:56.117+0000] {spark_submit.py:488} INFO - 22/09/09 19:05:56 INFO SparkEnv: Registering BlockManagerMaster
[2022-09-09T19:05:56.159+0000] {spark_submit.py:488} INFO - 22/09/09 19:05:56 INFO BlockManagerMasterEndpoint: Using org.apache.spark.storage.DefaultTopologyMapper for getting topology information
[2022-09-09T19:05:56.162+0000] {spark_submit.py:488} INFO - 22/09/09 19:05:56 INFO BlockManagerMasterEndpoint: BlockManagerMasterEndpoint up
[2022-09-09T19:05:56.170+0000] {spark_submit.py:488} INFO - 22/09/09 19:05:56 INFO SparkEnv: Registering BlockManagerMasterHeartbeat
[2022-09-09T19:05:56.261+0000] {spark_submit.py:488} INFO - 22/09/09 19:05:56 INFO DiskBlockManager: Created local directory at /tmp/blockmgr-f82d460d-44ed-4aa2-853b-63b076371967
[2022-09-09T19:05:56.286+0000] {spark_submit.py:488} INFO - 22/09/09 19:05:56 INFO MemoryStore: MemoryStore started with capacity 434.4 MiB
[2022-09-09T19:05:56.331+0000] {spark_submit.py:488} INFO - 22/09/09 19:05:56 INFO SparkEnv: Registering OutputCommitCoordinator
[2022-09-09T19:05:56.674+0000] {spark_submit.py:488} INFO - 22/09/09 19:05:56 INFO Utils: Successfully started service 'SparkUI' on port 4040.
[2022-09-09T19:05:56.871+0000] {spark_submit.py:488} INFO - 22/09/09 19:05:56 INFO StandaloneAppClient$ClientEndpoint: Connecting to master spark://fe77514119f4:7077...
[2022-09-09T19:06:15.308+0000] {spark_submit.py:488} INFO - 22/09/09 19:06:15 WARN TransportClientFactory: DNS resolution failed for fe77514119f4:7077 took 18419 ms
[2022-09-09T19:06:17.086+0000] {spark_submit.py:488} INFO - 22/09/09 19:06:17 WARN StandaloneAppClient$ClientEndpoint: Failed to connect to master fe77514119f4:7077
[2022-09-09T19:06:17.086+0000] {spark_submit.py:488} INFO - org.apache.spark.SparkException: Exception thrown in awaitResult:
[2022-09-09T19:06:17.086+0000] {spark_submit.py:488} INFO - at org.apache.spark.util.ThreadUtils$.awaitResult(ThreadUtils.scala:301)
[2022-09-09T19:06:17.086+0000] {spark_submit.py:488} INFO - at org.apache.spark.rpc.RpcTimeout.awaitResult(RpcTimeout.scala:75)
[2022-09-09T19:06:17.086+0000] {spark_submit.py:488} INFO - at org.apache.spark.rpc.RpcEnv.setupEndpointRefByURI(RpcEnv.scala:102)
[2022-09-09T19:06:17.086+0000] {spark_submit.py:488} INFO - at org.apache.spark.rpc.RpcEnv.setupEndpointRef(RpcEnv.scala:110)
[2022-09-09T19:06:17.086+0000] {spark_submit.py:488} INFO - at org.apache.spark.deploy.client.StandaloneAppClient$ClientEndpoint$$anon$1.run(StandaloneAppClient.scala:107)
[2022-09-09T19:06:17.086+0000] {spark_submit.py:488} INFO - at java.base/java.util.concurrent.Executors$RunnableAdapter.call(Executors.java:515)
[2022-09-09T19:06:17.087+0000] {spark_submit.py:488} INFO - at java.base/java.util.concurrent.FutureTask.run(FutureTask.java:264)
[2022-09-09T19:06:17.087+0000] {spark_submit.py:488} INFO - at java.base/java.util.concurrent.ThreadPoolExecutor.runWorker(ThreadPoolExecutor.java:1128)
[2022-09-09T19:06:17.087+0000] {spark_submit.py:488} INFO - at java.base/java.util.concurrent.ThreadPoolExecutor$Worker.run(ThreadPoolExecutor.java:628)
[2022-09-09T19:06:17.087+0000] {spark_submit.py:488} INFO - at java.base/java.lang.Thread.run(Thread.java:829)
[2022-09-09T19:06:17.087+0000] {spark_submit.py:488} INFO - Caused by: java.io.IOException: Failed to connect to fe77514119f4:7077
[2022-09-09T19:06:17.087+0000] {spark_submit.py:488} INFO - at org.apache.spark.network.client.TransportClientFactory.createClient(TransportClientFactory.java:288)
[2022-09-09T19:06:17.087+0000] {spark_submit.py:488} INFO - at org.apache.spark.network.client.TransportClientFactory.createClient(TransportClientFactory.java:218)
[2022-09-09T19:06:17.087+0000] {spark_submit.py:488} INFO - at org.apache.spark.network.client.TransportClientFactory.createClient(TransportClientFactory.java:230)
[2022-09-09T19:06:17.087+0000] {spark_submit.py:488} INFO - at org.apache.spark.rpc.netty.NettyRpcEnv.createClient(NettyRpcEnv.scala:204)
[2022-09-09T19:06:17.087+0000] {spark_submit.py:488} INFO - at org.apache.spark.rpc.netty.Outbox$$anon$1.call(Outbox.scala:202)
[2022-09-09T19:06:17.087+0000] {spark_submit.py:488} INFO - at org.apache.spark.rpc.netty.Outbox$$anon$1.call(Outbox.scala:198)
[2022-09-09T19:06:17.088+0000] {spark_submit.py:488} INFO - ... 4 more
[2022-09-09T19:06:17.088+0000] {spark_submit.py:488} INFO - Caused by: java.net.UnknownHostException: fe77514119f4
[2022-09-09T19:06:17.088+0000] {spark_submit.py:488} INFO - at java.base/java.net.InetAddress$CachedAddresses.get(InetAddress.java:797)
[2022-09-09T19:06:17.088+0000] {spark_submit.py:488} INFO - at java.base/java.net.InetAddress.getAllByName0(InetAddress.java:1519)
[2022-09-09T19:06:17.088+0000] {spark_submit.py:488} INFO - at java.base/java.net.InetAddress.getAllByName(InetAddress.java:1378)
[2022-09-09T19:06:17.088+0000] {spark_submit.py:488} INFO - at java.base/java.net.InetAddress.getAllByName(InetAddress.java:1306)
[2022-09-09T19:06:17.088+0000] {spark_submit.py:488} INFO - at java.base/java.net.InetAddress.getByName(InetAddress.java:1256)
[2022-09-09T19:06:17.088+0000] {spark_submit.py:488} INFO - at io.netty.util.internal.SocketUtils$8.run(SocketUtils.java:156)
[2022-09-09T19:06:17.088+0000] {spark_submit.py:488} INFO - at io.netty.util.internal.SocketUtils$8.run(SocketUtils.java:153)
[2022-09-09T19:06:17.088+0000] {spark_submit.py:488} INFO - at java.base/java.security.AccessController.doPrivileged(Native Method)
[2022-09-09T19:06:17.088+0000] {spark_submit.py:488} INFO - at io.netty.util.internal.SocketUtils.addressByName(SocketUtils.java:153)
[2022-09-09T19:06:17.088+0000] {spark_submit.py:488} INFO - at io.netty.resolver.DefaultNameResolver.doResolve(DefaultNameResolver.java:41)
[2022-09-09T19:06:17.089+0000] {spark_submit.py:488} INFO - at io.netty.resolver.SimpleNameResolver.resolve(SimpleNameResolver.java:61)
[2022-09-09T19:06:17.089+0000] {spark_submit.py:488} INFO - at io.netty.resolver.SimpleNameResolver.resolve(SimpleNameResolver.java:53)
[2022-09-09T19:06:17.089+0000] {spark_submit.py:488} INFO - at io.netty.resolver.InetSocketAddressResolver.doResolve(InetSocketAddressResolver.java:55)
[2022-09-09T19:06:17.089+0000] {spark_submit.py:488} INFO - at io.netty.resolver.InetSocketAddressResolver.doResolve(InetSocketAddressResolver.java:31)
[2022-09-09T19:06:17.089+0000] {spark_submit.py:488} INFO - at io.netty.resolver.AbstractAddressResolver.resolve(AbstractAddressResolver.java:106)
[2022-09-09T19:06:17.089+0000] {spark_submit.py:488} INFO - at io.netty.bootstrap.Bootstrap.doResolveAndConnect0(Bootstrap.java:206)
[2022-09-09T19:06:17.089+0000] {spark_submit.py:488} INFO - at io.netty.bootstrap.Bootstrap.access$000(Bootstrap.java:46)
[2022-09-09T19:06:17.089+0000] {spark_submit.py:488} INFO - at io.netty.bootstrap.Bootstrap$1.operationComplete(Bootstrap.java:180)
[2022-09-09T19:06:17.089+0000] {spark_submit.py:488} INFO - at io.netty.bootstrap.Bootstrap$1.operationComplete(Bootstrap.java:166)
[2022-09-09T19:06:17.089+0000] {spark_submit.py:488} INFO - at io.netty.util.concurrent.DefaultPromise.notifyListener0(DefaultPromise.java:578)
[2022-09-09T19:06:17.089+0000] {spark_submit.py:488} INFO - at io.netty.util.concurrent.DefaultPromise.notifyListenersNow(DefaultPromise.java:552)
[2022-09-09T19:06:17.089+0000] {spark_submit.py:488} INFO - at io.netty.util.concurrent.DefaultPromise.notifyListeners(DefaultPromise.java:491)
[2022-09-09T19:06:17.090+0000] {spark_submit.py:488} INFO - at io.netty.util.concurrent.DefaultPromise.setValue0(DefaultPromise.java:616)
[2022-09-09T19:06:17.090+0000] {spark_submit.py:488} INFO - at io.netty.util.concurrent.DefaultPromise.setSuccess0(DefaultPromise.java:605)
[2022-09-09T19:06:17.090+0000] {spark_submit.py:488} INFO - at io.netty.util.concurrent.DefaultPromise.trySuccess(DefaultPromise.java:104)
[2022-09-09T19:06:17.090+0000] {spark_submit.py:488} INFO - at io.netty.channel.DefaultChannelPromise.trySuccess(DefaultChannelPromise.java:84)
[2022-09-09T19:06:17.090+0000] {spark_submit.py:488} INFO - at io.netty.channel.AbstractChannel$AbstractUnsafe.safeSetSuccess(AbstractChannel.java:990)
[2022-09-09T19:06:17.090+0000] {spark_submit.py:488} INFO - at io.netty.channel.AbstractChannel$AbstractUnsafe.register0(AbstractChannel.java:516)
[2022-09-09T19:06:17.090+0000] {spark_submit.py:488} INFO - at io.netty.channel.AbstractChannel$AbstractUnsafe.access$200(AbstractChannel.java:429)
[2022-09-09T19:06:17.090+0000] {spark_submit.py:488} INFO - at io.netty.channel.AbstractChannel$AbstractUnsafe$1.run(AbstractChannel.java:486)
[2022-09-09T19:06:17.090+0000] {spark_submit.py:488} INFO - at io.netty.util.concurrent.AbstractEventExecutor.safeExecute(AbstractEventExecutor.java:164)
[2022-09-09T19:06:17.090+0000] {spark_submit.py:488} INFO - at io.netty.util.concurrent.SingleThreadEventExecutor.runAllTasks(SingleThreadEventExecutor.java:469)
[2022-09-09T19:06:17.090+0000] {spark_submit.py:488} INFO - at io.netty.channel.nio.NioEventLoop.run(NioEventLoop.java:503)
[2022-09-09T19:06:17.091+0000] {spark_submit.py:488} INFO - at io.netty.util.concurrent.SingleThreadEventExecutor$4.run(SingleThreadEventExecutor.java:986)
[2022-09-09T19:06:17.091+0000] {spark_submit.py:488} INFO - at io.netty.util.internal.ThreadExecutorMap$2.run(ThreadExecutorMap.java:74)
[2022-09-09T19:06:17.091+0000] {spark_submit.py:488} INFO - at io.netty.util.concurrent.FastThreadLocalRunnable.run(FastThreadLocalRunnable.java:30)
[2022-09-09T19:06:17.091+0000] {spark_submit.py:488} INFO - ... 1 more
[2022-09-09T19:06:23.529+0000] {spark_submit.py:488} INFO - 22/09/09 19:06:23 INFO StandaloneAppClient$ClientEndpoint: Connecting to master spark://fe77514119f4:7077...
[2022-09-09T19:06:23.535+0000] {spark_submit.py:488} INFO - 22/09/09 19:06:23 WARN StandaloneAppClient$ClientEndpoint: Failed to connect to master fe77514119f4:7077
[2022-09-09T19:06:23.535+0000] {spark_submit.py:488} INFO - org.apache.spark.SparkException: Exception thrown in awaitResult:
[2022-09-09T19:06:23.536+0000] {spark_submit.py:488} INFO - at org.apache.spark.util.ThreadUtils$.awaitResult(ThreadUtils.scala:301)
[2022-09-09T19:06:23.536+0000] {spark_submit.py:488} INFO - at org.apache.spark.rpc.RpcTimeout.awaitResult(RpcTimeout.scala:75)
[2022-09-09T19:06:23.536+0000] {spark_submit.py:488} INFO - at org.apache.spark.rpc.RpcEnv.setupEndpointRefByURI(RpcEnv.scala:102)
[2022-09-09T19:06:23.536+0000] {spark_submit.py:488} INFO - at org.apache.spark.rpc.RpcEnv.setupEndpointRef(RpcEnv.scala:110)
[2022-09-09T19:06:23.536+0000] {spark_submit.py:488} INFO - at org.apache.spark.deploy.client.StandaloneAppClient$ClientEndpoint$$anon$1.run(StandaloneAppClient.scala:107)
[2022-09-09T19:06:23.536+0000] {spark_submit.py:488} INFO - at java.base/java.util.concurrent.Executors$RunnableAdapter.call(Executors.java:515)
[2022-09-09T19:06:23.536+0000] {spark_submit.py:488} INFO - at java.base/java.util.concurrent.FutureTask.run(FutureTask.java:264)
[2022-09-09T19:06:23.536+0000] {spark_submit.py:488} INFO - at java.base/java.util.concurrent.ThreadPoolExecutor.runWorker(ThreadPoolExecutor.java:1128)
[2022-09-09T19:06:23.537+0000] {spark_submit.py:488} INFO - at java.base/java.util.concurrent.ThreadPoolExecutor$Worker.run(ThreadPoolExecutor.java:628)
[2022-09-09T19:06:23.537+0000] {spark_submit.py:488} INFO - at java.base/java.lang.Thread.run(Thread.java:829)
[2022-09-09T19:06:23.537+0000] {spark_submit.py:488} INFO - Caused by: java.io.IOException: Failed to connect to fe77514119f4:7077
[2022-09-09T19:06:23.537+0000] {spark_submit.py:488} INFO - at org.apache.spark.network.client.TransportClientFactory.createClient(TransportClientFactory.java:288)
[2022-09-09T19:06:23.537+0000] {spark_submit.py:488} INFO - at org.apache.spark.network.client.TransportClientFactory.createClient(TransportClientFactory.java:218)
[2022-09-09T19:06:23.537+0000] {spark_submit.py:488} INFO - at org.apache.spark.network.client.TransportClientFactory.createClient(TransportClientFactory.java:230)
[2022-09-09T19:06:23.537+0000] {spark_submit.py:488} INFO - at org.apache.spark.rpc.netty.NettyRpcEnv.createClient(NettyRpcEnv.scala:204)
[2022-09-09T19:06:23.537+0000] {spark_submit.py:488} INFO - at org.apache.spark.rpc.netty.Outbox$$anon$1.call(Outbox.scala:202)
[2022-09-09T19:06:23.537+0000] {spark_submit.py:488} INFO - at org.apache.spark.rpc.netty.Outbox$$anon$1.call(Outbox.scala:198)
[2022-09-09T19:06:23.538+0000] {spark_submit.py:488} INFO - ... 4 more
[2022-09-09T19:06:23.538+0000] {spark_submit.py:488} INFO - Caused by: java.net.UnknownHostException: fe77514119f4
[2022-09-09T19:06:23.538+0000] {spark_submit.py:488} INFO - at java.base/java.net.InetAddress$CachedAddresses.get(InetAddress.java:797)
[2022-09-09T19:06:23.538+0000] {spark_submit.py:488} INFO - at java.base/java.net.InetAddress.getAllByName0(InetAddress.java:1519)
[2022-09-09T19:06:23.538+0000] {spark_submit.py:488} INFO - at java.base/java.net.InetAddress.getAllByName(InetAddress.java:1378)
[2022-09-09T19:06:23.538+0000] {spark_submit.py:488} INFO - at java.base/java.net.InetAddress.getAllByName(InetAddress.java:1306)
[2022-09-09T19:06:23.538+0000] {spark_submit.py:488} INFO - at java.base/java.net.InetAddress.getByName(InetAddress.java:1256)
[2022-09-09T19:06:23.538+0000] {spark_submit.py:488} INFO - at io.netty.util.internal.SocketUtils$8.run(SocketUtils.java:156)
[2022-09-09T19:06:23.538+0000] {spark_submit.py:488} INFO - at io.netty.util.internal.SocketUtils$8.run(SocketUtils.java:153)
[2022-09-09T19:06:23.539+0000] {spark_submit.py:488} INFO - at java.base/java.security.AccessController.doPrivileged(Native Method)
[2022-09-09T19:06:23.539+0000] {spark_submit.py:488} INFO - at io.netty.util.internal.SocketUtils.addressByName(SocketUtils.java:153)
[2022-09-09T19:06:23.539+0000] {spark_submit.py:488} INFO - at io.netty.resolver.DefaultNameResolver.doResolve(DefaultNameResolver.java:41)
[2022-09-09T19:06:23.539+0000] {spark_submit.py:488} INFO - at io.netty.resolver.SimpleNameResolver.resolve(SimpleNameResolver.java:61)
[2022-09-09T19:06:23.539+0000] {spark_submit.py:488} INFO - at io.netty.resolver.SimpleNameResolver.resolve(SimpleNameResolver.java:53)
[2022-09-09T19:06:23.539+0000] {spark_submit.py:488} INFO - at io.netty.resolver.InetSocketAddressResolver.doResolve(InetSocketAddressResolver.java:55)
[2022-09-09T19:06:23.539+0000] {spark_submit.py:488} INFO - at io.netty.resolver.InetSocketAddressResolver.doResolve(InetSocketAddressResolver.java:31)
[2022-09-09T19:06:23.539+0000] {spark_submit.py:488} INFO - at io.netty.resolver.AbstractAddressResolver.resolve(AbstractAddressResolver.java:106)
[2022-09-09T19:06:23.540+0000] {spark_submit.py:488} INFO - at io.netty.bootstrap.Bootstrap.doResolveAndConnect0(Bootstrap.java:206)
[2022-09-09T19:06:23.540+0000] {spark_submit.py:488} INFO - at io.netty.bootstrap.Bootstrap.access$000(Bootstrap.java:46)
[2022-09-09T19:06:23.540+0000] {spark_submit.py:488} INFO - at io.netty.bootstrap.Bootstrap$1.operationComplete(Bootstrap.java:180)
[2022-09-09T19:06:23.540+0000] {spark_submit.py:488} INFO - at io.netty.bootstrap.Bootstrap$1.operationComplete(Bootstrap.java:166)
[2022-09-09T19:06:23.540+0000] {spark_submit.py:488} INFO - at io.netty.util.concurrent.DefaultPromise.notifyListener0(DefaultPromise.java:578)
[2022-09-09T19:06:23.540+0000] {spark_submit.py:488} INFO - at io.netty.util.concurrent.DefaultPromise.notifyListenersNow(DefaultPromise.java:552)
[2022-09-09T19:06:23.540+0000] {spark_submit.py:488} INFO - at io.netty.util.concurrent.DefaultPromise.notifyListeners(DefaultPromise.java:491)
[2022-09-09T19:06:23.540+0000] {spark_submit.py:488} INFO - at io.netty.util.concurrent.DefaultPromise.setValue0(DefaultPromise.java:616)
[2022-09-09T19:06:23.540+0000] {spark_submit.py:488} INFO - at io.netty.util.concurrent.DefaultPromise.setSuccess0(DefaultPromise.java:605)
[2022-09-09T19:06:23.541+0000] {spark_submit.py:488} INFO - at io.netty.util.concurrent.DefaultPromise.trySuccess(DefaultPromise.java:104)
[2022-09-09T19:06:23.541+0000] {spark_submit.py:488} INFO - at io.netty.channel.DefaultChannelPromise.trySuccess(DefaultChannelPromise.java:84)
[2022-09-09T19:06:23.541+0000] {spark_submit.py:488} INFO - at io.netty.channel.AbstractChannel$AbstractUnsafe.safeSetSuccess(AbstractChannel.java:990)
[2022-09-09T19:06:23.541+0000] {spark_submit.py:488} INFO - at io.netty.channel.AbstractChannel$AbstractUnsafe.register0(AbstractChannel.java:516)
[2022-09-09T19:06:23.541+0000] {spark_submit.py:488} INFO - at io.netty.channel.AbstractChannel$AbstractUnsafe.access$200(AbstractChannel.java:429)
[2022-09-09T19:06:23.541+0000] {spark_submit.py:488} INFO - at io.netty.channel.AbstractChannel$AbstractUnsafe$1.run(AbstractChannel.java:486)
[2022-09-09T19:06:23.541+0000] {spark_submit.py:488} INFO - at io.netty.util.concurrent.AbstractEventExecutor.safeExecute(AbstractEventExecutor.java:164)
[2022-09-09T19:06:23.541+0000] {spark_submit.py:488} INFO - at io.netty.util.concurrent.SingleThreadEventExecutor.runAllTasks(SingleThreadEventExecutor.java:469)
[2022-09-09T19:06:23.542+0000] {spark_submit.py:488} INFO - at io.netty.channel.nio.NioEventLoop.run(NioEventLoop.java:503)
[2022-09-09T19:06:23.542+0000] {spark_submit.py:488} INFO - at io.netty.util.concurrent.SingleThreadEventExecutor$4.run(SingleThreadEventExecutor.java:986)
[2022-09-09T19:06:23.542+0000] {spark_submit.py:488} INFO - at io.netty.util.internal.ThreadExecutorMap$2.run(ThreadExecutorMap.java:74)
[2022-09-09T19:06:23.542+0000] {spark_submit.py:488} INFO - at io.netty.util.concurrent.FastThreadLocalRunnable.run(FastThreadLocalRunnable.java:30)
[2022-09-09T19:06:23.542+0000] {spark_submit.py:488} INFO - ... 1 more
[2022-09-09T19:07:09.475+0000] {spark_submit.py:488} INFO - 22/09/09 19:07:09 INFO StandaloneAppClient$ClientEndpoint: Connecting to master spark://fe77514119f4:7077...
[2022-09-09T19:07:19.766+0000] {spark_submit.py:488} INFO - 22/09/09 19:07:19 WARN TransportClientFactory: DNS resolution failed for fe77514119f4:7077 took 10008 ms
[2022-09-09T19:07:19.771+0000] {spark_submit.py:488} INFO - 22/09/09 19:07:19 WARN StandaloneAppClient$ClientEndpoint: Failed to connect to master fe77514119f4:7077
[2022-09-09T19:07:19.771+0000] {spark_submit.py:488} INFO - org.apache.spark.SparkException: Exception thrown in awaitResult:
[2022-09-09T19:07:19.772+0000] {spark_submit.py:488} INFO - at org.apache.spark.util.ThreadUtils$.awaitResult(ThreadUtils.scala:301)
[2022-09-09T19:07:19.772+0000] {spark_submit.py:488} INFO - at org.apache.spark.rpc.RpcTimeout.awaitResult(RpcTimeout.scala:75)
[2022-09-09T19:07:19.772+0000] {spark_submit.py:488} INFO - at org.apache.spark.rpc.RpcEnv.setupEndpointRefByURI(RpcEnv.scala:102)
[2022-09-09T19:07:19.772+0000] {spark_submit.py:488} INFO - at org.apache.spark.rpc.RpcEnv.setupEndpointRef(RpcEnv.scala:110)
[2022-09-09T19:07:19.772+0000] {spark_submit.py:488} INFO - at org.apache.spark.deploy.client.StandaloneAppClient$ClientEndpoint$$anon$1.run(StandaloneAppClient.scala:107)
[2022-09-09T19:07:19.772+0000] {spark_submit.py:488} INFO - at java.base/java.util.concurrent.Executors$RunnableAdapter.call(Executors.java:515)
[2022-09-09T19:07:19.772+0000] {spark_submit.py:488} INFO - at java.base/java.util.concurrent.FutureTask.run(FutureTask.java:264)
[2022-09-09T19:07:19.772+0000] {spark_submit.py:488} INFO - at java.base/java.util.concurrent.ThreadPoolExecutor.runWorker(ThreadPoolExecutor.java:1128)
[2022-09-09T19:07:19.772+0000] {spark_submit.py:488} INFO - at java.base/java.util.concurrent.ThreadPoolExecutor$Worker.run(ThreadPoolExecutor.java:628)
[2022-09-09T19:07:19.772+0000] {spark_submit.py:488} INFO - at java.base/java.lang.Thread.run(Thread.java:829)
[2022-09-09T19:07:19.772+0000] {spark_submit.py:488} INFO - Caused by: java.io.IOException: Failed to connect to fe77514119f4:7077
[2022-09-09T19:07:19.772+0000] {spark_submit.py:488} INFO - at org.apache.spark.network.client.TransportClientFactory.createClient(TransportClientFactory.java:288)
[2022-09-09T19:07:19.773+0000] {spark_submit.py:488} INFO - at org.apache.spark.network.client.TransportClientFactory.createClient(TransportClientFactory.java:218)
[2022-09-09T19:07:19.773+0000] {spark_submit.py:488} INFO - at org.apache.spark.network.client.TransportClientFactory.createClient(TransportClientFactory.java:230)
[2022-09-09T19:07:19.773+0000] {spark_submit.py:488} INFO - at org.apache.spark.rpc.netty.NettyRpcEnv.createClient(NettyRpcEnv.scala:204)
[2022-09-09T19:07:19.773+0000] {spark_submit.py:488} INFO - at org.apache.spark.rpc.netty.Outbox$$anon$1.call(Outbox.scala:202)
[2022-09-09T19:07:19.773+0000] {spark_submit.py:488} INFO - at org.apache.spark.rpc.netty.Outbox$$anon$1.call(Outbox.scala:198)
[2022-09-09T19:07:19.773+0000] {spark_submit.py:488} INFO - ... 4 more
[2022-09-09T19:07:19.773+0000] {spark_submit.py:488} INFO - Caused by: java.net.UnknownHostException: fe77514119f4
[2022-09-09T19:07:19.773+0000] {spark_submit.py:488} INFO - at java.base/java.net.InetAddress$CachedAddresses.get(InetAddress.java:797)
[2022-09-09T19:07:19.773+0000] {spark_submit.py:488} INFO - at java.base/java.net.InetAddress.getAllByName0(InetAddress.java:1519)
[2022-09-09T19:07:19.773+0000] {spark_submit.py:488} INFO - at java.base/java.net.InetAddress.getAllByName(InetAddress.java:1378)
[2022-09-09T19:07:19.773+0000] {spark_submit.py:488} INFO - at java.base/java.net.InetAddress.getAllByName(InetAddress.java:1306)
[2022-09-09T19:07:19.773+0000] {spark_submit.py:488} INFO - at java.base/java.net.InetAddress.getByName(InetAddress.java:1256)
[2022-09-09T19:07:19.773+0000] {spark_submit.py:488} INFO - at io.netty.util.internal.SocketUtils$8.run(SocketUtils.java:156)
[2022-09-09T19:07:19.774+0000] {spark_submit.py:488} INFO - at io.netty.util.internal.SocketUtils$8.run(SocketUtils.java:153)
[2022-09-09T19:07:19.774+0000] {spark_submit.py:488} INFO - at java.base/java.security.AccessController.doPrivileged(Native Method)
[2022-09-09T19:07:19.774+0000] {spark_submit.py:488} INFO - at io.netty.util.internal.SocketUtils.addressByName(SocketUtils.java:153)
[2022-09-09T19:07:19.774+0000] {spark_submit.py:488} INFO - at io.netty.resolver.DefaultNameResolver.doResolve(DefaultNameResolver.java:41)
[2022-09-09T19:07:19.774+0000] {spark_submit.py:488} INFO - at io.netty.resolver.SimpleNameResolver.resolve(SimpleNameResolver.java:61)
[2022-09-09T19:07:19.774+0000] {spark_submit.py:488} INFO - at io.netty.resolver.SimpleNameResolver.resolve(SimpleNameResolver.java:53)
[2022-09-09T19:07:19.774+0000] {spark_submit.py:488} INFO - at io.netty.resolver.InetSocketAddressResolver.doResolve(InetSocketAddressResolver.java:55)
[2022-09-09T19:07:19.774+0000] {spark_submit.py:488} INFO - at io.netty.resolver.InetSocketAddressResolver.doResolve(InetSocketAddressResolver.java:31)
[2022-09-09T19:07:19.774+0000] {spark_submit.py:488} INFO - at io.netty.resolver.AbstractAddressResolver.resolve(AbstractAddressResolver.java:106)
[2022-09-09T19:07:19.775+0000] {spark_submit.py:488} INFO - at io.netty.bootstrap.Bootstrap.doResolveAndConnect0(Bootstrap.java:206)
[2022-09-09T19:07:19.775+0000] {spark_submit.py:488} INFO - at io.netty.bootstrap.Bootstrap.access$000(Bootstrap.java:46)
[2022-09-09T19:07:19.775+0000] {spark_submit.py:488} INFO - at io.netty.bootstrap.Bootstrap$1.operationComplete(Bootstrap.java:180)
[2022-09-09T19:07:19.775+0000] {spark_submit.py:488} INFO - at io.netty.bootstrap.Bootstrap$1.operationComplete(Bootstrap.java:166)
[2022-09-09T19:07:19.775+0000] {spark_submit.py:488} INFO - at io.netty.util.concurrent.DefaultPromise.notifyListener0(DefaultPromise.java:578)
[2022-09-09T19:07:19.775+0000] {spark_submit.py:488} INFO - at io.netty.util.concurrent.DefaultPromise.notifyListenersNow(DefaultPromise.java:552)
[2022-09-09T19:07:19.775+0000] {spark_submit.py:488} INFO - at io.netty.util.concurrent.DefaultPromise.notifyListeners(DefaultPromise.java:491)
[2022-09-09T19:07:19.775+0000] {spark_submit.py:488} INFO - at io.netty.util.concurrent.DefaultPromise.setValue0(DefaultPromise.java:616)
[2022-09-09T19:07:19.776+0000] {spark_submit.py:488} INFO - at io.netty.util.concurrent.DefaultPromise.setSuccess0(DefaultPromise.java:605)
[2022-09-09T19:07:19.776+0000] {spark_submit.py:488} INFO - at io.netty.util.concurrent.DefaultPromise.trySuccess(DefaultPromise.java:104)
[2022-09-09T19:07:19.776+0000] {spark_submit.py:488} INFO - at io.netty.channel.DefaultChannelPromise.trySuccess(DefaultChannelPromise.java:84)
[2022-09-09T19:07:19.776+0000] {spark_submit.py:488} INFO - at io.netty.channel.AbstractChannel$AbstractUnsafe.safeSetSuccess(AbstractChannel.java:990)
[2022-09-09T19:07:19.776+0000] {spark_submit.py:488} INFO - at io.netty.channel.AbstractChannel$AbstractUnsafe.register0(AbstractChannel.java:516)
[2022-09-09T19:07:19.776+0000] {spark_submit.py:488} INFO - at io.netty.channel.AbstractChannel$AbstractUnsafe.access$200(AbstractChannel.java:429)
[2022-09-09T19:07:19.776+0000] {spark_submit.py:488} INFO - at io.netty.channel.AbstractChannel$AbstractUnsafe$1.run(AbstractChannel.java:486)
[2022-09-09T19:07:19.777+0000] {spark_submit.py:488} INFO - at io.netty.util.concurrent.AbstractEventExecutor.safeExecute(AbstractEventExecutor.java:164)
[2022-09-09T19:07:19.777+0000] {spark_submit.py:488} INFO - at io.netty.util.concurrent.SingleThreadEventExecutor.runAllTasks(SingleThreadEventExecutor.java:469)
[2022-09-09T19:07:19.777+0000] {spark_submit.py:488} INFO - at io.netty.channel.nio.NioEventLoop.run(NioEventLoop.java:503)
[2022-09-09T19:07:19.777+0000] {spark_submit.py:488} INFO - at io.netty.util.concurrent.SingleThreadEventExecutor$4.run(SingleThreadEventExecutor.java:986)
[2022-09-09T19:07:19.777+0000] {spark_submit.py:488} INFO - at io.netty.util.internal.ThreadExecutorMap$2.run(ThreadExecutorMap.java:74)
[2022-09-09T19:07:19.777+0000] {spark_submit.py:488} INFO - at io.netty.util.concurrent.FastThreadLocalRunnable.run(FastThreadLocalRunnable.java:30)
[2022-09-09T19:07:19.777+0000] {spark_submit.py:488} INFO - ... 1 more
[2022-09-09T19:07:29.475+0000] {spark_submit.py:488} INFO - 22/09/09 19:07:29 WARN StandaloneSchedulerBackend: Application ID is not initialized yet.
[2022-09-09T19:07:29.476+0000] {spark_submit.py:488} INFO - 22/09/09 19:07:29 ERROR StandaloneSchedulerBackend: Application has been killed. Reason: All masters are unresponsive! Giving up.
[2022-09-09T19:07:29.483+0000] {spark_submit.py:488} INFO - 22/09/09 19:07:29 INFO Utils: Successfully started service 'org.apache.spark.network.netty.NettyBlockTransferService' on port 37557.
[2022-09-09T19:07:29.483+0000] {spark_submit.py:488} INFO - 22/09/09 19:07:29 INFO NettyBlockTransferService: Server created on cea5bc5c0a31:37557
[2022-09-09T19:07:29.485+0000] {spark_submit.py:488} INFO - 22/09/09 19:07:29 INFO BlockManager: Using org.apache.spark.storage.RandomBlockReplicationPolicy for block replication policy
[2022-09-09T19:07:29.493+0000] {spark_submit.py:488} INFO - 22/09/09 19:07:29 INFO SparkUI: Stopped Spark web UI at http://cea5bc5c0a31:4040
[2022-09-09T19:07:29.494+0000] {spark_submit.py:488} INFO - 22/09/09 19:07:29 INFO BlockManagerMaster: Registering BlockManager BlockManagerId(driver, cea5bc5c0a31, 37557, None)
[2022-09-09T19:07:29.498+0000] {spark_submit.py:488} INFO - 22/09/09 19:07:29 INFO BlockManagerMasterEndpoint: Registering block manager cea5bc5c0a31:37557 with 434.4 MiB RAM, BlockManagerId(driver, cea5bc5c0a31, 37557, None)
[2022-09-09T19:07:29.499+0000] {spark_submit.py:488} INFO - 22/09/09 19:07:29 INFO StandaloneSchedulerBackend: Shutting down all executors
[2022-09-09T19:07:29.501+0000] {spark_submit.py:488} INFO - 22/09/09 19:07:29 INFO BlockManagerMaster: Registered BlockManager BlockManagerId(driver, cea5bc5c0a31, 37557, None)
[2022-09-09T19:07:29.502+0000] {spark_submit.py:488} INFO - 22/09/09 19:07:29 INFO BlockManager: Initialized BlockManager: BlockManagerId(driver, cea5bc5c0a31, 37557, None)
[2022-09-09T19:07:29.503+0000] {spark_submit.py:488} INFO - 22/09/09 19:07:29 INFO CoarseGrainedSchedulerBackend$DriverEndpoint: Asking each executor to shut down
[2022-09-09T19:07:29.508+0000] {spark_submit.py:488} INFO - 22/09/09 19:07:29 WARN StandaloneAppClient$ClientEndpoint: Drop UnregisterApplication(null) because has not yet connected to master
[2022-09-09T19:07:29.522+0000] {spark_submit.py:488} INFO - 22/09/09 19:07:29 INFO MapOutputTrackerMasterEndpoint: MapOutputTrackerMasterEndpoint stopped!
[2022-09-09T19:07:29.534+0000] {spark_submit.py:488} INFO - 22/09/09 19:07:29 INFO MemoryStore: MemoryStore cleared
[2022-09-09T19:07:29.534+0000] {spark_submit.py:488} INFO - 22/09/09 19:07:29 INFO BlockManager: BlockManager stopped
[2022-09-09T19:07:29.542+0000] {spark_submit.py:488} INFO - 22/09/09 19:07:29 INFO BlockManagerMaster: BlockManagerMaster stopped
[2022-09-09T19:07:29.545+0000] {spark_submit.py:488} INFO - 22/09/09 19:07:29 INFO OutputCommitCoordinator$OutputCommitCoordinatorEndpoint: OutputCommitCoordinator stopped!
[2022-09-09T19:07:29.553+0000] {spark_submit.py:488} INFO - 22/09/09 19:07:29 INFO SparkContext: Successfully stopped SparkContext
[2022-09-09T19:07:29.662+0000] {spark_submit.py:488} INFO - 22/09/09 19:07:29 ERROR AsyncEventQueue: Listener AppStatusListener threw an exception
[2022-09-09T19:07:29.663+0000] {spark_submit.py:488} INFO - java.lang.NullPointerException
[2022-09-09T19:07:29.663+0000] {spark_submit.py:488} INFO - at org.apache.spark.status.AppStatusListener.onApplicationEnd(AppStatusListener.scala:192)
[2022-09-09T19:07:29.663+0000] {spark_submit.py:488} INFO - at org.apache.spark.scheduler.SparkListenerBus.doPostEvent(SparkListenerBus.scala:57)
[2022-09-09T19:07:29.663+0000] {spark_submit.py:488} INFO - at org.apache.spark.scheduler.SparkListenerBus.doPostEvent$(SparkListenerBus.scala:28)
[2022-09-09T19:07:29.663+0000] {spark_submit.py:488} INFO - at org.apache.spark.scheduler.AsyncEventQueue.doPostEvent(AsyncEventQueue.scala:37)
[2022-09-09T19:07:29.664+0000] {spark_submit.py:488} INFO - at org.apache.spark.scheduler.AsyncEventQueue.doPostEvent(AsyncEventQueue.scala:37)
[2022-09-09T19:07:29.664+0000] {spark_submit.py:488} INFO - at org.apache.spark.util.ListenerBus.postToAll(ListenerBus.scala:117)
[2022-09-09T19:07:29.664+0000] {spark_submit.py:488} INFO - at org.apache.spark.util.ListenerBus.postToAll$(ListenerBus.scala:101)
[2022-09-09T19:07:29.664+0000] {spark_submit.py:488} INFO - at org.apache.spark.scheduler.AsyncEventQueue.super$postToAll(AsyncEventQueue.scala:105)
[2022-09-09T19:07:29.664+0000] {spark_submit.py:488} INFO - at org.apache.spark.scheduler.AsyncEventQueue.$anonfun$dispatch$1(AsyncEventQueue.scala:105)
[2022-09-09T19:07:29.664+0000] {spark_submit.py:488} INFO - at scala.runtime.java8.JFunction0$mcJ$sp.apply(JFunction0$mcJ$sp.java:23)
[2022-09-09T19:07:29.664+0000] {spark_submit.py:488} INFO - at scala.util.DynamicVariable.withValue(DynamicVariable.scala:62)
[2022-09-09T19:07:29.664+0000] {spark_submit.py:488} INFO - at org.apache.spark.scheduler.AsyncEventQueue.org$apache$spark$scheduler$AsyncEventQueue$$dispatch(AsyncEventQueue.scala:100)
[2022-09-09T19:07:29.665+0000] {spark_submit.py:488} INFO - at org.apache.spark.scheduler.AsyncEventQueue$$anon$2.$anonfun$run$1(AsyncEventQueue.scala:96)
[2022-09-09T19:07:29.665+0000] {spark_submit.py:488} INFO - at org.apache.spark.util.Utils$.tryOrStopSparkContext(Utils.scala:1446)
[2022-09-09T19:07:29.665+0000] {spark_submit.py:488} INFO - at org.apache.spark.scheduler.AsyncEventQueue$$anon$2.run(AsyncEventQueue.scala:96)
[2022-09-09T19:07:29.679+0000] {spark_submit.py:488} INFO - 22/09/09 19:07:29 ERROR SparkContext: Error initializing SparkContext.
[2022-09-09T19:07:29.680+0000] {spark_submit.py:488} INFO - java.lang.IllegalArgumentException: requirement failed: Can only call getServletHandlers on a running MetricsSystem
[2022-09-09T19:07:29.680+0000] {spark_submit.py:488} INFO - at scala.Predef$.require(Predef.scala:281)
[2022-09-09T19:07:29.680+0000] {spark_submit.py:488} INFO - at org.apache.spark.metrics.MetricsSystem.getServletHandlers(MetricsSystem.scala:89)
[2022-09-09T19:07:29.680+0000] {spark_submit.py:488} INFO - at org.apache.spark.SparkContext.<init>(SparkContext.scala:650)
[2022-09-09T19:07:29.680+0000] {spark_submit.py:488} INFO - at org.apache.spark.api.java.JavaSparkContext.<init>(JavaSparkContext.scala:58)
[2022-09-09T19:07:29.680+0000] {spark_submit.py:488} INFO - at java.base/jdk.internal.reflect.NativeConstructorAccessorImpl.newInstance0(Native Method)
[2022-09-09T19:07:29.681+0000] {spark_submit.py:488} INFO - at java.base/jdk.internal.reflect.NativeConstructorAccessorImpl.newInstance(NativeConstructorAccessorImpl.java:62)
[2022-09-09T19:07:29.681+0000] {spark_submit.py:488} INFO - at java.base/jdk.internal.reflect.DelegatingConstructorAccessorImpl.newInstance(DelegatingConstructorAccessorImpl.java:45)
[2022-09-09T19:07:29.681+0000] {spark_submit.py:488} INFO - at java.base/java.lang.reflect.Constructor.newInstance(Constructor.java:490)
[2022-09-09T19:07:29.681+0000] {spark_submit.py:488} INFO - at py4j.reflection.MethodInvoker.invoke(MethodInvoker.java:247)
[2022-09-09T19:07:29.681+0000] {spark_submit.py:488} INFO - at py4j.reflection.ReflectionEngine.invoke(ReflectionEngine.java:357)
[2022-09-09T19:07:29.681+0000] {spark_submit.py:488} INFO - at py4j.Gateway.invoke(Gateway.java:238)
[2022-09-09T19:07:29.681+0000] {spark_submit.py:488} INFO - at py4j.commands.ConstructorCommand.invokeConstructor(ConstructorCommand.java:80)
[2022-09-09T19:07:29.681+0000] {spark_submit.py:488} INFO - at py4j.commands.ConstructorCommand.execute(ConstructorCommand.java:69)
[2022-09-09T19:07:29.681+0000] {spark_submit.py:488} INFO - at py4j.ClientServerConnection.waitForCommands(ClientServerConnection.java:182)
[2022-09-09T19:07:29.682+0000] {spark_submit.py:488} INFO - at py4j.ClientServerConnection.run(ClientServerConnection.java:106)
[2022-09-09T19:07:29.682+0000] {spark_submit.py:488} INFO - at java.base/java.lang.Thread.run(Thread.java:829)
[2022-09-09T19:07:29.682+0000] {spark_submit.py:488} INFO - 22/09/09 19:07:29 INFO SparkContext: SparkContext already stopped.
[2022-09-09T19:07:29.682+0000] {spark_submit.py:488} INFO - Traceback (most recent call last):
[2022-09-09T19:07:29.682+0000] {spark_submit.py:488} INFO - File "/opt/***/dags/atividade_1.py", line 6, in <module>
[2022-09-09T19:07:29.682+0000] {spark_submit.py:488} INFO - spark = SparkSession.builder.getOrCreate()
[2022-09-09T19:07:29.682+0000] {spark_submit.py:488} INFO - File "/home/***/.local/lib/python3.7/site-packages/pyspark/python/lib/pyspark.zip/pyspark/sql/session.py", line 269, in getOrCreate
[2022-09-09T19:07:29.682+0000] {spark_submit.py:488} INFO - File "/home/***/.local/lib/python3.7/site-packages/pyspark/python/lib/pyspark.zip/pyspark/context.py", line 483, in getOrCreate
[2022-09-09T19:07:29.683+0000] {spark_submit.py:488} INFO - File "/home/***/.local/lib/python3.7/site-packages/pyspark/python/lib/pyspark.zip/pyspark/context.py", line 208, in __init__
[2022-09-09T19:07:29.683+0000] {spark_submit.py:488} INFO - File "/home/***/.local/lib/python3.7/site-packages/pyspark/python/lib/pyspark.zip/pyspark/context.py", line 282, in _do_init
[2022-09-09T19:07:29.683+0000] {spark_submit.py:488} INFO - File "/home/***/.local/lib/python3.7/site-packages/pyspark/python/lib/pyspark.zip/pyspark/context.py", line 402, in _initialize_context
[2022-09-09T19:07:29.683+0000] {spark_submit.py:488} INFO - File "/home/***/.local/lib/python3.7/site-packages/pyspark/python/lib/py4j-0.10.9.5-src.zip/py4j/java_gateway.py", line 1586, in __call__
[2022-09-09T19:07:29.683+0000] {spark_submit.py:488} INFO - File "/home/***/.local/lib/python3.7/site-packages/pyspark/python/lib/py4j-0.10.9.5-src.zip/py4j/protocol.py", line 328, in get_return_value
[2022-09-09T19:07:29.683+0000] {spark_submit.py:488} INFO - py4j.protocol.Py4JJavaError: An error occurred while calling None.org.apache.spark.api.java.JavaSparkContext.
[2022-09-09T19:07:29.683+0000] {spark_submit.py:488} INFO - : java.lang.IllegalArgumentException: requirement failed: Can only call getServletHandlers on a running MetricsSystem
[2022-09-09T19:07:29.683+0000] {spark_submit.py:488} INFO - at scala.Predef$.require(Predef.scala:281)
[2022-09-09T19:07:29.684+0000] {spark_submit.py:488} INFO - at org.apache.spark.metrics.MetricsSystem.getServletHandlers(MetricsSystem.scala:89)
[2022-09-09T19:07:29.684+0000] {spark_submit.py:488} INFO - at org.apache.spark.SparkContext.<init>(SparkContext.scala:650)
[2022-09-09T19:07:29.684+0000] {spark_submit.py:488} INFO - at org.apache.spark.api.java.JavaSparkContext.<init>(JavaSparkContext.scala:58)
[2022-09-09T19:07:29.684+0000] {spark_submit.py:488} INFO - at java.base/jdk.internal.reflect.NativeConstructorAccessorImpl.newInstance0(Native Method)
[2022-09-09T19:07:29.684+0000] {spark_submit.py:488} INFO - at java.base/jdk.internal.reflect.NativeConstructorAccessorImpl.newInstance(NativeConstructorAccessorImpl.java:62)
[2022-09-09T19:07:29.684+0000] {spark_submit.py:488} INFO - at java.base/jdk.internal.reflect.DelegatingConstructorAccessorImpl.newInstance(DelegatingConstructorAccessorImpl.java:45)
[2022-09-09T19:07:29.684+0000] {spark_submit.py:488} INFO - at java.base/java.lang.reflect.Constructor.newInstance(Constructor.java:490)
[2022-09-09T19:07:29.684+0000] {spark_submit.py:488} INFO - at py4j.reflection.MethodInvoker.invoke(MethodInvoker.java:247)
[2022-09-09T19:07:29.684+0000] {spark_submit.py:488} INFO - at py4j.reflection.ReflectionEngine.invoke(ReflectionEngine.java:357)
[2022-09-09T19:07:29.685+0000] {spark_submit.py:488} INFO - at py4j.Gateway.invoke(Gateway.java:238)
[2022-09-09T19:07:29.685+0000] {spark_submit.py:488} INFO - at py4j.commands.ConstructorCommand.invokeConstructor(ConstructorCommand.java:80)
[2022-09-09T19:07:29.685+0000] {spark_submit.py:488} INFO - at py4j.commands.ConstructorCommand.execute(ConstructorCommand.java:69)
[2022-09-09T19:07:29.685+0000] {spark_submit.py:488} INFO - at py4j.ClientServerConnection.waitForCommands(ClientServerConnection.java:182)
[2022-09-09T19:07:29.685+0000] {spark_submit.py:488} INFO - at py4j.ClientServerConnection.run(ClientServerConnection.java:106)
[2022-09-09T19:07:29.685+0000] {spark_submit.py:488} INFO - at java.base/java.lang.Thread.run(Thread.java:829)
[2022-09-09T19:07:29.685+0000] {spark_submit.py:488} INFO - 
[2022-09-09T19:07:29.720+0000] {spark_submit.py:488} INFO - 22/09/09 19:07:29 INFO ShutdownHookManager: Shutdown hook called
[2022-09-09T19:07:29.721+0000] {spark_submit.py:488} INFO - 22/09/09 19:07:29 INFO ShutdownHookManager: Deleting directory /tmp/spark-7b1162c3-ee01-483d-8b42-a75d518ac517
[2022-09-09T19:07:29.723+0000] {spark_submit.py:488} INFO - 22/09/09 19:07:29 INFO ShutdownHookManager: Deleting directory /tmp/spark-3f580b2b-2c32-4fdd-a1e4-fc2a210ffbfb
[2022-09-09T19:07:30.107+0000] {taskinstance.py:1902} ERROR - Task failed with exception
Traceback (most recent call last):
  File "/home/airflow/.local/lib/python3.7/site-packages/airflow/providers/apache/spark/operators/spark_submit.py", line 157, in execute
    self._hook.submit(self._application)
  File "/home/airflow/.local/lib/python3.7/site-packages/airflow/providers/apache/spark/hooks/spark_submit.py", line 420, in submit
    f"Cannot execute: {self._mask_cmd(spark_submit_cmd)}. Error code is: {returncode}."
airflow.exceptions.AirflowException: Cannot execute: spark-submit --master spark://fe77514119f4:7077 --name arrow-spark ./dags/atividade_1.py. Error code is: 1.
[2022-09-09T19:07:30.110+0000] {taskinstance.py:1412} INFO - Marking task as UP_FOR_RETRY. dag_id=spark_pedidos_silver, task_id=pedidos-silver, execution_date=20220909T190521, start_date=20220909T190524, end_date=20220909T190730
[2022-09-09T19:07:30.762+0000] {standard_task_runner.py:97} ERROR - Failed to execute job 35 for task pedidos-silver (Cannot execute: spark-submit --master spark://fe77514119f4:7077 --name arrow-spark ./dags/atividade_1.py. Error code is: 1.; 716)
[2022-09-09T19:07:30.803+0000] {local_task_job.py:156} INFO - Task exited with return code 1
[2022-09-09T19:07:31.260+0000] {local_task_job.py:279} INFO - 0 downstream tasks scheduled from follow-on schedule check
