[2022-09-09T16:42:59.574+0000] {taskinstance.py:1171} INFO - Dependencies all met for <TaskInstance: Spark.spark-job manual__2022-09-09T16:42:57.691725+00:00 [queued]>
[2022-09-09T16:42:59.582+0000] {taskinstance.py:1171} INFO - Dependencies all met for <TaskInstance: Spark.spark-job manual__2022-09-09T16:42:57.691725+00:00 [queued]>
[2022-09-09T16:42:59.582+0000] {taskinstance.py:1368} INFO - 
--------------------------------------------------------------------------------
[2022-09-09T16:42:59.582+0000] {taskinstance.py:1369} INFO - Starting attempt 1 of 1
[2022-09-09T16:42:59.582+0000] {taskinstance.py:1370} INFO - 
--------------------------------------------------------------------------------
[2022-09-09T16:42:59.641+0000] {taskinstance.py:1389} INFO - Executing <Task(SparkSubmitOperator): spark-job> on 2022-09-09 16:42:57.691725+00:00
[2022-09-09T16:42:59.645+0000] {standard_task_runner.py:52} INFO - Started process 2573 to run task
[2022-09-09T16:42:59.647+0000] {standard_task_runner.py:79} INFO - Running: ['***', 'tasks', 'run', 'Spark', 'spark-job', 'manual__2022-09-09T16:42:57.691725+00:00', '--job-id', '29', '--raw', '--subdir', 'DAGS_FOLDER/teste_spark.py', '--cfg-path', '/tmp/tmp8yn4q4ey', '--error-file', '/tmp/tmpojuerea_']
[2022-09-09T16:42:59.648+0000] {standard_task_runner.py:80} INFO - Job 29: Subtask spark-job
[2022-09-09T16:42:59.939+0000] {task_command.py:371} INFO - Running <TaskInstance: Spark.spark-job manual__2022-09-09T16:42:57.691725+00:00 [running]> on host dbdbd3f5e7fc
[2022-09-09T16:43:00.358+0000] {taskinstance.py:1583} INFO - Exporting the following env vars:
AIRFLOW_CTX_DAG_OWNER=juacy
AIRFLOW_CTX_DAG_ID=Spark
AIRFLOW_CTX_TASK_ID=spark-job
AIRFLOW_CTX_EXECUTION_DATE=2022-09-09T16:42:57.691725+00:00
AIRFLOW_CTX_TRY_NUMBER=1
AIRFLOW_CTX_DAG_RUN_ID=manual__2022-09-09T16:42:57.691725+00:00
[2022-09-09T16:43:00.366+0000] {base.py:68} INFO - Using connection ID 'conexao_spark' for task execution.
[2022-09-09T16:43:00.367+0000] {spark_submit.py:335} INFO - Spark-Submit cmd: spark-submit --master spark://fe77514119f4:7077 --name arrow-spark ./dags/atividade_2.py
[2022-09-09T16:43:03.599+0000] {spark_submit.py:488} INFO - 22/09/09 16:43:03 INFO SparkContext: Running Spark version 3.3.0
[2022-09-09T16:43:03.656+0000] {spark_submit.py:488} INFO - 22/09/09 16:43:03 WARN NativeCodeLoader: Unable to load native-hadoop library for your platform... using builtin-java classes where applicable
[2022-09-09T16:43:03.733+0000] {spark_submit.py:488} INFO - 22/09/09 16:43:03 INFO ResourceUtils: ==============================================================
[2022-09-09T16:43:03.733+0000] {spark_submit.py:488} INFO - 22/09/09 16:43:03 INFO ResourceUtils: No custom resources configured for spark.driver.
[2022-09-09T16:43:03.733+0000] {spark_submit.py:488} INFO - 22/09/09 16:43:03 INFO ResourceUtils: ==============================================================
[2022-09-09T16:43:03.733+0000] {spark_submit.py:488} INFO - 22/09/09 16:43:03 INFO SparkContext: Submitted application: arrow-spark
[2022-09-09T16:43:03.755+0000] {spark_submit.py:488} INFO - 22/09/09 16:43:03 INFO ResourceProfile: Default ResourceProfile created, executor resources: Map(cores -> name: cores, amount: 1, script: , vendor: , memory -> name: memory, amount: 1024, script: , vendor: , offHeap -> name: offHeap, amount: 0, script: , vendor: ), task resources: Map(cpus -> name: cpus, amount: 1.0)
[2022-09-09T16:43:03.767+0000] {spark_submit.py:488} INFO - 22/09/09 16:43:03 INFO ResourceProfile: Limiting resource is cpu
[2022-09-09T16:43:03.767+0000] {spark_submit.py:488} INFO - 22/09/09 16:43:03 INFO ResourceProfileManager: Added ResourceProfile id: 0
[2022-09-09T16:43:03.809+0000] {spark_submit.py:488} INFO - 22/09/09 16:43:03 INFO SecurityManager: Changing view acls to: default
[2022-09-09T16:43:03.810+0000] {spark_submit.py:488} INFO - 22/09/09 16:43:03 INFO SecurityManager: Changing modify acls to: default
[2022-09-09T16:43:03.810+0000] {spark_submit.py:488} INFO - 22/09/09 16:43:03 INFO SecurityManager: Changing view acls groups to:
[2022-09-09T16:43:03.810+0000] {spark_submit.py:488} INFO - 22/09/09 16:43:03 INFO SecurityManager: Changing modify acls groups to:
[2022-09-09T16:43:03.811+0000] {spark_submit.py:488} INFO - 22/09/09 16:43:03 INFO SecurityManager: SecurityManager: authentication disabled; ui acls disabled; users  with view permissions: Set(default); groups with view permissions: Set(); users  with modify permissions: Set(default); groups with modify permissions: Set()
[2022-09-09T16:43:04.058+0000] {spark_submit.py:488} INFO - 22/09/09 16:43:04 INFO Utils: Successfully started service 'sparkDriver' on port 37555.
[2022-09-09T16:43:04.987+0000] {spark_submit.py:488} INFO - 22/09/09 16:43:04 INFO SparkEnv: Registering MapOutputTracker
[2022-09-09T16:43:05.019+0000] {spark_submit.py:488} INFO - 22/09/09 16:43:05 INFO SparkEnv: Registering BlockManagerMaster
[2022-09-09T16:43:05.037+0000] {spark_submit.py:488} INFO - 22/09/09 16:43:05 INFO BlockManagerMasterEndpoint: Using org.apache.spark.storage.DefaultTopologyMapper for getting topology information
[2022-09-09T16:43:05.037+0000] {spark_submit.py:488} INFO - 22/09/09 16:43:05 INFO BlockManagerMasterEndpoint: BlockManagerMasterEndpoint up
[2022-09-09T16:43:05.042+0000] {spark_submit.py:488} INFO - 22/09/09 16:43:05 INFO SparkEnv: Registering BlockManagerMasterHeartbeat
[2022-09-09T16:43:05.067+0000] {spark_submit.py:488} INFO - 22/09/09 16:43:05 INFO DiskBlockManager: Created local directory at /tmp/blockmgr-0c82f4cd-0307-4245-b825-15bc4cb93ebd
[2022-09-09T16:43:05.086+0000] {spark_submit.py:488} INFO - 22/09/09 16:43:05 INFO MemoryStore: MemoryStore started with capacity 434.4 MiB
[2022-09-09T16:43:05.103+0000] {spark_submit.py:488} INFO - 22/09/09 16:43:05 INFO SparkEnv: Registering OutputCommitCoordinator
[2022-09-09T16:43:05.283+0000] {spark_submit.py:488} INFO - 22/09/09 16:43:05 INFO Utils: Successfully started service 'SparkUI' on port 4040.
[2022-09-09T16:43:05.379+0000] {spark_submit.py:488} INFO - 22/09/09 16:43:05 INFO StandaloneAppClient$ClientEndpoint: Connecting to master spark://fe77514119f4:7077...
[2022-09-09T16:43:19.698+0000] {spark_submit.py:488} INFO - 22/09/09 16:43:19 WARN TransportClientFactory: DNS resolution failed for fe77514119f4:7077 took 14297 ms
[2022-09-09T16:43:19.758+0000] {spark_submit.py:488} INFO - 22/09/09 16:43:19 WARN StandaloneAppClient$ClientEndpoint: Failed to connect to master fe77514119f4:7077
[2022-09-09T16:43:19.758+0000] {spark_submit.py:488} INFO - org.apache.spark.SparkException: Exception thrown in awaitResult:
[2022-09-09T16:43:19.758+0000] {spark_submit.py:488} INFO - at org.apache.spark.util.ThreadUtils$.awaitResult(ThreadUtils.scala:301)
[2022-09-09T16:43:19.759+0000] {spark_submit.py:488} INFO - at org.apache.spark.rpc.RpcTimeout.awaitResult(RpcTimeout.scala:75)
[2022-09-09T16:43:19.759+0000] {spark_submit.py:488} INFO - at org.apache.spark.rpc.RpcEnv.setupEndpointRefByURI(RpcEnv.scala:102)
[2022-09-09T16:43:19.759+0000] {spark_submit.py:488} INFO - at org.apache.spark.rpc.RpcEnv.setupEndpointRef(RpcEnv.scala:110)
[2022-09-09T16:43:19.759+0000] {spark_submit.py:488} INFO - at org.apache.spark.deploy.client.StandaloneAppClient$ClientEndpoint$$anon$1.run(StandaloneAppClient.scala:107)
[2022-09-09T16:43:19.759+0000] {spark_submit.py:488} INFO - at java.base/java.util.concurrent.Executors$RunnableAdapter.call(Executors.java:515)
[2022-09-09T16:43:19.759+0000] {spark_submit.py:488} INFO - at java.base/java.util.concurrent.FutureTask.run(FutureTask.java:264)
[2022-09-09T16:43:19.759+0000] {spark_submit.py:488} INFO - at java.base/java.util.concurrent.ThreadPoolExecutor.runWorker(ThreadPoolExecutor.java:1128)
[2022-09-09T16:43:19.759+0000] {spark_submit.py:488} INFO - at java.base/java.util.concurrent.ThreadPoolExecutor$Worker.run(ThreadPoolExecutor.java:628)
[2022-09-09T16:43:19.759+0000] {spark_submit.py:488} INFO - at java.base/java.lang.Thread.run(Thread.java:829)
[2022-09-09T16:43:19.759+0000] {spark_submit.py:488} INFO - Caused by: java.io.IOException: Failed to connect to fe77514119f4:7077
[2022-09-09T16:43:19.763+0000] {spark_submit.py:488} INFO - at org.apache.spark.network.client.TransportClientFactory.createClient(TransportClientFactory.java:288)
[2022-09-09T16:43:19.763+0000] {spark_submit.py:488} INFO - at org.apache.spark.network.client.TransportClientFactory.createClient(TransportClientFactory.java:218)
[2022-09-09T16:43:19.765+0000] {spark_submit.py:488} INFO - at org.apache.spark.network.client.TransportClientFactory.createClient(TransportClientFactory.java:230)
[2022-09-09T16:43:19.765+0000] {spark_submit.py:488} INFO - at org.apache.spark.rpc.netty.NettyRpcEnv.createClient(NettyRpcEnv.scala:204)
[2022-09-09T16:43:19.765+0000] {spark_submit.py:488} INFO - at org.apache.spark.rpc.netty.Outbox$$anon$1.call(Outbox.scala:202)
[2022-09-09T16:43:19.766+0000] {spark_submit.py:488} INFO - at org.apache.spark.rpc.netty.Outbox$$anon$1.call(Outbox.scala:198)
[2022-09-09T16:43:19.766+0000] {spark_submit.py:488} INFO - ... 4 more
[2022-09-09T16:43:19.766+0000] {spark_submit.py:488} INFO - Caused by: java.net.UnknownHostException: fe77514119f4
[2022-09-09T16:43:19.766+0000] {spark_submit.py:488} INFO - at java.base/java.net.InetAddress$CachedAddresses.get(InetAddress.java:797)
[2022-09-09T16:43:19.766+0000] {spark_submit.py:488} INFO - at java.base/java.net.InetAddress.getAllByName0(InetAddress.java:1519)
[2022-09-09T16:43:19.766+0000] {spark_submit.py:488} INFO - at java.base/java.net.InetAddress.getAllByName(InetAddress.java:1378)
[2022-09-09T16:43:19.766+0000] {spark_submit.py:488} INFO - at java.base/java.net.InetAddress.getAllByName(InetAddress.java:1306)
[2022-09-09T16:43:19.766+0000] {spark_submit.py:488} INFO - at java.base/java.net.InetAddress.getByName(InetAddress.java:1256)
[2022-09-09T16:43:19.766+0000] {spark_submit.py:488} INFO - at io.netty.util.internal.SocketUtils$8.run(SocketUtils.java:156)
[2022-09-09T16:43:19.766+0000] {spark_submit.py:488} INFO - at io.netty.util.internal.SocketUtils$8.run(SocketUtils.java:153)
[2022-09-09T16:43:19.766+0000] {spark_submit.py:488} INFO - at java.base/java.security.AccessController.doPrivileged(Native Method)
[2022-09-09T16:43:19.766+0000] {spark_submit.py:488} INFO - at io.netty.util.internal.SocketUtils.addressByName(SocketUtils.java:153)
[2022-09-09T16:43:19.767+0000] {spark_submit.py:488} INFO - at io.netty.resolver.DefaultNameResolver.doResolve(DefaultNameResolver.java:41)
[2022-09-09T16:43:19.767+0000] {spark_submit.py:488} INFO - at io.netty.resolver.SimpleNameResolver.resolve(SimpleNameResolver.java:61)
[2022-09-09T16:43:19.767+0000] {spark_submit.py:488} INFO - at io.netty.resolver.SimpleNameResolver.resolve(SimpleNameResolver.java:53)
[2022-09-09T16:43:19.767+0000] {spark_submit.py:488} INFO - at io.netty.resolver.InetSocketAddressResolver.doResolve(InetSocketAddressResolver.java:55)
[2022-09-09T16:43:19.767+0000] {spark_submit.py:488} INFO - at io.netty.resolver.InetSocketAddressResolver.doResolve(InetSocketAddressResolver.java:31)
[2022-09-09T16:43:19.767+0000] {spark_submit.py:488} INFO - at io.netty.resolver.AbstractAddressResolver.resolve(AbstractAddressResolver.java:106)
[2022-09-09T16:43:19.767+0000] {spark_submit.py:488} INFO - at io.netty.bootstrap.Bootstrap.doResolveAndConnect0(Bootstrap.java:206)
[2022-09-09T16:43:19.767+0000] {spark_submit.py:488} INFO - at io.netty.bootstrap.Bootstrap.access$000(Bootstrap.java:46)
[2022-09-09T16:43:19.767+0000] {spark_submit.py:488} INFO - at io.netty.bootstrap.Bootstrap$1.operationComplete(Bootstrap.java:180)
[2022-09-09T16:43:19.767+0000] {spark_submit.py:488} INFO - at io.netty.bootstrap.Bootstrap$1.operationComplete(Bootstrap.java:166)
[2022-09-09T16:43:19.767+0000] {spark_submit.py:488} INFO - at io.netty.util.concurrent.DefaultPromise.notifyListener0(DefaultPromise.java:578)
[2022-09-09T16:43:19.767+0000] {spark_submit.py:488} INFO - at io.netty.util.concurrent.DefaultPromise.notifyListenersNow(DefaultPromise.java:552)
[2022-09-09T16:43:19.768+0000] {spark_submit.py:488} INFO - at io.netty.util.concurrent.DefaultPromise.notifyListeners(DefaultPromise.java:491)
[2022-09-09T16:43:19.768+0000] {spark_submit.py:488} INFO - at io.netty.util.concurrent.DefaultPromise.setValue0(DefaultPromise.java:616)
[2022-09-09T16:43:19.768+0000] {spark_submit.py:488} INFO - at io.netty.util.concurrent.DefaultPromise.setSuccess0(DefaultPromise.java:605)
[2022-09-09T16:43:19.768+0000] {spark_submit.py:488} INFO - at io.netty.util.concurrent.DefaultPromise.trySuccess(DefaultPromise.java:104)
[2022-09-09T16:43:19.768+0000] {spark_submit.py:488} INFO - at io.netty.channel.DefaultChannelPromise.trySuccess(DefaultChannelPromise.java:84)
[2022-09-09T16:43:19.768+0000] {spark_submit.py:488} INFO - at io.netty.channel.AbstractChannel$AbstractUnsafe.safeSetSuccess(AbstractChannel.java:990)
[2022-09-09T16:43:19.768+0000] {spark_submit.py:488} INFO - at io.netty.channel.AbstractChannel$AbstractUnsafe.register0(AbstractChannel.java:516)
[2022-09-09T16:43:19.768+0000] {spark_submit.py:488} INFO - at io.netty.channel.AbstractChannel$AbstractUnsafe.access$200(AbstractChannel.java:429)
[2022-09-09T16:43:19.768+0000] {spark_submit.py:488} INFO - at io.netty.channel.AbstractChannel$AbstractUnsafe$1.run(AbstractChannel.java:486)
[2022-09-09T16:43:19.768+0000] {spark_submit.py:488} INFO - at io.netty.util.concurrent.AbstractEventExecutor.safeExecute(AbstractEventExecutor.java:164)
[2022-09-09T16:43:19.768+0000] {spark_submit.py:488} INFO - at io.netty.util.concurrent.SingleThreadEventExecutor.runAllTasks(SingleThreadEventExecutor.java:469)
[2022-09-09T16:43:19.768+0000] {spark_submit.py:488} INFO - at io.netty.channel.nio.NioEventLoop.run(NioEventLoop.java:503)
[2022-09-09T16:43:19.769+0000] {spark_submit.py:488} INFO - at io.netty.util.concurrent.SingleThreadEventExecutor$4.run(SingleThreadEventExecutor.java:986)
[2022-09-09T16:43:19.769+0000] {spark_submit.py:488} INFO - at io.netty.util.internal.ThreadExecutorMap$2.run(ThreadExecutorMap.java:74)
[2022-09-09T16:43:19.769+0000] {spark_submit.py:488} INFO - at io.netty.util.concurrent.FastThreadLocalRunnable.run(FastThreadLocalRunnable.java:30)
[2022-09-09T16:43:19.769+0000] {spark_submit.py:488} INFO - ... 1 more
[2022-09-09T16:43:59.014+0000] {spark_submit.py:488} INFO - 22/09/09 16:43:59 INFO StandaloneAppClient$ClientEndpoint: Connecting to master spark://fe77514119f4:7077...
[2022-09-09T16:44:21.494+0000] {spark_submit.py:488} INFO - 22/09/09 16:44:21 INFO StandaloneAppClient$ClientEndpoint: Connecting to master spark://fe77514119f4:7077...
[2022-09-09T16:44:41.499+0000] {spark_submit.py:488} INFO - 22/09/09 16:44:41 ERROR StandaloneSchedulerBackend: Application has been killed. Reason: All masters are unresponsive! Giving up.
[2022-09-09T16:44:41.500+0000] {spark_submit.py:488} INFO - 22/09/09 16:44:41 WARN StandaloneSchedulerBackend: Application ID is not initialized yet.
[2022-09-09T16:44:41.539+0000] {spark_submit.py:488} INFO - 22/09/09 16:44:41 INFO Utils: Successfully started service 'org.apache.spark.network.netty.NettyBlockTransferService' on port 43443.
[2022-09-09T16:44:41.539+0000] {spark_submit.py:488} INFO - 22/09/09 16:44:41 INFO NettyBlockTransferService: Server created on dbdbd3f5e7fc:43443
[2022-09-09T16:44:41.546+0000] {spark_submit.py:488} INFO - 22/09/09 16:44:41 INFO BlockManager: Using org.apache.spark.storage.RandomBlockReplicationPolicy for block replication policy
[2022-09-09T16:44:41.558+0000] {spark_submit.py:488} INFO - 22/09/09 16:44:41 INFO BlockManagerMaster: Registering BlockManager BlockManagerId(driver, dbdbd3f5e7fc, 43443, None)
[2022-09-09T16:44:41.561+0000] {spark_submit.py:488} INFO - 22/09/09 16:44:41 INFO BlockManagerMasterEndpoint: Registering block manager dbdbd3f5e7fc:43443 with 434.4 MiB RAM, BlockManagerId(driver, dbdbd3f5e7fc, 43443, None)
[2022-09-09T16:44:41.577+0000] {spark_submit.py:488} INFO - 22/09/09 16:44:41 INFO BlockManagerMaster: Registered BlockManager BlockManagerId(driver, dbdbd3f5e7fc, 43443, None)
[2022-09-09T16:44:41.578+0000] {spark_submit.py:488} INFO - 22/09/09 16:44:41 INFO BlockManager: Initialized BlockManager: BlockManagerId(driver, dbdbd3f5e7fc, 43443, None)
[2022-09-09T16:44:41.596+0000] {spark_submit.py:488} INFO - 22/09/09 16:44:41 INFO SparkUI: Stopped Spark web UI at http://dbdbd3f5e7fc:4040
[2022-09-09T16:44:41.608+0000] {spark_submit.py:488} INFO - 22/09/09 16:44:41 INFO StandaloneSchedulerBackend: Shutting down all executors
[2022-09-09T16:44:41.611+0000] {spark_submit.py:488} INFO - 22/09/09 16:44:41 INFO CoarseGrainedSchedulerBackend$DriverEndpoint: Asking each executor to shut down
[2022-09-09T16:44:41.632+0000] {spark_submit.py:488} INFO - 22/09/09 16:44:41 WARN StandaloneAppClient$ClientEndpoint: Drop UnregisterApplication(null) because has not yet connected to master
[2022-09-09T16:44:41.683+0000] {spark_submit.py:488} INFO - 22/09/09 16:44:41 INFO MapOutputTrackerMasterEndpoint: MapOutputTrackerMasterEndpoint stopped!
[2022-09-09T16:44:41.718+0000] {spark_submit.py:488} INFO - 22/09/09 16:44:41 INFO MemoryStore: MemoryStore cleared
[2022-09-09T16:44:41.719+0000] {spark_submit.py:488} INFO - 22/09/09 16:44:41 INFO BlockManager: BlockManager stopped
[2022-09-09T16:44:41.754+0000] {spark_submit.py:488} INFO - 22/09/09 16:44:41 INFO BlockManagerMaster: BlockManagerMaster stopped
[2022-09-09T16:44:41.756+0000] {spark_submit.py:488} INFO - 22/09/09 16:44:41 INFO OutputCommitCoordinator$OutputCommitCoordinatorEndpoint: OutputCommitCoordinator stopped!
[2022-09-09T16:44:41.806+0000] {spark_submit.py:488} INFO - 22/09/09 16:44:41 INFO SparkContext: Successfully stopped SparkContext
[2022-09-09T16:44:41.992+0000] {spark_submit.py:488} INFO - 22/09/09 16:44:41 ERROR AsyncEventQueue: Listener AppStatusListener threw an exception
[2022-09-09T16:44:41.992+0000] {spark_submit.py:488} INFO - java.lang.NullPointerException
[2022-09-09T16:44:41.992+0000] {spark_submit.py:488} INFO - at org.apache.spark.status.AppStatusListener.onApplicationEnd(AppStatusListener.scala:192)
[2022-09-09T16:44:41.992+0000] {spark_submit.py:488} INFO - at org.apache.spark.scheduler.SparkListenerBus.doPostEvent(SparkListenerBus.scala:57)
[2022-09-09T16:44:41.992+0000] {spark_submit.py:488} INFO - at org.apache.spark.scheduler.SparkListenerBus.doPostEvent$(SparkListenerBus.scala:28)
[2022-09-09T16:44:41.992+0000] {spark_submit.py:488} INFO - at org.apache.spark.scheduler.AsyncEventQueue.doPostEvent(AsyncEventQueue.scala:37)
[2022-09-09T16:44:41.992+0000] {spark_submit.py:488} INFO - at org.apache.spark.scheduler.AsyncEventQueue.doPostEvent(AsyncEventQueue.scala:37)
[2022-09-09T16:44:41.993+0000] {spark_submit.py:488} INFO - at org.apache.spark.util.ListenerBus.postToAll(ListenerBus.scala:117)
[2022-09-09T16:44:41.993+0000] {spark_submit.py:488} INFO - at org.apache.spark.util.ListenerBus.postToAll$(ListenerBus.scala:101)
[2022-09-09T16:44:41.993+0000] {spark_submit.py:488} INFO - at org.apache.spark.scheduler.AsyncEventQueue.super$postToAll(AsyncEventQueue.scala:105)
[2022-09-09T16:44:41.993+0000] {spark_submit.py:488} INFO - at org.apache.spark.scheduler.AsyncEventQueue.$anonfun$dispatch$1(AsyncEventQueue.scala:105)
[2022-09-09T16:44:41.993+0000] {spark_submit.py:488} INFO - at scala.runtime.java8.JFunction0$mcJ$sp.apply(JFunction0$mcJ$sp.java:23)
[2022-09-09T16:44:41.993+0000] {spark_submit.py:488} INFO - at scala.util.DynamicVariable.withValue(DynamicVariable.scala:62)
[2022-09-09T16:44:41.993+0000] {spark_submit.py:488} INFO - at org.apache.spark.scheduler.AsyncEventQueue.org$apache$spark$scheduler$AsyncEventQueue$$dispatch(AsyncEventQueue.scala:100)
[2022-09-09T16:44:41.993+0000] {spark_submit.py:488} INFO - at org.apache.spark.scheduler.AsyncEventQueue$$anon$2.$anonfun$run$1(AsyncEventQueue.scala:96)
[2022-09-09T16:44:41.993+0000] {spark_submit.py:488} INFO - at org.apache.spark.util.Utils$.tryOrStopSparkContext(Utils.scala:1446)
[2022-09-09T16:44:41.993+0000] {spark_submit.py:488} INFO - at org.apache.spark.scheduler.AsyncEventQueue$$anon$2.run(AsyncEventQueue.scala:96)
[2022-09-09T16:44:42.011+0000] {spark_submit.py:488} INFO - 22/09/09 16:44:42 ERROR SparkContext: Error initializing SparkContext.
[2022-09-09T16:44:42.012+0000] {spark_submit.py:488} INFO - java.lang.IllegalArgumentException: requirement failed: Can only call getServletHandlers on a running MetricsSystem
[2022-09-09T16:44:42.012+0000] {spark_submit.py:488} INFO - at scala.Predef$.require(Predef.scala:281)
[2022-09-09T16:44:42.012+0000] {spark_submit.py:488} INFO - at org.apache.spark.metrics.MetricsSystem.getServletHandlers(MetricsSystem.scala:89)
[2022-09-09T16:44:42.012+0000] {spark_submit.py:488} INFO - at org.apache.spark.SparkContext.<init>(SparkContext.scala:650)
[2022-09-09T16:44:42.012+0000] {spark_submit.py:488} INFO - at org.apache.spark.api.java.JavaSparkContext.<init>(JavaSparkContext.scala:58)
[2022-09-09T16:44:42.012+0000] {spark_submit.py:488} INFO - at java.base/jdk.internal.reflect.NativeConstructorAccessorImpl.newInstance0(Native Method)
[2022-09-09T16:44:42.012+0000] {spark_submit.py:488} INFO - at java.base/jdk.internal.reflect.NativeConstructorAccessorImpl.newInstance(NativeConstructorAccessorImpl.java:62)
[2022-09-09T16:44:42.013+0000] {spark_submit.py:488} INFO - at java.base/jdk.internal.reflect.DelegatingConstructorAccessorImpl.newInstance(DelegatingConstructorAccessorImpl.java:45)
[2022-09-09T16:44:42.013+0000] {spark_submit.py:488} INFO - at java.base/java.lang.reflect.Constructor.newInstance(Constructor.java:490)
[2022-09-09T16:44:42.013+0000] {spark_submit.py:488} INFO - at py4j.reflection.MethodInvoker.invoke(MethodInvoker.java:247)
[2022-09-09T16:44:42.013+0000] {spark_submit.py:488} INFO - at py4j.reflection.ReflectionEngine.invoke(ReflectionEngine.java:357)
[2022-09-09T16:44:42.013+0000] {spark_submit.py:488} INFO - at py4j.Gateway.invoke(Gateway.java:238)
[2022-09-09T16:44:42.013+0000] {spark_submit.py:488} INFO - at py4j.commands.ConstructorCommand.invokeConstructor(ConstructorCommand.java:80)
[2022-09-09T16:44:42.013+0000] {spark_submit.py:488} INFO - at py4j.commands.ConstructorCommand.execute(ConstructorCommand.java:69)
[2022-09-09T16:44:42.013+0000] {spark_submit.py:488} INFO - at py4j.ClientServerConnection.waitForCommands(ClientServerConnection.java:182)
[2022-09-09T16:44:42.014+0000] {spark_submit.py:488} INFO - at py4j.ClientServerConnection.run(ClientServerConnection.java:106)
[2022-09-09T16:44:42.014+0000] {spark_submit.py:488} INFO - at java.base/java.lang.Thread.run(Thread.java:829)
[2022-09-09T16:44:42.014+0000] {spark_submit.py:488} INFO - 22/09/09 16:44:42 INFO SparkContext: SparkContext already stopped.
[2022-09-09T16:44:42.014+0000] {spark_submit.py:488} INFO - Traceback (most recent call last):
[2022-09-09T16:44:42.014+0000] {spark_submit.py:488} INFO - File "/opt/***/dags/atividade_2.py", line 7, in <module>
[2022-09-09T16:44:42.014+0000] {spark_submit.py:488} INFO - spark = SparkSession.builder.getOrCreate()
[2022-09-09T16:44:42.014+0000] {spark_submit.py:488} INFO - File "/home/***/.local/lib/python3.7/site-packages/pyspark/python/lib/pyspark.zip/pyspark/sql/session.py", line 269, in getOrCreate
[2022-09-09T16:44:42.014+0000] {spark_submit.py:488} INFO - File "/home/***/.local/lib/python3.7/site-packages/pyspark/python/lib/pyspark.zip/pyspark/context.py", line 483, in getOrCreate
[2022-09-09T16:44:42.014+0000] {spark_submit.py:488} INFO - File "/home/***/.local/lib/python3.7/site-packages/pyspark/python/lib/pyspark.zip/pyspark/context.py", line 208, in __init__
[2022-09-09T16:44:42.014+0000] {spark_submit.py:488} INFO - File "/home/***/.local/lib/python3.7/site-packages/pyspark/python/lib/pyspark.zip/pyspark/context.py", line 282, in _do_init
[2022-09-09T16:44:42.014+0000] {spark_submit.py:488} INFO - File "/home/***/.local/lib/python3.7/site-packages/pyspark/python/lib/pyspark.zip/pyspark/context.py", line 402, in _initialize_context
[2022-09-09T16:44:42.015+0000] {spark_submit.py:488} INFO - File "/home/***/.local/lib/python3.7/site-packages/pyspark/python/lib/py4j-0.10.9.5-src.zip/py4j/java_gateway.py", line 1586, in __call__
[2022-09-09T16:44:42.015+0000] {spark_submit.py:488} INFO - File "/home/***/.local/lib/python3.7/site-packages/pyspark/python/lib/py4j-0.10.9.5-src.zip/py4j/protocol.py", line 328, in get_return_value
[2022-09-09T16:44:42.027+0000] {spark_submit.py:488} INFO - py4j.protocol.Py4JJavaError: An error occurred while calling None.org.apache.spark.api.java.JavaSparkContext.
[2022-09-09T16:44:42.027+0000] {spark_submit.py:488} INFO - : java.lang.IllegalArgumentException: requirement failed: Can only call getServletHandlers on a running MetricsSystem
[2022-09-09T16:44:42.027+0000] {spark_submit.py:488} INFO - at scala.Predef$.require(Predef.scala:281)
[2022-09-09T16:44:42.027+0000] {spark_submit.py:488} INFO - at org.apache.spark.metrics.MetricsSystem.getServletHandlers(MetricsSystem.scala:89)
[2022-09-09T16:44:42.027+0000] {spark_submit.py:488} INFO - at org.apache.spark.SparkContext.<init>(SparkContext.scala:650)
[2022-09-09T16:44:42.027+0000] {spark_submit.py:488} INFO - at org.apache.spark.api.java.JavaSparkContext.<init>(JavaSparkContext.scala:58)
[2022-09-09T16:44:42.027+0000] {spark_submit.py:488} INFO - at java.base/jdk.internal.reflect.NativeConstructorAccessorImpl.newInstance0(Native Method)
[2022-09-09T16:44:42.027+0000] {spark_submit.py:488} INFO - at java.base/jdk.internal.reflect.NativeConstructorAccessorImpl.newInstance(NativeConstructorAccessorImpl.java:62)
[2022-09-09T16:44:42.028+0000] {spark_submit.py:488} INFO - at java.base/jdk.internal.reflect.DelegatingConstructorAccessorImpl.newInstance(DelegatingConstructorAccessorImpl.java:45)
[2022-09-09T16:44:42.028+0000] {spark_submit.py:488} INFO - at java.base/java.lang.reflect.Constructor.newInstance(Constructor.java:490)
[2022-09-09T16:44:42.028+0000] {spark_submit.py:488} INFO - at py4j.reflection.MethodInvoker.invoke(MethodInvoker.java:247)
[2022-09-09T16:44:42.028+0000] {spark_submit.py:488} INFO - at py4j.reflection.ReflectionEngine.invoke(ReflectionEngine.java:357)
[2022-09-09T16:44:42.028+0000] {spark_submit.py:488} INFO - at py4j.Gateway.invoke(Gateway.java:238)
[2022-09-09T16:44:42.028+0000] {spark_submit.py:488} INFO - at py4j.commands.ConstructorCommand.invokeConstructor(ConstructorCommand.java:80)
[2022-09-09T16:44:42.028+0000] {spark_submit.py:488} INFO - at py4j.commands.ConstructorCommand.execute(ConstructorCommand.java:69)
[2022-09-09T16:44:42.028+0000] {spark_submit.py:488} INFO - at py4j.ClientServerConnection.waitForCommands(ClientServerConnection.java:182)
[2022-09-09T16:44:42.028+0000] {spark_submit.py:488} INFO - at py4j.ClientServerConnection.run(ClientServerConnection.java:106)
[2022-09-09T16:44:42.028+0000] {spark_submit.py:488} INFO - at java.base/java.lang.Thread.run(Thread.java:829)
[2022-09-09T16:44:42.028+0000] {spark_submit.py:488} INFO - 
[2022-09-09T16:44:42.735+0000] {spark_submit.py:488} INFO - 22/09/09 16:44:42 INFO ShutdownHookManager: Shutdown hook called
[2022-09-09T16:44:42.735+0000] {spark_submit.py:488} INFO - 22/09/09 16:44:42 INFO ShutdownHookManager: Deleting directory /tmp/spark-44280a2a-e04c-41a4-a2cc-4dedb9454ada
[2022-09-09T16:44:42.739+0000] {spark_submit.py:488} INFO - 22/09/09 16:44:42 INFO ShutdownHookManager: Deleting directory /tmp/spark-9cf7fd0d-a3a6-4303-af71-f900eee1c91e
[2022-09-09T16:44:43.122+0000] {taskinstance.py:1902} ERROR - Task failed with exception
Traceback (most recent call last):
  File "/home/airflow/.local/lib/python3.7/site-packages/airflow/providers/apache/spark/operators/spark_submit.py", line 157, in execute
    self._hook.submit(self._application)
  File "/home/airflow/.local/lib/python3.7/site-packages/airflow/providers/apache/spark/hooks/spark_submit.py", line 420, in submit
    f"Cannot execute: {self._mask_cmd(spark_submit_cmd)}. Error code is: {returncode}."
airflow.exceptions.AirflowException: Cannot execute: spark-submit --master spark://fe77514119f4:7077 --name arrow-spark ./dags/atividade_2.py. Error code is: 1.
[2022-09-09T16:44:43.125+0000] {taskinstance.py:1412} INFO - Marking task as FAILED. dag_id=Spark, task_id=spark-job, execution_date=20220909T164257, start_date=20220909T164259, end_date=20220909T164443
[2022-09-09T16:44:57.575+0000] {standard_task_runner.py:97} ERROR - Failed to execute job 29 for task spark-job (Cannot execute: spark-submit --master spark://fe77514119f4:7077 --name arrow-spark ./dags/atividade_2.py. Error code is: 1.; 2573)
[2022-09-09T16:44:57.586+0000] {local_task_job.py:156} INFO - Task exited with return code 1
[2022-09-09T16:44:57.832+0000] {local_task_job.py:279} INFO - 0 downstream tasks scheduled from follow-on schedule check
